[0.027s] Invoking command in '/home/hualde/misCosas/ws_fanuc/build/fanuc_moveit_config': CMAKE_PREFIX_PATH=/home/hualde/misCosas/ws_fanuc/install/fanuc_crx_description:/home/hualde/misCosas/ws_fanuc/install/slider_publisher:/home/hualde/misCosas/ws_fanuc/install/mi_fanuc:/home/hualde/misCosas/ws_fanuc/install/fanuc_r2000_description:/home/hualde/misCosas/ws_fanuc/install/fanuc_r1000ia_description:/home/hualde/misCosas/ws_fanuc/install/fanuc_controllers:/home/hualde/misCosas/ws_fanuc/install/fanuc_msgs:/home/hualde/misCosas/ws_fanuc/install/fanuc_moveit_config:/home/hualde/misCosas/ws_fanuc/install/fanuc_m20_description:/home/hualde/misCosas/ws_fanuc/install/fanuc_m10_description:/home/hualde/misCosas/ws_fanuc/install/fanuc_lrmate_description:/home/hualde/misCosas/ws_fanuc/install/fanuc_forward_command:/home/hualde/misCosas/ws_fanuc/install/fanuc_hardware_interface:/home/hualde/misCosas/ws_fanuc/install/fanuc_libs:/opt/ros/humble /usr/bin/cmake --build /home/hualde/misCosas/ws_fanuc/build/fanuc_moveit_config -- -j16 -l16
[0.048s] [100%] Built target fanuc_controllers_moveit_trajectory_plugin
[0.058s] Invoked command in '/home/hualde/misCosas/ws_fanuc/build/fanuc_moveit_config' returned '0': CMAKE_PREFIX_PATH=/home/hualde/misCosas/ws_fanuc/install/fanuc_crx_description:/home/hualde/misCosas/ws_fanuc/install/slider_publisher:/home/hualde/misCosas/ws_fanuc/install/mi_fanuc:/home/hualde/misCosas/ws_fanuc/install/fanuc_r2000_description:/home/hualde/misCosas/ws_fanuc/install/fanuc_r1000ia_description:/home/hualde/misCosas/ws_fanuc/install/fanuc_controllers:/home/hualde/misCosas/ws_fanuc/install/fanuc_msgs:/home/hualde/misCosas/ws_fanuc/install/fanuc_moveit_config:/home/hualde/misCosas/ws_fanuc/install/fanuc_m20_description:/home/hualde/misCosas/ws_fanuc/install/fanuc_m10_description:/home/hualde/misCosas/ws_fanuc/install/fanuc_lrmate_description:/home/hualde/misCosas/ws_fanuc/install/fanuc_forward_command:/home/hualde/misCosas/ws_fanuc/install/fanuc_hardware_interface:/home/hualde/misCosas/ws_fanuc/install/fanuc_libs:/opt/ros/humble /usr/bin/cmake --build /home/hualde/misCosas/ws_fanuc/build/fanuc_moveit_config -- -j16 -l16
[0.059s] Invoking command in '/home/hualde/misCosas/ws_fanuc/build/fanuc_moveit_config': CMAKE_PREFIX_PATH=/home/hualde/misCosas/ws_fanuc/install/fanuc_crx_description:/home/hualde/misCosas/ws_fanuc/install/slider_publisher:/home/hualde/misCosas/ws_fanuc/install/mi_fanuc:/home/hualde/misCosas/ws_fanuc/install/fanuc_r2000_description:/home/hualde/misCosas/ws_fanuc/install/fanuc_r1000ia_description:/home/hualde/misCosas/ws_fanuc/install/fanuc_controllers:/home/hualde/misCosas/ws_fanuc/install/fanuc_msgs:/home/hualde/misCosas/ws_fanuc/install/fanuc_moveit_config:/home/hualde/misCosas/ws_fanuc/install/fanuc_m20_description:/home/hualde/misCosas/ws_fanuc/install/fanuc_m10_description:/home/hualde/misCosas/ws_fanuc/install/fanuc_lrmate_description:/home/hualde/misCosas/ws_fanuc/install/fanuc_forward_command:/home/hualde/misCosas/ws_fanuc/install/fanuc_hardware_interface:/home/hualde/misCosas/ws_fanuc/install/fanuc_libs:/opt/ros/humble /usr/bin/cmake --install /home/hualde/misCosas/ws_fanuc/build/fanuc_moveit_config
[0.061s] -- Install configuration: ""
[0.061s] -- Up-to-date: /home/hualde/misCosas/ws_fanuc/install/fanuc_moveit_config/share/fanuc_moveit_config/fanuc_controllers_moveit_trajectory_plugin.xml
[0.061s] -- Up-to-date: /home/hualde/misCosas/ws_fanuc/install/fanuc_moveit_config/share/fanuc_moveit_config/fanuc_controllers_moveit_trajectory_plugin.xml
[0.062s] -- Up-to-date: /home/hualde/misCosas/ws_fanuc/install/fanuc_moveit_config/lib/fanuc_moveit_config/libfanuc_controllers_moveit_trajectory_plugin.so
[0.062s] -- Up-to-date: /home/hualde/misCosas/ws_fanuc/install/fanuc_moveit_config/share/fanuc_moveit_config/config
[0.062s] -- Up-to-date: /home/hualde/misCosas/ws_fanuc/install/fanuc_moveit_config/share/fanuc_moveit_config/config/joint_limits.yaml
[0.062s] -- Up-to-date: /home/hualde/misCosas/ws_fanuc/install/fanuc_moveit_config/share/fanuc_moveit_config/config/kinematics.yaml
[0.062s] -- Up-to-date: /home/hualde/misCosas/ws_fanuc/install/fanuc_moveit_config/share/fanuc_moveit_config/config/initial_positions.yaml
[0.062s] -- Up-to-date: /home/hualde/misCosas/ws_fanuc/install/fanuc_moveit_config/share/fanuc_moveit_config/config/ompl_planning.yaml
[0.062s] -- Up-to-date: /home/hualde/misCosas/ws_fanuc/install/fanuc_moveit_config/share/fanuc_moveit_config/config/moveit_controllers.yaml
[0.062s] -- Up-to-date: /home/hualde/misCosas/ws_fanuc/install/fanuc_moveit_config/share/fanuc_moveit_config/config/servo.yaml
[0.062s] -- Up-to-date: /home/hualde/misCosas/ws_fanuc/install/fanuc_moveit_config/share/fanuc_moveit_config/launch
[0.062s] -- Up-to-date: /home/hualde/misCosas/ws_fanuc/install/fanuc_moveit_config/share/fanuc_moveit_config/launch/fanuc_moveit_template.launch.py
[0.062s] -- Up-to-date: /home/hualde/misCosas/ws_fanuc/install/fanuc_moveit_config/share/fanuc_moveit_config/launch/fanuc_moveit.launch.py
[0.062s] -- Up-to-date: /home/hualde/misCosas/ws_fanuc/install/fanuc_moveit_config/share/fanuc_moveit_config/rviz
[0.062s] -- Up-to-date: /home/hualde/misCosas/ws_fanuc/install/fanuc_moveit_config/share/fanuc_moveit_config/rviz/view_robot.rviz
[0.062s] -- Up-to-date: /home/hualde/misCosas/ws_fanuc/install/fanuc_moveit_config/share/fanuc_moveit_config/srdf
[0.062s] -- Up-to-date: /home/hualde/misCosas/ws_fanuc/install/fanuc_moveit_config/share/fanuc_moveit_config/srdf/crx30ia.srdf
[0.062s] -- Up-to-date: /home/hualde/misCosas/ws_fanuc/install/fanuc_moveit_config/share/fanuc_moveit_config/srdf/crx5ia.srdf
[0.062s] -- Up-to-date: /home/hualde/misCosas/ws_fanuc/install/fanuc_moveit_config/share/fanuc_moveit_config/srdf/crx20ia_l.srdf
[0.063s] -- Up-to-date: /home/hualde/misCosas/ws_fanuc/install/fanuc_moveit_config/share/fanuc_moveit_config/srdf/crx10ia_l.srdf
[0.063s] -- Up-to-date: /home/hualde/misCosas/ws_fanuc/install/fanuc_moveit_config/share/fanuc_moveit_config/srdf/crx10ia.srdf
[0.063s] -- Up-to-date: /home/hualde/misCosas/ws_fanuc/install/fanuc_moveit_config/share/ament_index/resource_index/package_run_dependencies/fanuc_moveit_config
[0.063s] -- Up-to-date: /home/hualde/misCosas/ws_fanuc/install/fanuc_moveit_config/share/ament_index/resource_index/parent_prefix_path/fanuc_moveit_config
[0.063s] -- Up-to-date: /home/hualde/misCosas/ws_fanuc/install/fanuc_moveit_config/share/fanuc_moveit_config/environment/ament_prefix_path.sh
[0.063s] -- Up-to-date: /home/hualde/misCosas/ws_fanuc/install/fanuc_moveit_config/share/fanuc_moveit_config/environment/ament_prefix_path.dsv
[0.063s] -- Up-to-date: /home/hualde/misCosas/ws_fanuc/install/fanuc_moveit_config/share/fanuc_moveit_config/environment/path.sh
[0.063s] -- Up-to-date: /home/hualde/misCosas/ws_fanuc/install/fanuc_moveit_config/share/fanuc_moveit_config/environment/path.dsv
[0.063s] -- Up-to-date: /home/hualde/misCosas/ws_fanuc/install/fanuc_moveit_config/share/fanuc_moveit_config/local_setup.bash
[0.063s] -- Up-to-date: /home/hualde/misCosas/ws_fanuc/install/fanuc_moveit_config/share/fanuc_moveit_config/local_setup.sh
[0.063s] -- Up-to-date: /home/hualde/misCosas/ws_fanuc/install/fanuc_moveit_config/share/fanuc_moveit_config/local_setup.zsh
[0.063s] -- Up-to-date: /home/hualde/misCosas/ws_fanuc/install/fanuc_moveit_config/share/fanuc_moveit_config/local_setup.dsv
[0.063s] -- Installing: /home/hualde/misCosas/ws_fanuc/install/fanuc_moveit_config/share/fanuc_moveit_config/package.dsv
[0.063s] -- Up-to-date: /home/hualde/misCosas/ws_fanuc/install/fanuc_moveit_config/share/ament_index/resource_index/packages/fanuc_moveit_config
[0.063s] -- Up-to-date: /home/hualde/misCosas/ws_fanuc/install/fanuc_moveit_config/share/ament_index/resource_index/moveit_ros_control_interface__pluginlib__plugin/fanuc_moveit_config
[0.063s] -- Up-to-date: /home/hualde/misCosas/ws_fanuc/install/fanuc_moveit_config/share/fanuc_moveit_config/cmake/fanuc_moveit_configConfig.cmake
[0.063s] -- Up-to-date: /home/hualde/misCosas/ws_fanuc/install/fanuc_moveit_config/share/fanuc_moveit_config/cmake/fanuc_moveit_configConfig-version.cmake
[0.063s] -- Up-to-date: /home/hualde/misCosas/ws_fanuc/install/fanuc_moveit_config/share/fanuc_moveit_config/package.xml
[0.064s] Invoked command in '/home/hualde/misCosas/ws_fanuc/build/fanuc_moveit_config' returned '0': CMAKE_PREFIX_PATH=/home/hualde/misCosas/ws_fanuc/install/fanuc_crx_description:/home/hualde/misCosas/ws_fanuc/install/slider_publisher:/home/hualde/misCosas/ws_fanuc/install/mi_fanuc:/home/hualde/misCosas/ws_fanuc/install/fanuc_r2000_description:/home/hualde/misCosas/ws_fanuc/install/fanuc_r1000ia_description:/home/hualde/misCosas/ws_fanuc/install/fanuc_controllers:/home/hualde/misCosas/ws_fanuc/install/fanuc_msgs:/home/hualde/misCosas/ws_fanuc/install/fanuc_moveit_config:/home/hualde/misCosas/ws_fanuc/install/fanuc_m20_description:/home/hualde/misCosas/ws_fanuc/install/fanuc_m10_description:/home/hualde/misCosas/ws_fanuc/install/fanuc_lrmate_description:/home/hualde/misCosas/ws_fanuc/install/fanuc_forward_command:/home/hualde/misCosas/ws_fanuc/install/fanuc_hardware_interface:/home/hualde/misCosas/ws_fanuc/install/fanuc_libs:/opt/ros/humble /usr/bin/cmake --install /home/hualde/misCosas/ws_fanuc/build/fanuc_moveit_config
