[0.020s] Invoking command in '/home/hualde/misCosas/ws_fanuc/build/fanuc_r1000ia_description': CMAKE_PREFIX_PATH=${CMAKE_PREFIX_PATH}:/opt/ros/humble /usr/bin/cmake --build /home/hualde/misCosas/ws_fanuc/build/fanuc_r1000ia_description -- -j16 -l16
[0.038s] Invoked command in '/home/hualde/misCosas/ws_fanuc/build/fanuc_r1000ia_description' returned '0': CMAKE_PREFIX_PATH=${CMAKE_PREFIX_PATH}:/opt/ros/humble /usr/bin/cmake --build /home/hualde/misCosas/ws_fanuc/build/fanuc_r1000ia_description -- -j16 -l16
[0.039s] Invoking command in '/home/hualde/misCosas/ws_fanuc/build/fanuc_r1000ia_description': CMAKE_PREFIX_PATH=${CMAKE_PREFIX_PATH}:/opt/ros/humble /usr/bin/cmake --install /home/hualde/misCosas/ws_fanuc/build/fanuc_r1000ia_description
[0.046s] -- Install configuration: ""
[0.046s] -- Up-to-date: /home/hualde/misCosas/ws_fanuc/install/fanuc_r1000ia_description/share/fanuc_r1000ia_description//launch
[0.046s] -- Up-to-date: /home/hualde/misCosas/ws_fanuc/install/fanuc_r1000ia_description/share/fanuc_r1000ia_description//launch/view_r1000ia.launch.py
[0.046s] -- Up-to-date: /home/hualde/misCosas/ws_fanuc/install/fanuc_r1000ia_description/share/fanuc_r1000ia_description//meshes
[0.046s] -- Up-to-date: /home/hualde/misCosas/ws_fanuc/install/fanuc_r1000ia_description/share/fanuc_r1000ia_description//meshes/r1000ia_100f
[0.046s] -- Up-to-date: /home/hualde/misCosas/ws_fanuc/install/fanuc_r1000ia_description/share/fanuc_r1000ia_description//meshes/r1000ia_100f/visual
[0.046s] -- Up-to-date: /home/hualde/misCosas/ws_fanuc/install/fanuc_r1000ia_description/share/fanuc_r1000ia_description//meshes/r1000ia_100f/visual/j6.dae
[0.046s] -- Up-to-date: /home/hualde/misCosas/ws_fanuc/install/fanuc_r1000ia_description/share/fanuc_r1000ia_description//meshes/r1000ia_100f/visual/j1.dae
[0.046s] -- Up-to-date: /home/hualde/misCosas/ws_fanuc/install/fanuc_r1000ia_description/share/fanuc_r1000ia_description//meshes/r1000ia_100f/visual/j5.dae
[0.046s] -- Up-to-date: /home/hualde/misCosas/ws_fanuc/install/fanuc_r1000ia_description/share/fanuc_r1000ia_description//meshes/r1000ia_100f/visual/base.dae
[0.046s] -- Up-to-date: /home/hualde/misCosas/ws_fanuc/install/fanuc_r1000ia_description/share/fanuc_r1000ia_description//meshes/r1000ia_100f/visual/j2.dae
[0.046s] -- Up-to-date: /home/hualde/misCosas/ws_fanuc/install/fanuc_r1000ia_description/share/fanuc_r1000ia_description//meshes/r1000ia_100f/visual/j3.dae
[0.046s] -- Up-to-date: /home/hualde/misCosas/ws_fanuc/install/fanuc_r1000ia_description/share/fanuc_r1000ia_description//meshes/r1000ia_100f/visual/j4.dae
[0.046s] -- Up-to-date: /home/hualde/misCosas/ws_fanuc/install/fanuc_r1000ia_description/share/fanuc_r1000ia_description//meshes/r1000ia_100f/collision
[0.046s] -- Up-to-date: /home/hualde/misCosas/ws_fanuc/install/fanuc_r1000ia_description/share/fanuc_r1000ia_description//meshes/r1000ia_100f/collision/j6.stl
[0.046s] -- Up-to-date: /home/hualde/misCosas/ws_fanuc/install/fanuc_r1000ia_description/share/fanuc_r1000ia_description//meshes/r1000ia_100f/collision/j1.stl
[0.046s] -- Up-to-date: /home/hualde/misCosas/ws_fanuc/install/fanuc_r1000ia_description/share/fanuc_r1000ia_description//meshes/r1000ia_100f/collision/j2.stl
[0.046s] -- Up-to-date: /home/hualde/misCosas/ws_fanuc/install/fanuc_r1000ia_description/share/fanuc_r1000ia_description//meshes/r1000ia_100f/collision/base.stl
[0.046s] -- Up-to-date: /home/hualde/misCosas/ws_fanuc/install/fanuc_r1000ia_description/share/fanuc_r1000ia_description//meshes/r1000ia_100f/collision/j3.stl
[0.046s] -- Up-to-date: /home/hualde/misCosas/ws_fanuc/install/fanuc_r1000ia_description/share/fanuc_r1000ia_description//meshes/r1000ia_100f/collision/j4.stl
[0.047s] -- Up-to-date: /home/hualde/misCosas/ws_fanuc/install/fanuc_r1000ia_description/share/fanuc_r1000ia_description//meshes/r1000ia_100f/collision/j5.stl
[0.047s] -- Up-to-date: /home/hualde/misCosas/ws_fanuc/install/fanuc_r1000ia_description/share/fanuc_r1000ia_description//urdf
[0.047s] -- Up-to-date: /home/hualde/misCosas/ws_fanuc/install/fanuc_r1000ia_description/share/fanuc_r1000ia_description//urdf/r1000ia_100f_urdf_macro.xacro
[0.047s] -- Up-to-date: /home/hualde/misCosas/ws_fanuc/install/fanuc_r1000ia_description/share/fanuc_r1000ia_description//robot
[0.047s] -- Up-to-date: /home/hualde/misCosas/ws_fanuc/install/fanuc_r1000ia_description/share/fanuc_r1000ia_description//robot/r1000ia_100f.urdf.xacro
[0.047s] -- Up-to-date: /home/hualde/misCosas/ws_fanuc/install/fanuc_r1000ia_description/share/fanuc_r1000ia_description//rviz
[0.047s] -- Up-to-date: /home/hualde/misCosas/ws_fanuc/install/fanuc_r1000ia_description/share/fanuc_r1000ia_description//rviz/view_r1000ia.rviz
[0.047s] -- Up-to-date: /home/hualde/misCosas/ws_fanuc/install/fanuc_r1000ia_description/share/ament_index/resource_index/package_run_dependencies/fanuc_r1000ia_description
[0.047s] -- Up-to-date: /home/hualde/misCosas/ws_fanuc/install/fanuc_r1000ia_description/share/ament_index/resource_index/parent_prefix_path/fanuc_r1000ia_description
[0.047s] -- Up-to-date: /home/hualde/misCosas/ws_fanuc/install/fanuc_r1000ia_description/share/fanuc_r1000ia_description/environment/ament_prefix_path.sh
[0.047s] -- Up-to-date: /home/hualde/misCosas/ws_fanuc/install/fanuc_r1000ia_description/share/fanuc_r1000ia_description/environment/ament_prefix_path.dsv
[0.047s] -- Up-to-date: /home/hualde/misCosas/ws_fanuc/install/fanuc_r1000ia_description/share/fanuc_r1000ia_description/environment/path.sh
[0.047s] -- Up-to-date: /home/hualde/misCosas/ws_fanuc/install/fanuc_r1000ia_description/share/fanuc_r1000ia_description/environment/path.dsv
[0.047s] -- Up-to-date: /home/hualde/misCosas/ws_fanuc/install/fanuc_r1000ia_description/share/fanuc_r1000ia_description/local_setup.bash
[0.047s] -- Up-to-date: /home/hualde/misCosas/ws_fanuc/install/fanuc_r1000ia_description/share/fanuc_r1000ia_description/local_setup.sh
[0.047s] -- Up-to-date: /home/hualde/misCosas/ws_fanuc/install/fanuc_r1000ia_description/share/fanuc_r1000ia_description/local_setup.zsh
[0.047s] -- Up-to-date: /home/hualde/misCosas/ws_fanuc/install/fanuc_r1000ia_description/share/fanuc_r1000ia_description/local_setup.dsv
[0.047s] -- Up-to-date: /home/hualde/misCosas/ws_fanuc/install/fanuc_r1000ia_description/share/fanuc_r1000ia_description/package.dsv
[0.047s] -- Up-to-date: /home/hualde/misCosas/ws_fanuc/install/fanuc_r1000ia_description/share/ament_index/resource_index/packages/fanuc_r1000ia_description
[0.047s] -- Up-to-date: /home/hualde/misCosas/ws_fanuc/install/fanuc_r1000ia_description/share/fanuc_r1000ia_description/cmake/fanuc_r1000ia_descriptionConfig.cmake
[0.047s] -- Up-to-date: /home/hualde/misCosas/ws_fanuc/install/fanuc_r1000ia_description/share/fanuc_r1000ia_description/cmake/fanuc_r1000ia_descriptionConfig-version.cmake
[0.047s] -- Up-to-date: /home/hualde/misCosas/ws_fanuc/install/fanuc_r1000ia_description/share/fanuc_r1000ia_description/package.xml
[0.077s] Invoked command in '/home/hualde/misCosas/ws_fanuc/build/fanuc_r1000ia_description' returned '0': CMAKE_PREFIX_PATH=${CMAKE_PREFIX_PATH}:/opt/ros/humble /usr/bin/cmake --install /home/hualde/misCosas/ws_fanuc/build/fanuc_r1000ia_description
