-- Install configuration: ""
-- Up-to-date: /home/hualde/misCosas/ws_fanuc/install/fanuc_m20_description/share/fanuc_m20_description//launch
-- Up-to-date: /home/hualde/misCosas/ws_fanuc/install/fanuc_m20_description/share/fanuc_m20_description//launch/view_m20.launch.py
-- Up-to-date: /home/hualde/misCosas/ws_fanuc/install/fanuc_m20_description/share/fanuc_m20_description//meshes
-- Up-to-date: /home/hualde/misCosas/ws_fanuc/install/fanuc_m20_description/share/fanuc_m20_description//meshes/m20_25-18d
-- Up-to-date: /home/hualde/misCosas/ws_fanuc/install/fanuc_m20_description/share/fanuc_m20_description//meshes/m20_25-18d/visual
-- Up-to-date: /home/hualde/misCosas/ws_fanuc/install/fanuc_m20_description/share/fanuc_m20_description//meshes/m20_25-18d/visual/j6.dae
-- Up-to-date: /home/hualde/misCosas/ws_fanuc/install/fanuc_m20_description/share/fanuc_m20_description//meshes/m20_25-18d/visual/j1.dae
-- Up-to-date: /home/hualde/misCosas/ws_fanuc/install/fanuc_m20_description/share/fanuc_m20_description//meshes/m20_25-18d/visual/j5.dae
-- Up-to-date: /home/hualde/misCosas/ws_fanuc/install/fanuc_m20_description/share/fanuc_m20_description//meshes/m20_25-18d/visual/base.dae
-- Up-to-date: /home/hualde/misCosas/ws_fanuc/install/fanuc_m20_description/share/fanuc_m20_description//meshes/m20_25-18d/visual/j2.dae
-- Up-to-date: /home/hualde/misCosas/ws_fanuc/install/fanuc_m20_description/share/fanuc_m20_description//meshes/m20_25-18d/visual/j3.dae
-- Up-to-date: /home/hualde/misCosas/ws_fanuc/install/fanuc_m20_description/share/fanuc_m20_description//meshes/m20_25-18d/visual/j4.dae
-- Up-to-date: /home/hualde/misCosas/ws_fanuc/install/fanuc_m20_description/share/fanuc_m20_description//meshes/m20_25-18d/collision
-- Up-to-date: /home/hualde/misCosas/ws_fanuc/install/fanuc_m20_description/share/fanuc_m20_description//meshes/m20_25-18d/collision/j6.stl
-- Up-to-date: /home/hualde/misCosas/ws_fanuc/install/fanuc_m20_description/share/fanuc_m20_description//meshes/m20_25-18d/collision/j1.stl
-- Up-to-date: /home/hualde/misCosas/ws_fanuc/install/fanuc_m20_description/share/fanuc_m20_description//meshes/m20_25-18d/collision/j2.stl
-- Up-to-date: /home/hualde/misCosas/ws_fanuc/install/fanuc_m20_description/share/fanuc_m20_description//meshes/m20_25-18d/collision/base.stl
-- Up-to-date: /home/hualde/misCosas/ws_fanuc/install/fanuc_m20_description/share/fanuc_m20_description//meshes/m20_25-18d/collision/j3.stl
-- Up-to-date: /home/hualde/misCosas/ws_fanuc/install/fanuc_m20_description/share/fanuc_m20_description//meshes/m20_25-18d/collision/j4.stl
-- Up-to-date: /home/hualde/misCosas/ws_fanuc/install/fanuc_m20_description/share/fanuc_m20_description//meshes/m20_25-18d/collision/j5.stl
-- Up-to-date: /home/hualde/misCosas/ws_fanuc/install/fanuc_m20_description/share/fanuc_m20_description//meshes/m20_35-18d
-- Up-to-date: /home/hualde/misCosas/ws_fanuc/install/fanuc_m20_description/share/fanuc_m20_description//meshes/m20_35-18d/visual
-- Up-to-date: /home/hualde/misCosas/ws_fanuc/install/fanuc_m20_description/share/fanuc_m20_description//meshes/m20_35-18d/visual/j6.dae
-- Up-to-date: /home/hualde/misCosas/ws_fanuc/install/fanuc_m20_description/share/fanuc_m20_description//meshes/m20_35-18d/visual/j1.dae
-- Up-to-date: /home/hualde/misCosas/ws_fanuc/install/fanuc_m20_description/share/fanuc_m20_description//meshes/m20_35-18d/visual/j5.dae
-- Up-to-date: /home/hualde/misCosas/ws_fanuc/install/fanuc_m20_description/share/fanuc_m20_description//meshes/m20_35-18d/visual/base.dae
-- Up-to-date: /home/hualde/misCosas/ws_fanuc/install/fanuc_m20_description/share/fanuc_m20_description//meshes/m20_35-18d/visual/j2.dae
-- Up-to-date: /home/hualde/misCosas/ws_fanuc/install/fanuc_m20_description/share/fanuc_m20_description//meshes/m20_35-18d/visual/j3.dae
-- Up-to-date: /home/hualde/misCosas/ws_fanuc/install/fanuc_m20_description/share/fanuc_m20_description//meshes/m20_35-18d/visual/j4.dae
-- Up-to-date: /home/hualde/misCosas/ws_fanuc/install/fanuc_m20_description/share/fanuc_m20_description//meshes/m20_35-18d/collision
-- Up-to-date: /home/hualde/misCosas/ws_fanuc/install/fanuc_m20_description/share/fanuc_m20_description//meshes/m20_35-18d/collision/j6.stl
-- Up-to-date: /home/hualde/misCosas/ws_fanuc/install/fanuc_m20_description/share/fanuc_m20_description//meshes/m20_35-18d/collision/j1.stl
-- Up-to-date: /home/hualde/misCosas/ws_fanuc/install/fanuc_m20_description/share/fanuc_m20_description//meshes/m20_35-18d/collision/j2.stl
-- Up-to-date: /home/hualde/misCosas/ws_fanuc/install/fanuc_m20_description/share/fanuc_m20_description//meshes/m20_35-18d/collision/base.stl
-- Up-to-date: /home/hualde/misCosas/ws_fanuc/install/fanuc_m20_description/share/fanuc_m20_description//meshes/m20_35-18d/collision/j3.stl
-- Up-to-date: /home/hualde/misCosas/ws_fanuc/install/fanuc_m20_description/share/fanuc_m20_description//meshes/m20_35-18d/collision/j4.stl
-- Up-to-date: /home/hualde/misCosas/ws_fanuc/install/fanuc_m20_description/share/fanuc_m20_description//meshes/m20_35-18d/collision/j5.stl
-- Up-to-date: /home/hualde/misCosas/ws_fanuc/install/fanuc_m20_description/share/fanuc_m20_description//urdf
-- Up-to-date: /home/hualde/misCosas/ws_fanuc/install/fanuc_m20_description/share/fanuc_m20_description//urdf/m20_35-18d_urdf_macro.xacro
-- Up-to-date: /home/hualde/misCosas/ws_fanuc/install/fanuc_m20_description/share/fanuc_m20_description//urdf/m20_25-18d_urdf_macro.xacro
-- Up-to-date: /home/hualde/misCosas/ws_fanuc/install/fanuc_m20_description/share/fanuc_m20_description//robot
-- Up-to-date: /home/hualde/misCosas/ws_fanuc/install/fanuc_m20_description/share/fanuc_m20_description//robot/m20_35-18d.urdf.xacro
-- Up-to-date: /home/hualde/misCosas/ws_fanuc/install/fanuc_m20_description/share/fanuc_m20_description//robot/m20_25-18d.urdf.xacro
-- Up-to-date: /home/hualde/misCosas/ws_fanuc/install/fanuc_m20_description/share/fanuc_m20_description//rviz
-- Up-to-date: /home/hualde/misCosas/ws_fanuc/install/fanuc_m20_description/share/fanuc_m20_description//rviz/view_m20.rviz
-- Up-to-date: /home/hualde/misCosas/ws_fanuc/install/fanuc_m20_description/share/ament_index/resource_index/package_run_dependencies/fanuc_m20_description
-- Up-to-date: /home/hualde/misCosas/ws_fanuc/install/fanuc_m20_description/share/ament_index/resource_index/parent_prefix_path/fanuc_m20_description
-- Up-to-date: /home/hualde/misCosas/ws_fanuc/install/fanuc_m20_description/share/fanuc_m20_description/environment/ament_prefix_path.sh
-- Up-to-date: /home/hualde/misCosas/ws_fanuc/install/fanuc_m20_description/share/fanuc_m20_description/environment/ament_prefix_path.dsv
-- Up-to-date: /home/hualde/misCosas/ws_fanuc/install/fanuc_m20_description/share/fanuc_m20_description/environment/path.sh
-- Up-to-date: /home/hualde/misCosas/ws_fanuc/install/fanuc_m20_description/share/fanuc_m20_description/environment/path.dsv
-- Up-to-date: /home/hualde/misCosas/ws_fanuc/install/fanuc_m20_description/share/fanuc_m20_description/local_setup.bash
-- Up-to-date: /home/hualde/misCosas/ws_fanuc/install/fanuc_m20_description/share/fanuc_m20_description/local_setup.sh
-- Up-to-date: /home/hualde/misCosas/ws_fanuc/install/fanuc_m20_description/share/fanuc_m20_description/local_setup.zsh
-- Up-to-date: /home/hualde/misCosas/ws_fanuc/install/fanuc_m20_description/share/fanuc_m20_description/local_setup.dsv
-- Installing: /home/hualde/misCosas/ws_fanuc/install/fanuc_m20_description/share/fanuc_m20_description/package.dsv
-- Up-to-date: /home/hualde/misCosas/ws_fanuc/install/fanuc_m20_description/share/ament_index/resource_index/packages/fanuc_m20_description
-- Up-to-date: /home/hualde/misCosas/ws_fanuc/install/fanuc_m20_description/share/fanuc_m20_description/cmake/fanuc_m20_descriptionConfig.cmake
-- Up-to-date: /home/hualde/misCosas/ws_fanuc/install/fanuc_m20_description/share/fanuc_m20_description/cmake/fanuc_m20_descriptionConfig-version.cmake
-- Up-to-date: /home/hualde/misCosas/ws_fanuc/install/fanuc_m20_description/share/fanuc_m20_description/package.xml
