[0.028s] Invoking command in '/home/hualde/misCosas/ws_fanuc/build/fanuc_m20_description': CMAKE_PREFIX_PATH=${CMAKE_PREFIX_PATH}:/opt/ros/humble /usr/bin/cmake --build /home/hualde/misCosas/ws_fanuc/build/fanuc_m20_description -- -j16 -l16
[0.072s] Invoked command in '/home/hualde/misCosas/ws_fanuc/build/fanuc_m20_description' returned '0': CMAKE_PREFIX_PATH=${CMAKE_PREFIX_PATH}:/opt/ros/humble /usr/bin/cmake --build /home/hualde/misCosas/ws_fanuc/build/fanuc_m20_description -- -j16 -l16
[0.074s] Invoking command in '/home/hualde/misCosas/ws_fanuc/build/fanuc_m20_description': CMAKE_PREFIX_PATH=${CMAKE_PREFIX_PATH}:/opt/ros/humble /usr/bin/cmake --install /home/hualde/misCosas/ws_fanuc/build/fanuc_m20_description
[0.084s] -- Install configuration: ""
[0.084s] -- Up-to-date: /home/hualde/misCosas/ws_fanuc/install/fanuc_m20_description/share/fanuc_m20_description//launch
[0.084s] -- Up-to-date: /home/hualde/misCosas/ws_fanuc/install/fanuc_m20_description/share/fanuc_m20_description//launch/view_m20.launch.py
[0.084s] -- Up-to-date: /home/hualde/misCosas/ws_fanuc/install/fanuc_m20_description/share/fanuc_m20_description//meshes
[0.084s] -- Up-to-date: /home/hualde/misCosas/ws_fanuc/install/fanuc_m20_description/share/fanuc_m20_description//meshes/m20_25-18d
[0.084s] -- Up-to-date: /home/hualde/misCosas/ws_fanuc/install/fanuc_m20_description/share/fanuc_m20_description//meshes/m20_25-18d/visual
[0.085s] -- Up-to-date: /home/hualde/misCosas/ws_fanuc/install/fanuc_m20_description/share/fanuc_m20_description//meshes/m20_25-18d/visual/j6.dae
[0.085s] -- Up-to-date: /home/hualde/misCosas/ws_fanuc/install/fanuc_m20_description/share/fanuc_m20_description//meshes/m20_25-18d/visual/j1.dae
[0.085s] -- Up-to-date: /home/hualde/misCosas/ws_fanuc/install/fanuc_m20_description/share/fanuc_m20_description//meshes/m20_25-18d/visual/j5.dae
[0.085s] -- Up-to-date: /home/hualde/misCosas/ws_fanuc/install/fanuc_m20_description/share/fanuc_m20_description//meshes/m20_25-18d/visual/base.dae
[0.085s] -- Up-to-date: /home/hualde/misCosas/ws_fanuc/install/fanuc_m20_description/share/fanuc_m20_description//meshes/m20_25-18d/visual/j2.dae
[0.085s] -- Up-to-date: /home/hualde/misCosas/ws_fanuc/install/fanuc_m20_description/share/fanuc_m20_description//meshes/m20_25-18d/visual/j3.dae
[0.085s] -- Up-to-date: /home/hualde/misCosas/ws_fanuc/install/fanuc_m20_description/share/fanuc_m20_description//meshes/m20_25-18d/visual/j4.dae
[0.085s] -- Up-to-date: /home/hualde/misCosas/ws_fanuc/install/fanuc_m20_description/share/fanuc_m20_description//meshes/m20_25-18d/collision
[0.085s] -- Up-to-date: /home/hualde/misCosas/ws_fanuc/install/fanuc_m20_description/share/fanuc_m20_description//meshes/m20_25-18d/collision/j6.stl
[0.085s] -- Up-to-date: /home/hualde/misCosas/ws_fanuc/install/fanuc_m20_description/share/fanuc_m20_description//meshes/m20_25-18d/collision/j1.stl
[0.086s] -- Up-to-date: /home/hualde/misCosas/ws_fanuc/install/fanuc_m20_description/share/fanuc_m20_description//meshes/m20_25-18d/collision/j2.stl
[0.086s] -- Up-to-date: /home/hualde/misCosas/ws_fanuc/install/fanuc_m20_description/share/fanuc_m20_description//meshes/m20_25-18d/collision/base.stl
[0.086s] -- Up-to-date: /home/hualde/misCosas/ws_fanuc/install/fanuc_m20_description/share/fanuc_m20_description//meshes/m20_25-18d/collision/j3.stl
[0.086s] -- Up-to-date: /home/hualde/misCosas/ws_fanuc/install/fanuc_m20_description/share/fanuc_m20_description//meshes/m20_25-18d/collision/j4.stl
[0.086s] -- Up-to-date: /home/hualde/misCosas/ws_fanuc/install/fanuc_m20_description/share/fanuc_m20_description//meshes/m20_25-18d/collision/j5.stl
[0.086s] -- Up-to-date: /home/hualde/misCosas/ws_fanuc/install/fanuc_m20_description/share/fanuc_m20_description//meshes/m20_35-18d
[0.087s] -- Up-to-date: /home/hualde/misCosas/ws_fanuc/install/fanuc_m20_description/share/fanuc_m20_description//meshes/m20_35-18d/visual
[0.087s] -- Up-to-date: /home/hualde/misCosas/ws_fanuc/install/fanuc_m20_description/share/fanuc_m20_description//meshes/m20_35-18d/visual/j6.dae
[0.087s] -- Up-to-date: /home/hualde/misCosas/ws_fanuc/install/fanuc_m20_description/share/fanuc_m20_description//meshes/m20_35-18d/visual/j1.dae
[0.087s] -- Up-to-date: /home/hualde/misCosas/ws_fanuc/install/fanuc_m20_description/share/fanuc_m20_description//meshes/m20_35-18d/visual/j5.dae
[0.087s] -- Up-to-date: /home/hualde/misCosas/ws_fanuc/install/fanuc_m20_description/share/fanuc_m20_description//meshes/m20_35-18d/visual/base.dae
[0.087s] -- Up-to-date: /home/hualde/misCosas/ws_fanuc/install/fanuc_m20_description/share/fanuc_m20_description//meshes/m20_35-18d/visual/j2.dae
[0.088s] -- Up-to-date: /home/hualde/misCosas/ws_fanuc/install/fanuc_m20_description/share/fanuc_m20_description//meshes/m20_35-18d/visual/j3.dae
[0.088s] -- Up-to-date: /home/hualde/misCosas/ws_fanuc/install/fanuc_m20_description/share/fanuc_m20_description//meshes/m20_35-18d/visual/j4.dae
[0.088s] -- Up-to-date: /home/hualde/misCosas/ws_fanuc/install/fanuc_m20_description/share/fanuc_m20_description//meshes/m20_35-18d/collision
[0.088s] -- Up-to-date: /home/hualde/misCosas/ws_fanuc/install/fanuc_m20_description/share/fanuc_m20_description//meshes/m20_35-18d/collision/j6.stl
[0.089s] -- Up-to-date: /home/hualde/misCosas/ws_fanuc/install/fanuc_m20_description/share/fanuc_m20_description//meshes/m20_35-18d/collision/j1.stl
[0.089s] -- Up-to-date: /home/hualde/misCosas/ws_fanuc/install/fanuc_m20_description/share/fanuc_m20_description//meshes/m20_35-18d/collision/j2.stl
[0.089s] -- Up-to-date: /home/hualde/misCosas/ws_fanuc/install/fanuc_m20_description/share/fanuc_m20_description//meshes/m20_35-18d/collision/base.stl
[0.089s] -- Up-to-date: /home/hualde/misCosas/ws_fanuc/install/fanuc_m20_description/share/fanuc_m20_description//meshes/m20_35-18d/collision/j3.stl
[0.089s] -- Up-to-date: /home/hualde/misCosas/ws_fanuc/install/fanuc_m20_description/share/fanuc_m20_description//meshes/m20_35-18d/collision/j4.stl
[0.089s] -- Up-to-date: /home/hualde/misCosas/ws_fanuc/install/fanuc_m20_description/share/fanuc_m20_description//meshes/m20_35-18d/collision/j5.stl
[0.089s] -- Up-to-date: /home/hualde/misCosas/ws_fanuc/install/fanuc_m20_description/share/fanuc_m20_description//urdf
[0.089s] -- Up-to-date: /home/hualde/misCosas/ws_fanuc/install/fanuc_m20_description/share/fanuc_m20_description//urdf/m20_35-18d_urdf_macro.xacro
[0.089s] -- Up-to-date: /home/hualde/misCosas/ws_fanuc/install/fanuc_m20_description/share/fanuc_m20_description//urdf/m20_25-18d_urdf_macro.xacro
[0.090s] -- Up-to-date: /home/hualde/misCosas/ws_fanuc/install/fanuc_m20_description/share/fanuc_m20_description//robot
[0.090s] -- Up-to-date: /home/hualde/misCosas/ws_fanuc/install/fanuc_m20_description/share/fanuc_m20_description//robot/m20_35-18d.urdf.xacro
[0.090s] -- Up-to-date: /home/hualde/misCosas/ws_fanuc/install/fanuc_m20_description/share/fanuc_m20_description//robot/m20_25-18d.urdf.xacro
[0.090s] -- Up-to-date: /home/hualde/misCosas/ws_fanuc/install/fanuc_m20_description/share/fanuc_m20_description//rviz
[0.090s] -- Up-to-date: /home/hualde/misCosas/ws_fanuc/install/fanuc_m20_description/share/fanuc_m20_description//rviz/view_m20.rviz
[0.090s] -- Up-to-date: /home/hualde/misCosas/ws_fanuc/install/fanuc_m20_description/share/ament_index/resource_index/package_run_dependencies/fanuc_m20_description
[0.090s] -- Up-to-date: /home/hualde/misCosas/ws_fanuc/install/fanuc_m20_description/share/ament_index/resource_index/parent_prefix_path/fanuc_m20_description
[0.090s] -- Up-to-date: /home/hualde/misCosas/ws_fanuc/install/fanuc_m20_description/share/fanuc_m20_description/environment/ament_prefix_path.sh
[0.091s] -- Up-to-date: /home/hualde/misCosas/ws_fanuc/install/fanuc_m20_description/share/fanuc_m20_description/environment/ament_prefix_path.dsv
[0.091s] -- Up-to-date: /home/hualde/misCosas/ws_fanuc/install/fanuc_m20_description/share/fanuc_m20_description/environment/path.sh
[0.091s] -- Up-to-date: /home/hualde/misCosas/ws_fanuc/install/fanuc_m20_description/share/fanuc_m20_description/environment/path.dsv
[0.091s] -- Up-to-date: /home/hualde/misCosas/ws_fanuc/install/fanuc_m20_description/share/fanuc_m20_description/local_setup.bash
[0.091s] -- Up-to-date: /home/hualde/misCosas/ws_fanuc/install/fanuc_m20_description/share/fanuc_m20_description/local_setup.sh
[0.091s] -- Up-to-date: /home/hualde/misCosas/ws_fanuc/install/fanuc_m20_description/share/fanuc_m20_description/local_setup.zsh
[0.091s] -- Up-to-date: /home/hualde/misCosas/ws_fanuc/install/fanuc_m20_description/share/fanuc_m20_description/local_setup.dsv
[0.091s] -- Installing: /home/hualde/misCosas/ws_fanuc/install/fanuc_m20_description/share/fanuc_m20_description/package.dsv
[0.091s] -- Up-to-date: /home/hualde/misCosas/ws_fanuc/install/fanuc_m20_description/share/ament_index/resource_index/packages/fanuc_m20_description
[0.091s] -- Up-to-date: /home/hualde/misCosas/ws_fanuc/install/fanuc_m20_description/share/fanuc_m20_description/cmake/fanuc_m20_descriptionConfig.cmake
[0.091s] -- Up-to-date: /home/hualde/misCosas/ws_fanuc/install/fanuc_m20_description/share/fanuc_m20_description/cmake/fanuc_m20_descriptionConfig-version.cmake
[0.091s] -- Up-to-date: /home/hualde/misCosas/ws_fanuc/install/fanuc_m20_description/share/fanuc_m20_description/package.xml
[0.108s] Invoked command in '/home/hualde/misCosas/ws_fanuc/build/fanuc_m20_description' returned '0': CMAKE_PREFIX_PATH=${CMAKE_PREFIX_PATH}:/opt/ros/humble /usr/bin/cmake --install /home/hualde/misCosas/ws_fanuc/build/fanuc_m20_description
