[0.023s] Invoking command in '/home/hualde/misCosas/ws_fanuc/build/fanuc_r2000_description': CMAKE_PREFIX_PATH=${CMAKE_PREFIX_PATH}:/opt/ros/humble /usr/bin/cmake --build /home/hualde/misCosas/ws_fanuc/build/fanuc_r2000_description -- -j16 -l16
[0.073s] Invoked command in '/home/hualde/misCosas/ws_fanuc/build/fanuc_r2000_description' returned '0': CMAKE_PREFIX_PATH=${CMAKE_PREFIX_PATH}:/opt/ros/humble /usr/bin/cmake --build /home/hualde/misCosas/ws_fanuc/build/fanuc_r2000_description -- -j16 -l16
[0.074s] Invoking command in '/home/hualde/misCosas/ws_fanuc/build/fanuc_r2000_description': CMAKE_PREFIX_PATH=${CMAKE_PREFIX_PATH}:/opt/ros/humble /usr/bin/cmake --install /home/hualde/misCosas/ws_fanuc/build/fanuc_r2000_description
[0.082s] -- Install configuration: ""
[0.083s] -- Up-to-date: /home/hualde/misCosas/ws_fanuc/install/fanuc_r2000_description/share/fanuc_r2000_description//launch
[0.083s] -- Up-to-date: /home/hualde/misCosas/ws_fanuc/install/fanuc_r2000_description/share/fanuc_r2000_description//launch/view_r2000.launch.py
[0.083s] -- Up-to-date: /home/hualde/misCosas/ws_fanuc/install/fanuc_r2000_description/share/fanuc_r2000_description//meshes
[0.083s] -- Up-to-date: /home/hualde/misCosas/ws_fanuc/install/fanuc_r2000_description/share/fanuc_r2000_description//meshes/r2000ic_125l
[0.083s] -- Up-to-date: /home/hualde/misCosas/ws_fanuc/install/fanuc_r2000_description/share/fanuc_r2000_description//meshes/r2000ic_125l/visual
[0.083s] -- Up-to-date: /home/hualde/misCosas/ws_fanuc/install/fanuc_r2000_description/share/fanuc_r2000_description//meshes/r2000ic_125l/visual/j6.dae
[0.083s] -- Up-to-date: /home/hualde/misCosas/ws_fanuc/install/fanuc_r2000_description/share/fanuc_r2000_description//meshes/r2000ic_125l/visual/j1.dae
[0.083s] -- Up-to-date: /home/hualde/misCosas/ws_fanuc/install/fanuc_r2000_description/share/fanuc_r2000_description//meshes/r2000ic_125l/visual/j5.dae
[0.083s] -- Up-to-date: /home/hualde/misCosas/ws_fanuc/install/fanuc_r2000_description/share/fanuc_r2000_description//meshes/r2000ic_125l/visual/base.dae
[0.083s] -- Up-to-date: /home/hualde/misCosas/ws_fanuc/install/fanuc_r2000_description/share/fanuc_r2000_description//meshes/r2000ic_125l/visual/j2.dae
[0.083s] -- Up-to-date: /home/hualde/misCosas/ws_fanuc/install/fanuc_r2000_description/share/fanuc_r2000_description//meshes/r2000ic_125l/visual/j3.dae
[0.083s] -- Up-to-date: /home/hualde/misCosas/ws_fanuc/install/fanuc_r2000_description/share/fanuc_r2000_description//meshes/r2000ic_125l/visual/j4.dae
[0.083s] -- Up-to-date: /home/hualde/misCosas/ws_fanuc/install/fanuc_r2000_description/share/fanuc_r2000_description//meshes/r2000ic_125l/collision
[0.083s] -- Up-to-date: /home/hualde/misCosas/ws_fanuc/install/fanuc_r2000_description/share/fanuc_r2000_description//meshes/r2000ic_125l/collision/j6.stl
[0.083s] -- Up-to-date: /home/hualde/misCosas/ws_fanuc/install/fanuc_r2000_description/share/fanuc_r2000_description//meshes/r2000ic_125l/collision/j1.stl
[0.083s] -- Up-to-date: /home/hualde/misCosas/ws_fanuc/install/fanuc_r2000_description/share/fanuc_r2000_description//meshes/r2000ic_125l/collision/j2.stl
[0.083s] -- Up-to-date: /home/hualde/misCosas/ws_fanuc/install/fanuc_r2000_description/share/fanuc_r2000_description//meshes/r2000ic_125l/collision/base.stl
[0.083s] -- Up-to-date: /home/hualde/misCosas/ws_fanuc/install/fanuc_r2000_description/share/fanuc_r2000_description//meshes/r2000ic_125l/collision/j3.stl
[0.083s] -- Up-to-date: /home/hualde/misCosas/ws_fanuc/install/fanuc_r2000_description/share/fanuc_r2000_description//meshes/r2000ic_125l/collision/j4.stl
[0.084s] -- Up-to-date: /home/hualde/misCosas/ws_fanuc/install/fanuc_r2000_description/share/fanuc_r2000_description//meshes/r2000ic_125l/collision/j5.stl
[0.084s] -- Up-to-date: /home/hualde/misCosas/ws_fanuc/install/fanuc_r2000_description/share/fanuc_r2000_description//urdf
[0.084s] -- Up-to-date: /home/hualde/misCosas/ws_fanuc/install/fanuc_r2000_description/share/fanuc_r2000_description//urdf/r2000ic_125l_urdf_macro.xacro
[0.084s] -- Up-to-date: /home/hualde/misCosas/ws_fanuc/install/fanuc_r2000_description/share/fanuc_r2000_description//robot
[0.084s] -- Up-to-date: /home/hualde/misCosas/ws_fanuc/install/fanuc_r2000_description/share/fanuc_r2000_description//robot/r2000ic_125l.urdf.xacro
[0.084s] -- Up-to-date: /home/hualde/misCosas/ws_fanuc/install/fanuc_r2000_description/share/fanuc_r2000_description//rviz
[0.084s] -- Up-to-date: /home/hualde/misCosas/ws_fanuc/install/fanuc_r2000_description/share/fanuc_r2000_description//rviz/view_r2000.rviz
[0.084s] -- Up-to-date: /home/hualde/misCosas/ws_fanuc/install/fanuc_r2000_description/share/ament_index/resource_index/package_run_dependencies/fanuc_r2000_description
[0.084s] -- Up-to-date: /home/hualde/misCosas/ws_fanuc/install/fanuc_r2000_description/share/ament_index/resource_index/parent_prefix_path/fanuc_r2000_description
[0.084s] -- Up-to-date: /home/hualde/misCosas/ws_fanuc/install/fanuc_r2000_description/share/fanuc_r2000_description/environment/ament_prefix_path.sh
[0.084s] -- Up-to-date: /home/hualde/misCosas/ws_fanuc/install/fanuc_r2000_description/share/fanuc_r2000_description/environment/ament_prefix_path.dsv
[0.084s] -- Up-to-date: /home/hualde/misCosas/ws_fanuc/install/fanuc_r2000_description/share/fanuc_r2000_description/environment/path.sh
[0.084s] -- Up-to-date: /home/hualde/misCosas/ws_fanuc/install/fanuc_r2000_description/share/fanuc_r2000_description/environment/path.dsv
[0.084s] -- Up-to-date: /home/hualde/misCosas/ws_fanuc/install/fanuc_r2000_description/share/fanuc_r2000_description/local_setup.bash
[0.084s] -- Up-to-date: /home/hualde/misCosas/ws_fanuc/install/fanuc_r2000_description/share/fanuc_r2000_description/local_setup.sh
[0.084s] -- Up-to-date: /home/hualde/misCosas/ws_fanuc/install/fanuc_r2000_description/share/fanuc_r2000_description/local_setup.zsh
[0.084s] -- Up-to-date: /home/hualde/misCosas/ws_fanuc/install/fanuc_r2000_description/share/fanuc_r2000_description/local_setup.dsv
[0.084s] -- Installing: /home/hualde/misCosas/ws_fanuc/install/fanuc_r2000_description/share/fanuc_r2000_description/package.dsv
[0.085s] -- Up-to-date: /home/hualde/misCosas/ws_fanuc/install/fanuc_r2000_description/share/ament_index/resource_index/packages/fanuc_r2000_description
[0.085s] -- Up-to-date: /home/hualde/misCosas/ws_fanuc/install/fanuc_r2000_description/share/fanuc_r2000_description/cmake/fanuc_r2000_descriptionConfig.cmake
[0.085s] -- Up-to-date: /home/hualde/misCosas/ws_fanuc/install/fanuc_r2000_description/share/fanuc_r2000_description/cmake/fanuc_r2000_descriptionConfig-version.cmake
[0.085s] -- Up-to-date: /home/hualde/misCosas/ws_fanuc/install/fanuc_r2000_description/share/fanuc_r2000_description/package.xml
[0.116s] Invoked command in '/home/hualde/misCosas/ws_fanuc/build/fanuc_r2000_description' returned '0': CMAKE_PREFIX_PATH=${CMAKE_PREFIX_PATH}:/opt/ros/humble /usr/bin/cmake --install /home/hualde/misCosas/ws_fanuc/build/fanuc_r2000_description
