-- Install configuration: ""
-- Up-to-date: /home/hualde/misCosas/ws_fanuc/install/fanuc_m10_description/share/fanuc_m10_description//launch
-- Up-to-date: /home/hualde/misCosas/ws_fanuc/install/fanuc_m10_description/share/fanuc_m10_description//launch/view_m10.launch.py
-- Up-to-date: /home/hualde/misCosas/ws_fanuc/install/fanuc_m10_description/share/fanuc_m10_description//meshes
-- Up-to-date: /home/hualde/misCosas/ws_fanuc/install/fanuc_m10_description/share/fanuc_m10_description//meshes/m10_12-14d
-- Up-to-date: /home/hualde/misCosas/ws_fanuc/install/fanuc_m10_description/share/fanuc_m10_description//meshes/m10_12-14d/visual
-- Up-to-date: /home/hualde/misCosas/ws_fanuc/install/fanuc_m10_description/share/fanuc_m10_description//meshes/m10_12-14d/visual/j6.dae
-- Up-to-date: /home/hualde/misCosas/ws_fanuc/install/fanuc_m10_description/share/fanuc_m10_description//meshes/m10_12-14d/visual/j1.dae
-- Up-to-date: /home/hualde/misCosas/ws_fanuc/install/fanuc_m10_description/share/fanuc_m10_description//meshes/m10_12-14d/visual/j5.dae
-- Up-to-date: /home/hualde/misCosas/ws_fanuc/install/fanuc_m10_description/share/fanuc_m10_description//meshes/m10_12-14d/visual/base.dae
-- Up-to-date: /home/hualde/misCosas/ws_fanuc/install/fanuc_m10_description/share/fanuc_m10_description//meshes/m10_12-14d/visual/j2.dae
-- Up-to-date: /home/hualde/misCosas/ws_fanuc/install/fanuc_m10_description/share/fanuc_m10_description//meshes/m10_12-14d/visual/j3.dae
-- Up-to-date: /home/hualde/misCosas/ws_fanuc/install/fanuc_m10_description/share/fanuc_m10_description//meshes/m10_12-14d/visual/j4.dae
-- Up-to-date: /home/hualde/misCosas/ws_fanuc/install/fanuc_m10_description/share/fanuc_m10_description//meshes/m10_12-14d/collision
-- Up-to-date: /home/hualde/misCosas/ws_fanuc/install/fanuc_m10_description/share/fanuc_m10_description//meshes/m10_12-14d/collision/j6.stl
-- Up-to-date: /home/hualde/misCosas/ws_fanuc/install/fanuc_m10_description/share/fanuc_m10_description//meshes/m10_12-14d/collision/j1.stl
-- Up-to-date: /home/hualde/misCosas/ws_fanuc/install/fanuc_m10_description/share/fanuc_m10_description//meshes/m10_12-14d/collision/j2.stl
-- Up-to-date: /home/hualde/misCosas/ws_fanuc/install/fanuc_m10_description/share/fanuc_m10_description//meshes/m10_12-14d/collision/base.stl
-- Up-to-date: /home/hualde/misCosas/ws_fanuc/install/fanuc_m10_description/share/fanuc_m10_description//meshes/m10_12-14d/collision/j3.stl
-- Up-to-date: /home/hualde/misCosas/ws_fanuc/install/fanuc_m10_description/share/fanuc_m10_description//meshes/m10_12-14d/collision/j4.stl
-- Up-to-date: /home/hualde/misCosas/ws_fanuc/install/fanuc_m10_description/share/fanuc_m10_description//meshes/m10_12-14d/collision/j5.stl
-- Up-to-date: /home/hualde/misCosas/ws_fanuc/install/fanuc_m10_description/share/fanuc_m10_description//urdf
-- Up-to-date: /home/hualde/misCosas/ws_fanuc/install/fanuc_m10_description/share/fanuc_m10_description//urdf/m10_12-14d_urdf_macro.xacro
-- Up-to-date: /home/hualde/misCosas/ws_fanuc/install/fanuc_m10_description/share/fanuc_m10_description//robot
-- Up-to-date: /home/hualde/misCosas/ws_fanuc/install/fanuc_m10_description/share/fanuc_m10_description//robot/m10_12-14d.urdf.xacro
-- Up-to-date: /home/hualde/misCosas/ws_fanuc/install/fanuc_m10_description/share/fanuc_m10_description//rviz
-- Up-to-date: /home/hualde/misCosas/ws_fanuc/install/fanuc_m10_description/share/fanuc_m10_description//rviz/view_m10.rviz
-- Up-to-date: /home/hualde/misCosas/ws_fanuc/install/fanuc_m10_description/share/ament_index/resource_index/package_run_dependencies/fanuc_m10_description
-- Up-to-date: /home/hualde/misCosas/ws_fanuc/install/fanuc_m10_description/share/ament_index/resource_index/parent_prefix_path/fanuc_m10_description
-- Up-to-date: /home/hualde/misCosas/ws_fanuc/install/fanuc_m10_description/share/fanuc_m10_description/environment/ament_prefix_path.sh
-- Up-to-date: /home/hualde/misCosas/ws_fanuc/install/fanuc_m10_description/share/fanuc_m10_description/environment/ament_prefix_path.dsv
-- Up-to-date: /home/hualde/misCosas/ws_fanuc/install/fanuc_m10_description/share/fanuc_m10_description/environment/path.sh
-- Up-to-date: /home/hualde/misCosas/ws_fanuc/install/fanuc_m10_description/share/fanuc_m10_description/environment/path.dsv
-- Up-to-date: /home/hualde/misCosas/ws_fanuc/install/fanuc_m10_description/share/fanuc_m10_description/local_setup.bash
-- Up-to-date: /home/hualde/misCosas/ws_fanuc/install/fanuc_m10_description/share/fanuc_m10_description/local_setup.sh
-- Up-to-date: /home/hualde/misCosas/ws_fanuc/install/fanuc_m10_description/share/fanuc_m10_description/local_setup.zsh
-- Up-to-date: /home/hualde/misCosas/ws_fanuc/install/fanuc_m10_description/share/fanuc_m10_description/local_setup.dsv
-- Installing: /home/hualde/misCosas/ws_fanuc/install/fanuc_m10_description/share/fanuc_m10_description/package.dsv
-- Up-to-date: /home/hualde/misCosas/ws_fanuc/install/fanuc_m10_description/share/ament_index/resource_index/packages/fanuc_m10_description
-- Up-to-date: /home/hualde/misCosas/ws_fanuc/install/fanuc_m10_description/share/fanuc_m10_description/cmake/fanuc_m10_descriptionConfig.cmake
-- Up-to-date: /home/hualde/misCosas/ws_fanuc/install/fanuc_m10_description/share/fanuc_m10_description/cmake/fanuc_m10_descriptionConfig-version.cmake
-- Up-to-date: /home/hualde/misCosas/ws_fanuc/install/fanuc_m10_description/share/fanuc_m10_description/package.xml
