-- The C compiler identification is GNU 11.4.0
-- The CXX compiler identification is GNU 11.4.0
-- Detecting C compiler ABI info
-- Detecting C compiler ABI info - done
-- Check for working C compiler: /usr/bin/cc - skipped
-- Detecting C compile features
-- Detecting C compile features - done
-- Detecting CXX compiler ABI info
-- Detecting CXX compiler ABI info - done
-- Check for working CXX compiler: /usr/bin/c++ - skipped
-- Detecting CXX compile features
-- Detecting CXX compile features - done
-- Found ament_cmake: 1.3.12 (/opt/ros/humble/share/ament_cmake/cmake)
-- Found Python3: /usr/bin/python3 (found version "3.10.12") found components: Interpreter 
-- Found rclcpp: 16.0.16 (/opt/ros/humble/share/rclcpp/cmake)
-- Found rosidl_generator_c: 3.1.7 (/opt/ros/humble/share/rosidl_generator_c/cmake)
-- Found rosidl_adapter: 3.1.7 (/opt/ros/humble/share/rosidl_adapter/cmake)
-- Found rosidl_generator_cpp: 3.1.7 (/opt/ros/humble/share/rosidl_generator_cpp/cmake)
-- Using all available rosidl_typesupport_c: rosidl_typesupport_fastrtps_c;rosidl_typesupport_introspection_c
-- Using all available rosidl_typesupport_cpp: rosidl_typesupport_fastrtps_cpp;rosidl_typesupport_introspection_cpp
-- Found rmw_implementation_cmake: 6.1.2 (/opt/ros/humble/share/rmw_implementation_cmake/cmake)
-- Found rmw_fastrtps_cpp: 6.2.9 (/opt/ros/humble/share/rmw_fastrtps_cpp/cmake)
-- Found OpenSSL: /usr/lib/x86_64-linux-gnu/libcrypto.so (found version "3.0.2")  
-- Found FastRTPS: /opt/ros/humble/include  
-- Using RMW implementation 'rmw_fastrtps_cpp' as default
-- Performing Test CMAKE_HAVE_LIBC_PTHREAD
-- Performing Test CMAKE_HAVE_LIBC_PTHREAD - Success
-- Found Threads: TRUE  
-- Found sensor_msgs: 4.9.0 (/opt/ros/humble/share/sensor_msgs/cmake)
-- Found qt_gui: 2.2.4 (/opt/ros/humble/share/qt_gui/cmake)
-- Found qt_gui_cpp: 2.2.4 (/opt/ros/humble/share/qt_gui_cpp/cmake)
-- Configuring done
-- Generating done
-- Build files have been written to: /home/hualde/misCosas/ws_fanuc/build/slider_publisher
[ 50%] [32mBuilding CXX object CMakeFiles/slider_gui_node.dir/src/slider_gui_node.cpp.o[0m
[100%] [32m[1mLinking CXX executable slider_gui_node[0m
[100%] Built target slider_gui_node
-- Install configuration: ""
-- Installing: /home/hualde/misCosas/ws_fanuc/install/slider_publisher/lib/slider_publisher/slider_gui_node
-- Set runtime path of "/home/hualde/misCosas/ws_fanuc/install/slider_publisher/lib/slider_publisher/slider_gui_node" to ""
-- Installing: /home/hualde/misCosas/ws_fanuc/install/slider_publisher/share/slider_publisher/launch
-- Installing: /home/hualde/misCosas/ws_fanuc/install/slider_publisher/share/slider_publisher/launch/slider_gui_launch.py
-- Installing: /home/hualde/misCosas/ws_fanuc/install/slider_publisher/share/ament_index/resource_index/package_run_dependencies/slider_publisher
-- Installing: /home/hualde/misCosas/ws_fanuc/install/slider_publisher/share/ament_index/resource_index/parent_prefix_path/slider_publisher
-- Installing: /home/hualde/misCosas/ws_fanuc/install/slider_publisher/share/slider_publisher/environment/ament_prefix_path.sh
-- Installing: /home/hualde/misCosas/ws_fanuc/install/slider_publisher/share/slider_publisher/environment/ament_prefix_path.dsv
-- Installing: /home/hualde/misCosas/ws_fanuc/install/slider_publisher/share/slider_publisher/environment/path.sh
-- Installing: /home/hualde/misCosas/ws_fanuc/install/slider_publisher/share/slider_publisher/environment/path.dsv
-- Installing: /home/hualde/misCosas/ws_fanuc/install/slider_publisher/share/slider_publisher/local_setup.bash
-- Installing: /home/hualde/misCosas/ws_fanuc/install/slider_publisher/share/slider_publisher/local_setup.sh
-- Installing: /home/hualde/misCosas/ws_fanuc/install/slider_publisher/share/slider_publisher/local_setup.zsh
-- Installing: /home/hualde/misCosas/ws_fanuc/install/slider_publisher/share/slider_publisher/local_setup.dsv
-- Installing: /home/hualde/misCosas/ws_fanuc/install/slider_publisher/share/slider_publisher/package.dsv
-- Installing: /home/hualde/misCosas/ws_fanuc/install/slider_publisher/share/ament_index/resource_index/packages/slider_publisher
-- Installing: /home/hualde/misCosas/ws_fanuc/install/slider_publisher/share/slider_publisher/cmake/slider_publisherConfig.cmake
-- Installing: /home/hualde/misCosas/ws_fanuc/install/slider_publisher/share/slider_publisher/cmake/slider_publisherConfig-version.cmake
-- Installing: /home/hualde/misCosas/ws_fanuc/install/slider_publisher/share/slider_publisher/package.xml
