[0.014s] Invoking command in '/home/hualde/misCosas/ws_fanuc/build/slider_publisher': CMAKE_PREFIX_PATH=${CMAKE_PREFIX_PATH}:/opt/ros/humble /usr/bin/cmake /home/hualde/misCosas/ws_fanuc/src/fanuc_driver/slider_publisher -DCMAKE_INSTALL_PREFIX=/home/hualde/misCosas/ws_fanuc/install/slider_publisher
[0.124s] -- The C compiler identification is GNU 11.4.0
[0.161s] -- The CXX compiler identification is GNU 11.4.0
[0.167s] -- Detecting C compiler ABI info
[0.208s] -- Detecting C compiler ABI info - done
[0.213s] -- Check for working C compiler: /usr/bin/cc - skipped
[0.214s] -- Detecting C compile features
[0.214s] -- Detecting C compile features - done
[0.217s] -- Detecting CXX compiler ABI info
[0.264s] -- Detecting CXX compiler ABI info - done
[0.269s] -- Check for working CXX compiler: /usr/bin/c++ - skipped
[0.270s] -- Detecting CXX compile features
[0.270s] -- Detecting CXX compile features - done
[0.274s] -- Found ament_cmake: 1.3.12 (/opt/ros/humble/share/ament_cmake/cmake)
[0.366s] -- Found Python3: /usr/bin/python3 (found version "3.10.12") found components: Interpreter 
[0.437s] -- Found rclcpp: 16.0.16 (/opt/ros/humble/share/rclcpp/cmake)
[0.491s] -- Found rosidl_generator_c: 3.1.7 (/opt/ros/humble/share/rosidl_generator_c/cmake)
[0.497s] -- Found rosidl_adapter: 3.1.7 (/opt/ros/humble/share/rosidl_adapter/cmake)
[0.503s] -- Found rosidl_generator_cpp: 3.1.7 (/opt/ros/humble/share/rosidl_generator_cpp/cmake)
[0.517s] -- Using all available rosidl_typesupport_c: rosidl_typesupport_fastrtps_c;rosidl_typesupport_introspection_c
[0.531s] -- Using all available rosidl_typesupport_cpp: rosidl_typesupport_fastrtps_cpp;rosidl_typesupport_introspection_cpp
[0.582s] -- Found rmw_implementation_cmake: 6.1.2 (/opt/ros/humble/share/rmw_implementation_cmake/cmake)
[0.586s] -- Found rmw_fastrtps_cpp: 6.2.9 (/opt/ros/humble/share/rmw_fastrtps_cpp/cmake)
[0.666s] -- Found OpenSSL: /usr/lib/x86_64-linux-gnu/libcrypto.so (found version "3.0.2")  
[0.692s] -- Found FastRTPS: /opt/ros/humble/include  
[0.727s] -- Using RMW implementation 'rmw_fastrtps_cpp' as default
[0.738s] -- Performing Test CMAKE_HAVE_LIBC_PTHREAD
[0.787s] -- Performing Test CMAKE_HAVE_LIBC_PTHREAD - Success
[0.788s] -- Found Threads: TRUE  
[0.844s] -- Found sensor_msgs: 4.9.0 (/opt/ros/humble/share/sensor_msgs/cmake)
[0.880s] -- Found qt_gui: 2.2.4 (/opt/ros/humble/share/qt_gui/cmake)
[0.880s] -- Found qt_gui_cpp: 2.2.4 (/opt/ros/humble/share/qt_gui_cpp/cmake)
[0.979s] -- Configuring done
[0.987s] -- Generating done
[0.989s] -- Build files have been written to: /home/hualde/misCosas/ws_fanuc/build/slider_publisher
[0.999s] Invoked command in '/home/hualde/misCosas/ws_fanuc/build/slider_publisher' returned '0': CMAKE_PREFIX_PATH=${CMAKE_PREFIX_PATH}:/opt/ros/humble /usr/bin/cmake /home/hualde/misCosas/ws_fanuc/src/fanuc_driver/slider_publisher -DCMAKE_INSTALL_PREFIX=/home/hualde/misCosas/ws_fanuc/install/slider_publisher
[1.000s] Invoking command in '/home/hualde/misCosas/ws_fanuc/build/slider_publisher': CMAKE_PREFIX_PATH=${CMAKE_PREFIX_PATH}:/opt/ros/humble /usr/bin/cmake --build /home/hualde/misCosas/ws_fanuc/build/slider_publisher -- -j16 -l16
[1.017s] [ 50%] [32mBuilding CXX object CMakeFiles/slider_gui_node.dir/src/slider_gui_node.cpp.o[0m
[5.534s] [100%] [32m[1mLinking CXX executable slider_gui_node[0m
[6.564s] [100%] Built target slider_gui_node
[6.570s] Invoked command in '/home/hualde/misCosas/ws_fanuc/build/slider_publisher' returned '0': CMAKE_PREFIX_PATH=${CMAKE_PREFIX_PATH}:/opt/ros/humble /usr/bin/cmake --build /home/hualde/misCosas/ws_fanuc/build/slider_publisher -- -j16 -l16
[6.571s] Invoking command in '/home/hualde/misCosas/ws_fanuc/build/slider_publisher': CMAKE_PREFIX_PATH=${CMAKE_PREFIX_PATH}:/opt/ros/humble /usr/bin/cmake --install /home/hualde/misCosas/ws_fanuc/build/slider_publisher
[6.572s] -- Install configuration: ""
[6.572s] -- Installing: /home/hualde/misCosas/ws_fanuc/install/slider_publisher/lib/slider_publisher/slider_gui_node
[6.573s] -- Set runtime path of "/home/hualde/misCosas/ws_fanuc/install/slider_publisher/lib/slider_publisher/slider_gui_node" to ""
[6.573s] -- Installing: /home/hualde/misCosas/ws_fanuc/install/slider_publisher/share/slider_publisher/launch
[6.573s] -- Installing: /home/hualde/misCosas/ws_fanuc/install/slider_publisher/share/slider_publisher/launch/slider_gui_launch.py
[6.574s] -- Installing: /home/hualde/misCosas/ws_fanuc/install/slider_publisher/share/ament_index/resource_index/package_run_dependencies/slider_publisher
[6.574s] -- Installing: /home/hualde/misCosas/ws_fanuc/install/slider_publisher/share/ament_index/resource_index/parent_prefix_path/slider_publisher
[6.574s] -- Installing: /home/hualde/misCosas/ws_fanuc/install/slider_publisher/share/slider_publisher/environment/ament_prefix_path.sh
[6.574s] -- Installing: /home/hualde/misCosas/ws_fanuc/install/slider_publisher/share/slider_publisher/environment/ament_prefix_path.dsv
[6.574s] -- Installing: /home/hualde/misCosas/ws_fanuc/install/slider_publisher/share/slider_publisher/environment/path.sh
[6.574s] -- Installing: /home/hualde/misCosas/ws_fanuc/install/slider_publisher/share/slider_publisher/environment/path.dsv
[6.574s] -- Installing: /home/hualde/misCosas/ws_fanuc/install/slider_publisher/share/slider_publisher/local_setup.bash
[6.574s] -- Installing: /home/hualde/misCosas/ws_fanuc/install/slider_publisher/share/slider_publisher/local_setup.sh
[6.574s] -- Installing: /home/hualde/misCosas/ws_fanuc/install/slider_publisher/share/slider_publisher/local_setup.zsh
[6.575s] -- Installing: /home/hualde/misCosas/ws_fanuc/install/slider_publisher/share/slider_publisher/local_setup.dsv
[6.575s] -- Installing: /home/hualde/misCosas/ws_fanuc/install/slider_publisher/share/slider_publisher/package.dsv
[6.575s] -- Installing: /home/hualde/misCosas/ws_fanuc/install/slider_publisher/share/ament_index/resource_index/packages/slider_publisher
[6.575s] -- Installing: /home/hualde/misCosas/ws_fanuc/install/slider_publisher/share/slider_publisher/cmake/slider_publisherConfig.cmake
[6.575s] -- Installing: /home/hualde/misCosas/ws_fanuc/install/slider_publisher/share/slider_publisher/cmake/slider_publisherConfig-version.cmake
[6.575s] -- Installing: /home/hualde/misCosas/ws_fanuc/install/slider_publisher/share/slider_publisher/package.xml
[6.576s] Invoked command in '/home/hualde/misCosas/ws_fanuc/build/slider_publisher' returned '0': CMAKE_PREFIX_PATH=${CMAKE_PREFIX_PATH}:/opt/ros/humble /usr/bin/cmake --install /home/hualde/misCosas/ws_fanuc/build/slider_publisher
