-- Install configuration: ""
-- Up-to-date: /home/hualde/misCosas/ws_fanuc/install/fanuc_r2000_description/share/fanuc_r2000_description//launch
-- Up-to-date: /home/hualde/misCosas/ws_fanuc/install/fanuc_r2000_description/share/fanuc_r2000_description//launch/view_r2000.launch.py
-- Up-to-date: /home/hualde/misCosas/ws_fanuc/install/fanuc_r2000_description/share/fanuc_r2000_description//meshes
-- Up-to-date: /home/hualde/misCosas/ws_fanuc/install/fanuc_r2000_description/share/fanuc_r2000_description//meshes/r2000ic_125l
-- Up-to-date: /home/hualde/misCosas/ws_fanuc/install/fanuc_r2000_description/share/fanuc_r2000_description//meshes/r2000ic_125l/visual
-- Up-to-date: /home/hualde/misCosas/ws_fanuc/install/fanuc_r2000_description/share/fanuc_r2000_description//meshes/r2000ic_125l/visual/j6.dae
-- Up-to-date: /home/hualde/misCosas/ws_fanuc/install/fanuc_r2000_description/share/fanuc_r2000_description//meshes/r2000ic_125l/visual/j1.dae
-- Up-to-date: /home/hualde/misCosas/ws_fanuc/install/fanuc_r2000_description/share/fanuc_r2000_description//meshes/r2000ic_125l/visual/j5.dae
-- Up-to-date: /home/hualde/misCosas/ws_fanuc/install/fanuc_r2000_description/share/fanuc_r2000_description//meshes/r2000ic_125l/visual/base.dae
-- Up-to-date: /home/hualde/misCosas/ws_fanuc/install/fanuc_r2000_description/share/fanuc_r2000_description//meshes/r2000ic_125l/visual/j2.dae
-- Up-to-date: /home/hualde/misCosas/ws_fanuc/install/fanuc_r2000_description/share/fanuc_r2000_description//meshes/r2000ic_125l/visual/j3.dae
-- Up-to-date: /home/hualde/misCosas/ws_fanuc/install/fanuc_r2000_description/share/fanuc_r2000_description//meshes/r2000ic_125l/visual/j4.dae
-- Up-to-date: /home/hualde/misCosas/ws_fanuc/install/fanuc_r2000_description/share/fanuc_r2000_description//meshes/r2000ic_125l/collision
-- Up-to-date: /home/hualde/misCosas/ws_fanuc/install/fanuc_r2000_description/share/fanuc_r2000_description//meshes/r2000ic_125l/collision/j6.stl
-- Up-to-date: /home/hualde/misCosas/ws_fanuc/install/fanuc_r2000_description/share/fanuc_r2000_description//meshes/r2000ic_125l/collision/j1.stl
-- Up-to-date: /home/hualde/misCosas/ws_fanuc/install/fanuc_r2000_description/share/fanuc_r2000_description//meshes/r2000ic_125l/collision/j2.stl
-- Up-to-date: /home/hualde/misCosas/ws_fanuc/install/fanuc_r2000_description/share/fanuc_r2000_description//meshes/r2000ic_125l/collision/base.stl
-- Up-to-date: /home/hualde/misCosas/ws_fanuc/install/fanuc_r2000_description/share/fanuc_r2000_description//meshes/r2000ic_125l/collision/j3.stl
-- Up-to-date: /home/hualde/misCosas/ws_fanuc/install/fanuc_r2000_description/share/fanuc_r2000_description//meshes/r2000ic_125l/collision/j4.stl
-- Up-to-date: /home/hualde/misCosas/ws_fanuc/install/fanuc_r2000_description/share/fanuc_r2000_description//meshes/r2000ic_125l/collision/j5.stl
-- Up-to-date: /home/hualde/misCosas/ws_fanuc/install/fanuc_r2000_description/share/fanuc_r2000_description//urdf
-- Up-to-date: /home/hualde/misCosas/ws_fanuc/install/fanuc_r2000_description/share/fanuc_r2000_description//urdf/r2000ic_125l_urdf_macro.xacro
-- Up-to-date: /home/hualde/misCosas/ws_fanuc/install/fanuc_r2000_description/share/fanuc_r2000_description//robot
-- Up-to-date: /home/hualde/misCosas/ws_fanuc/install/fanuc_r2000_description/share/fanuc_r2000_description//robot/r2000ic_125l.urdf.xacro
-- Up-to-date: /home/hualde/misCosas/ws_fanuc/install/fanuc_r2000_description/share/fanuc_r2000_description//rviz
-- Up-to-date: /home/hualde/misCosas/ws_fanuc/install/fanuc_r2000_description/share/fanuc_r2000_description//rviz/view_r2000.rviz
-- Up-to-date: /home/hualde/misCosas/ws_fanuc/install/fanuc_r2000_description/share/ament_index/resource_index/package_run_dependencies/fanuc_r2000_description
-- Up-to-date: /home/hualde/misCosas/ws_fanuc/install/fanuc_r2000_description/share/ament_index/resource_index/parent_prefix_path/fanuc_r2000_description
-- Up-to-date: /home/hualde/misCosas/ws_fanuc/install/fanuc_r2000_description/share/fanuc_r2000_description/environment/ament_prefix_path.sh
-- Up-to-date: /home/hualde/misCosas/ws_fanuc/install/fanuc_r2000_description/share/fanuc_r2000_description/environment/ament_prefix_path.dsv
-- Up-to-date: /home/hualde/misCosas/ws_fanuc/install/fanuc_r2000_description/share/fanuc_r2000_description/environment/path.sh
-- Up-to-date: /home/hualde/misCosas/ws_fanuc/install/fanuc_r2000_description/share/fanuc_r2000_description/environment/path.dsv
-- Up-to-date: /home/hualde/misCosas/ws_fanuc/install/fanuc_r2000_description/share/fanuc_r2000_description/local_setup.bash
-- Up-to-date: /home/hualde/misCosas/ws_fanuc/install/fanuc_r2000_description/share/fanuc_r2000_description/local_setup.sh
-- Up-to-date: /home/hualde/misCosas/ws_fanuc/install/fanuc_r2000_description/share/fanuc_r2000_description/local_setup.zsh
-- Up-to-date: /home/hualde/misCosas/ws_fanuc/install/fanuc_r2000_description/share/fanuc_r2000_description/local_setup.dsv
-- Up-to-date: /home/hualde/misCosas/ws_fanuc/install/fanuc_r2000_description/share/fanuc_r2000_description/package.dsv
-- Up-to-date: /home/hualde/misCosas/ws_fanuc/install/fanuc_r2000_description/share/ament_index/resource_index/packages/fanuc_r2000_description
-- Up-to-date: /home/hualde/misCosas/ws_fanuc/install/fanuc_r2000_description/share/fanuc_r2000_description/cmake/fanuc_r2000_descriptionConfig.cmake
-- Up-to-date: /home/hualde/misCosas/ws_fanuc/install/fanuc_r2000_description/share/fanuc_r2000_description/cmake/fanuc_r2000_descriptionConfig-version.cmake
-- Up-to-date: /home/hualde/misCosas/ws_fanuc/install/fanuc_r2000_description/share/fanuc_r2000_description/package.xml
