[0.009s] Invoking command in '/home/hualde/misCosas/ws_fanuc/build/mi_fanuc': CMAKE_PREFIX_PATH=/home/hualde/misCosas/ws_fanuc/install/fanuc_r2000_description:/home/hualde/misCosas/ws_fanuc/install/fanuc_r1000ia_description:/home/hualde/misCosas/ws_fanuc/install/fanuc_m20_description:/home/hualde/misCosas/ws_fanuc/install/fanuc_m10_description:/home/hualde/misCosas/ws_fanuc/install/fanuc_lrmate_description:/home/hualde/misCosas/ws_fanuc/install/fanuc_crx_description:/home/hualde/misCosas/ws_fanuc/install/slider_publisher:/home/hualde/misCosas/ws_fanuc/install/mi_fanuc:/home/hualde/misCosas/ws_fanuc/install/fanuc_controllers:/home/hualde/misCosas/ws_fanuc/install/fanuc_msgs:/home/hualde/misCosas/ws_fanuc/install/fanuc_moveit_config:/home/hualde/misCosas/ws_fanuc/install/fanuc_forward_command:/home/hualde/misCosas/ws_fanuc/install/fanuc_hardware_interface:/home/hualde/misCosas/ws_fanuc/install/fanuc_libs:/opt/ros/humble /usr/bin/cmake /home/hualde/misCosas/ws_fanuc/src/mi_fanuc -DCMAKE_INSTALL_PREFIX=/home/hualde/misCosas/ws_fanuc/install/mi_fanuc
[0.038s] -- The C compiler identification is GNU 11.4.0
[0.071s] -- The CXX compiler identification is GNU 11.4.0
[0.077s] -- Detecting C compiler ABI info
[0.112s] -- Detecting C compiler ABI info - done
[0.116s] -- Check for working C compiler: /usr/bin/cc - skipped
[0.117s] -- Detecting C compile features
[0.117s] -- Detecting C compile features - done
[0.119s] -- Detecting CXX compiler ABI info
[0.161s] -- Detecting CXX compiler ABI info - done
[0.166s] -- Check for working CXX compiler: /usr/bin/c++ - skipped
[0.166s] -- Detecting CXX compile features
[0.166s] -- Detecting CXX compile features - done
[0.168s] -- Found ament_cmake: 1.3.12 (/opt/ros/humble/share/ament_cmake/cmake)
[0.237s] -- Found Python3: /usr/bin/python3 (found version "3.10.12") found components: Interpreter 
[0.299s] -- Found ament_lint_auto: 0.12.14 (/opt/ros/humble/share/ament_lint_auto/cmake)
[0.354s] -- Added test 'flake8' to check Python code syntax and style conventions
[0.355s] -- Added test 'lint_cmake' to check CMake code style
[0.355s] -- Added test 'pep257' to check Python code against some of the docstring style conventions in PEP 257
[0.356s] -- Added test 'xmllint' to check XML markup files
[0.358s] -- Configuring done
[0.360s] -- Generating done
[0.361s] -- Build files have been written to: /home/hualde/misCosas/ws_fanuc/build/mi_fanuc
[0.364s] Invoked command in '/home/hualde/misCosas/ws_fanuc/build/mi_fanuc' returned '0': CMAKE_PREFIX_PATH=/home/hualde/misCosas/ws_fanuc/install/fanuc_r2000_description:/home/hualde/misCosas/ws_fanuc/install/fanuc_r1000ia_description:/home/hualde/misCosas/ws_fanuc/install/fanuc_m20_description:/home/hualde/misCosas/ws_fanuc/install/fanuc_m10_description:/home/hualde/misCosas/ws_fanuc/install/fanuc_lrmate_description:/home/hualde/misCosas/ws_fanuc/install/fanuc_crx_description:/home/hualde/misCosas/ws_fanuc/install/slider_publisher:/home/hualde/misCosas/ws_fanuc/install/mi_fanuc:/home/hualde/misCosas/ws_fanuc/install/fanuc_controllers:/home/hualde/misCosas/ws_fanuc/install/fanuc_msgs:/home/hualde/misCosas/ws_fanuc/install/fanuc_moveit_config:/home/hualde/misCosas/ws_fanuc/install/fanuc_forward_command:/home/hualde/misCosas/ws_fanuc/install/fanuc_hardware_interface:/home/hualde/misCosas/ws_fanuc/install/fanuc_libs:/opt/ros/humble /usr/bin/cmake /home/hualde/misCosas/ws_fanuc/src/mi_fanuc -DCMAKE_INSTALL_PREFIX=/home/hualde/misCosas/ws_fanuc/install/mi_fanuc
[0.365s] Invoking command in '/home/hualde/misCosas/ws_fanuc/build/mi_fanuc': CMAKE_PREFIX_PATH=/home/hualde/misCosas/ws_fanuc/install/fanuc_r2000_description:/home/hualde/misCosas/ws_fanuc/install/fanuc_r1000ia_description:/home/hualde/misCosas/ws_fanuc/install/fanuc_m20_description:/home/hualde/misCosas/ws_fanuc/install/fanuc_m10_description:/home/hualde/misCosas/ws_fanuc/install/fanuc_lrmate_description:/home/hualde/misCosas/ws_fanuc/install/fanuc_crx_description:/home/hualde/misCosas/ws_fanuc/install/slider_publisher:/home/hualde/misCosas/ws_fanuc/install/mi_fanuc:/home/hualde/misCosas/ws_fanuc/install/fanuc_controllers:/home/hualde/misCosas/ws_fanuc/install/fanuc_msgs:/home/hualde/misCosas/ws_fanuc/install/fanuc_moveit_config:/home/hualde/misCosas/ws_fanuc/install/fanuc_forward_command:/home/hualde/misCosas/ws_fanuc/install/fanuc_hardware_interface:/home/hualde/misCosas/ws_fanuc/install/fanuc_libs:/opt/ros/humble /usr/bin/cmake --build /home/hualde/misCosas/ws_fanuc/build/mi_fanuc -- -j16 -l16
[0.377s] Invoked command in '/home/hualde/misCosas/ws_fanuc/build/mi_fanuc' returned '0': CMAKE_PREFIX_PATH=/home/hualde/misCosas/ws_fanuc/install/fanuc_r2000_description:/home/hualde/misCosas/ws_fanuc/install/fanuc_r1000ia_description:/home/hualde/misCosas/ws_fanuc/install/fanuc_m20_description:/home/hualde/misCosas/ws_fanuc/install/fanuc_m10_description:/home/hualde/misCosas/ws_fanuc/install/fanuc_lrmate_description:/home/hualde/misCosas/ws_fanuc/install/fanuc_crx_description:/home/hualde/misCosas/ws_fanuc/install/slider_publisher:/home/hualde/misCosas/ws_fanuc/install/mi_fanuc:/home/hualde/misCosas/ws_fanuc/install/fanuc_controllers:/home/hualde/misCosas/ws_fanuc/install/fanuc_msgs:/home/hualde/misCosas/ws_fanuc/install/fanuc_moveit_config:/home/hualde/misCosas/ws_fanuc/install/fanuc_forward_command:/home/hualde/misCosas/ws_fanuc/install/fanuc_hardware_interface:/home/hualde/misCosas/ws_fanuc/install/fanuc_libs:/opt/ros/humble /usr/bin/cmake --build /home/hualde/misCosas/ws_fanuc/build/mi_fanuc -- -j16 -l16
[0.378s] Invoking command in '/home/hualde/misCosas/ws_fanuc/build/mi_fanuc': CMAKE_PREFIX_PATH=/home/hualde/misCosas/ws_fanuc/install/fanuc_r2000_description:/home/hualde/misCosas/ws_fanuc/install/fanuc_r1000ia_description:/home/hualde/misCosas/ws_fanuc/install/fanuc_m20_description:/home/hualde/misCosas/ws_fanuc/install/fanuc_m10_description:/home/hualde/misCosas/ws_fanuc/install/fanuc_lrmate_description:/home/hualde/misCosas/ws_fanuc/install/fanuc_crx_description:/home/hualde/misCosas/ws_fanuc/install/slider_publisher:/home/hualde/misCosas/ws_fanuc/install/mi_fanuc:/home/hualde/misCosas/ws_fanuc/install/fanuc_controllers:/home/hualde/misCosas/ws_fanuc/install/fanuc_msgs:/home/hualde/misCosas/ws_fanuc/install/fanuc_moveit_config:/home/hualde/misCosas/ws_fanuc/install/fanuc_forward_command:/home/hualde/misCosas/ws_fanuc/install/fanuc_hardware_interface:/home/hualde/misCosas/ws_fanuc/install/fanuc_libs:/opt/ros/humble /usr/bin/cmake --install /home/hualde/misCosas/ws_fanuc/build/mi_fanuc
[0.379s] -- Install configuration: ""
[0.379s] -- Installing: /home/hualde/misCosas/ws_fanuc/install/mi_fanuc/share/mi_fanuc/launch
[0.379s] -- Installing: /home/hualde/misCosas/ws_fanuc/install/mi_fanuc/share/mi_fanuc/launch/robot_description.launch.py
[0.379s] -- Installing: /home/hualde/misCosas/ws_fanuc/install/mi_fanuc/share/ament_index/resource_index/package_run_dependencies/mi_fanuc
[0.380s] -- Installing: /home/hualde/misCosas/ws_fanuc/install/mi_fanuc/share/ament_index/resource_index/parent_prefix_path/mi_fanuc
[0.380s] -- Installing: /home/hualde/misCosas/ws_fanuc/install/mi_fanuc/share/mi_fanuc/environment/ament_prefix_path.sh
[0.380s] -- Installing: /home/hualde/misCosas/ws_fanuc/install/mi_fanuc/share/mi_fanuc/environment/ament_prefix_path.dsv
[0.380s] -- Installing: /home/hualde/misCosas/ws_fanuc/install/mi_fanuc/share/mi_fanuc/environment/path.sh
[0.380s] -- Installing: /home/hualde/misCosas/ws_fanuc/install/mi_fanuc/share/mi_fanuc/environment/path.dsv
[0.380s] -- Installing: /home/hualde/misCosas/ws_fanuc/install/mi_fanuc/share/mi_fanuc/local_setup.bash
[0.380s] -- Installing: /home/hualde/misCosas/ws_fanuc/install/mi_fanuc/share/mi_fanuc/local_setup.sh
[0.381s] -- Installing: /home/hualde/misCosas/ws_fanuc/install/mi_fanuc/share/mi_fanuc/local_setup.zsh
[0.381s] -- Installing: /home/hualde/misCosas/ws_fanuc/install/mi_fanuc/share/mi_fanuc/local_setup.dsv
[0.381s] -- Installing: /home/hualde/misCosas/ws_fanuc/install/mi_fanuc/share/mi_fanuc/package.dsv
[0.381s] -- Installing: /home/hualde/misCosas/ws_fanuc/install/mi_fanuc/share/ament_index/resource_index/packages/mi_fanuc
[0.381s] -- Installing: /home/hualde/misCosas/ws_fanuc/install/mi_fanuc/share/mi_fanuc/cmake/mi_fanucConfig.cmake
[0.381s] -- Installing: /home/hualde/misCosas/ws_fanuc/install/mi_fanuc/share/mi_fanuc/cmake/mi_fanucConfig-version.cmake
[0.381s] -- Installing: /home/hualde/misCosas/ws_fanuc/install/mi_fanuc/share/mi_fanuc/package.xml
[0.382s] Invoked command in '/home/hualde/misCosas/ws_fanuc/build/mi_fanuc' returned '0': CMAKE_PREFIX_PATH=/home/hualde/misCosas/ws_fanuc/install/fanuc_r2000_description:/home/hualde/misCosas/ws_fanuc/install/fanuc_r1000ia_description:/home/hualde/misCosas/ws_fanuc/install/fanuc_m20_description:/home/hualde/misCosas/ws_fanuc/install/fanuc_m10_description:/home/hualde/misCosas/ws_fanuc/install/fanuc_lrmate_description:/home/hualde/misCosas/ws_fanuc/install/fanuc_crx_description:/home/hualde/misCosas/ws_fanuc/install/slider_publisher:/home/hualde/misCosas/ws_fanuc/install/mi_fanuc:/home/hualde/misCosas/ws_fanuc/install/fanuc_controllers:/home/hualde/misCosas/ws_fanuc/install/fanuc_msgs:/home/hualde/misCosas/ws_fanuc/install/fanuc_moveit_config:/home/hualde/misCosas/ws_fanuc/install/fanuc_forward_command:/home/hualde/misCosas/ws_fanuc/install/fanuc_hardware_interface:/home/hualde/misCosas/ws_fanuc/install/fanuc_libs:/opt/ros/humble /usr/bin/cmake --install /home/hualde/misCosas/ws_fanuc/build/mi_fanuc
