[0.018s] Invoking command in '/home/hualde/misCosas/ws_fanuc/build/fanuc_m20_description': CMAKE_PREFIX_PATH=${CMAKE_PREFIX_PATH}:/opt/ros/humble /usr/bin/cmake /home/hualde/misCosas/ws_fanuc/src/fanuc_description/fanuc_m20_description -DCMAKE_INSTALL_PREFIX=/home/hualde/misCosas/ws_fanuc/install/fanuc_m20_description
[0.130s] -- The C compiler identification is GNU 11.4.0
[0.173s] -- The CXX compiler identification is GNU 11.4.0
[0.183s] -- Detecting C compiler ABI info
[0.222s] -- Detecting C compiler ABI info - done
[0.227s] -- Check for working C compiler: /usr/bin/cc - skipped
[0.228s] -- Detecting C compile features
[0.228s] -- Detecting C compile features - done
[0.231s] -- Detecting CXX compiler ABI info
[0.277s] -- Detecting CXX compiler ABI info - done
[0.283s] -- Check for working CXX compiler: /usr/bin/c++ - skipped
[0.283s] -- Detecting CXX compile features
[0.284s] -- Detecting CXX compile features - done
[0.286s] -- Found ament_cmake: 1.3.12 (/opt/ros/humble/share/ament_cmake/cmake)
[0.369s] -- Found Python3: /usr/bin/python3 (found version "3.10.12") found components: Interpreter 
[0.488s] -- Configuring done
[0.488s] -- Generating done
[0.489s] -- Build files have been written to: /home/hualde/misCosas/ws_fanuc/build/fanuc_m20_description
[0.493s] Invoked command in '/home/hualde/misCosas/ws_fanuc/build/fanuc_m20_description' returned '0': CMAKE_PREFIX_PATH=${CMAKE_PREFIX_PATH}:/opt/ros/humble /usr/bin/cmake /home/hualde/misCosas/ws_fanuc/src/fanuc_description/fanuc_m20_description -DCMAKE_INSTALL_PREFIX=/home/hualde/misCosas/ws_fanuc/install/fanuc_m20_description
[0.494s] Invoking command in '/home/hualde/misCosas/ws_fanuc/build/fanuc_m20_description': CMAKE_PREFIX_PATH=${CMAKE_PREFIX_PATH}:/opt/ros/humble /usr/bin/cmake --build /home/hualde/misCosas/ws_fanuc/build/fanuc_m20_description -- -j16 -l16
[0.506s] Invoked command in '/home/hualde/misCosas/ws_fanuc/build/fanuc_m20_description' returned '0': CMAKE_PREFIX_PATH=${CMAKE_PREFIX_PATH}:/opt/ros/humble /usr/bin/cmake --build /home/hualde/misCosas/ws_fanuc/build/fanuc_m20_description -- -j16 -l16
[0.510s] Invoking command in '/home/hualde/misCosas/ws_fanuc/build/fanuc_m20_description': CMAKE_PREFIX_PATH=${CMAKE_PREFIX_PATH}:/opt/ros/humble /usr/bin/cmake --install /home/hualde/misCosas/ws_fanuc/build/fanuc_m20_description
[0.512s] -- Install configuration: ""
[0.512s] -- Installing: /home/hualde/misCosas/ws_fanuc/install/fanuc_m20_description/share/fanuc_m20_description//launch
[0.513s] -- Installing: /home/hualde/misCosas/ws_fanuc/install/fanuc_m20_description/share/fanuc_m20_description//launch/view_m20.launch.py
[0.513s] -- Installing: /home/hualde/misCosas/ws_fanuc/install/fanuc_m20_description/share/fanuc_m20_description//meshes
[0.513s] -- Installing: /home/hualde/misCosas/ws_fanuc/install/fanuc_m20_description/share/fanuc_m20_description//meshes/m20_25-18d
[0.513s] -- Installing: /home/hualde/misCosas/ws_fanuc/install/fanuc_m20_description/share/fanuc_m20_description//meshes/m20_25-18d/visual
[0.513s] -- Installing: /home/hualde/misCosas/ws_fanuc/install/fanuc_m20_description/share/fanuc_m20_description//meshes/m20_25-18d/visual/j6.dae
[0.513s] -- Installing: /home/hualde/misCosas/ws_fanuc/install/fanuc_m20_description/share/fanuc_m20_description//meshes/m20_25-18d/visual/j1.dae
[0.521s] -- Installing: /home/hualde/misCosas/ws_fanuc/install/fanuc_m20_description/share/fanuc_m20_description//meshes/m20_25-18d/visual/j5.dae
[0.523s] -- Installing: /home/hualde/misCosas/ws_fanuc/install/fanuc_m20_description/share/fanuc_m20_description//meshes/m20_25-18d/visual/base.dae
[0.526s] -- Installing: /home/hualde/misCosas/ws_fanuc/install/fanuc_m20_description/share/fanuc_m20_description//meshes/m20_25-18d/visual/j2.dae
[0.529s] -- Installing: /home/hualde/misCosas/ws_fanuc/install/fanuc_m20_description/share/fanuc_m20_description//meshes/m20_25-18d/visual/j3.dae
[0.536s] -- Installing: /home/hualde/misCosas/ws_fanuc/install/fanuc_m20_description/share/fanuc_m20_description//meshes/m20_25-18d/visual/j4.dae
[0.539s] -- Installing: /home/hualde/misCosas/ws_fanuc/install/fanuc_m20_description/share/fanuc_m20_description//meshes/m20_25-18d/collision
[0.539s] -- Installing: /home/hualde/misCosas/ws_fanuc/install/fanuc_m20_description/share/fanuc_m20_description//meshes/m20_25-18d/collision/j6.stl
[0.539s] -- Installing: /home/hualde/misCosas/ws_fanuc/install/fanuc_m20_description/share/fanuc_m20_description//meshes/m20_25-18d/collision/j1.stl
[0.539s] -- Installing: /home/hualde/misCosas/ws_fanuc/install/fanuc_m20_description/share/fanuc_m20_description//meshes/m20_25-18d/collision/j2.stl
[0.540s] -- Installing: /home/hualde/misCosas/ws_fanuc/install/fanuc_m20_description/share/fanuc_m20_description//meshes/m20_25-18d/collision/base.stl
[0.540s] -- Installing: /home/hualde/misCosas/ws_fanuc/install/fanuc_m20_description/share/fanuc_m20_description//meshes/m20_25-18d/collision/j3.stl
[0.541s] -- Installing: /home/hualde/misCosas/ws_fanuc/install/fanuc_m20_description/share/fanuc_m20_description//meshes/m20_25-18d/collision/j4.stl
[0.542s] -- Installing: /home/hualde/misCosas/ws_fanuc/install/fanuc_m20_description/share/fanuc_m20_description//meshes/m20_25-18d/collision/j5.stl
[0.543s] -- Installing: /home/hualde/misCosas/ws_fanuc/install/fanuc_m20_description/share/fanuc_m20_description//meshes/m20_35-18d
[0.544s] -- Installing: /home/hualde/misCosas/ws_fanuc/install/fanuc_m20_description/share/fanuc_m20_description//meshes/m20_35-18d/visual
[0.544s] -- Installing: /home/hualde/misCosas/ws_fanuc/install/fanuc_m20_description/share/fanuc_m20_description//meshes/m20_35-18d/visual/j6.dae
[0.545s] -- Installing: /home/hualde/misCosas/ws_fanuc/install/fanuc_m20_description/share/fanuc_m20_description//meshes/m20_35-18d/visual/j1.dae
[0.551s] -- Installing: /home/hualde/misCosas/ws_fanuc/install/fanuc_m20_description/share/fanuc_m20_description//meshes/m20_35-18d/visual/j5.dae
[0.555s] -- Installing: /home/hualde/misCosas/ws_fanuc/install/fanuc_m20_description/share/fanuc_m20_description//meshes/m20_35-18d/visual/base.dae
[0.557s] -- Installing: /home/hualde/misCosas/ws_fanuc/install/fanuc_m20_description/share/fanuc_m20_description//meshes/m20_35-18d/visual/j2.dae
[0.561s] -- Installing: /home/hualde/misCosas/ws_fanuc/install/fanuc_m20_description/share/fanuc_m20_description//meshes/m20_35-18d/visual/j3.dae
[0.566s] -- Installing: /home/hualde/misCosas/ws_fanuc/install/fanuc_m20_description/share/fanuc_m20_description//meshes/m20_35-18d/visual/j4.dae
[0.567s] -- Installing: /home/hualde/misCosas/ws_fanuc/install/fanuc_m20_description/share/fanuc_m20_description//meshes/m20_35-18d/collision
[0.568s] -- Installing: /home/hualde/misCosas/ws_fanuc/install/fanuc_m20_description/share/fanuc_m20_description//meshes/m20_35-18d/collision/j6.stl
[0.568s] -- Installing: /home/hualde/misCosas/ws_fanuc/install/fanuc_m20_description/share/fanuc_m20_description//meshes/m20_35-18d/collision/j1.stl
[0.569s] -- Installing: /home/hualde/misCosas/ws_fanuc/install/fanuc_m20_description/share/fanuc_m20_description//meshes/m20_35-18d/collision/j2.stl
[0.570s] -- Installing: /home/hualde/misCosas/ws_fanuc/install/fanuc_m20_description/share/fanuc_m20_description//meshes/m20_35-18d/collision/base.stl
[0.572s] -- Installing: /home/hualde/misCosas/ws_fanuc/install/fanuc_m20_description/share/fanuc_m20_description//meshes/m20_35-18d/collision/j3.stl
[0.572s] -- Installing: /home/hualde/misCosas/ws_fanuc/install/fanuc_m20_description/share/fanuc_m20_description//meshes/m20_35-18d/collision/j4.stl
[0.572s] -- Installing: /home/hualde/misCosas/ws_fanuc/install/fanuc_m20_description/share/fanuc_m20_description//meshes/m20_35-18d/collision/j5.stl
[0.572s] -- Installing: /home/hualde/misCosas/ws_fanuc/install/fanuc_m20_description/share/fanuc_m20_description//urdf
[0.572s] -- Installing: /home/hualde/misCosas/ws_fanuc/install/fanuc_m20_description/share/fanuc_m20_description//urdf/m20_35-18d_urdf_macro.xacro
[0.573s] -- Installing: /home/hualde/misCosas/ws_fanuc/install/fanuc_m20_description/share/fanuc_m20_description//urdf/m20_25-18d_urdf_macro.xacro
[0.573s] -- Installing: /home/hualde/misCosas/ws_fanuc/install/fanuc_m20_description/share/fanuc_m20_description//robot
[0.574s] -- Installing: /home/hualde/misCosas/ws_fanuc/install/fanuc_m20_description/share/fanuc_m20_description//robot/m20_35-18d.urdf.xacro
[0.574s] -- Installing: /home/hualde/misCosas/ws_fanuc/install/fanuc_m20_description/share/fanuc_m20_description//robot/m20_25-18d.urdf.xacro
[0.574s] -- Installing: /home/hualde/misCosas/ws_fanuc/install/fanuc_m20_description/share/fanuc_m20_description//rviz
[0.574s] -- Installing: /home/hualde/misCosas/ws_fanuc/install/fanuc_m20_description/share/fanuc_m20_description//rviz/view_m20.rviz
[0.574s] -- Installing: /home/hualde/misCosas/ws_fanuc/install/fanuc_m20_description/share/ament_index/resource_index/package_run_dependencies/fanuc_m20_description
[0.574s] -- Installing: /home/hualde/misCosas/ws_fanuc/install/fanuc_m20_description/share/ament_index/resource_index/parent_prefix_path/fanuc_m20_description
[0.574s] -- Installing: /home/hualde/misCosas/ws_fanuc/install/fanuc_m20_description/share/fanuc_m20_description/environment/ament_prefix_path.sh
[0.575s] -- Installing: /home/hualde/misCosas/ws_fanuc/install/fanuc_m20_description/share/fanuc_m20_description/environment/ament_prefix_path.dsv
[0.575s] -- Installing: /home/hualde/misCosas/ws_fanuc/install/fanuc_m20_description/share/fanuc_m20_description/environment/path.sh
[0.575s] -- Installing: /home/hualde/misCosas/ws_fanuc/install/fanuc_m20_description/share/fanuc_m20_description/environment/path.dsv
[0.575s] -- Installing: /home/hualde/misCosas/ws_fanuc/install/fanuc_m20_description/share/fanuc_m20_description/local_setup.bash
[0.575s] -- Installing: /home/hualde/misCosas/ws_fanuc/install/fanuc_m20_description/share/fanuc_m20_description/local_setup.sh
[0.575s] -- Installing: /home/hualde/misCosas/ws_fanuc/install/fanuc_m20_description/share/fanuc_m20_description/local_setup.zsh
[0.575s] -- Installing: /home/hualde/misCosas/ws_fanuc/install/fanuc_m20_description/share/fanuc_m20_description/local_setup.dsv
[0.575s] -- Installing: /home/hualde/misCosas/ws_fanuc/install/fanuc_m20_description/share/fanuc_m20_description/package.dsv
[0.576s] -- Installing: /home/hualde/misCosas/ws_fanuc/install/fanuc_m20_description/share/ament_index/resource_index/packages/fanuc_m20_description
[0.576s] -- Installing: /home/hualde/misCosas/ws_fanuc/install/fanuc_m20_description/share/fanuc_m20_description/cmake/fanuc_m20_descriptionConfig.cmake
[0.580s] -- Installing: /home/hualde/misCosas/ws_fanuc/install/fanuc_m20_description/share/fanuc_m20_description/cmake/fanuc_m20_descriptionConfig-version.cmake
[0.581s] -- Installing: /home/hualde/misCosas/ws_fanuc/install/fanuc_m20_description/share/fanuc_m20_description/package.xml
[0.589s] Invoked command in '/home/hualde/misCosas/ws_fanuc/build/fanuc_m20_description' returned '0': CMAKE_PREFIX_PATH=${CMAKE_PREFIX_PATH}:/opt/ros/humble /usr/bin/cmake --install /home/hualde/misCosas/ws_fanuc/build/fanuc_m20_description
