[100%] Built target slider_gui_node
-- Install configuration: ""
-- Up-to-date: /home/hualde/misCosas/ws_fanuc/install/slider_publisher/lib/slider_publisher/slider_gui_node
-- Up-to-date: /home/hualde/misCosas/ws_fanuc/install/slider_publisher/share/slider_publisher/launch
-- Up-to-date: /home/hualde/misCosas/ws_fanuc/install/slider_publisher/share/slider_publisher/launch/slider_gui_launch.py
-- Up-to-date: /home/hualde/misCosas/ws_fanuc/install/slider_publisher/share/ament_index/resource_index/package_run_dependencies/slider_publisher
-- Up-to-date: /home/hualde/misCosas/ws_fanuc/install/slider_publisher/share/ament_index/resource_index/parent_prefix_path/slider_publisher
-- Up-to-date: /home/hualde/misCosas/ws_fanuc/install/slider_publisher/share/slider_publisher/environment/ament_prefix_path.sh
-- Up-to-date: /home/hualde/misCosas/ws_fanuc/install/slider_publisher/share/slider_publisher/environment/ament_prefix_path.dsv
-- Up-to-date: /home/hualde/misCosas/ws_fanuc/install/slider_publisher/share/slider_publisher/environment/path.sh
-- Up-to-date: /home/hualde/misCosas/ws_fanuc/install/slider_publisher/share/slider_publisher/environment/path.dsv
-- Up-to-date: /home/hualde/misCosas/ws_fanuc/install/slider_publisher/share/slider_publisher/local_setup.bash
-- Up-to-date: /home/hualde/misCosas/ws_fanuc/install/slider_publisher/share/slider_publisher/local_setup.sh
-- Up-to-date: /home/hualde/misCosas/ws_fanuc/install/slider_publisher/share/slider_publisher/local_setup.zsh
-- Up-to-date: /home/hualde/misCosas/ws_fanuc/install/slider_publisher/share/slider_publisher/local_setup.dsv
-- Installing: /home/hualde/misCosas/ws_fanuc/install/slider_publisher/share/slider_publisher/package.dsv
-- Up-to-date: /home/hualde/misCosas/ws_fanuc/install/slider_publisher/share/ament_index/resource_index/packages/slider_publisher
-- Up-to-date: /home/hualde/misCosas/ws_fanuc/install/slider_publisher/share/slider_publisher/cmake/slider_publisherConfig.cmake
-- Up-to-date: /home/hualde/misCosas/ws_fanuc/install/slider_publisher/share/slider_publisher/cmake/slider_publisherConfig-version.cmake
-- Up-to-date: /home/hualde/misCosas/ws_fanuc/install/slider_publisher/share/slider_publisher/package.xml
