[0.019s] Invoking command in '/home/hualde/misCosas/ws_fanuc/build/fanuc_lrmate_description': CMAKE_PREFIX_PATH=${CMAKE_PREFIX_PATH}:/opt/ros/humble /usr/bin/cmake /home/hualde/misCosas/ws_fanuc/src/fanuc_description/fanuc_lrmate_description -DCMAKE_INSTALL_PREFIX=/home/hualde/misCosas/ws_fanuc/install/fanuc_lrmate_description
[0.134s] -- The C compiler identification is GNU 11.4.0
[0.175s] -- The CXX compiler identification is GNU 11.4.0
[0.181s] -- Detecting C compiler ABI info
[0.220s] -- Detecting C compiler ABI info - done
[0.226s] -- Check for working C compiler: /usr/bin/cc - skipped
[0.226s] -- Detecting C compile features
[0.226s] -- Detecting C compile features - done
[0.229s] -- Detecting CXX compiler ABI info
[0.274s] -- Detecting CXX compiler ABI info - done
[0.279s] -- Check for working CXX compiler: /usr/bin/c++ - skipped
[0.280s] -- Detecting CXX compile features
[0.280s] -- Detecting CXX compile features - done
[0.286s] -- Found ament_cmake: 1.3.12 (/opt/ros/humble/share/ament_cmake/cmake)
[0.368s] -- Found Python3: /usr/bin/python3 (found version "3.10.12") found components: Interpreter 
[0.492s] -- Configuring done
[0.493s] -- Generating done
[0.494s] -- Build files have been written to: /home/hualde/misCosas/ws_fanuc/build/fanuc_lrmate_description
[0.507s] Invoked command in '/home/hualde/misCosas/ws_fanuc/build/fanuc_lrmate_description' returned '0': CMAKE_PREFIX_PATH=${CMAKE_PREFIX_PATH}:/opt/ros/humble /usr/bin/cmake /home/hualde/misCosas/ws_fanuc/src/fanuc_description/fanuc_lrmate_description -DCMAKE_INSTALL_PREFIX=/home/hualde/misCosas/ws_fanuc/install/fanuc_lrmate_description
[0.509s] Invoking command in '/home/hualde/misCosas/ws_fanuc/build/fanuc_lrmate_description': CMAKE_PREFIX_PATH=${CMAKE_PREFIX_PATH}:/opt/ros/humble /usr/bin/cmake --build /home/hualde/misCosas/ws_fanuc/build/fanuc_lrmate_description -- -j16 -l16
[0.526s] Invoked command in '/home/hualde/misCosas/ws_fanuc/build/fanuc_lrmate_description' returned '0': CMAKE_PREFIX_PATH=${CMAKE_PREFIX_PATH}:/opt/ros/humble /usr/bin/cmake --build /home/hualde/misCosas/ws_fanuc/build/fanuc_lrmate_description -- -j16 -l16
[0.528s] Invoking command in '/home/hualde/misCosas/ws_fanuc/build/fanuc_lrmate_description': CMAKE_PREFIX_PATH=${CMAKE_PREFIX_PATH}:/opt/ros/humble /usr/bin/cmake --install /home/hualde/misCosas/ws_fanuc/build/fanuc_lrmate_description
[0.530s] -- Install configuration: ""
[0.530s] -- Installing: /home/hualde/misCosas/ws_fanuc/install/fanuc_lrmate_description/share/fanuc_lrmate_description//launch
[0.530s] -- Installing: /home/hualde/misCosas/ws_fanuc/install/fanuc_lrmate_description/share/fanuc_lrmate_description//launch/view_lrmate.launch.py
[0.530s] -- Installing: /home/hualde/misCosas/ws_fanuc/install/fanuc_lrmate_description/share/fanuc_lrmate_description//meshes
[0.531s] -- Installing: /home/hualde/misCosas/ws_fanuc/install/fanuc_lrmate_description/share/fanuc_lrmate_description//meshes/lrmate200id
[0.531s] -- Installing: /home/hualde/misCosas/ws_fanuc/install/fanuc_lrmate_description/share/fanuc_lrmate_description//meshes/lrmate200id/visual
[0.532s] -- Installing: /home/hualde/misCosas/ws_fanuc/install/fanuc_lrmate_description/share/fanuc_lrmate_description//meshes/lrmate200id/visual/j6.dae
[0.532s] -- Installing: /home/hualde/misCosas/ws_fanuc/install/fanuc_lrmate_description/share/fanuc_lrmate_description//meshes/lrmate200id/visual/j1.dae
[0.536s] -- Installing: /home/hualde/misCosas/ws_fanuc/install/fanuc_lrmate_description/share/fanuc_lrmate_description//meshes/lrmate200id/visual/j5.dae
[0.538s] -- Installing: /home/hualde/misCosas/ws_fanuc/install/fanuc_lrmate_description/share/fanuc_lrmate_description//meshes/lrmate200id/visual/base.dae
[0.540s] -- Installing: /home/hualde/misCosas/ws_fanuc/install/fanuc_lrmate_description/share/fanuc_lrmate_description//meshes/lrmate200id/visual/j2.dae
[0.545s] -- Installing: /home/hualde/misCosas/ws_fanuc/install/fanuc_lrmate_description/share/fanuc_lrmate_description//meshes/lrmate200id/visual/j3.dae
[0.548s] -- Installing: /home/hualde/misCosas/ws_fanuc/install/fanuc_lrmate_description/share/fanuc_lrmate_description//meshes/lrmate200id/visual/j4.dae
[0.551s] -- Installing: /home/hualde/misCosas/ws_fanuc/install/fanuc_lrmate_description/share/fanuc_lrmate_description//meshes/lrmate200id/collision
[0.551s] -- Installing: /home/hualde/misCosas/ws_fanuc/install/fanuc_lrmate_description/share/fanuc_lrmate_description//meshes/lrmate200id/collision/j6.stl
[0.551s] -- Installing: /home/hualde/misCosas/ws_fanuc/install/fanuc_lrmate_description/share/fanuc_lrmate_description//meshes/lrmate200id/collision/j1.stl
[0.552s] -- Installing: /home/hualde/misCosas/ws_fanuc/install/fanuc_lrmate_description/share/fanuc_lrmate_description//meshes/lrmate200id/collision/j2.stl
[0.552s] -- Installing: /home/hualde/misCosas/ws_fanuc/install/fanuc_lrmate_description/share/fanuc_lrmate_description//meshes/lrmate200id/collision/base.stl
[0.553s] -- Installing: /home/hualde/misCosas/ws_fanuc/install/fanuc_lrmate_description/share/fanuc_lrmate_description//meshes/lrmate200id/collision/j3.stl
[0.553s] -- Installing: /home/hualde/misCosas/ws_fanuc/install/fanuc_lrmate_description/share/fanuc_lrmate_description//meshes/lrmate200id/collision/j4.stl
[0.554s] -- Installing: /home/hualde/misCosas/ws_fanuc/install/fanuc_lrmate_description/share/fanuc_lrmate_description//meshes/lrmate200id/collision/j5.stl
[0.554s] -- Installing: /home/hualde/misCosas/ws_fanuc/install/fanuc_lrmate_description/share/fanuc_lrmate_description//meshes/lrmate200id7l
[0.554s] -- Installing: /home/hualde/misCosas/ws_fanuc/install/fanuc_lrmate_description/share/fanuc_lrmate_description//meshes/lrmate200id7l/visual
[0.555s] -- Installing: /home/hualde/misCosas/ws_fanuc/install/fanuc_lrmate_description/share/fanuc_lrmate_description//meshes/lrmate200id7l/visual/j6.dae
[0.555s] -- Installing: /home/hualde/misCosas/ws_fanuc/install/fanuc_lrmate_description/share/fanuc_lrmate_description//meshes/lrmate200id7l/visual/j1.dae
[0.560s] -- Installing: /home/hualde/misCosas/ws_fanuc/install/fanuc_lrmate_description/share/fanuc_lrmate_description//meshes/lrmate200id7l/visual/j5.dae
[0.561s] -- Installing: /home/hualde/misCosas/ws_fanuc/install/fanuc_lrmate_description/share/fanuc_lrmate_description//meshes/lrmate200id7l/visual/base.dae
[0.564s] -- Installing: /home/hualde/misCosas/ws_fanuc/install/fanuc_lrmate_description/share/fanuc_lrmate_description//meshes/lrmate200id7l/visual/j2.dae
[0.568s] -- Installing: /home/hualde/misCosas/ws_fanuc/install/fanuc_lrmate_description/share/fanuc_lrmate_description//meshes/lrmate200id7l/visual/j3.dae
[0.570s] -- Installing: /home/hualde/misCosas/ws_fanuc/install/fanuc_lrmate_description/share/fanuc_lrmate_description//meshes/lrmate200id7l/visual/j4.dae
[0.574s] -- Installing: /home/hualde/misCosas/ws_fanuc/install/fanuc_lrmate_description/share/fanuc_lrmate_description//meshes/lrmate200id7l/collision
[0.574s] -- Installing: /home/hualde/misCosas/ws_fanuc/install/fanuc_lrmate_description/share/fanuc_lrmate_description//meshes/lrmate200id7l/collision/j6.stl
[0.574s] -- Installing: /home/hualde/misCosas/ws_fanuc/install/fanuc_lrmate_description/share/fanuc_lrmate_description//meshes/lrmate200id7l/collision/j1.stl
[0.576s] -- Installing: /home/hualde/misCosas/ws_fanuc/install/fanuc_lrmate_description/share/fanuc_lrmate_description//meshes/lrmate200id7l/collision/j2.stl
[0.576s] -- Installing: /home/hualde/misCosas/ws_fanuc/install/fanuc_lrmate_description/share/fanuc_lrmate_description//meshes/lrmate200id7l/collision/base.stl
[0.577s] -- Installing: /home/hualde/misCosas/ws_fanuc/install/fanuc_lrmate_description/share/fanuc_lrmate_description//meshes/lrmate200id7l/collision/j3.stl
[0.578s] -- Installing: /home/hualde/misCosas/ws_fanuc/install/fanuc_lrmate_description/share/fanuc_lrmate_description//meshes/lrmate200id7l/collision/j4.stl
[0.578s] -- Installing: /home/hualde/misCosas/ws_fanuc/install/fanuc_lrmate_description/share/fanuc_lrmate_description//meshes/lrmate200id7l/collision/j5.stl
[0.579s] -- Installing: /home/hualde/misCosas/ws_fanuc/install/fanuc_lrmate_description/share/fanuc_lrmate_description//urdf
[0.579s] -- Installing: /home/hualde/misCosas/ws_fanuc/install/fanuc_lrmate_description/share/fanuc_lrmate_description//urdf/lrmate200id_urdf_macro.xacro
[0.579s] -- Installing: /home/hualde/misCosas/ws_fanuc/install/fanuc_lrmate_description/share/fanuc_lrmate_description//urdf/lrmate200id7l_urdf_macro.xacro
[0.580s] -- Installing: /home/hualde/misCosas/ws_fanuc/install/fanuc_lrmate_description/share/fanuc_lrmate_description//robot
[0.580s] -- Installing: /home/hualde/misCosas/ws_fanuc/install/fanuc_lrmate_description/share/fanuc_lrmate_description//robot/lrmate200id7l.urdf.xacro
[0.585s] -- Installing: /home/hualde/misCosas/ws_fanuc/install/fanuc_lrmate_description/share/fanuc_lrmate_description//robot/lrmate200id.urdf.xacro
[0.585s] -- Installing: /home/hualde/misCosas/ws_fanuc/install/fanuc_lrmate_description/share/fanuc_lrmate_description//rviz
[0.585s] -- Installing: /home/hualde/misCosas/ws_fanuc/install/fanuc_lrmate_description/share/fanuc_lrmate_description//rviz/view_lrmate.rviz
[0.586s] -- Installing: /home/hualde/misCosas/ws_fanuc/install/fanuc_lrmate_description/share/ament_index/resource_index/package_run_dependencies/fanuc_lrmate_description
[0.586s] -- Installing: /home/hualde/misCosas/ws_fanuc/install/fanuc_lrmate_description/share/ament_index/resource_index/parent_prefix_path/fanuc_lrmate_description
[0.586s] -- Installing: /home/hualde/misCosas/ws_fanuc/install/fanuc_lrmate_description/share/fanuc_lrmate_description/environment/ament_prefix_path.sh
[0.586s] -- Installing: /home/hualde/misCosas/ws_fanuc/install/fanuc_lrmate_description/share/fanuc_lrmate_description/environment/ament_prefix_path.dsv
[0.586s] -- Installing: /home/hualde/misCosas/ws_fanuc/install/fanuc_lrmate_description/share/fanuc_lrmate_description/environment/path.sh
[0.586s] -- Installing: /home/hualde/misCosas/ws_fanuc/install/fanuc_lrmate_description/share/fanuc_lrmate_description/environment/path.dsv
[0.586s] -- Installing: /home/hualde/misCosas/ws_fanuc/install/fanuc_lrmate_description/share/fanuc_lrmate_description/local_setup.bash
[0.586s] -- Installing: /home/hualde/misCosas/ws_fanuc/install/fanuc_lrmate_description/share/fanuc_lrmate_description/local_setup.sh
[0.586s] -- Installing: /home/hualde/misCosas/ws_fanuc/install/fanuc_lrmate_description/share/fanuc_lrmate_description/local_setup.zsh
[0.586s] -- Installing: /home/hualde/misCosas/ws_fanuc/install/fanuc_lrmate_description/share/fanuc_lrmate_description/local_setup.dsv
[0.586s] -- Installing: /home/hualde/misCosas/ws_fanuc/install/fanuc_lrmate_description/share/fanuc_lrmate_description/package.dsv
[0.586s] -- Installing: /home/hualde/misCosas/ws_fanuc/install/fanuc_lrmate_description/share/ament_index/resource_index/packages/fanuc_lrmate_description
[0.586s] -- Installing: /home/hualde/misCosas/ws_fanuc/install/fanuc_lrmate_description/share/fanuc_lrmate_description/cmake/fanuc_lrmate_descriptionConfig.cmake
[0.586s] -- Installing: /home/hualde/misCosas/ws_fanuc/install/fanuc_lrmate_description/share/fanuc_lrmate_description/cmake/fanuc_lrmate_descriptionConfig-version.cmake
[0.587s] -- Installing: /home/hualde/misCosas/ws_fanuc/install/fanuc_lrmate_description/share/fanuc_lrmate_description/package.xml
[0.602s] Invoked command in '/home/hualde/misCosas/ws_fanuc/build/fanuc_lrmate_description' returned '0': CMAKE_PREFIX_PATH=${CMAKE_PREFIX_PATH}:/opt/ros/humble /usr/bin/cmake --install /home/hualde/misCosas/ws_fanuc/build/fanuc_lrmate_description
