[ 11%] Built target sockpp-static
[ 13%] Built target gtest
[ 16%] Built target gtest_main
[ 19%] Built target stream_motion
[ 22%] Built target gmock
[ 60%] Built target yaml-cpp
[ 62%] Built target stream_motion_test
[ 65%] Built target gmock_main
[ 68%] Built target yaml-cpp-read
[ 69%] Built target yaml-cpp-sandbox
[ 72%] Built target yaml-cpp-parse
[ 79%] Built target reflectcpp
[ 81%] Built target gpio_config
[ 86%] Built target rmi
[ 88%] Built target gpio_config_test
[ 90%] Built target rmi_test
[ 95%] Built target fanuc_client
[ 97%] Built target gpio_buffer_test
[100%] Built target fanuc_client_test
-- Install configuration: ""
-- Up-to-date: /home/hualde/misCosas/ws_fanuc/install/fanuc_libs/lib/libstream_motion.so
-- Up-to-date: /home/hualde/misCosas/ws_fanuc/install/fanuc_libs/lib/librmi.so
-- Up-to-date: /home/hualde/misCosas/ws_fanuc/install/fanuc_libs/lib/libfanuc_client.so
-- Up-to-date: /home/hualde/misCosas/ws_fanuc/install/fanuc_libs/lib/libgpio_config.so
-- Up-to-date: /home/hualde/misCosas/ws_fanuc/install/fanuc_libs/lib/cmake/fanuc_libs/fanuc_libsTargets.cmake
-- Up-to-date: /home/hualde/misCosas/ws_fanuc/install/fanuc_libs/lib/cmake/fanuc_libs/fanuc_libsTargets-noconfig.cmake
-- Up-to-date: /home/hualde/misCosas/ws_fanuc/install/fanuc_libs/include
-- Up-to-date: /home/hualde/misCosas/ws_fanuc/install/fanuc_libs/include/rmi
-- Up-to-date: /home/hualde/misCosas/ws_fanuc/install/fanuc_libs/include/rmi/rmi.hpp
-- Up-to-date: /home/hualde/misCosas/ws_fanuc/install/fanuc_libs/include/rmi/serialization.hpp
-- Up-to-date: /home/hualde/misCosas/ws_fanuc/install/fanuc_libs/include/rmi/packets.hpp
-- Up-to-date: /home/hualde/misCosas/ws_fanuc/install/fanuc_libs/include
-- Up-to-date: /home/hualde/misCosas/ws_fanuc/install/fanuc_libs/include/stream_motion
-- Up-to-date: /home/hualde/misCosas/ws_fanuc/install/fanuc_libs/include/stream_motion/stream.hpp
-- Up-to-date: /home/hualde/misCosas/ws_fanuc/install/fanuc_libs/include/stream_motion/byte_ops.hpp
-- Up-to-date: /home/hualde/misCosas/ws_fanuc/install/fanuc_libs/include/stream_motion/packets.hpp
-- Up-to-date: /home/hualde/misCosas/ws_fanuc/install/fanuc_libs/include
-- Up-to-date: /home/hualde/misCosas/ws_fanuc/install/fanuc_libs/include/fanuc_client
-- Up-to-date: /home/hualde/misCosas/ws_fanuc/install/fanuc_libs/include/fanuc_client/fanuc_client.hpp
-- Up-to-date: /home/hualde/misCosas/ws_fanuc/install/fanuc_libs/include/fanuc_client/gpio_buffer.hpp
-- Up-to-date: /home/hualde/misCosas/ws_fanuc/install/fanuc_libs/include
-- Up-to-date: /home/hualde/misCosas/ws_fanuc/install/fanuc_libs/include/gpio_config
-- Up-to-date: /home/hualde/misCosas/ws_fanuc/install/fanuc_libs/include/gpio_config/gpio_config.hpp
-- Up-to-date: /home/hualde/misCosas/ws_fanuc/install/fanuc_libs/lib/cmake/fanuc_libs/fanuc_libsConfig.cmake
-- Up-to-date: /home/hualde/misCosas/ws_fanuc/install/fanuc_libs/lib/cmake/fanuc_libs/fanuc_libsConfigVersion.cmake
