[0.030s] Invoking command in '/home/hualde/misCosas/ws_fanuc/build/fanuc_libs': CMAKE_PREFIX_PATH=${CMAKE_PREFIX_PATH}:/opt/ros/humble /usr/bin/cmake --build /home/hualde/misCosas/ws_fanuc/build/fanuc_libs -- -j16 -l16
[0.080s] [ 11%] Built target sockpp-static
[0.081s] [ 13%] Built target gtest
[0.083s] [ 16%] Built target gtest_main
[0.083s] [ 19%] Built target stream_motion
[0.084s] [ 22%] Built target gmock
[0.088s] [ 60%] Built target yaml-cpp
[0.096s] [ 62%] Built target stream_motion_test
[0.096s] [ 65%] Built target gmock_main
[0.101s] [ 68%] Built target yaml-cpp-read
[0.101s] [ 69%] Built target yaml-cpp-sandbox
[0.102s] [ 72%] Built target yaml-cpp-parse
[0.109s] [ 79%] Built target reflectcpp
[0.123s] [ 81%] Built target gpio_config
[0.128s] [ 86%] Built target rmi
[0.134s] [ 88%] Built target gpio_config_test
[0.139s] [ 90%] Built target rmi_test
[0.145s] [ 95%] Built target fanuc_client
[0.156s] [ 97%] Built target gpio_buffer_test
[0.158s] [100%] Built target fanuc_client_test
[0.162s] Invoked command in '/home/hualde/misCosas/ws_fanuc/build/fanuc_libs' returned '0': CMAKE_PREFIX_PATH=${CMAKE_PREFIX_PATH}:/opt/ros/humble /usr/bin/cmake --build /home/hualde/misCosas/ws_fanuc/build/fanuc_libs -- -j16 -l16
[0.164s] Invoking command in '/home/hualde/misCosas/ws_fanuc/build/fanuc_libs': CMAKE_PREFIX_PATH=${CMAKE_PREFIX_PATH}:/opt/ros/humble /usr/bin/cmake --install /home/hualde/misCosas/ws_fanuc/build/fanuc_libs
[0.166s] -- Install configuration: ""
[0.169s] -- Up-to-date: /home/hualde/misCosas/ws_fanuc/install/fanuc_libs/lib/libstream_motion.so
[0.170s] -- Up-to-date: /home/hualde/misCosas/ws_fanuc/install/fanuc_libs/lib/librmi.so
[0.171s] -- Up-to-date: /home/hualde/misCosas/ws_fanuc/install/fanuc_libs/lib/libfanuc_client.so
[0.172s] -- Up-to-date: /home/hualde/misCosas/ws_fanuc/install/fanuc_libs/lib/libgpio_config.so
[0.172s] -- Up-to-date: /home/hualde/misCosas/ws_fanuc/install/fanuc_libs/lib/cmake/fanuc_libs/fanuc_libsTargets.cmake
[0.172s] -- Up-to-date: /home/hualde/misCosas/ws_fanuc/install/fanuc_libs/lib/cmake/fanuc_libs/fanuc_libsTargets-noconfig.cmake
[0.172s] -- Up-to-date: /home/hualde/misCosas/ws_fanuc/install/fanuc_libs/include
[0.172s] -- Up-to-date: /home/hualde/misCosas/ws_fanuc/install/fanuc_libs/include/rmi
[0.172s] -- Up-to-date: /home/hualde/misCosas/ws_fanuc/install/fanuc_libs/include/rmi/rmi.hpp
[0.172s] -- Up-to-date: /home/hualde/misCosas/ws_fanuc/install/fanuc_libs/include/rmi/serialization.hpp
[0.172s] -- Up-to-date: /home/hualde/misCosas/ws_fanuc/install/fanuc_libs/include/rmi/packets.hpp
[0.172s] -- Up-to-date: /home/hualde/misCosas/ws_fanuc/install/fanuc_libs/include
[0.172s] -- Up-to-date: /home/hualde/misCosas/ws_fanuc/install/fanuc_libs/include/stream_motion
[0.172s] -- Up-to-date: /home/hualde/misCosas/ws_fanuc/install/fanuc_libs/include/stream_motion/stream.hpp
[0.172s] -- Up-to-date: /home/hualde/misCosas/ws_fanuc/install/fanuc_libs/include/stream_motion/byte_ops.hpp
[0.172s] -- Up-to-date: /home/hualde/misCosas/ws_fanuc/install/fanuc_libs/include/stream_motion/packets.hpp
[0.172s] -- Up-to-date: /home/hualde/misCosas/ws_fanuc/install/fanuc_libs/include
[0.172s] -- Up-to-date: /home/hualde/misCosas/ws_fanuc/install/fanuc_libs/include/fanuc_client
[0.173s] -- Up-to-date: /home/hualde/misCosas/ws_fanuc/install/fanuc_libs/include/fanuc_client/fanuc_client.hpp
[0.173s] -- Up-to-date: /home/hualde/misCosas/ws_fanuc/install/fanuc_libs/include/fanuc_client/gpio_buffer.hpp
[0.173s] -- Up-to-date: /home/hualde/misCosas/ws_fanuc/install/fanuc_libs/include
[0.173s] -- Up-to-date: /home/hualde/misCosas/ws_fanuc/install/fanuc_libs/include/gpio_config
[0.173s] -- Up-to-date: /home/hualde/misCosas/ws_fanuc/install/fanuc_libs/include/gpio_config/gpio_config.hpp
[0.173s] -- Up-to-date: /home/hualde/misCosas/ws_fanuc/install/fanuc_libs/lib/cmake/fanuc_libs/fanuc_libsConfig.cmake
[0.173s] -- Up-to-date: /home/hualde/misCosas/ws_fanuc/install/fanuc_libs/lib/cmake/fanuc_libs/fanuc_libsConfigVersion.cmake
[0.178s] Invoked command in '/home/hualde/misCosas/ws_fanuc/build/fanuc_libs' returned '0': CMAKE_PREFIX_PATH=${CMAKE_PREFIX_PATH}:/opt/ros/humble /usr/bin/cmake --install /home/hualde/misCosas/ws_fanuc/build/fanuc_libs
