-- Install configuration: ""
-- Up-to-date: /home/hualde/misCosas/ws_fanuc/install/fanuc_lrmate_description/share/fanuc_lrmate_description//launch
-- Up-to-date: /home/hualde/misCosas/ws_fanuc/install/fanuc_lrmate_description/share/fanuc_lrmate_description//launch/view_lrmate.launch.py
-- Up-to-date: /home/hualde/misCosas/ws_fanuc/install/fanuc_lrmate_description/share/fanuc_lrmate_description//meshes
-- Up-to-date: /home/hualde/misCosas/ws_fanuc/install/fanuc_lrmate_description/share/fanuc_lrmate_description//meshes/lrmate200id
-- Up-to-date: /home/hualde/misCosas/ws_fanuc/install/fanuc_lrmate_description/share/fanuc_lrmate_description//meshes/lrmate200id/visual
-- Up-to-date: /home/hualde/misCosas/ws_fanuc/install/fanuc_lrmate_description/share/fanuc_lrmate_description//meshes/lrmate200id/visual/j6.dae
-- Up-to-date: /home/hualde/misCosas/ws_fanuc/install/fanuc_lrmate_description/share/fanuc_lrmate_description//meshes/lrmate200id/visual/j1.dae
-- Up-to-date: /home/hualde/misCosas/ws_fanuc/install/fanuc_lrmate_description/share/fanuc_lrmate_description//meshes/lrmate200id/visual/j5.dae
-- Up-to-date: /home/hualde/misCosas/ws_fanuc/install/fanuc_lrmate_description/share/fanuc_lrmate_description//meshes/lrmate200id/visual/base.dae
-- Up-to-date: /home/hualde/misCosas/ws_fanuc/install/fanuc_lrmate_description/share/fanuc_lrmate_description//meshes/lrmate200id/visual/j2.dae
-- Up-to-date: /home/hualde/misCosas/ws_fanuc/install/fanuc_lrmate_description/share/fanuc_lrmate_description//meshes/lrmate200id/visual/j3.dae
-- Up-to-date: /home/hualde/misCosas/ws_fanuc/install/fanuc_lrmate_description/share/fanuc_lrmate_description//meshes/lrmate200id/visual/j4.dae
-- Up-to-date: /home/hualde/misCosas/ws_fanuc/install/fanuc_lrmate_description/share/fanuc_lrmate_description//meshes/lrmate200id/collision
-- Up-to-date: /home/hualde/misCosas/ws_fanuc/install/fanuc_lrmate_description/share/fanuc_lrmate_description//meshes/lrmate200id/collision/j6.stl
-- Up-to-date: /home/hualde/misCosas/ws_fanuc/install/fanuc_lrmate_description/share/fanuc_lrmate_description//meshes/lrmate200id/collision/j1.stl
-- Up-to-date: /home/hualde/misCosas/ws_fanuc/install/fanuc_lrmate_description/share/fanuc_lrmate_description//meshes/lrmate200id/collision/j2.stl
-- Up-to-date: /home/hualde/misCosas/ws_fanuc/install/fanuc_lrmate_description/share/fanuc_lrmate_description//meshes/lrmate200id/collision/base.stl
-- Up-to-date: /home/hualde/misCosas/ws_fanuc/install/fanuc_lrmate_description/share/fanuc_lrmate_description//meshes/lrmate200id/collision/j3.stl
-- Up-to-date: /home/hualde/misCosas/ws_fanuc/install/fanuc_lrmate_description/share/fanuc_lrmate_description//meshes/lrmate200id/collision/j4.stl
-- Up-to-date: /home/hualde/misCosas/ws_fanuc/install/fanuc_lrmate_description/share/fanuc_lrmate_description//meshes/lrmate200id/collision/j5.stl
-- Up-to-date: /home/hualde/misCosas/ws_fanuc/install/fanuc_lrmate_description/share/fanuc_lrmate_description//meshes/lrmate200id7l
-- Up-to-date: /home/hualde/misCosas/ws_fanuc/install/fanuc_lrmate_description/share/fanuc_lrmate_description//meshes/lrmate200id7l/visual
-- Up-to-date: /home/hualde/misCosas/ws_fanuc/install/fanuc_lrmate_description/share/fanuc_lrmate_description//meshes/lrmate200id7l/visual/j6.dae
-- Up-to-date: /home/hualde/misCosas/ws_fanuc/install/fanuc_lrmate_description/share/fanuc_lrmate_description//meshes/lrmate200id7l/visual/j1.dae
-- Up-to-date: /home/hualde/misCosas/ws_fanuc/install/fanuc_lrmate_description/share/fanuc_lrmate_description//meshes/lrmate200id7l/visual/j5.dae
-- Up-to-date: /home/hualde/misCosas/ws_fanuc/install/fanuc_lrmate_description/share/fanuc_lrmate_description//meshes/lrmate200id7l/visual/base.dae
-- Up-to-date: /home/hualde/misCosas/ws_fanuc/install/fanuc_lrmate_description/share/fanuc_lrmate_description//meshes/lrmate200id7l/visual/j2.dae
-- Up-to-date: /home/hualde/misCosas/ws_fanuc/install/fanuc_lrmate_description/share/fanuc_lrmate_description//meshes/lrmate200id7l/visual/j3.dae
-- Up-to-date: /home/hualde/misCosas/ws_fanuc/install/fanuc_lrmate_description/share/fanuc_lrmate_description//meshes/lrmate200id7l/visual/j4.dae
-- Up-to-date: /home/hualde/misCosas/ws_fanuc/install/fanuc_lrmate_description/share/fanuc_lrmate_description//meshes/lrmate200id7l/collision
-- Up-to-date: /home/hualde/misCosas/ws_fanuc/install/fanuc_lrmate_description/share/fanuc_lrmate_description//meshes/lrmate200id7l/collision/j6.stl
-- Up-to-date: /home/hualde/misCosas/ws_fanuc/install/fanuc_lrmate_description/share/fanuc_lrmate_description//meshes/lrmate200id7l/collision/j1.stl
-- Up-to-date: /home/hualde/misCosas/ws_fanuc/install/fanuc_lrmate_description/share/fanuc_lrmate_description//meshes/lrmate200id7l/collision/j2.stl
-- Up-to-date: /home/hualde/misCosas/ws_fanuc/install/fanuc_lrmate_description/share/fanuc_lrmate_description//meshes/lrmate200id7l/collision/base.stl
-- Up-to-date: /home/hualde/misCosas/ws_fanuc/install/fanuc_lrmate_description/share/fanuc_lrmate_description//meshes/lrmate200id7l/collision/j3.stl
-- Up-to-date: /home/hualde/misCosas/ws_fanuc/install/fanuc_lrmate_description/share/fanuc_lrmate_description//meshes/lrmate200id7l/collision/j4.stl
-- Up-to-date: /home/hualde/misCosas/ws_fanuc/install/fanuc_lrmate_description/share/fanuc_lrmate_description//meshes/lrmate200id7l/collision/j5.stl
-- Up-to-date: /home/hualde/misCosas/ws_fanuc/install/fanuc_lrmate_description/share/fanuc_lrmate_description//urdf
-- Up-to-date: /home/hualde/misCosas/ws_fanuc/install/fanuc_lrmate_description/share/fanuc_lrmate_description//urdf/lrmate200id_urdf_macro.xacro
-- Up-to-date: /home/hualde/misCosas/ws_fanuc/install/fanuc_lrmate_description/share/fanuc_lrmate_description//urdf/lrmate200id7l_urdf_macro.xacro
-- Up-to-date: /home/hualde/misCosas/ws_fanuc/install/fanuc_lrmate_description/share/fanuc_lrmate_description//robot
-- Up-to-date: /home/hualde/misCosas/ws_fanuc/install/fanuc_lrmate_description/share/fanuc_lrmate_description//robot/lrmate200id7l.urdf.xacro
-- Up-to-date: /home/hualde/misCosas/ws_fanuc/install/fanuc_lrmate_description/share/fanuc_lrmate_description//robot/lrmate200id.urdf.xacro
-- Up-to-date: /home/hualde/misCosas/ws_fanuc/install/fanuc_lrmate_description/share/fanuc_lrmate_description//rviz
-- Up-to-date: /home/hualde/misCosas/ws_fanuc/install/fanuc_lrmate_description/share/fanuc_lrmate_description//rviz/view_lrmate.rviz
-- Up-to-date: /home/hualde/misCosas/ws_fanuc/install/fanuc_lrmate_description/share/ament_index/resource_index/package_run_dependencies/fanuc_lrmate_description
-- Up-to-date: /home/hualde/misCosas/ws_fanuc/install/fanuc_lrmate_description/share/ament_index/resource_index/parent_prefix_path/fanuc_lrmate_description
-- Up-to-date: /home/hualde/misCosas/ws_fanuc/install/fanuc_lrmate_description/share/fanuc_lrmate_description/environment/ament_prefix_path.sh
-- Up-to-date: /home/hualde/misCosas/ws_fanuc/install/fanuc_lrmate_description/share/fanuc_lrmate_description/environment/ament_prefix_path.dsv
-- Up-to-date: /home/hualde/misCosas/ws_fanuc/install/fanuc_lrmate_description/share/fanuc_lrmate_description/environment/path.sh
-- Up-to-date: /home/hualde/misCosas/ws_fanuc/install/fanuc_lrmate_description/share/fanuc_lrmate_description/environment/path.dsv
-- Up-to-date: /home/hualde/misCosas/ws_fanuc/install/fanuc_lrmate_description/share/fanuc_lrmate_description/local_setup.bash
-- Up-to-date: /home/hualde/misCosas/ws_fanuc/install/fanuc_lrmate_description/share/fanuc_lrmate_description/local_setup.sh
-- Up-to-date: /home/hualde/misCosas/ws_fanuc/install/fanuc_lrmate_description/share/fanuc_lrmate_description/local_setup.zsh
-- Up-to-date: /home/hualde/misCosas/ws_fanuc/install/fanuc_lrmate_description/share/fanuc_lrmate_description/local_setup.dsv
-- Up-to-date: /home/hualde/misCosas/ws_fanuc/install/fanuc_lrmate_description/share/fanuc_lrmate_description/package.dsv
-- Up-to-date: /home/hualde/misCosas/ws_fanuc/install/fanuc_lrmate_description/share/ament_index/resource_index/packages/fanuc_lrmate_description
-- Up-to-date: /home/hualde/misCosas/ws_fanuc/install/fanuc_lrmate_description/share/fanuc_lrmate_description/cmake/fanuc_lrmate_descriptionConfig.cmake
-- Up-to-date: /home/hualde/misCosas/ws_fanuc/install/fanuc_lrmate_description/share/fanuc_lrmate_description/cmake/fanuc_lrmate_descriptionConfig-version.cmake
-- Up-to-date: /home/hualde/misCosas/ws_fanuc/install/fanuc_lrmate_description/share/fanuc_lrmate_description/package.xml
