[0.024s] Invoking command in '/home/hualde/misCosas/ws_fanuc/build/fanuc_lrmate_description': CMAKE_PREFIX_PATH=${CMAKE_PREFIX_PATH}:/opt/ros/humble /usr/bin/cmake --build /home/hualde/misCosas/ws_fanuc/build/fanuc_lrmate_description -- -j16 -l16
[0.054s] Invoked command in '/home/hualde/misCosas/ws_fanuc/build/fanuc_lrmate_description' returned '0': CMAKE_PREFIX_PATH=${CMAKE_PREFIX_PATH}:/opt/ros/humble /usr/bin/cmake --build /home/hualde/misCosas/ws_fanuc/build/fanuc_lrmate_description -- -j16 -l16
[0.055s] Invoking command in '/home/hualde/misCosas/ws_fanuc/build/fanuc_lrmate_description': CMAKE_PREFIX_PATH=${CMAKE_PREFIX_PATH}:/opt/ros/humble /usr/bin/cmake --install /home/hualde/misCosas/ws_fanuc/build/fanuc_lrmate_description
[0.067s] -- Install configuration: ""
[0.067s] -- Up-to-date: /home/hualde/misCosas/ws_fanuc/install/fanuc_lrmate_description/share/fanuc_lrmate_description//launch
[0.067s] -- Up-to-date: /home/hualde/misCosas/ws_fanuc/install/fanuc_lrmate_description/share/fanuc_lrmate_description//launch/view_lrmate.launch.py
[0.067s] -- Up-to-date: /home/hualde/misCosas/ws_fanuc/install/fanuc_lrmate_description/share/fanuc_lrmate_description//meshes
[0.067s] -- Up-to-date: /home/hualde/misCosas/ws_fanuc/install/fanuc_lrmate_description/share/fanuc_lrmate_description//meshes/lrmate200id
[0.067s] -- Up-to-date: /home/hualde/misCosas/ws_fanuc/install/fanuc_lrmate_description/share/fanuc_lrmate_description//meshes/lrmate200id/visual
[0.067s] -- Up-to-date: /home/hualde/misCosas/ws_fanuc/install/fanuc_lrmate_description/share/fanuc_lrmate_description//meshes/lrmate200id/visual/j6.dae
[0.067s] -- Up-to-date: /home/hualde/misCosas/ws_fanuc/install/fanuc_lrmate_description/share/fanuc_lrmate_description//meshes/lrmate200id/visual/j1.dae
[0.067s] -- Up-to-date: /home/hualde/misCosas/ws_fanuc/install/fanuc_lrmate_description/share/fanuc_lrmate_description//meshes/lrmate200id/visual/j5.dae
[0.067s] -- Up-to-date: /home/hualde/misCosas/ws_fanuc/install/fanuc_lrmate_description/share/fanuc_lrmate_description//meshes/lrmate200id/visual/base.dae
[0.067s] -- Up-to-date: /home/hualde/misCosas/ws_fanuc/install/fanuc_lrmate_description/share/fanuc_lrmate_description//meshes/lrmate200id/visual/j2.dae
[0.067s] -- Up-to-date: /home/hualde/misCosas/ws_fanuc/install/fanuc_lrmate_description/share/fanuc_lrmate_description//meshes/lrmate200id/visual/j3.dae
[0.067s] -- Up-to-date: /home/hualde/misCosas/ws_fanuc/install/fanuc_lrmate_description/share/fanuc_lrmate_description//meshes/lrmate200id/visual/j4.dae
[0.067s] -- Up-to-date: /home/hualde/misCosas/ws_fanuc/install/fanuc_lrmate_description/share/fanuc_lrmate_description//meshes/lrmate200id/collision
[0.067s] -- Up-to-date: /home/hualde/misCosas/ws_fanuc/install/fanuc_lrmate_description/share/fanuc_lrmate_description//meshes/lrmate200id/collision/j6.stl
[0.067s] -- Up-to-date: /home/hualde/misCosas/ws_fanuc/install/fanuc_lrmate_description/share/fanuc_lrmate_description//meshes/lrmate200id/collision/j1.stl
[0.067s] -- Up-to-date: /home/hualde/misCosas/ws_fanuc/install/fanuc_lrmate_description/share/fanuc_lrmate_description//meshes/lrmate200id/collision/j2.stl
[0.068s] -- Up-to-date: /home/hualde/misCosas/ws_fanuc/install/fanuc_lrmate_description/share/fanuc_lrmate_description//meshes/lrmate200id/collision/base.stl
[0.068s] -- Up-to-date: /home/hualde/misCosas/ws_fanuc/install/fanuc_lrmate_description/share/fanuc_lrmate_description//meshes/lrmate200id/collision/j3.stl
[0.068s] -- Up-to-date: /home/hualde/misCosas/ws_fanuc/install/fanuc_lrmate_description/share/fanuc_lrmate_description//meshes/lrmate200id/collision/j4.stl
[0.068s] -- Up-to-date: /home/hualde/misCosas/ws_fanuc/install/fanuc_lrmate_description/share/fanuc_lrmate_description//meshes/lrmate200id/collision/j5.stl
[0.068s] -- Up-to-date: /home/hualde/misCosas/ws_fanuc/install/fanuc_lrmate_description/share/fanuc_lrmate_description//meshes/lrmate200id7l
[0.068s] -- Up-to-date: /home/hualde/misCosas/ws_fanuc/install/fanuc_lrmate_description/share/fanuc_lrmate_description//meshes/lrmate200id7l/visual
[0.068s] -- Up-to-date: /home/hualde/misCosas/ws_fanuc/install/fanuc_lrmate_description/share/fanuc_lrmate_description//meshes/lrmate200id7l/visual/j6.dae
[0.068s] -- Up-to-date: /home/hualde/misCosas/ws_fanuc/install/fanuc_lrmate_description/share/fanuc_lrmate_description//meshes/lrmate200id7l/visual/j1.dae
[0.068s] -- Up-to-date: /home/hualde/misCosas/ws_fanuc/install/fanuc_lrmate_description/share/fanuc_lrmate_description//meshes/lrmate200id7l/visual/j5.dae
[0.068s] -- Up-to-date: /home/hualde/misCosas/ws_fanuc/install/fanuc_lrmate_description/share/fanuc_lrmate_description//meshes/lrmate200id7l/visual/base.dae
[0.068s] -- Up-to-date: /home/hualde/misCosas/ws_fanuc/install/fanuc_lrmate_description/share/fanuc_lrmate_description//meshes/lrmate200id7l/visual/j2.dae
[0.068s] -- Up-to-date: /home/hualde/misCosas/ws_fanuc/install/fanuc_lrmate_description/share/fanuc_lrmate_description//meshes/lrmate200id7l/visual/j3.dae
[0.068s] -- Up-to-date: /home/hualde/misCosas/ws_fanuc/install/fanuc_lrmate_description/share/fanuc_lrmate_description//meshes/lrmate200id7l/visual/j4.dae
[0.068s] -- Up-to-date: /home/hualde/misCosas/ws_fanuc/install/fanuc_lrmate_description/share/fanuc_lrmate_description//meshes/lrmate200id7l/collision
[0.068s] -- Up-to-date: /home/hualde/misCosas/ws_fanuc/install/fanuc_lrmate_description/share/fanuc_lrmate_description//meshes/lrmate200id7l/collision/j6.stl
[0.068s] -- Up-to-date: /home/hualde/misCosas/ws_fanuc/install/fanuc_lrmate_description/share/fanuc_lrmate_description//meshes/lrmate200id7l/collision/j1.stl
[0.068s] -- Up-to-date: /home/hualde/misCosas/ws_fanuc/install/fanuc_lrmate_description/share/fanuc_lrmate_description//meshes/lrmate200id7l/collision/j2.stl
[0.068s] -- Up-to-date: /home/hualde/misCosas/ws_fanuc/install/fanuc_lrmate_description/share/fanuc_lrmate_description//meshes/lrmate200id7l/collision/base.stl
[0.068s] -- Up-to-date: /home/hualde/misCosas/ws_fanuc/install/fanuc_lrmate_description/share/fanuc_lrmate_description//meshes/lrmate200id7l/collision/j3.stl
[0.068s] -- Up-to-date: /home/hualde/misCosas/ws_fanuc/install/fanuc_lrmate_description/share/fanuc_lrmate_description//meshes/lrmate200id7l/collision/j4.stl
[0.068s] -- Up-to-date: /home/hualde/misCosas/ws_fanuc/install/fanuc_lrmate_description/share/fanuc_lrmate_description//meshes/lrmate200id7l/collision/j5.stl
[0.068s] -- Up-to-date: /home/hualde/misCosas/ws_fanuc/install/fanuc_lrmate_description/share/fanuc_lrmate_description//urdf
[0.068s] -- Up-to-date: /home/hualde/misCosas/ws_fanuc/install/fanuc_lrmate_description/share/fanuc_lrmate_description//urdf/lrmate200id_urdf_macro.xacro
[0.068s] -- Up-to-date: /home/hualde/misCosas/ws_fanuc/install/fanuc_lrmate_description/share/fanuc_lrmate_description//urdf/lrmate200id7l_urdf_macro.xacro
[0.069s] -- Up-to-date: /home/hualde/misCosas/ws_fanuc/install/fanuc_lrmate_description/share/fanuc_lrmate_description//robot
[0.069s] -- Up-to-date: /home/hualde/misCosas/ws_fanuc/install/fanuc_lrmate_description/share/fanuc_lrmate_description//robot/lrmate200id7l.urdf.xacro
[0.069s] -- Up-to-date: /home/hualde/misCosas/ws_fanuc/install/fanuc_lrmate_description/share/fanuc_lrmate_description//robot/lrmate200id.urdf.xacro
[0.069s] -- Up-to-date: /home/hualde/misCosas/ws_fanuc/install/fanuc_lrmate_description/share/fanuc_lrmate_description//rviz
[0.069s] -- Up-to-date: /home/hualde/misCosas/ws_fanuc/install/fanuc_lrmate_description/share/fanuc_lrmate_description//rviz/view_lrmate.rviz
[0.069s] -- Up-to-date: /home/hualde/misCosas/ws_fanuc/install/fanuc_lrmate_description/share/ament_index/resource_index/package_run_dependencies/fanuc_lrmate_description
[0.069s] -- Up-to-date: /home/hualde/misCosas/ws_fanuc/install/fanuc_lrmate_description/share/ament_index/resource_index/parent_prefix_path/fanuc_lrmate_description
[0.069s] -- Up-to-date: /home/hualde/misCosas/ws_fanuc/install/fanuc_lrmate_description/share/fanuc_lrmate_description/environment/ament_prefix_path.sh
[0.069s] -- Up-to-date: /home/hualde/misCosas/ws_fanuc/install/fanuc_lrmate_description/share/fanuc_lrmate_description/environment/ament_prefix_path.dsv
[0.069s] -- Up-to-date: /home/hualde/misCosas/ws_fanuc/install/fanuc_lrmate_description/share/fanuc_lrmate_description/environment/path.sh
[0.069s] -- Up-to-date: /home/hualde/misCosas/ws_fanuc/install/fanuc_lrmate_description/share/fanuc_lrmate_description/environment/path.dsv
[0.069s] -- Up-to-date: /home/hualde/misCosas/ws_fanuc/install/fanuc_lrmate_description/share/fanuc_lrmate_description/local_setup.bash
[0.069s] -- Up-to-date: /home/hualde/misCosas/ws_fanuc/install/fanuc_lrmate_description/share/fanuc_lrmate_description/local_setup.sh
[0.069s] -- Up-to-date: /home/hualde/misCosas/ws_fanuc/install/fanuc_lrmate_description/share/fanuc_lrmate_description/local_setup.zsh
[0.069s] -- Up-to-date: /home/hualde/misCosas/ws_fanuc/install/fanuc_lrmate_description/share/fanuc_lrmate_description/local_setup.dsv
[0.069s] -- Up-to-date: /home/hualde/misCosas/ws_fanuc/install/fanuc_lrmate_description/share/fanuc_lrmate_description/package.dsv
[0.069s] -- Up-to-date: /home/hualde/misCosas/ws_fanuc/install/fanuc_lrmate_description/share/ament_index/resource_index/packages/fanuc_lrmate_description
[0.069s] -- Up-to-date: /home/hualde/misCosas/ws_fanuc/install/fanuc_lrmate_description/share/fanuc_lrmate_description/cmake/fanuc_lrmate_descriptionConfig.cmake
[0.069s] -- Up-to-date: /home/hualde/misCosas/ws_fanuc/install/fanuc_lrmate_description/share/fanuc_lrmate_description/cmake/fanuc_lrmate_descriptionConfig-version.cmake
[0.070s] -- Up-to-date: /home/hualde/misCosas/ws_fanuc/install/fanuc_lrmate_description/share/fanuc_lrmate_description/package.xml
[0.114s] Invoked command in '/home/hualde/misCosas/ws_fanuc/build/fanuc_lrmate_description' returned '0': CMAKE_PREFIX_PATH=${CMAKE_PREFIX_PATH}:/opt/ros/humble /usr/bin/cmake --install /home/hualde/misCosas/ws_fanuc/build/fanuc_lrmate_description
