-- The CXX compiler identification is GNU 11.4.0
-- Detecting CXX compiler ABI info
-- Detecting CXX compiler ABI info - done
-- Check for working CXX compiler: /usr/bin/c++ - skipped
-- Detecting CXX compile features
-- Detecting CXX compile features - done
-- The C compiler identification is GNU 11.4.0
-- Detecting C compiler ABI info
-- Detecting C compiler ABI info - done
-- Check for working C compiler: /usr/bin/cc - skipped
-- Detecting C compile features
-- Detecting C compile features - done
-- Creating static library
-- Performing Test COMPILER_HAS_HIDDEN_VISIBILITY
-- Performing Test COMPILER_HAS_HIDDEN_VISIBILITY - Success
-- Performing Test COMPILER_HAS_HIDDEN_INLINE_VISIBILITY
-- Performing Test COMPILER_HAS_HIDDEN_INLINE_VISIBILITY - Success
-- Performing Test COMPILER_HAS_DEPRECATED_ATTR
-- Performing Test COMPILER_HAS_DEPRECATED_ATTR - Success
-- Found Python: /usr/bin/python3.10 (found version "3.10.12") found components: Interpreter 
-- Performing Test CMAKE_HAVE_LIBC_PTHREAD
-- Performing Test CMAKE_HAVE_LIBC_PTHREAD - Success
-- Found Threads: TRUE  
-- Configuring done
-- Generating done
-- Build files have been written to: /home/hualde/misCosas/ws_fanuc/build/fanuc_libs
[  1%] [32mBuilding CXX object _deps/sockpp-build/src/CMakeFiles/sockpp-static.dir/error.cpp.o[0m
[  2%] [32mBuilding CXX object _deps/googletest-build/googletest/CMakeFiles/gtest.dir/src/gtest-all.cc.o[0m
[  5%] [32mBuilding CXX object _deps/sockpp-build/src/CMakeFiles/sockpp-static.dir/datagram_socket.cpp.o[0m
[  8%] [32mBuilding CXX object _deps/sockpp-build/src/CMakeFiles/sockpp-static.dir/inet6_address.cpp.o[0m
[  5%] [32mBuilding CXX object _deps/sockpp-build/src/CMakeFiles/sockpp-static.dir/connector.cpp.o[0m
[  5%] [32mBuilding CXX object _deps/sockpp-build/src/CMakeFiles/sockpp-static.dir/acceptor.cpp.o[0m
[  6%] [32mBuilding CXX object _deps/sockpp-build/src/CMakeFiles/sockpp-static.dir/inet_address.cpp.o[0m
[  9%] [32mBuilding CXX object _deps/sockpp-build/src/CMakeFiles/sockpp-static.dir/socket.cpp.o[0m
[ 11%] [32mBuilding CXX object _deps/yaml-cpp-build/CMakeFiles/yaml-cpp.dir/src/contrib/graphbuilderadapter.cpp.o[0m
[ 11%] [32mBuilding CXX object _deps/yaml-cpp-build/CMakeFiles/yaml-cpp.dir/src/contrib/graphbuilder.cpp.o[0m
[ 12%] [32mBuilding CXX object _deps/sockpp-build/src/CMakeFiles/sockpp-static.dir/unix/unix_address.cpp.o[0m
[ 13%] [32mBuilding CXX object _deps/sockpp-build/src/CMakeFiles/sockpp-static.dir/stream_socket.cpp.o[0m
[ 15%] [32mBuilding CXX object _deps/yaml-cpp-build/CMakeFiles/yaml-cpp.dir/src/binary.cpp.o[0m
[ 16%] [32mBuilding CXX object _deps/yaml-cpp-build/CMakeFiles/yaml-cpp.dir/src/convert.cpp.o[0m
[ 17%] [32mBuilding CXX object _deps/yaml-cpp-build/CMakeFiles/yaml-cpp.dir/src/depthguard.cpp.o[0m
[ 18%] [32mBuilding CXX object _deps/yaml-cpp-build/CMakeFiles/yaml-cpp.dir/src/directives.cpp.o[0m
[ 19%] [32mBuilding CXX object _deps/yaml-cpp-build/CMakeFiles/yaml-cpp.dir/src/emit.cpp.o[0m
[ 20%] [32mBuilding CXX object _deps/yaml-cpp-build/CMakeFiles/yaml-cpp.dir/src/emitfromevents.cpp.o[0m
[ 22%] [32mBuilding CXX object _deps/yaml-cpp-build/CMakeFiles/yaml-cpp.dir/src/emitter.cpp.o[0m
[ 23%] [32mBuilding CXX object _deps/yaml-cpp-build/CMakeFiles/yaml-cpp.dir/src/emitterstate.cpp.o[0m
[ 24%] [32mBuilding CXX object _deps/yaml-cpp-build/CMakeFiles/yaml-cpp.dir/src/emitterutils.cpp.o[0m
[ 25%] [32mBuilding CXX object _deps/yaml-cpp-build/CMakeFiles/yaml-cpp.dir/src/exceptions.cpp.o[0m
[ 26%] [32mBuilding CXX object _deps/yaml-cpp-build/CMakeFiles/yaml-cpp.dir/src/exp.cpp.o[0m
[ 27%] [32mBuilding CXX object _deps/yaml-cpp-build/CMakeFiles/yaml-cpp.dir/src/fptostring.cpp.o[0m
[ 29%] [32mBuilding CXX object _deps/yaml-cpp-build/CMakeFiles/yaml-cpp.dir/src/memory.cpp.o[0m
[ 30%] [32mBuilding CXX object _deps/yaml-cpp-build/CMakeFiles/yaml-cpp.dir/src/node.cpp.o[0m
[ 31%] [32mBuilding CXX object _deps/yaml-cpp-build/CMakeFiles/yaml-cpp.dir/src/node_data.cpp.o[0m
[ 32%] [32mBuilding CXX object _deps/yaml-cpp-build/CMakeFiles/yaml-cpp.dir/src/nodebuilder.cpp.o[0m
[ 33%] [32mBuilding CXX object _deps/yaml-cpp-build/CMakeFiles/yaml-cpp.dir/src/nodeevents.cpp.o[0m
[ 34%] [32m[1mLinking CXX static library libsockpp.a[0m
[ 36%] [32mBuilding CXX object _deps/yaml-cpp-build/CMakeFiles/yaml-cpp.dir/src/null.cpp.o[0m
[ 37%] [32mBuilding CXX object _deps/yaml-cpp-build/CMakeFiles/yaml-cpp.dir/src/ostream_wrapper.cpp.o[0m
[ 38%] [32mBuilding CXX object _deps/yaml-cpp-build/CMakeFiles/yaml-cpp.dir/src/parse.cpp.o[0m
[ 39%] [32mBuilding CXX object _deps/yaml-cpp-build/CMakeFiles/yaml-cpp.dir/src/regex_yaml.cpp.o[0m
[ 40%] [32mBuilding CXX object _deps/yaml-cpp-build/CMakeFiles/yaml-cpp.dir/src/parser.cpp.o[0m
[ 41%] [32mBuilding CXX object _deps/yaml-cpp-build/CMakeFiles/yaml-cpp.dir/src/scanner.cpp.o[0m
[ 43%] [32mBuilding CXX object _deps/yaml-cpp-build/CMakeFiles/yaml-cpp.dir/src/scanscalar.cpp.o[0m
[ 44%] [32mBuilding CXX object _deps/yaml-cpp-build/CMakeFiles/yaml-cpp.dir/src/scantag.cpp.o[0m
[ 45%] [32mBuilding CXX object _deps/yaml-cpp-build/CMakeFiles/yaml-cpp.dir/src/scantoken.cpp.o[0m
[ 45%] Built target sockpp-static
[ 46%] [32mBuilding CXX object _deps/yaml-cpp-build/CMakeFiles/yaml-cpp.dir/src/simplekey.cpp.o[0m
[ 47%] [32mBuilding CXX object stream_motion/CMakeFiles/stream_motion.dir/src/stream.cpp.o[0m
[ 48%] [32mBuilding CXX object stream_motion/CMakeFiles/stream_motion.dir/src/byte_ops.cpp.o[0m
[ 50%] [32mBuilding CXX object _deps/yaml-cpp-build/CMakeFiles/yaml-cpp.dir/src/singledocparser.cpp.o[0m
[ 51%] [32mBuilding CXX object _deps/yaml-cpp-build/CMakeFiles/yaml-cpp.dir/src/stream.cpp.o[0m
[ 52%] [32mBuilding CXX object _deps/yaml-cpp-build/CMakeFiles/yaml-cpp.dir/src/tag.cpp.o[0m
[ 53%] [32m[1mLinking CXX static library libyaml-cpp.a[0m
[ 53%] Built target yaml-cpp
[ 54%] [32mBuilding CXX object _deps/yaml-cpp-build/util/CMakeFiles/yaml-cpp-sandbox.dir/sandbox.cpp.o[0m
[ 55%] [32mBuilding CXX object _deps/yaml-cpp-build/util/CMakeFiles/yaml-cpp-read.dir/read.cpp.o[0m
[ 56%] [32mBuilding CXX object _deps/reflect-cpp-build/CMakeFiles/reflectcpp.dir/cmake_pch.hxx.gch[0m
[ 58%] [32mBuilding CXX object _deps/yaml-cpp-build/util/CMakeFiles/yaml-cpp-parse.dir/parse.cpp.o[0m
[ 59%] [32m[1mLinking CXX shared library libstream_motion.so[0m
[ 59%] Built target stream_motion
[ 60%] [32m[1mLinking CXX executable parse[0m
[ 61%] [32m[1mLinking CXX executable read[0m
[ 62%] [32m[1mLinking CXX executable sandbox[0m
[ 62%] Built target yaml-cpp-sandbox
[ 62%] Built target yaml-cpp-parse
[ 62%] Built target yaml-cpp-read
[ 63%] [32m[1mLinking CXX static library ../../../lib/libgtest.a[0m
[ 63%] Built target gtest
[ 65%] [32mBuilding CXX object _deps/googletest-build/googlemock/CMakeFiles/gmock.dir/src/gmock-all.cc.o[0m
[ 66%] [32mBuilding CXX object _deps/googletest-build/googletest/CMakeFiles/gtest_main.dir/src/gtest_main.cc.o[0m
[ 67%] [32m[1mLinking CXX static library ../../../lib/libgtest_main.a[0m
[ 67%] Built target gtest_main
[ 68%] [32mBuilding CXX object stream_motion/test/CMakeFiles/stream_motion_test.dir/stream_test.cpp.o[0m
[ 69%] [32m[1mLinking CXX static library ../../../lib/libgmock.a[0m
[ 69%] Built target gmock
[ 70%] [32mBuilding CXX object _deps/googletest-build/googlemock/CMakeFiles/gmock_main.dir/src/gmock_main.cc.o[0m
[ 72%] [32m[1mLinking CXX executable stream_motion_test[0m
[ 72%] Built target stream_motion_test
[ 73%] [32m[1mLinking CXX static library ../../../lib/libgmock_main.a[0m
[ 73%] Built target gmock_main
[ 75%] [32mBuilding CXX object _deps/reflect-cpp-build/CMakeFiles/reflectcpp.dir/src/reflectcpp_json.cpp.o[0m
[ 75%] [32mBuilding CXX object _deps/reflect-cpp-build/CMakeFiles/reflectcpp.dir/src/reflectcpp.cpp.o[0m
[ 77%] [32mBuilding CXX object _deps/reflect-cpp-build/CMakeFiles/reflectcpp.dir/src/yyjson.c.o[0m
[ 77%] [32mBuilding CXX object _deps/reflect-cpp-build/CMakeFiles/reflectcpp.dir/src/reflectcpp_yaml.cpp.o[0m
[ 79%] [32m[1mLinking CXX static library libreflectcpp.a[0m
[ 79%] Built target reflectcpp
[ 80%] [32mBuilding CXX object rmi/CMakeFiles/rmi.dir/src/rmi.cpp.o[0m
[ 81%] [32mBuilding CXX object gpio_config/CMakeFiles/gpio_config.dir/src/gpio_config.cpp.o[0m
[ 82%] [32mBuilding CXX object rmi/CMakeFiles/rmi.dir/src/serialization.cpp.o[0m
[ 83%] [32mBuilding CXX object rmi/CMakeFiles/rmi.dir/src/deserialization.cpp.o[0m
[ 84%] [32m[1mLinking CXX shared library libgpio_config.so[0m
[ 84%] Built target gpio_config
[ 86%] [32mBuilding CXX object gpio_config/test/CMakeFiles/gpio_config_test.dir/gpio_config_test.cpp.o[0m
[ 87%] [32m[1mLinking CXX executable gpio_config_test[0m
[ 87%] Built target gpio_config_test
[ 88%] [32m[1mLinking CXX shared library librmi.so[0m
[ 88%] Built target rmi
[ 89%] [32mBuilding CXX object fanuc_client/CMakeFiles/fanuc_client.dir/src/fanuc_client.cpp.o[0m
[ 90%] [32mBuilding CXX object rmi/test/CMakeFiles/rmi_test.dir/rmi_test.cpp.o[0m
[ 91%] [32mBuilding CXX object fanuc_client/CMakeFiles/fanuc_client.dir/src/gpio_buffer.cpp.o[0m
[ 93%] [32mBuilding CXX object fanuc_client/CMakeFiles/fanuc_client.dir/src/rmi_singleton.cpp.o[0m
[ 94%] [32m[1mLinking CXX executable rmi_test[0m
[ 94%] Built target rmi_test
[ 95%] [32m[1mLinking CXX shared library libfanuc_client.so[0m
[ 95%] Built target fanuc_client
[ 97%] [32mBuilding CXX object fanuc_client/test/CMakeFiles/gpio_buffer_test.dir/gpio_buffer_test.cpp.o[0m
[ 97%] [32mBuilding CXX object fanuc_client/test/CMakeFiles/fanuc_client_test.dir/fanuc_client_test.cpp.o[0m
[ 98%] [32m[1mLinking CXX executable gpio_buffer_test[0m
[ 98%] Built target gpio_buffer_test
[100%] [32m[1mLinking CXX executable fanuc_client_test[0m
[100%] Built target fanuc_client_test
-- Install configuration: ""
-- Installing: /home/hualde/misCosas/ws_fanuc/install/fanuc_libs/lib/libstream_motion.so
-- Installing: /home/hualde/misCosas/ws_fanuc/install/fanuc_libs/lib/librmi.so
-- Installing: /home/hualde/misCosas/ws_fanuc/install/fanuc_libs/lib/libfanuc_client.so
-- Set runtime path of "/home/hualde/misCosas/ws_fanuc/install/fanuc_libs/lib/libfanuc_client.so" to ""
-- Installing: /home/hualde/misCosas/ws_fanuc/install/fanuc_libs/lib/libgpio_config.so
-- Installing: /home/hualde/misCosas/ws_fanuc/install/fanuc_libs/lib/cmake/fanuc_libs/fanuc_libsTargets.cmake
-- Installing: /home/hualde/misCosas/ws_fanuc/install/fanuc_libs/lib/cmake/fanuc_libs/fanuc_libsTargets-noconfig.cmake
-- Installing: /home/hualde/misCosas/ws_fanuc/install/fanuc_libs/include
-- Installing: /home/hualde/misCosas/ws_fanuc/install/fanuc_libs/include/rmi
-- Installing: /home/hualde/misCosas/ws_fanuc/install/fanuc_libs/include/rmi/rmi.hpp
-- Installing: /home/hualde/misCosas/ws_fanuc/install/fanuc_libs/include/rmi/serialization.hpp
-- Installing: /home/hualde/misCosas/ws_fanuc/install/fanuc_libs/include/rmi/packets.hpp
-- Up-to-date: /home/hualde/misCosas/ws_fanuc/install/fanuc_libs/include
-- Installing: /home/hualde/misCosas/ws_fanuc/install/fanuc_libs/include/stream_motion
-- Installing: /home/hualde/misCosas/ws_fanuc/install/fanuc_libs/include/stream_motion/stream.hpp
-- Installing: /home/hualde/misCosas/ws_fanuc/install/fanuc_libs/include/stream_motion/byte_ops.hpp
-- Installing: /home/hualde/misCosas/ws_fanuc/install/fanuc_libs/include/stream_motion/packets.hpp
-- Up-to-date: /home/hualde/misCosas/ws_fanuc/install/fanuc_libs/include
-- Installing: /home/hualde/misCosas/ws_fanuc/install/fanuc_libs/include/fanuc_client
-- Installing: /home/hualde/misCosas/ws_fanuc/install/fanuc_libs/include/fanuc_client/fanuc_client.hpp
-- Installing: /home/hualde/misCosas/ws_fanuc/install/fanuc_libs/include/fanuc_client/gpio_buffer.hpp
-- Up-to-date: /home/hualde/misCosas/ws_fanuc/install/fanuc_libs/include
-- Installing: /home/hualde/misCosas/ws_fanuc/install/fanuc_libs/include/gpio_config
-- Installing: /home/hualde/misCosas/ws_fanuc/install/fanuc_libs/include/gpio_config/gpio_config.hpp
-- Installing: /home/hualde/misCosas/ws_fanuc/install/fanuc_libs/lib/cmake/fanuc_libs/fanuc_libsConfig.cmake
-- Installing: /home/hualde/misCosas/ws_fanuc/install/fanuc_libs/lib/cmake/fanuc_libs/fanuc_libsConfigVersion.cmake
