[0.019s] Invoking command in '/home/hualde/misCosas/ws_fanuc/build/fanuc_m10_description': CMAKE_PREFIX_PATH=${CMAKE_PREFIX_PATH}:/opt/ros/humble /usr/bin/cmake /home/hualde/misCosas/ws_fanuc/src/fanuc_description/fanuc_m10_description -DCMAKE_INSTALL_PREFIX=/home/hualde/misCosas/ws_fanuc/install/fanuc_m10_description
[0.134s] -- The C compiler identification is GNU 11.4.0
[0.172s] -- The CXX compiler identification is GNU 11.4.0
[0.178s] -- Detecting C compiler ABI info
[0.217s] -- Detecting C compiler ABI info - done
[0.223s] -- Check for working C compiler: /usr/bin/cc - skipped
[0.223s] -- Detecting C compile features
[0.223s] -- Detecting C compile features - done
[0.225s] -- Detecting CXX compiler ABI info
[0.274s] -- Detecting CXX compiler ABI info - done
[0.279s] -- Check for working CXX compiler: /usr/bin/c++ - skipped
[0.279s] -- Detecting CXX compile features
[0.279s] -- Detecting CXX compile features - done
[0.286s] -- Found ament_cmake: 1.3.12 (/opt/ros/humble/share/ament_cmake/cmake)
[0.370s] -- Found Python3: /usr/bin/python3 (found version "3.10.12") found components: Interpreter 
[0.491s] -- Configuring done
[0.491s] -- Generating done
[0.492s] -- Build files have been written to: /home/hualde/misCosas/ws_fanuc/build/fanuc_m10_description
[0.499s] Invoked command in '/home/hualde/misCosas/ws_fanuc/build/fanuc_m10_description' returned '0': CMAKE_PREFIX_PATH=${CMAKE_PREFIX_PATH}:/opt/ros/humble /usr/bin/cmake /home/hualde/misCosas/ws_fanuc/src/fanuc_description/fanuc_m10_description -DCMAKE_INSTALL_PREFIX=/home/hualde/misCosas/ws_fanuc/install/fanuc_m10_description
[0.500s] Invoking command in '/home/hualde/misCosas/ws_fanuc/build/fanuc_m10_description': CMAKE_PREFIX_PATH=${CMAKE_PREFIX_PATH}:/opt/ros/humble /usr/bin/cmake --build /home/hualde/misCosas/ws_fanuc/build/fanuc_m10_description -- -j16 -l16
[0.516s] Invoked command in '/home/hualde/misCosas/ws_fanuc/build/fanuc_m10_description' returned '0': CMAKE_PREFIX_PATH=${CMAKE_PREFIX_PATH}:/opt/ros/humble /usr/bin/cmake --build /home/hualde/misCosas/ws_fanuc/build/fanuc_m10_description -- -j16 -l16
[0.516s] Invoking command in '/home/hualde/misCosas/ws_fanuc/build/fanuc_m10_description': CMAKE_PREFIX_PATH=${CMAKE_PREFIX_PATH}:/opt/ros/humble /usr/bin/cmake --install /home/hualde/misCosas/ws_fanuc/build/fanuc_m10_description
[0.522s] -- Install configuration: ""
[0.522s] -- Installing: /home/hualde/misCosas/ws_fanuc/install/fanuc_m10_description/share/fanuc_m10_description//launch
[0.522s] -- Installing: /home/hualde/misCosas/ws_fanuc/install/fanuc_m10_description/share/fanuc_m10_description//launch/view_m10.launch.py
[0.522s] -- Installing: /home/hualde/misCosas/ws_fanuc/install/fanuc_m10_description/share/fanuc_m10_description//meshes
[0.523s] -- Installing: /home/hualde/misCosas/ws_fanuc/install/fanuc_m10_description/share/fanuc_m10_description//meshes/m10_12-14d
[0.523s] -- Installing: /home/hualde/misCosas/ws_fanuc/install/fanuc_m10_description/share/fanuc_m10_description//meshes/m10_12-14d/visual
[0.523s] -- Installing: /home/hualde/misCosas/ws_fanuc/install/fanuc_m10_description/share/fanuc_m10_description//meshes/m10_12-14d/visual/j6.dae
[0.524s] -- Installing: /home/hualde/misCosas/ws_fanuc/install/fanuc_m10_description/share/fanuc_m10_description//meshes/m10_12-14d/visual/j1.dae
[0.525s] -- Installing: /home/hualde/misCosas/ws_fanuc/install/fanuc_m10_description/share/fanuc_m10_description//meshes/m10_12-14d/visual/j5.dae
[0.526s] -- Installing: /home/hualde/misCosas/ws_fanuc/install/fanuc_m10_description/share/fanuc_m10_description//meshes/m10_12-14d/visual/base.dae
[0.528s] -- Installing: /home/hualde/misCosas/ws_fanuc/install/fanuc_m10_description/share/fanuc_m10_description//meshes/m10_12-14d/visual/j2.dae
[0.531s] -- Installing: /home/hualde/misCosas/ws_fanuc/install/fanuc_m10_description/share/fanuc_m10_description//meshes/m10_12-14d/visual/j3.dae
[0.533s] -- Installing: /home/hualde/misCosas/ws_fanuc/install/fanuc_m10_description/share/fanuc_m10_description//meshes/m10_12-14d/visual/j4.dae
[0.535s] -- Installing: /home/hualde/misCosas/ws_fanuc/install/fanuc_m10_description/share/fanuc_m10_description//meshes/m10_12-14d/collision
[0.536s] -- Installing: /home/hualde/misCosas/ws_fanuc/install/fanuc_m10_description/share/fanuc_m10_description//meshes/m10_12-14d/collision/j6.stl
[0.536s] -- Installing: /home/hualde/misCosas/ws_fanuc/install/fanuc_m10_description/share/fanuc_m10_description//meshes/m10_12-14d/collision/j1.stl
[0.538s] -- Installing: /home/hualde/misCosas/ws_fanuc/install/fanuc_m10_description/share/fanuc_m10_description//meshes/m10_12-14d/collision/j2.stl
[0.538s] -- Installing: /home/hualde/misCosas/ws_fanuc/install/fanuc_m10_description/share/fanuc_m10_description//meshes/m10_12-14d/collision/base.stl
[0.539s] -- Installing: /home/hualde/misCosas/ws_fanuc/install/fanuc_m10_description/share/fanuc_m10_description//meshes/m10_12-14d/collision/j3.stl
[0.539s] -- Installing: /home/hualde/misCosas/ws_fanuc/install/fanuc_m10_description/share/fanuc_m10_description//meshes/m10_12-14d/collision/j4.stl
[0.541s] -- Installing: /home/hualde/misCosas/ws_fanuc/install/fanuc_m10_description/share/fanuc_m10_description//meshes/m10_12-14d/collision/j5.stl
[0.541s] -- Installing: /home/hualde/misCosas/ws_fanuc/install/fanuc_m10_description/share/fanuc_m10_description//urdf
[0.541s] -- Installing: /home/hualde/misCosas/ws_fanuc/install/fanuc_m10_description/share/fanuc_m10_description//urdf/m10_12-14d_urdf_macro.xacro
[0.542s] -- Installing: /home/hualde/misCosas/ws_fanuc/install/fanuc_m10_description/share/fanuc_m10_description//robot
[0.542s] -- Installing: /home/hualde/misCosas/ws_fanuc/install/fanuc_m10_description/share/fanuc_m10_description//robot/m10_12-14d.urdf.xacro
[0.542s] -- Installing: /home/hualde/misCosas/ws_fanuc/install/fanuc_m10_description/share/fanuc_m10_description//rviz
[0.542s] -- Installing: /home/hualde/misCosas/ws_fanuc/install/fanuc_m10_description/share/fanuc_m10_description//rviz/view_m10.rviz
[0.542s] -- Installing: /home/hualde/misCosas/ws_fanuc/install/fanuc_m10_description/share/ament_index/resource_index/package_run_dependencies/fanuc_m10_description
[0.542s] -- Installing: /home/hualde/misCosas/ws_fanuc/install/fanuc_m10_description/share/ament_index/resource_index/parent_prefix_path/fanuc_m10_description
[0.543s] -- Installing: /home/hualde/misCosas/ws_fanuc/install/fanuc_m10_description/share/fanuc_m10_description/environment/ament_prefix_path.sh
[0.543s] -- Installing: /home/hualde/misCosas/ws_fanuc/install/fanuc_m10_description/share/fanuc_m10_description/environment/ament_prefix_path.dsv
[0.543s] -- Installing: /home/hualde/misCosas/ws_fanuc/install/fanuc_m10_description/share/fanuc_m10_description/environment/path.sh
[0.543s] -- Installing: /home/hualde/misCosas/ws_fanuc/install/fanuc_m10_description/share/fanuc_m10_description/environment/path.dsv
[0.543s] -- Installing: /home/hualde/misCosas/ws_fanuc/install/fanuc_m10_description/share/fanuc_m10_description/local_setup.bash
[0.543s] -- Installing: /home/hualde/misCosas/ws_fanuc/install/fanuc_m10_description/share/fanuc_m10_description/local_setup.sh
[0.543s] -- Installing: /home/hualde/misCosas/ws_fanuc/install/fanuc_m10_description/share/fanuc_m10_description/local_setup.zsh
[0.543s] -- Installing: /home/hualde/misCosas/ws_fanuc/install/fanuc_m10_description/share/fanuc_m10_description/local_setup.dsv
[0.543s] -- Installing: /home/hualde/misCosas/ws_fanuc/install/fanuc_m10_description/share/fanuc_m10_description/package.dsv
[0.543s] -- Installing: /home/hualde/misCosas/ws_fanuc/install/fanuc_m10_description/share/ament_index/resource_index/packages/fanuc_m10_description
[0.543s] -- Installing: /home/hualde/misCosas/ws_fanuc/install/fanuc_m10_description/share/fanuc_m10_description/cmake/fanuc_m10_descriptionConfig.cmake
[0.544s] -- Installing: /home/hualde/misCosas/ws_fanuc/install/fanuc_m10_description/share/fanuc_m10_description/cmake/fanuc_m10_descriptionConfig-version.cmake
[0.544s] -- Installing: /home/hualde/misCosas/ws_fanuc/install/fanuc_m10_description/share/fanuc_m10_description/package.xml
[0.547s] Invoked command in '/home/hualde/misCosas/ws_fanuc/build/fanuc_m10_description' returned '0': CMAKE_PREFIX_PATH=${CMAKE_PREFIX_PATH}:/opt/ros/humble /usr/bin/cmake --install /home/hualde/misCosas/ws_fanuc/build/fanuc_m10_description
