[0.006s] Invoking command in '/home/hualde/misCosas/ws_fanuc/build/fanuc_hardware_interface': CMAKE_PREFIX_PATH=/home/hualde/misCosas/ws_fanuc/install/fanuc_libs:/home/hualde/misCosas/ws_fanuc/install/slider_publisher:/home/hualde/misCosas/ws_fanuc/install/mi_fanuc:/home/hualde/misCosas/ws_fanuc/install/fanuc_r2000_description:/home/hualde/misCosas/ws_fanuc/install/fanuc_r1000ia_description:/home/hualde/misCosas/ws_fanuc/install/fanuc_controllers:/home/hualde/misCosas/ws_fanuc/install/fanuc_msgs:/home/hualde/misCosas/ws_fanuc/install/fanuc_moveit_config:/home/hualde/misCosas/ws_fanuc/install/fanuc_m20_description:/home/hualde/misCosas/ws_fanuc/install/fanuc_m10_description:/home/hualde/misCosas/ws_fanuc/install/fanuc_lrmate_description:/home/hualde/misCosas/ws_fanuc/install/fanuc_forward_command:/home/hualde/misCosas/ws_fanuc/install/fanuc_hardware_interface:/home/hualde/misCosas/ws_fanuc/install/fanuc_crx_description:/opt/ros/humble LD_LIBRARY_PATH=/home/hualde/misCosas/ws_fanuc/install/fanuc_libs/lib:/home/hualde/misCosas/ws_fanuc/install/fanuc_msgs/lib:/usr/lib/x86_64-linux-gnu/gazebo-11/plugins:/opt/ros/humble/opt/rviz_ogre_vendor/lib:/opt/ros/humble/lib/x86_64-linux-gnu:/opt/ros/humble/lib /usr/bin/cmake --build /home/hualde/misCosas/ws_fanuc/build/fanuc_hardware_interface -- -j16 -l16
[0.028s] [100%] Built target fanuc_robot_driver
[0.033s] Invoked command in '/home/hualde/misCosas/ws_fanuc/build/fanuc_hardware_interface' returned '0': CMAKE_PREFIX_PATH=/home/hualde/misCosas/ws_fanuc/install/fanuc_libs:/home/hualde/misCosas/ws_fanuc/install/slider_publisher:/home/hualde/misCosas/ws_fanuc/install/mi_fanuc:/home/hualde/misCosas/ws_fanuc/install/fanuc_r2000_description:/home/hualde/misCosas/ws_fanuc/install/fanuc_r1000ia_description:/home/hualde/misCosas/ws_fanuc/install/fanuc_controllers:/home/hualde/misCosas/ws_fanuc/install/fanuc_msgs:/home/hualde/misCosas/ws_fanuc/install/fanuc_moveit_config:/home/hualde/misCosas/ws_fanuc/install/fanuc_m20_description:/home/hualde/misCosas/ws_fanuc/install/fanuc_m10_description:/home/hualde/misCosas/ws_fanuc/install/fanuc_lrmate_description:/home/hualde/misCosas/ws_fanuc/install/fanuc_forward_command:/home/hualde/misCosas/ws_fanuc/install/fanuc_hardware_interface:/home/hualde/misCosas/ws_fanuc/install/fanuc_crx_description:/opt/ros/humble LD_LIBRARY_PATH=/home/hualde/misCosas/ws_fanuc/install/fanuc_libs/lib:/home/hualde/misCosas/ws_fanuc/install/fanuc_msgs/lib:/usr/lib/x86_64-linux-gnu/gazebo-11/plugins:/opt/ros/humble/opt/rviz_ogre_vendor/lib:/opt/ros/humble/lib/x86_64-linux-gnu:/opt/ros/humble/lib /usr/bin/cmake --build /home/hualde/misCosas/ws_fanuc/build/fanuc_hardware_interface -- -j16 -l16
[0.034s] Invoking command in '/home/hualde/misCosas/ws_fanuc/build/fanuc_hardware_interface': CMAKE_PREFIX_PATH=/home/hualde/misCosas/ws_fanuc/install/fanuc_libs:/home/hualde/misCosas/ws_fanuc/install/slider_publisher:/home/hualde/misCosas/ws_fanuc/install/mi_fanuc:/home/hualde/misCosas/ws_fanuc/install/fanuc_r2000_description:/home/hualde/misCosas/ws_fanuc/install/fanuc_r1000ia_description:/home/hualde/misCosas/ws_fanuc/install/fanuc_controllers:/home/hualde/misCosas/ws_fanuc/install/fanuc_msgs:/home/hualde/misCosas/ws_fanuc/install/fanuc_moveit_config:/home/hualde/misCosas/ws_fanuc/install/fanuc_m20_description:/home/hualde/misCosas/ws_fanuc/install/fanuc_m10_description:/home/hualde/misCosas/ws_fanuc/install/fanuc_lrmate_description:/home/hualde/misCosas/ws_fanuc/install/fanuc_forward_command:/home/hualde/misCosas/ws_fanuc/install/fanuc_hardware_interface:/home/hualde/misCosas/ws_fanuc/install/fanuc_crx_description:/opt/ros/humble LD_LIBRARY_PATH=/home/hualde/misCosas/ws_fanuc/install/fanuc_libs/lib:/home/hualde/misCosas/ws_fanuc/install/fanuc_msgs/lib:/usr/lib/x86_64-linux-gnu/gazebo-11/plugins:/opt/ros/humble/opt/rviz_ogre_vendor/lib:/opt/ros/humble/lib/x86_64-linux-gnu:/opt/ros/humble/lib /usr/bin/cmake --install /home/hualde/misCosas/ws_fanuc/build/fanuc_hardware_interface
[0.037s] -- Install configuration: ""
[0.037s] -- Up-to-date: /home/hualde/misCosas/ws_fanuc/install/fanuc_hardware_interface/share/fanuc_hardware_interface/hardware_interface_plugin.xml
[0.037s] -- Up-to-date: /home/hualde/misCosas/ws_fanuc/install/fanuc_hardware_interface/lib/fanuc_hardware_interface/libfanuc_robot_driver.so
[0.037s] -- Up-to-date: /home/hualde/misCosas/ws_fanuc/install/fanuc_hardware_interface/include/
[0.037s] -- Up-to-date: /home/hualde/misCosas/ws_fanuc/install/fanuc_hardware_interface/include//fanuc_robot_driver
[0.037s] -- Up-to-date: /home/hualde/misCosas/ws_fanuc/install/fanuc_hardware_interface/include//fanuc_robot_driver/constants.hpp
[0.037s] -- Up-to-date: /home/hualde/misCosas/ws_fanuc/install/fanuc_hardware_interface/include//fanuc_robot_driver/hardware_interface.hpp
[0.037s] -- Up-to-date: /home/hualde/misCosas/ws_fanuc/install/fanuc_hardware_interface/share/fanuc_hardware_interface/config
[0.037s] -- Up-to-date: /home/hualde/misCosas/ws_fanuc/install/fanuc_hardware_interface/share/fanuc_hardware_interface/config/crx_mock_ros2_control_macro.xacro
[0.037s] -- Up-to-date: /home/hualde/misCosas/ws_fanuc/install/fanuc_hardware_interface/share/fanuc_hardware_interface/config/example_ros2_controllers.yaml
[0.037s] -- Up-to-date: /home/hualde/misCosas/ws_fanuc/install/fanuc_hardware_interface/share/fanuc_hardware_interface/config/example_gpio_config.yaml
[0.038s] -- Up-to-date: /home/hualde/misCosas/ws_fanuc/install/fanuc_hardware_interface/share/fanuc_hardware_interface/config/example_gpio_config_small.yaml
[0.038s] -- Up-to-date: /home/hualde/misCosas/ws_fanuc/install/fanuc_hardware_interface/share/fanuc_hardware_interface/config/crx_physical_ros2_control_macro.xacro
[0.038s] -- Up-to-date: /home/hualde/misCosas/ws_fanuc/install/fanuc_hardware_interface/share/fanuc_hardware_interface/config/6dof_robot_physical_ros2_control_macro.xacro
[0.038s] -- Up-to-date: /home/hualde/misCosas/ws_fanuc/install/fanuc_hardware_interface/share/fanuc_hardware_interface/config/6dof_robot_mock_ros2_control_macro.xacro
[0.038s] -- Up-to-date: /home/hualde/misCosas/ws_fanuc/install/fanuc_hardware_interface/share/fanuc_hardware_interface/config/ros2_controllers.yaml
[0.038s] -- Up-to-date: /home/hualde/misCosas/ws_fanuc/install/fanuc_hardware_interface/share/fanuc_hardware_interface/launch
[0.038s] -- Up-to-date: /home/hualde/misCosas/ws_fanuc/install/fanuc_hardware_interface/share/fanuc_hardware_interface/launch/fanuc_mock_control.launch.py
[0.038s] -- Up-to-date: /home/hualde/misCosas/ws_fanuc/install/fanuc_hardware_interface/share/fanuc_hardware_interface/launch/fanuc_physical_control.launch.py
[0.038s] -- Up-to-date: /home/hualde/misCosas/ws_fanuc/install/fanuc_hardware_interface/share/fanuc_hardware_interface/robot
[0.038s] -- Up-to-date: /home/hualde/misCosas/ws_fanuc/install/fanuc_hardware_interface/share/fanuc_hardware_interface/robot/crx5ia.urdf.xacro
[0.038s] -- Up-to-date: /home/hualde/misCosas/ws_fanuc/install/fanuc_hardware_interface/share/fanuc_hardware_interface/robot/crx20ia_l.urdf.xacro
[0.038s] -- Up-to-date: /home/hualde/misCosas/ws_fanuc/install/fanuc_hardware_interface/share/fanuc_hardware_interface/robot/crx30ia.urdf.xacro
[0.038s] -- Up-to-date: /home/hualde/misCosas/ws_fanuc/install/fanuc_hardware_interface/share/fanuc_hardware_interface/robot/crx10ia_l.urdf.xacro
[0.038s] -- Up-to-date: /home/hualde/misCosas/ws_fanuc/install/fanuc_hardware_interface/share/fanuc_hardware_interface/robot/6dof_robot.urdf.xacro
[0.038s] -- Up-to-date: /home/hualde/misCosas/ws_fanuc/install/fanuc_hardware_interface/share/fanuc_hardware_interface/robot/crx10ia.urdf.xacro
[0.038s] -- Up-to-date: /home/hualde/misCosas/ws_fanuc/install/fanuc_hardware_interface/share/ament_index/resource_index/package_run_dependencies/fanuc_hardware_interface
[0.038s] -- Up-to-date: /home/hualde/misCosas/ws_fanuc/install/fanuc_hardware_interface/share/ament_index/resource_index/parent_prefix_path/fanuc_hardware_interface
[0.038s] -- Up-to-date: /home/hualde/misCosas/ws_fanuc/install/fanuc_hardware_interface/share/fanuc_hardware_interface/environment/ament_prefix_path.sh
[0.038s] -- Up-to-date: /home/hualde/misCosas/ws_fanuc/install/fanuc_hardware_interface/share/fanuc_hardware_interface/environment/ament_prefix_path.dsv
[0.038s] -- Up-to-date: /home/hualde/misCosas/ws_fanuc/install/fanuc_hardware_interface/share/fanuc_hardware_interface/environment/path.sh
[0.038s] -- Up-to-date: /home/hualde/misCosas/ws_fanuc/install/fanuc_hardware_interface/share/fanuc_hardware_interface/environment/path.dsv
[0.039s] -- Up-to-date: /home/hualde/misCosas/ws_fanuc/install/fanuc_hardware_interface/share/fanuc_hardware_interface/local_setup.bash
[0.039s] -- Up-to-date: /home/hualde/misCosas/ws_fanuc/install/fanuc_hardware_interface/share/fanuc_hardware_interface/local_setup.sh
[0.039s] -- Up-to-date: /home/hualde/misCosas/ws_fanuc/install/fanuc_hardware_interface/share/fanuc_hardware_interface/local_setup.zsh
[0.039s] -- Up-to-date: /home/hualde/misCosas/ws_fanuc/install/fanuc_hardware_interface/share/fanuc_hardware_interface/local_setup.dsv
[0.039s] -- Installing: /home/hualde/misCosas/ws_fanuc/install/fanuc_hardware_interface/share/fanuc_hardware_interface/package.dsv
[0.039s] -- Up-to-date: /home/hualde/misCosas/ws_fanuc/install/fanuc_hardware_interface/share/ament_index/resource_index/packages/fanuc_hardware_interface
[0.039s] -- Up-to-date: /home/hualde/misCosas/ws_fanuc/install/fanuc_hardware_interface/share/ament_index/resource_index/hardware_interface__pluginlib__plugin/fanuc_hardware_interface
[0.039s] -- Up-to-date: /home/hualde/misCosas/ws_fanuc/install/fanuc_hardware_interface/share/fanuc_hardware_interface/cmake/export_fanuc_hardware_interface_constantsExport.cmake
[0.039s] -- Up-to-date: /home/hualde/misCosas/ws_fanuc/install/fanuc_hardware_interface/share/fanuc_hardware_interface/cmake/ament_cmake_export_targets-extras.cmake
[0.039s] -- Up-to-date: /home/hualde/misCosas/ws_fanuc/install/fanuc_hardware_interface/share/fanuc_hardware_interface/cmake/fanuc_hardware_interfaceConfig.cmake
[0.039s] -- Up-to-date: /home/hualde/misCosas/ws_fanuc/install/fanuc_hardware_interface/share/fanuc_hardware_interface/cmake/fanuc_hardware_interfaceConfig-version.cmake
[0.039s] -- Up-to-date: /home/hualde/misCosas/ws_fanuc/install/fanuc_hardware_interface/share/fanuc_hardware_interface/package.xml
[0.040s] Invoked command in '/home/hualde/misCosas/ws_fanuc/build/fanuc_hardware_interface' returned '0': CMAKE_PREFIX_PATH=/home/hualde/misCosas/ws_fanuc/install/fanuc_libs:/home/hualde/misCosas/ws_fanuc/install/slider_publisher:/home/hualde/misCosas/ws_fanuc/install/mi_fanuc:/home/hualde/misCosas/ws_fanuc/install/fanuc_r2000_description:/home/hualde/misCosas/ws_fanuc/install/fanuc_r1000ia_description:/home/hualde/misCosas/ws_fanuc/install/fanuc_controllers:/home/hualde/misCosas/ws_fanuc/install/fanuc_msgs:/home/hualde/misCosas/ws_fanuc/install/fanuc_moveit_config:/home/hualde/misCosas/ws_fanuc/install/fanuc_m20_description:/home/hualde/misCosas/ws_fanuc/install/fanuc_m10_description:/home/hualde/misCosas/ws_fanuc/install/fanuc_lrmate_description:/home/hualde/misCosas/ws_fanuc/install/fanuc_forward_command:/home/hualde/misCosas/ws_fanuc/install/fanuc_hardware_interface:/home/hualde/misCosas/ws_fanuc/install/fanuc_crx_description:/opt/ros/humble LD_LIBRARY_PATH=/home/hualde/misCosas/ws_fanuc/install/fanuc_libs/lib:/home/hualde/misCosas/ws_fanuc/install/fanuc_msgs/lib:/usr/lib/x86_64-linux-gnu/gazebo-11/plugins:/opt/ros/humble/opt/rviz_ogre_vendor/lib:/opt/ros/humble/lib/x86_64-linux-gnu:/opt/ros/humble/lib /usr/bin/cmake --install /home/hualde/misCosas/ws_fanuc/build/fanuc_hardware_interface
