-- The C compiler identification is GNU 11.4.0
-- The CXX compiler identification is GNU 11.4.0
-- Detecting C compiler ABI info
-- Detecting C compiler ABI info - done
-- Check for working C compiler: /usr/bin/cc - skipped
-- Detecting C compile features
-- Detecting C compile features - done
-- Detecting CXX compiler ABI info
-- Detecting CXX compiler ABI info - done
-- Check for working CXX compiler: /usr/bin/c++ - skipped
-- Detecting CXX compile features
-- Detecting CXX compile features - done
-- Found ament_cmake: 1.3.12 (/opt/ros/humble/share/ament_cmake/cmake)
-- Found Python3: /usr/bin/python3 (found version "3.10.12") found components: Interpreter 
-- Found moveit_ros_control_interface: 2.5.9 (/opt/ros/humble/share/moveit_ros_control_interface/cmake)
-- Found Boost: /usr/lib/x86_64-linux-gnu/cmake/Boost-1.74.0/BoostConfig.cmake (found version "1.74.0") found components: system thread 
-- Found rosidl_generator_c: 3.1.7 (/opt/ros/humble/share/rosidl_generator_c/cmake)
-- Found rosidl_adapter: 3.1.7 (/opt/ros/humble/share/rosidl_adapter/cmake)
-- Found rosidl_generator_cpp: 3.1.7 (/opt/ros/humble/share/rosidl_generator_cpp/cmake)
-- Using all available rosidl_typesupport_c: rosidl_typesupport_fastrtps_c;rosidl_typesupport_introspection_c
-- Using all available rosidl_typesupport_cpp: rosidl_typesupport_fastrtps_cpp;rosidl_typesupport_introspection_cpp
-- Found rmw_implementation_cmake: 6.1.2 (/opt/ros/humble/share/rmw_implementation_cmake/cmake)
-- Found rmw_fastrtps_cpp: 6.2.9 (/opt/ros/humble/share/rmw_fastrtps_cpp/cmake)
-- Found OpenSSL: /usr/lib/x86_64-linux-gnu/libcrypto.so (found version "3.0.2")  
-- Found FastRTPS: /opt/ros/humble/include  
-- Using RMW implementation 'rmw_fastrtps_cpp' as default
-- Found Threads: TRUE  
-- Found Boost: /usr/lib/x86_64-linux-gnu/cmake/Boost-1.74.0/BoostConfig.cmake (found version "1.74.0") found components: chrono date_time filesystem iostreams program_options regex serialization system thread 
-- Found parameter_traits: 0.5.0 (/opt/ros/humble/share/parameter_traits/cmake)
-- Found rclcpp_lifecycle: 16.0.16 (/opt/ros/humble/share/rclcpp_lifecycle/cmake)
-- Found Boost: /usr/lib/x86_64-linux-gnu/cmake/Boost-1.74.0/BoostConfig.cmake (found version "1.74.0") found components: filesystem 
-- library: /usr/lib/x86_64-linux-gnu/libcurl.so
-- Found Eigen3: TRUE (found version "3.4.0") 
-- Ensuring Eigen3 include directory is part of orocos-kdl CMake target
-- Found Boost: /usr/lib/x86_64-linux-gnu/cmake/Boost-1.74.0/BoostConfig.cmake (found version "1.74.0") found components: thread 
-- Configuring done
-- Generating done
-- Build files have been written to: /home/hualde/misCosas/ws_fanuc/build/fanuc_moveit_config
[ 50%] [32mBuilding CXX object CMakeFiles/fanuc_controllers_moveit_trajectory_plugin.dir/src/fanuc_controllers_moveit_trajectory_plugin.cpp.o[0m
[100%] [32m[1mLinking CXX shared library libfanuc_controllers_moveit_trajectory_plugin.so[0m
[100%] Built target fanuc_controllers_moveit_trajectory_plugin
-- Install configuration: ""
-- Installing: /home/hualde/misCosas/ws_fanuc/install/fanuc_moveit_config/share/fanuc_moveit_config/fanuc_controllers_moveit_trajectory_plugin.xml
-- Up-to-date: /home/hualde/misCosas/ws_fanuc/install/fanuc_moveit_config/share/fanuc_moveit_config/fanuc_controllers_moveit_trajectory_plugin.xml
-- Installing: /home/hualde/misCosas/ws_fanuc/install/fanuc_moveit_config/lib/fanuc_moveit_config/libfanuc_controllers_moveit_trajectory_plugin.so
-- Set runtime path of "/home/hualde/misCosas/ws_fanuc/install/fanuc_moveit_config/lib/fanuc_moveit_config/libfanuc_controllers_moveit_trajectory_plugin.so" to ""
-- Installing: /home/hualde/misCosas/ws_fanuc/install/fanuc_moveit_config/share/fanuc_moveit_config/config
-- Installing: /home/hualde/misCosas/ws_fanuc/install/fanuc_moveit_config/share/fanuc_moveit_config/config/joint_limits.yaml
-- Installing: /home/hualde/misCosas/ws_fanuc/install/fanuc_moveit_config/share/fanuc_moveit_config/config/kinematics.yaml
-- Installing: /home/hualde/misCosas/ws_fanuc/install/fanuc_moveit_config/share/fanuc_moveit_config/config/initial_positions.yaml
-- Installing: /home/hualde/misCosas/ws_fanuc/install/fanuc_moveit_config/share/fanuc_moveit_config/config/ompl_planning.yaml
-- Installing: /home/hualde/misCosas/ws_fanuc/install/fanuc_moveit_config/share/fanuc_moveit_config/config/moveit_controllers.yaml
-- Installing: /home/hualde/misCosas/ws_fanuc/install/fanuc_moveit_config/share/fanuc_moveit_config/config/servo.yaml
-- Installing: /home/hualde/misCosas/ws_fanuc/install/fanuc_moveit_config/share/fanuc_moveit_config/launch
-- Installing: /home/hualde/misCosas/ws_fanuc/install/fanuc_moveit_config/share/fanuc_moveit_config/launch/fanuc_moveit_template.launch.py
-- Installing: /home/hualde/misCosas/ws_fanuc/install/fanuc_moveit_config/share/fanuc_moveit_config/launch/fanuc_moveit.launch.py
-- Installing: /home/hualde/misCosas/ws_fanuc/install/fanuc_moveit_config/share/fanuc_moveit_config/rviz
-- Installing: /home/hualde/misCosas/ws_fanuc/install/fanuc_moveit_config/share/fanuc_moveit_config/rviz/view_robot.rviz
-- Installing: /home/hualde/misCosas/ws_fanuc/install/fanuc_moveit_config/share/fanuc_moveit_config/srdf
-- Installing: /home/hualde/misCosas/ws_fanuc/install/fanuc_moveit_config/share/fanuc_moveit_config/srdf/crx30ia.srdf
-- Installing: /home/hualde/misCosas/ws_fanuc/install/fanuc_moveit_config/share/fanuc_moveit_config/srdf/crx5ia.srdf
-- Installing: /home/hualde/misCosas/ws_fanuc/install/fanuc_moveit_config/share/fanuc_moveit_config/srdf/crx20ia_l.srdf
-- Installing: /home/hualde/misCosas/ws_fanuc/install/fanuc_moveit_config/share/fanuc_moveit_config/srdf/crx10ia_l.srdf
-- Installing: /home/hualde/misCosas/ws_fanuc/install/fanuc_moveit_config/share/fanuc_moveit_config/srdf/crx10ia.srdf
-- Installing: /home/hualde/misCosas/ws_fanuc/install/fanuc_moveit_config/share/ament_index/resource_index/package_run_dependencies/fanuc_moveit_config
-- Installing: /home/hualde/misCosas/ws_fanuc/install/fanuc_moveit_config/share/ament_index/resource_index/parent_prefix_path/fanuc_moveit_config
-- Installing: /home/hualde/misCosas/ws_fanuc/install/fanuc_moveit_config/share/fanuc_moveit_config/environment/ament_prefix_path.sh
-- Installing: /home/hualde/misCosas/ws_fanuc/install/fanuc_moveit_config/share/fanuc_moveit_config/environment/ament_prefix_path.dsv
-- Installing: /home/hualde/misCosas/ws_fanuc/install/fanuc_moveit_config/share/fanuc_moveit_config/environment/path.sh
-- Installing: /home/hualde/misCosas/ws_fanuc/install/fanuc_moveit_config/share/fanuc_moveit_config/environment/path.dsv
-- Installing: /home/hualde/misCosas/ws_fanuc/install/fanuc_moveit_config/share/fanuc_moveit_config/local_setup.bash
-- Installing: /home/hualde/misCosas/ws_fanuc/install/fanuc_moveit_config/share/fanuc_moveit_config/local_setup.sh
-- Installing: /home/hualde/misCosas/ws_fanuc/install/fanuc_moveit_config/share/fanuc_moveit_config/local_setup.zsh
-- Installing: /home/hualde/misCosas/ws_fanuc/install/fanuc_moveit_config/share/fanuc_moveit_config/local_setup.dsv
-- Installing: /home/hualde/misCosas/ws_fanuc/install/fanuc_moveit_config/share/fanuc_moveit_config/package.dsv
-- Installing: /home/hualde/misCosas/ws_fanuc/install/fanuc_moveit_config/share/ament_index/resource_index/packages/fanuc_moveit_config
-- Installing: /home/hualde/misCosas/ws_fanuc/install/fanuc_moveit_config/share/ament_index/resource_index/moveit_ros_control_interface__pluginlib__plugin/fanuc_moveit_config
-- Installing: /home/hualde/misCosas/ws_fanuc/install/fanuc_moveit_config/share/fanuc_moveit_config/cmake/fanuc_moveit_configConfig.cmake
-- Installing: /home/hualde/misCosas/ws_fanuc/install/fanuc_moveit_config/share/fanuc_moveit_config/cmake/fanuc_moveit_configConfig-version.cmake
-- Installing: /home/hualde/misCosas/ws_fanuc/install/fanuc_moveit_config/share/fanuc_moveit_config/package.xml
