[0.007s] Invoking command in '/home/hualde/misCosas/ws_fanuc/build/fanuc_moveit_config': CMAKE_PREFIX_PATH=/home/hualde/misCosas/ws_fanuc/install/fanuc_crx_description:/home/hualde/misCosas/ws_fanuc/install/slider_publisher:/home/hualde/misCosas/ws_fanuc/install/mi_fanuc:/home/hualde/misCosas/ws_fanuc/install/fanuc_r2000_description:/home/hualde/misCosas/ws_fanuc/install/fanuc_r1000ia_description:/home/hualde/misCosas/ws_fanuc/install/fanuc_controllers:/home/hualde/misCosas/ws_fanuc/install/fanuc_msgs:/home/hualde/misCosas/ws_fanuc/install/fanuc_moveit_config:/home/hualde/misCosas/ws_fanuc/install/fanuc_m20_description:/home/hualde/misCosas/ws_fanuc/install/fanuc_m10_description:/home/hualde/misCosas/ws_fanuc/install/fanuc_lrmate_description:/home/hualde/misCosas/ws_fanuc/install/fanuc_forward_command:/home/hualde/misCosas/ws_fanuc/install/fanuc_hardware_interface:/home/hualde/misCosas/ws_fanuc/install/fanuc_libs:/opt/ros/humble /usr/bin/cmake /home/hualde/misCosas/ws_fanuc/src/fanuc_driver/fanuc_moveit_config -DCMAKE_INSTALL_PREFIX=/home/hualde/misCosas/ws_fanuc/install/fanuc_moveit_config
[0.038s] -- The C compiler identification is GNU 11.4.0
[0.073s] -- The CXX compiler identification is GNU 11.4.0
[0.080s] -- Detecting C compiler ABI info
[0.116s] -- Detecting C compiler ABI info - done
[0.120s] -- Check for working C compiler: /usr/bin/cc - skipped
[0.120s] -- Detecting C compile features
[0.121s] -- Detecting C compile features - done
[0.122s] -- Detecting CXX compiler ABI info
[0.163s] -- Detecting CXX compiler ABI info - done
[0.168s] -- Check for working CXX compiler: /usr/bin/c++ - skipped
[0.168s] -- Detecting CXX compile features
[0.168s] -- Detecting CXX compile features - done
[0.170s] -- Found ament_cmake: 1.3.12 (/opt/ros/humble/share/ament_cmake/cmake)
[0.240s] -- Found Python3: /usr/bin/python3 (found version "3.10.12") found components: Interpreter 
[0.301s] -- Found moveit_ros_control_interface: 2.5.9 (/opt/ros/humble/share/moveit_ros_control_interface/cmake)
[0.363s] -- Found Boost: /usr/lib/x86_64-linux-gnu/cmake/Boost-1.74.0/BoostConfig.cmake (found version "1.74.0") found components: system thread 
[0.402s] -- Found rosidl_generator_c: 3.1.7 (/opt/ros/humble/share/rosidl_generator_c/cmake)
[0.406s] -- Found rosidl_adapter: 3.1.7 (/opt/ros/humble/share/rosidl_adapter/cmake)
[0.413s] -- Found rosidl_generator_cpp: 3.1.7 (/opt/ros/humble/share/rosidl_generator_cpp/cmake)
[0.421s] -- Using all available rosidl_typesupport_c: rosidl_typesupport_fastrtps_c;rosidl_typesupport_introspection_c
[0.433s] -- Using all available rosidl_typesupport_cpp: rosidl_typesupport_fastrtps_cpp;rosidl_typesupport_introspection_cpp
[0.498s] -- Found rmw_implementation_cmake: 6.1.2 (/opt/ros/humble/share/rmw_implementation_cmake/cmake)
[0.501s] -- Found rmw_fastrtps_cpp: 6.2.9 (/opt/ros/humble/share/rmw_fastrtps_cpp/cmake)
[0.561s] -- Found OpenSSL: /usr/lib/x86_64-linux-gnu/libcrypto.so (found version "3.0.2")  
[0.585s] -- Found FastRTPS: /opt/ros/humble/include  
[0.619s] -- Using RMW implementation 'rmw_fastrtps_cpp' as default
[0.627s] -- Found Threads: TRUE  
[0.716s] -- Found Boost: /usr/lib/x86_64-linux-gnu/cmake/Boost-1.74.0/BoostConfig.cmake (found version "1.74.0") found components: chrono date_time filesystem iostreams program_options regex serialization system thread 
[0.763s] -- Found parameter_traits: 0.5.0 (/opt/ros/humble/share/parameter_traits/cmake)
[0.777s] -- Found rclcpp_lifecycle: 16.0.16 (/opt/ros/humble/share/rclcpp_lifecycle/cmake)
[0.788s] -- Found Boost: /usr/lib/x86_64-linux-gnu/cmake/Boost-1.74.0/BoostConfig.cmake (found version "1.74.0") found components: filesystem 
[0.862s] -- library: /usr/lib/x86_64-linux-gnu/libcurl.so
[0.917s] -- Found Eigen3: TRUE (found version "3.4.0") 
[0.917s] -- Ensuring Eigen3 include directory is part of orocos-kdl CMake target
[1.118s] -- Found Boost: /usr/lib/x86_64-linux-gnu/cmake/Boost-1.74.0/BoostConfig.cmake (found version "1.74.0") found components: thread 
[1.189s] -- Configuring done
[1.221s] -- Generating done
[1.227s] -- Build files have been written to: /home/hualde/misCosas/ws_fanuc/build/fanuc_moveit_config
[1.238s] Invoked command in '/home/hualde/misCosas/ws_fanuc/build/fanuc_moveit_config' returned '0': CMAKE_PREFIX_PATH=/home/hualde/misCosas/ws_fanuc/install/fanuc_crx_description:/home/hualde/misCosas/ws_fanuc/install/slider_publisher:/home/hualde/misCosas/ws_fanuc/install/mi_fanuc:/home/hualde/misCosas/ws_fanuc/install/fanuc_r2000_description:/home/hualde/misCosas/ws_fanuc/install/fanuc_r1000ia_description:/home/hualde/misCosas/ws_fanuc/install/fanuc_controllers:/home/hualde/misCosas/ws_fanuc/install/fanuc_msgs:/home/hualde/misCosas/ws_fanuc/install/fanuc_moveit_config:/home/hualde/misCosas/ws_fanuc/install/fanuc_m20_description:/home/hualde/misCosas/ws_fanuc/install/fanuc_m10_description:/home/hualde/misCosas/ws_fanuc/install/fanuc_lrmate_description:/home/hualde/misCosas/ws_fanuc/install/fanuc_forward_command:/home/hualde/misCosas/ws_fanuc/install/fanuc_hardware_interface:/home/hualde/misCosas/ws_fanuc/install/fanuc_libs:/opt/ros/humble /usr/bin/cmake /home/hualde/misCosas/ws_fanuc/src/fanuc_driver/fanuc_moveit_config -DCMAKE_INSTALL_PREFIX=/home/hualde/misCosas/ws_fanuc/install/fanuc_moveit_config
[1.239s] Invoking command in '/home/hualde/misCosas/ws_fanuc/build/fanuc_moveit_config': CMAKE_PREFIX_PATH=/home/hualde/misCosas/ws_fanuc/install/fanuc_crx_description:/home/hualde/misCosas/ws_fanuc/install/slider_publisher:/home/hualde/misCosas/ws_fanuc/install/mi_fanuc:/home/hualde/misCosas/ws_fanuc/install/fanuc_r2000_description:/home/hualde/misCosas/ws_fanuc/install/fanuc_r1000ia_description:/home/hualde/misCosas/ws_fanuc/install/fanuc_controllers:/home/hualde/misCosas/ws_fanuc/install/fanuc_msgs:/home/hualde/misCosas/ws_fanuc/install/fanuc_moveit_config:/home/hualde/misCosas/ws_fanuc/install/fanuc_m20_description:/home/hualde/misCosas/ws_fanuc/install/fanuc_m10_description:/home/hualde/misCosas/ws_fanuc/install/fanuc_lrmate_description:/home/hualde/misCosas/ws_fanuc/install/fanuc_forward_command:/home/hualde/misCosas/ws_fanuc/install/fanuc_hardware_interface:/home/hualde/misCosas/ws_fanuc/install/fanuc_libs:/opt/ros/humble /usr/bin/cmake --build /home/hualde/misCosas/ws_fanuc/build/fanuc_moveit_config -- -j16 -l16
[1.262s] [ 50%] [32mBuilding CXX object CMakeFiles/fanuc_controllers_moveit_trajectory_plugin.dir/src/fanuc_controllers_moveit_trajectory_plugin.cpp.o[0m
[5.077s] [100%] [32m[1mLinking CXX shared library libfanuc_controllers_moveit_trajectory_plugin.so[0m
[5.602s] [100%] Built target fanuc_controllers_moveit_trajectory_plugin
[5.631s] Invoked command in '/home/hualde/misCosas/ws_fanuc/build/fanuc_moveit_config' returned '0': CMAKE_PREFIX_PATH=/home/hualde/misCosas/ws_fanuc/install/fanuc_crx_description:/home/hualde/misCosas/ws_fanuc/install/slider_publisher:/home/hualde/misCosas/ws_fanuc/install/mi_fanuc:/home/hualde/misCosas/ws_fanuc/install/fanuc_r2000_description:/home/hualde/misCosas/ws_fanuc/install/fanuc_r1000ia_description:/home/hualde/misCosas/ws_fanuc/install/fanuc_controllers:/home/hualde/misCosas/ws_fanuc/install/fanuc_msgs:/home/hualde/misCosas/ws_fanuc/install/fanuc_moveit_config:/home/hualde/misCosas/ws_fanuc/install/fanuc_m20_description:/home/hualde/misCosas/ws_fanuc/install/fanuc_m10_description:/home/hualde/misCosas/ws_fanuc/install/fanuc_lrmate_description:/home/hualde/misCosas/ws_fanuc/install/fanuc_forward_command:/home/hualde/misCosas/ws_fanuc/install/fanuc_hardware_interface:/home/hualde/misCosas/ws_fanuc/install/fanuc_libs:/opt/ros/humble /usr/bin/cmake --build /home/hualde/misCosas/ws_fanuc/build/fanuc_moveit_config -- -j16 -l16
[5.636s] Invoking command in '/home/hualde/misCosas/ws_fanuc/build/fanuc_moveit_config': CMAKE_PREFIX_PATH=/home/hualde/misCosas/ws_fanuc/install/fanuc_crx_description:/home/hualde/misCosas/ws_fanuc/install/slider_publisher:/home/hualde/misCosas/ws_fanuc/install/mi_fanuc:/home/hualde/misCosas/ws_fanuc/install/fanuc_r2000_description:/home/hualde/misCosas/ws_fanuc/install/fanuc_r1000ia_description:/home/hualde/misCosas/ws_fanuc/install/fanuc_controllers:/home/hualde/misCosas/ws_fanuc/install/fanuc_msgs:/home/hualde/misCosas/ws_fanuc/install/fanuc_moveit_config:/home/hualde/misCosas/ws_fanuc/install/fanuc_m20_description:/home/hualde/misCosas/ws_fanuc/install/fanuc_m10_description:/home/hualde/misCosas/ws_fanuc/install/fanuc_lrmate_description:/home/hualde/misCosas/ws_fanuc/install/fanuc_forward_command:/home/hualde/misCosas/ws_fanuc/install/fanuc_hardware_interface:/home/hualde/misCosas/ws_fanuc/install/fanuc_libs:/opt/ros/humble /usr/bin/cmake --install /home/hualde/misCosas/ws_fanuc/build/fanuc_moveit_config
[5.644s] -- Install configuration: ""
[5.644s] -- Installing: /home/hualde/misCosas/ws_fanuc/install/fanuc_moveit_config/share/fanuc_moveit_config/fanuc_controllers_moveit_trajectory_plugin.xml
[5.644s] -- Up-to-date: /home/hualde/misCosas/ws_fanuc/install/fanuc_moveit_config/share/fanuc_moveit_config/fanuc_controllers_moveit_trajectory_plugin.xml
[5.644s] -- Installing: /home/hualde/misCosas/ws_fanuc/install/fanuc_moveit_config/lib/fanuc_moveit_config/libfanuc_controllers_moveit_trajectory_plugin.so
[5.646s] -- Set runtime path of "/home/hualde/misCosas/ws_fanuc/install/fanuc_moveit_config/lib/fanuc_moveit_config/libfanuc_controllers_moveit_trajectory_plugin.so" to ""
[5.646s] -- Installing: /home/hualde/misCosas/ws_fanuc/install/fanuc_moveit_config/share/fanuc_moveit_config/config
[5.649s] -- Installing: /home/hualde/misCosas/ws_fanuc/install/fanuc_moveit_config/share/fanuc_moveit_config/config/joint_limits.yaml
[5.649s] -- Installing: /home/hualde/misCosas/ws_fanuc/install/fanuc_moveit_config/share/fanuc_moveit_config/config/kinematics.yaml
[5.649s] -- Installing: /home/hualde/misCosas/ws_fanuc/install/fanuc_moveit_config/share/fanuc_moveit_config/config/initial_positions.yaml
[5.650s] -- Installing: /home/hualde/misCosas/ws_fanuc/install/fanuc_moveit_config/share/fanuc_moveit_config/config/ompl_planning.yaml
[5.650s] -- Installing: /home/hualde/misCosas/ws_fanuc/install/fanuc_moveit_config/share/fanuc_moveit_config/config/moveit_controllers.yaml
[5.650s] -- Installing: /home/hualde/misCosas/ws_fanuc/install/fanuc_moveit_config/share/fanuc_moveit_config/config/servo.yaml
[5.650s] -- Installing: /home/hualde/misCosas/ws_fanuc/install/fanuc_moveit_config/share/fanuc_moveit_config/launch
[5.650s] -- Installing: /home/hualde/misCosas/ws_fanuc/install/fanuc_moveit_config/share/fanuc_moveit_config/launch/fanuc_moveit_template.launch.py
[5.651s] -- Installing: /home/hualde/misCosas/ws_fanuc/install/fanuc_moveit_config/share/fanuc_moveit_config/launch/fanuc_moveit.launch.py
[5.651s] -- Installing: /home/hualde/misCosas/ws_fanuc/install/fanuc_moveit_config/share/fanuc_moveit_config/rviz
[5.651s] -- Installing: /home/hualde/misCosas/ws_fanuc/install/fanuc_moveit_config/share/fanuc_moveit_config/rviz/view_robot.rviz
[5.651s] -- Installing: /home/hualde/misCosas/ws_fanuc/install/fanuc_moveit_config/share/fanuc_moveit_config/srdf
[5.652s] -- Installing: /home/hualde/misCosas/ws_fanuc/install/fanuc_moveit_config/share/fanuc_moveit_config/srdf/crx30ia.srdf
[5.652s] -- Installing: /home/hualde/misCosas/ws_fanuc/install/fanuc_moveit_config/share/fanuc_moveit_config/srdf/crx5ia.srdf
[5.652s] -- Installing: /home/hualde/misCosas/ws_fanuc/install/fanuc_moveit_config/share/fanuc_moveit_config/srdf/crx20ia_l.srdf
[5.653s] -- Installing: /home/hualde/misCosas/ws_fanuc/install/fanuc_moveit_config/share/fanuc_moveit_config/srdf/crx10ia_l.srdf
[5.654s] -- Installing: /home/hualde/misCosas/ws_fanuc/install/fanuc_moveit_config/share/fanuc_moveit_config/srdf/crx10ia.srdf
[5.654s] -- Installing: /home/hualde/misCosas/ws_fanuc/install/fanuc_moveit_config/share/ament_index/resource_index/package_run_dependencies/fanuc_moveit_config
[5.654s] -- Installing: /home/hualde/misCosas/ws_fanuc/install/fanuc_moveit_config/share/ament_index/resource_index/parent_prefix_path/fanuc_moveit_config
[5.654s] -- Installing: /home/hualde/misCosas/ws_fanuc/install/fanuc_moveit_config/share/fanuc_moveit_config/environment/ament_prefix_path.sh
[5.655s] -- Installing: /home/hualde/misCosas/ws_fanuc/install/fanuc_moveit_config/share/fanuc_moveit_config/environment/ament_prefix_path.dsv
[5.655s] -- Installing: /home/hualde/misCosas/ws_fanuc/install/fanuc_moveit_config/share/fanuc_moveit_config/environment/path.sh
[5.655s] -- Installing: /home/hualde/misCosas/ws_fanuc/install/fanuc_moveit_config/share/fanuc_moveit_config/environment/path.dsv
[5.655s] -- Installing: /home/hualde/misCosas/ws_fanuc/install/fanuc_moveit_config/share/fanuc_moveit_config/local_setup.bash
[5.655s] -- Installing: /home/hualde/misCosas/ws_fanuc/install/fanuc_moveit_config/share/fanuc_moveit_config/local_setup.sh
[5.659s] -- Installing: /home/hualde/misCosas/ws_fanuc/install/fanuc_moveit_config/share/fanuc_moveit_config/local_setup.zsh
[5.659s] -- Installing: /home/hualde/misCosas/ws_fanuc/install/fanuc_moveit_config/share/fanuc_moveit_config/local_setup.dsv
[5.659s] -- Installing: /home/hualde/misCosas/ws_fanuc/install/fanuc_moveit_config/share/fanuc_moveit_config/package.dsv
[5.659s] -- Installing: /home/hualde/misCosas/ws_fanuc/install/fanuc_moveit_config/share/ament_index/resource_index/packages/fanuc_moveit_config
[5.659s] -- Installing: /home/hualde/misCosas/ws_fanuc/install/fanuc_moveit_config/share/ament_index/resource_index/moveit_ros_control_interface__pluginlib__plugin/fanuc_moveit_config
[5.659s] -- Installing: /home/hualde/misCosas/ws_fanuc/install/fanuc_moveit_config/share/fanuc_moveit_config/cmake/fanuc_moveit_configConfig.cmake
[5.660s] -- Installing: /home/hualde/misCosas/ws_fanuc/install/fanuc_moveit_config/share/fanuc_moveit_config/cmake/fanuc_moveit_configConfig-version.cmake
[5.660s] -- Installing: /home/hualde/misCosas/ws_fanuc/install/fanuc_moveit_config/share/fanuc_moveit_config/package.xml
[5.660s] Invoked command in '/home/hualde/misCosas/ws_fanuc/build/fanuc_moveit_config' returned '0': CMAKE_PREFIX_PATH=/home/hualde/misCosas/ws_fanuc/install/fanuc_crx_description:/home/hualde/misCosas/ws_fanuc/install/slider_publisher:/home/hualde/misCosas/ws_fanuc/install/mi_fanuc:/home/hualde/misCosas/ws_fanuc/install/fanuc_r2000_description:/home/hualde/misCosas/ws_fanuc/install/fanuc_r1000ia_description:/home/hualde/misCosas/ws_fanuc/install/fanuc_controllers:/home/hualde/misCosas/ws_fanuc/install/fanuc_msgs:/home/hualde/misCosas/ws_fanuc/install/fanuc_moveit_config:/home/hualde/misCosas/ws_fanuc/install/fanuc_m20_description:/home/hualde/misCosas/ws_fanuc/install/fanuc_m10_description:/home/hualde/misCosas/ws_fanuc/install/fanuc_lrmate_description:/home/hualde/misCosas/ws_fanuc/install/fanuc_forward_command:/home/hualde/misCosas/ws_fanuc/install/fanuc_hardware_interface:/home/hualde/misCosas/ws_fanuc/install/fanuc_libs:/opt/ros/humble /usr/bin/cmake --install /home/hualde/misCosas/ws_fanuc/build/fanuc_moveit_config
