[0.016s] Invoking command in '/home/hualde/misCosas/ws_fanuc/build/fanuc_r1000ia_description': CMAKE_PREFIX_PATH=${CMAKE_PREFIX_PATH}:/opt/ros/humble /usr/bin/cmake /home/hualde/misCosas/ws_fanuc/src/fanuc_description/fanuc_r1000ia_description -DCMAKE_INSTALL_PREFIX=/home/hualde/misCosas/ws_fanuc/install/fanuc_r1000ia_description
[0.126s] -- The C compiler identification is GNU 11.4.0
[0.167s] -- The CXX compiler identification is GNU 11.4.0
[0.173s] -- Detecting C compiler ABI info
[0.214s] -- Detecting C compiler ABI info - done
[0.217s] -- Check for working C compiler: /usr/bin/cc - skipped
[0.218s] -- Detecting C compile features
[0.218s] -- Detecting C compile features - done
[0.220s] -- Detecting CXX compiler ABI info
[0.272s] -- Detecting CXX compiler ABI info - done
[0.277s] -- Check for working CXX compiler: /usr/bin/c++ - skipped
[0.278s] -- Detecting CXX compile features
[0.278s] -- Detecting CXX compile features - done
[0.280s] -- Found ament_cmake: 1.3.12 (/opt/ros/humble/share/ament_cmake/cmake)
[0.362s] -- Found Python3: /usr/bin/python3 (found version "3.10.12") found components: Interpreter 
[0.486s] -- Configuring done
[0.489s] -- Generating done
[0.491s] -- Build files have been written to: /home/hualde/misCosas/ws_fanuc/build/fanuc_r1000ia_description
[0.498s] Invoked command in '/home/hualde/misCosas/ws_fanuc/build/fanuc_r1000ia_description' returned '0': CMAKE_PREFIX_PATH=${CMAKE_PREFIX_PATH}:/opt/ros/humble /usr/bin/cmake /home/hualde/misCosas/ws_fanuc/src/fanuc_description/fanuc_r1000ia_description -DCMAKE_INSTALL_PREFIX=/home/hualde/misCosas/ws_fanuc/install/fanuc_r1000ia_description
[0.498s] Invoking command in '/home/hualde/misCosas/ws_fanuc/build/fanuc_r1000ia_description': CMAKE_PREFIX_PATH=${CMAKE_PREFIX_PATH}:/opt/ros/humble /usr/bin/cmake --build /home/hualde/misCosas/ws_fanuc/build/fanuc_r1000ia_description -- -j16 -l16
[0.517s] Invoked command in '/home/hualde/misCosas/ws_fanuc/build/fanuc_r1000ia_description' returned '0': CMAKE_PREFIX_PATH=${CMAKE_PREFIX_PATH}:/opt/ros/humble /usr/bin/cmake --build /home/hualde/misCosas/ws_fanuc/build/fanuc_r1000ia_description -- -j16 -l16
[0.517s] Invoking command in '/home/hualde/misCosas/ws_fanuc/build/fanuc_r1000ia_description': CMAKE_PREFIX_PATH=${CMAKE_PREFIX_PATH}:/opt/ros/humble /usr/bin/cmake --install /home/hualde/misCosas/ws_fanuc/build/fanuc_r1000ia_description
[0.519s] -- Install configuration: ""
[0.519s] -- Installing: /home/hualde/misCosas/ws_fanuc/install/fanuc_r1000ia_description/share/fanuc_r1000ia_description//launch
[0.519s] -- Installing: /home/hualde/misCosas/ws_fanuc/install/fanuc_r1000ia_description/share/fanuc_r1000ia_description//launch/view_r1000ia.launch.py
[0.519s] -- Installing: /home/hualde/misCosas/ws_fanuc/install/fanuc_r1000ia_description/share/fanuc_r1000ia_description//meshes
[0.519s] -- Installing: /home/hualde/misCosas/ws_fanuc/install/fanuc_r1000ia_description/share/fanuc_r1000ia_description//meshes/r1000ia_100f
[0.519s] -- Installing: /home/hualde/misCosas/ws_fanuc/install/fanuc_r1000ia_description/share/fanuc_r1000ia_description//meshes/r1000ia_100f/visual
[0.519s] -- Installing: /home/hualde/misCosas/ws_fanuc/install/fanuc_r1000ia_description/share/fanuc_r1000ia_description//meshes/r1000ia_100f/visual/j6.dae
[0.519s] -- Installing: /home/hualde/misCosas/ws_fanuc/install/fanuc_r1000ia_description/share/fanuc_r1000ia_description//meshes/r1000ia_100f/visual/j1.dae
[0.524s] -- Installing: /home/hualde/misCosas/ws_fanuc/install/fanuc_r1000ia_description/share/fanuc_r1000ia_description//meshes/r1000ia_100f/visual/j5.dae
[0.525s] -- Installing: /home/hualde/misCosas/ws_fanuc/install/fanuc_r1000ia_description/share/fanuc_r1000ia_description//meshes/r1000ia_100f/visual/base.dae
[0.527s] -- Installing: /home/hualde/misCosas/ws_fanuc/install/fanuc_r1000ia_description/share/fanuc_r1000ia_description//meshes/r1000ia_100f/visual/j2.dae
[0.530s] -- Installing: /home/hualde/misCosas/ws_fanuc/install/fanuc_r1000ia_description/share/fanuc_r1000ia_description//meshes/r1000ia_100f/visual/j3.dae
[0.536s] -- Installing: /home/hualde/misCosas/ws_fanuc/install/fanuc_r1000ia_description/share/fanuc_r1000ia_description//meshes/r1000ia_100f/visual/j4.dae
[0.537s] -- Installing: /home/hualde/misCosas/ws_fanuc/install/fanuc_r1000ia_description/share/fanuc_r1000ia_description//meshes/r1000ia_100f/collision
[0.537s] -- Installing: /home/hualde/misCosas/ws_fanuc/install/fanuc_r1000ia_description/share/fanuc_r1000ia_description//meshes/r1000ia_100f/collision/j6.stl
[0.537s] -- Installing: /home/hualde/misCosas/ws_fanuc/install/fanuc_r1000ia_description/share/fanuc_r1000ia_description//meshes/r1000ia_100f/collision/j1.stl
[0.539s] -- Installing: /home/hualde/misCosas/ws_fanuc/install/fanuc_r1000ia_description/share/fanuc_r1000ia_description//meshes/r1000ia_100f/collision/j2.stl
[0.539s] -- Installing: /home/hualde/misCosas/ws_fanuc/install/fanuc_r1000ia_description/share/fanuc_r1000ia_description//meshes/r1000ia_100f/collision/base.stl
[0.539s] -- Installing: /home/hualde/misCosas/ws_fanuc/install/fanuc_r1000ia_description/share/fanuc_r1000ia_description//meshes/r1000ia_100f/collision/j3.stl
[0.541s] -- Installing: /home/hualde/misCosas/ws_fanuc/install/fanuc_r1000ia_description/share/fanuc_r1000ia_description//meshes/r1000ia_100f/collision/j4.stl
[0.541s] -- Installing: /home/hualde/misCosas/ws_fanuc/install/fanuc_r1000ia_description/share/fanuc_r1000ia_description//meshes/r1000ia_100f/collision/j5.stl
[0.541s] -- Installing: /home/hualde/misCosas/ws_fanuc/install/fanuc_r1000ia_description/share/fanuc_r1000ia_description//urdf
[0.542s] -- Installing: /home/hualde/misCosas/ws_fanuc/install/fanuc_r1000ia_description/share/fanuc_r1000ia_description//urdf/r1000ia_100f_urdf_macro.xacro
[0.542s] -- Installing: /home/hualde/misCosas/ws_fanuc/install/fanuc_r1000ia_description/share/fanuc_r1000ia_description//robot
[0.542s] -- Installing: /home/hualde/misCosas/ws_fanuc/install/fanuc_r1000ia_description/share/fanuc_r1000ia_description//robot/r1000ia_100f.urdf.xacro
[0.542s] -- Installing: /home/hualde/misCosas/ws_fanuc/install/fanuc_r1000ia_description/share/fanuc_r1000ia_description//rviz
[0.542s] -- Installing: /home/hualde/misCosas/ws_fanuc/install/fanuc_r1000ia_description/share/fanuc_r1000ia_description//rviz/view_r1000ia.rviz
[0.542s] -- Installing: /home/hualde/misCosas/ws_fanuc/install/fanuc_r1000ia_description/share/ament_index/resource_index/package_run_dependencies/fanuc_r1000ia_description
[0.542s] -- Installing: /home/hualde/misCosas/ws_fanuc/install/fanuc_r1000ia_description/share/ament_index/resource_index/parent_prefix_path/fanuc_r1000ia_description
[0.542s] -- Installing: /home/hualde/misCosas/ws_fanuc/install/fanuc_r1000ia_description/share/fanuc_r1000ia_description/environment/ament_prefix_path.sh
[0.542s] -- Installing: /home/hualde/misCosas/ws_fanuc/install/fanuc_r1000ia_description/share/fanuc_r1000ia_description/environment/ament_prefix_path.dsv
[0.543s] -- Installing: /home/hualde/misCosas/ws_fanuc/install/fanuc_r1000ia_description/share/fanuc_r1000ia_description/environment/path.sh
[0.543s] -- Installing: /home/hualde/misCosas/ws_fanuc/install/fanuc_r1000ia_description/share/fanuc_r1000ia_description/environment/path.dsv
[0.543s] -- Installing: /home/hualde/misCosas/ws_fanuc/install/fanuc_r1000ia_description/share/fanuc_r1000ia_description/local_setup.bash
[0.543s] -- Installing: /home/hualde/misCosas/ws_fanuc/install/fanuc_r1000ia_description/share/fanuc_r1000ia_description/local_setup.sh
[0.543s] -- Installing: /home/hualde/misCosas/ws_fanuc/install/fanuc_r1000ia_description/share/fanuc_r1000ia_description/local_setup.zsh
[0.543s] -- Installing: /home/hualde/misCosas/ws_fanuc/install/fanuc_r1000ia_description/share/fanuc_r1000ia_description/local_setup.dsv
[0.543s] -- Installing: /home/hualde/misCosas/ws_fanuc/install/fanuc_r1000ia_description/share/fanuc_r1000ia_description/package.dsv
[0.543s] -- Installing: /home/hualde/misCosas/ws_fanuc/install/fanuc_r1000ia_description/share/ament_index/resource_index/packages/fanuc_r1000ia_description
[0.543s] -- Installing: /home/hualde/misCosas/ws_fanuc/install/fanuc_r1000ia_description/share/fanuc_r1000ia_description/cmake/fanuc_r1000ia_descriptionConfig.cmake
[0.543s] -- Installing: /home/hualde/misCosas/ws_fanuc/install/fanuc_r1000ia_description/share/fanuc_r1000ia_description/cmake/fanuc_r1000ia_descriptionConfig-version.cmake
[0.543s] -- Installing: /home/hualde/misCosas/ws_fanuc/install/fanuc_r1000ia_description/share/fanuc_r1000ia_description/package.xml
[0.561s] Invoked command in '/home/hualde/misCosas/ws_fanuc/build/fanuc_r1000ia_description' returned '0': CMAKE_PREFIX_PATH=${CMAKE_PREFIX_PATH}:/opt/ros/humble /usr/bin/cmake --install /home/hualde/misCosas/ws_fanuc/build/fanuc_r1000ia_description
