[0.033s] Invoking command in '/home/hualde/misCosas/ws_fanuc/build/fanuc_libs': CMAKE_PREFIX_PATH=${CMAKE_PREFIX_PATH}:/opt/ros/humble /usr/bin/cmake --build /home/hualde/misCosas/ws_fanuc/build/fanuc_libs -- -j16 -l16
[0.067s] [  2%] Built target gtest
[0.083s] [ 13%] Built target sockpp-static
[0.096s] [ 52%] Built target yaml-cpp
[0.107s] [ 54%] Built target gtest_main
[0.107s] [ 56%] Built target gmock
[0.107s] [ 60%] Built target stream_motion
[0.108s] [ 62%] Built target yaml-cpp-sandbox
[0.108s] [ 65%] Built target yaml-cpp-read
[0.108s] [ 67%] Built target yaml-cpp-parse
[0.108s] [ 74%] Built target reflectcpp
[0.108s] [ 76%] Built target gmock_main
[0.108s] [ 79%] Built target stream_motion_test
[0.108s] [ 81%] Built target gpio_config
[0.109s] [ 86%] Built target rmi
[0.110s] [ 88%] Built target gpio_config_test
[0.110s] [ 90%] Built target rmi_test
[0.110s] [ 95%] Built target fanuc_client
[0.111s] [ 97%] Built target gpio_buffer_test
[0.111s] [100%] Built target fanuc_client_test
[0.148s] Invoked command in '/home/hualde/misCosas/ws_fanuc/build/fanuc_libs' returned '0': CMAKE_PREFIX_PATH=${CMAKE_PREFIX_PATH}:/opt/ros/humble /usr/bin/cmake --build /home/hualde/misCosas/ws_fanuc/build/fanuc_libs -- -j16 -l16
[0.149s] Invoking command in '/home/hualde/misCosas/ws_fanuc/build/fanuc_libs': CMAKE_PREFIX_PATH=${CMAKE_PREFIX_PATH}:/opt/ros/humble /usr/bin/cmake --install /home/hualde/misCosas/ws_fanuc/build/fanuc_libs
[0.154s] -- Install configuration: ""
[0.154s] -- Up-to-date: /home/hualde/misCosas/ws_fanuc/install/fanuc_libs/lib/libstream_motion.so
[0.154s] -- Up-to-date: /home/hualde/misCosas/ws_fanuc/install/fanuc_libs/lib/librmi.so
[0.154s] -- Up-to-date: /home/hualde/misCosas/ws_fanuc/install/fanuc_libs/lib/libfanuc_client.so
[0.154s] -- Up-to-date: /home/hualde/misCosas/ws_fanuc/install/fanuc_libs/lib/libgpio_config.so
[0.155s] -- Up-to-date: /home/hualde/misCosas/ws_fanuc/install/fanuc_libs/lib/cmake/fanuc_libs/fanuc_libsTargets.cmake
[0.155s] -- Up-to-date: /home/hualde/misCosas/ws_fanuc/install/fanuc_libs/lib/cmake/fanuc_libs/fanuc_libsTargets-noconfig.cmake
[0.155s] -- Up-to-date: /home/hualde/misCosas/ws_fanuc/install/fanuc_libs/include
[0.155s] -- Up-to-date: /home/hualde/misCosas/ws_fanuc/install/fanuc_libs/include/rmi
[0.155s] -- Up-to-date: /home/hualde/misCosas/ws_fanuc/install/fanuc_libs/include/rmi/rmi.hpp
[0.155s] -- Up-to-date: /home/hualde/misCosas/ws_fanuc/install/fanuc_libs/include/rmi/serialization.hpp
[0.156s] -- Up-to-date: /home/hualde/misCosas/ws_fanuc/install/fanuc_libs/include/rmi/packets.hpp
[0.156s] -- Up-to-date: /home/hualde/misCosas/ws_fanuc/install/fanuc_libs/include
[0.156s] -- Up-to-date: /home/hualde/misCosas/ws_fanuc/install/fanuc_libs/include/stream_motion
[0.156s] -- Up-to-date: /home/hualde/misCosas/ws_fanuc/install/fanuc_libs/include/stream_motion/stream.hpp
[0.156s] -- Up-to-date: /home/hualde/misCosas/ws_fanuc/install/fanuc_libs/include/stream_motion/byte_ops.hpp
[0.156s] -- Up-to-date: /home/hualde/misCosas/ws_fanuc/install/fanuc_libs/include/stream_motion/packets.hpp
[0.156s] -- Up-to-date: /home/hualde/misCosas/ws_fanuc/install/fanuc_libs/include
[0.156s] -- Up-to-date: /home/hualde/misCosas/ws_fanuc/install/fanuc_libs/include/fanuc_client
[0.156s] -- Up-to-date: /home/hualde/misCosas/ws_fanuc/install/fanuc_libs/include/fanuc_client/fanuc_client.hpp
[0.156s] -- Up-to-date: /home/hualde/misCosas/ws_fanuc/install/fanuc_libs/include/fanuc_client/gpio_buffer.hpp
[0.156s] -- Up-to-date: /home/hualde/misCosas/ws_fanuc/install/fanuc_libs/include
[0.156s] -- Up-to-date: /home/hualde/misCosas/ws_fanuc/install/fanuc_libs/include/gpio_config
[0.156s] -- Up-to-date: /home/hualde/misCosas/ws_fanuc/install/fanuc_libs/include/gpio_config/gpio_config.hpp
[0.157s] -- Up-to-date: /home/hualde/misCosas/ws_fanuc/install/fanuc_libs/lib/cmake/fanuc_libs/fanuc_libsConfig.cmake
[0.157s] -- Up-to-date: /home/hualde/misCosas/ws_fanuc/install/fanuc_libs/lib/cmake/fanuc_libs/fanuc_libsConfigVersion.cmake
[0.162s] Invoked command in '/home/hualde/misCosas/ws_fanuc/build/fanuc_libs' returned '0': CMAKE_PREFIX_PATH=${CMAKE_PREFIX_PATH}:/opt/ros/humble /usr/bin/cmake --install /home/hualde/misCosas/ws_fanuc/build/fanuc_libs
