[0.009s] Invoking command in '/home/hualde/misCosas/ws_fanuc/build/fanuc_forward_command': CMAKE_PREFIX_PATH=/home/hualde/misCosas/ws_fanuc/install/fanuc_hardware_interface:/home/hualde/misCosas/ws_fanuc/install/fanuc_libs:/home/hualde/misCosas/ws_fanuc/install/slider_publisher:/home/hualde/misCosas/ws_fanuc/install/mi_fanuc:/home/hualde/misCosas/ws_fanuc/install/fanuc_r2000_description:/home/hualde/misCosas/ws_fanuc/install/fanuc_r1000ia_description:/home/hualde/misCosas/ws_fanuc/install/fanuc_controllers:/home/hualde/misCosas/ws_fanuc/install/fanuc_msgs:/home/hualde/misCosas/ws_fanuc/install/fanuc_moveit_config:/home/hualde/misCosas/ws_fanuc/install/fanuc_m20_description:/home/hualde/misCosas/ws_fanuc/install/fanuc_m10_description:/home/hualde/misCosas/ws_fanuc/install/fanuc_lrmate_description:/home/hualde/misCosas/ws_fanuc/install/fanuc_forward_command:/home/hualde/misCosas/ws_fanuc/install/fanuc_crx_description:/opt/ros/humble LD_LIBRARY_PATH=/home/hualde/misCosas/ws_fanuc/install/fanuc_libs/lib:/home/hualde/misCosas/ws_fanuc/install/fanuc_msgs/lib:/usr/lib/x86_64-linux-gnu/gazebo-11/plugins:/opt/ros/humble/opt/rviz_ogre_vendor/lib:/opt/ros/humble/lib/x86_64-linux-gnu:/opt/ros/humble/lib /usr/bin/cmake /home/hualde/misCosas/ws_fanuc/src/fanuc_driver/fanuc_forward_command -DCMAKE_INSTALL_PREFIX=/home/hualde/misCosas/ws_fanuc/install/fanuc_forward_command
[0.038s] -- The C compiler identification is GNU 11.4.0
[0.072s] -- The CXX compiler identification is GNU 11.4.0
[0.078s] -- Detecting C compiler ABI info
[0.114s] -- Detecting C compiler ABI info - done
[0.118s] -- Check for working C compiler: /usr/bin/cc - skipped
[0.118s] -- Detecting C compile features
[0.118s] -- Detecting C compile features - done
[0.122s] -- Detecting CXX compiler ABI info
[0.161s] -- Detecting CXX compiler ABI info - done
[0.165s] -- Check for working CXX compiler: /usr/bin/c++ - skipped
[0.166s] -- Detecting CXX compile features
[0.166s] -- Detecting CXX compile features - done
[0.168s] -- Found ament_cmake: 1.3.12 (/opt/ros/humble/share/ament_cmake/cmake)
[0.238s] -- Found Python3: /usr/bin/python3 (found version "3.10.12") found components: Interpreter 
[0.302s] -- Found rclcpp: 16.0.16 (/opt/ros/humble/share/rclcpp/cmake)
[0.340s] -- Found rosidl_generator_c: 3.1.7 (/opt/ros/humble/share/rosidl_generator_c/cmake)
[0.343s] -- Found rosidl_adapter: 3.1.7 (/opt/ros/humble/share/rosidl_adapter/cmake)
[0.349s] -- Found rosidl_generator_cpp: 3.1.7 (/opt/ros/humble/share/rosidl_generator_cpp/cmake)
[0.359s] -- Using all available rosidl_typesupport_c: rosidl_typesupport_fastrtps_c;rosidl_typesupport_introspection_c
[0.371s] -- Using all available rosidl_typesupport_cpp: rosidl_typesupport_fastrtps_cpp;rosidl_typesupport_introspection_cpp
[0.406s] -- Found rmw_implementation_cmake: 6.1.2 (/opt/ros/humble/share/rmw_implementation_cmake/cmake)
[0.409s] -- Found rmw_fastrtps_cpp: 6.2.9 (/opt/ros/humble/share/rmw_fastrtps_cpp/cmake)
[0.467s] -- Found OpenSSL: /usr/lib/x86_64-linux-gnu/libcrypto.so (found version "3.0.2")  
[0.491s] -- Found FastRTPS: /opt/ros/humble/include  
[0.522s] -- Using RMW implementation 'rmw_fastrtps_cpp' as default
[0.529s] -- Performing Test CMAKE_HAVE_LIBC_PTHREAD
[0.568s] -- Performing Test CMAKE_HAVE_LIBC_PTHREAD - Success
[0.571s] -- Found Threads: TRUE  
[0.605s] -- Found controller_manager: 2.52.2 (/opt/ros/humble/share/controller_manager/cmake)
[0.740s] -- Found forward_command_controller: 2.50.2 (/opt/ros/humble/share/forward_command_controller/cmake)
[0.766s] -- Found joint_state_broadcaster: 2.50.2 (/opt/ros/humble/share/joint_state_broadcaster/cmake)
[0.773s] -- Found fanuc_hardware_interface: 1.1.1 (/home/hualde/misCosas/ws_fanuc/install/fanuc_hardware_interface/share/fanuc_hardware_interface/cmake)
[0.775s] -- Found ament_lint_auto: 0.12.14 (/opt/ros/humble/share/ament_lint_auto/cmake)
[0.833s] -- Added test 'copyright' to check source files copyright and LICENSE
[0.834s] -- Added test 'flake8' to check Python code syntax and style conventions
[0.834s] -- Added test 'lint_cmake' to check CMake code style
[0.838s] -- Added test 'pep257' to check Python code against some of the docstring style conventions in PEP 257
[0.838s] -- Added test 'xmllint' to check XML markup files
[0.838s] -- Configuring done
[0.841s] -- Generating done
[0.843s] -- Build files have been written to: /home/hualde/misCosas/ws_fanuc/build/fanuc_forward_command
[0.851s] Invoked command in '/home/hualde/misCosas/ws_fanuc/build/fanuc_forward_command' returned '0': CMAKE_PREFIX_PATH=/home/hualde/misCosas/ws_fanuc/install/fanuc_hardware_interface:/home/hualde/misCosas/ws_fanuc/install/fanuc_libs:/home/hualde/misCosas/ws_fanuc/install/slider_publisher:/home/hualde/misCosas/ws_fanuc/install/mi_fanuc:/home/hualde/misCosas/ws_fanuc/install/fanuc_r2000_description:/home/hualde/misCosas/ws_fanuc/install/fanuc_r1000ia_description:/home/hualde/misCosas/ws_fanuc/install/fanuc_controllers:/home/hualde/misCosas/ws_fanuc/install/fanuc_msgs:/home/hualde/misCosas/ws_fanuc/install/fanuc_moveit_config:/home/hualde/misCosas/ws_fanuc/install/fanuc_m20_description:/home/hualde/misCosas/ws_fanuc/install/fanuc_m10_description:/home/hualde/misCosas/ws_fanuc/install/fanuc_lrmate_description:/home/hualde/misCosas/ws_fanuc/install/fanuc_forward_command:/home/hualde/misCosas/ws_fanuc/install/fanuc_crx_description:/opt/ros/humble LD_LIBRARY_PATH=/home/hualde/misCosas/ws_fanuc/install/fanuc_libs/lib:/home/hualde/misCosas/ws_fanuc/install/fanuc_msgs/lib:/usr/lib/x86_64-linux-gnu/gazebo-11/plugins:/opt/ros/humble/opt/rviz_ogre_vendor/lib:/opt/ros/humble/lib/x86_64-linux-gnu:/opt/ros/humble/lib /usr/bin/cmake /home/hualde/misCosas/ws_fanuc/src/fanuc_driver/fanuc_forward_command -DCMAKE_INSTALL_PREFIX=/home/hualde/misCosas/ws_fanuc/install/fanuc_forward_command
[0.852s] Invoking command in '/home/hualde/misCosas/ws_fanuc/build/fanuc_forward_command': CMAKE_PREFIX_PATH=/home/hualde/misCosas/ws_fanuc/install/fanuc_hardware_interface:/home/hualde/misCosas/ws_fanuc/install/fanuc_libs:/home/hualde/misCosas/ws_fanuc/install/slider_publisher:/home/hualde/misCosas/ws_fanuc/install/mi_fanuc:/home/hualde/misCosas/ws_fanuc/install/fanuc_r2000_description:/home/hualde/misCosas/ws_fanuc/install/fanuc_r1000ia_description:/home/hualde/misCosas/ws_fanuc/install/fanuc_controllers:/home/hualde/misCosas/ws_fanuc/install/fanuc_msgs:/home/hualde/misCosas/ws_fanuc/install/fanuc_moveit_config:/home/hualde/misCosas/ws_fanuc/install/fanuc_m20_description:/home/hualde/misCosas/ws_fanuc/install/fanuc_m10_description:/home/hualde/misCosas/ws_fanuc/install/fanuc_lrmate_description:/home/hualde/misCosas/ws_fanuc/install/fanuc_forward_command:/home/hualde/misCosas/ws_fanuc/install/fanuc_crx_description:/opt/ros/humble LD_LIBRARY_PATH=/home/hualde/misCosas/ws_fanuc/install/fanuc_libs/lib:/home/hualde/misCosas/ws_fanuc/install/fanuc_msgs/lib:/usr/lib/x86_64-linux-gnu/gazebo-11/plugins:/opt/ros/humble/opt/rviz_ogre_vendor/lib:/opt/ros/humble/lib/x86_64-linux-gnu:/opt/ros/humble/lib /usr/bin/cmake --build /home/hualde/misCosas/ws_fanuc/build/fanuc_forward_command -- -j16 -l16
[0.867s] Invoked command in '/home/hualde/misCosas/ws_fanuc/build/fanuc_forward_command' returned '0': CMAKE_PREFIX_PATH=/home/hualde/misCosas/ws_fanuc/install/fanuc_hardware_interface:/home/hualde/misCosas/ws_fanuc/install/fanuc_libs:/home/hualde/misCosas/ws_fanuc/install/slider_publisher:/home/hualde/misCosas/ws_fanuc/install/mi_fanuc:/home/hualde/misCosas/ws_fanuc/install/fanuc_r2000_description:/home/hualde/misCosas/ws_fanuc/install/fanuc_r1000ia_description:/home/hualde/misCosas/ws_fanuc/install/fanuc_controllers:/home/hualde/misCosas/ws_fanuc/install/fanuc_msgs:/home/hualde/misCosas/ws_fanuc/install/fanuc_moveit_config:/home/hualde/misCosas/ws_fanuc/install/fanuc_m20_description:/home/hualde/misCosas/ws_fanuc/install/fanuc_m10_description:/home/hualde/misCosas/ws_fanuc/install/fanuc_lrmate_description:/home/hualde/misCosas/ws_fanuc/install/fanuc_forward_command:/home/hualde/misCosas/ws_fanuc/install/fanuc_crx_description:/opt/ros/humble LD_LIBRARY_PATH=/home/hualde/misCosas/ws_fanuc/install/fanuc_libs/lib:/home/hualde/misCosas/ws_fanuc/install/fanuc_msgs/lib:/usr/lib/x86_64-linux-gnu/gazebo-11/plugins:/opt/ros/humble/opt/rviz_ogre_vendor/lib:/opt/ros/humble/lib/x86_64-linux-gnu:/opt/ros/humble/lib /usr/bin/cmake --build /home/hualde/misCosas/ws_fanuc/build/fanuc_forward_command -- -j16 -l16
[0.868s] Invoking command in '/home/hualde/misCosas/ws_fanuc/build/fanuc_forward_command': CMAKE_PREFIX_PATH=/home/hualde/misCosas/ws_fanuc/install/fanuc_hardware_interface:/home/hualde/misCosas/ws_fanuc/install/fanuc_libs:/home/hualde/misCosas/ws_fanuc/install/slider_publisher:/home/hualde/misCosas/ws_fanuc/install/mi_fanuc:/home/hualde/misCosas/ws_fanuc/install/fanuc_r2000_description:/home/hualde/misCosas/ws_fanuc/install/fanuc_r1000ia_description:/home/hualde/misCosas/ws_fanuc/install/fanuc_controllers:/home/hualde/misCosas/ws_fanuc/install/fanuc_msgs:/home/hualde/misCosas/ws_fanuc/install/fanuc_moveit_config:/home/hualde/misCosas/ws_fanuc/install/fanuc_m20_description:/home/hualde/misCosas/ws_fanuc/install/fanuc_m10_description:/home/hualde/misCosas/ws_fanuc/install/fanuc_lrmate_description:/home/hualde/misCosas/ws_fanuc/install/fanuc_forward_command:/home/hualde/misCosas/ws_fanuc/install/fanuc_crx_description:/opt/ros/humble LD_LIBRARY_PATH=/home/hualde/misCosas/ws_fanuc/install/fanuc_libs/lib:/home/hualde/misCosas/ws_fanuc/install/fanuc_msgs/lib:/usr/lib/x86_64-linux-gnu/gazebo-11/plugins:/opt/ros/humble/opt/rviz_ogre_vendor/lib:/opt/ros/humble/lib/x86_64-linux-gnu:/opt/ros/humble/lib /usr/bin/cmake --install /home/hualde/misCosas/ws_fanuc/build/fanuc_forward_command
[0.869s] -- Install configuration: ""
[0.870s] -- Installing: /home/hualde/misCosas/ws_fanuc/install/fanuc_forward_command/share/fanuc_forward_command/launch/fanuc_forward_command.launch.py
[0.870s] -- Installing: /home/hualde/misCosas/ws_fanuc/install/fanuc_forward_command/share/fanuc_forward_command/launch/fanuc_sine_wave_demo.launch.py
[0.870s] -- Installing: /home/hualde/misCosas/ws_fanuc/install/fanuc_forward_command/lib/fanuc_forward_command/sine_wave_publisher.py
[0.870s] -- Installing: /home/hualde/misCosas/ws_fanuc/install/fanuc_forward_command/share/ament_index/resource_index/package_run_dependencies/fanuc_forward_command
[0.871s] -- Installing: /home/hualde/misCosas/ws_fanuc/install/fanuc_forward_command/share/ament_index/resource_index/parent_prefix_path/fanuc_forward_command
[0.871s] -- Installing: /home/hualde/misCosas/ws_fanuc/install/fanuc_forward_command/share/fanuc_forward_command/environment/ament_prefix_path.sh
[0.871s] -- Installing: /home/hualde/misCosas/ws_fanuc/install/fanuc_forward_command/share/fanuc_forward_command/environment/ament_prefix_path.dsv
[0.871s] -- Installing: /home/hualde/misCosas/ws_fanuc/install/fanuc_forward_command/share/fanuc_forward_command/environment/path.sh
[0.871s] -- Installing: /home/hualde/misCosas/ws_fanuc/install/fanuc_forward_command/share/fanuc_forward_command/environment/path.dsv
[0.871s] -- Installing: /home/hualde/misCosas/ws_fanuc/install/fanuc_forward_command/share/fanuc_forward_command/local_setup.bash
[0.871s] -- Installing: /home/hualde/misCosas/ws_fanuc/install/fanuc_forward_command/share/fanuc_forward_command/local_setup.sh
[0.872s] -- Installing: /home/hualde/misCosas/ws_fanuc/install/fanuc_forward_command/share/fanuc_forward_command/local_setup.zsh
[0.872s] -- Installing: /home/hualde/misCosas/ws_fanuc/install/fanuc_forward_command/share/fanuc_forward_command/local_setup.dsv
[0.872s] -- Installing: /home/hualde/misCosas/ws_fanuc/install/fanuc_forward_command/share/fanuc_forward_command/package.dsv
[0.872s] -- Installing: /home/hualde/misCosas/ws_fanuc/install/fanuc_forward_command/share/ament_index/resource_index/packages/fanuc_forward_command
[0.872s] -- Installing: /home/hualde/misCosas/ws_fanuc/install/fanuc_forward_command/share/fanuc_forward_command/cmake/fanuc_forward_commandConfig.cmake
[0.872s] -- Installing: /home/hualde/misCosas/ws_fanuc/install/fanuc_forward_command/share/fanuc_forward_command/cmake/fanuc_forward_commandConfig-version.cmake
[0.873s] -- Installing: /home/hualde/misCosas/ws_fanuc/install/fanuc_forward_command/share/fanuc_forward_command/package.xml
[0.874s] Invoked command in '/home/hualde/misCosas/ws_fanuc/build/fanuc_forward_command' returned '0': CMAKE_PREFIX_PATH=/home/hualde/misCosas/ws_fanuc/install/fanuc_hardware_interface:/home/hualde/misCosas/ws_fanuc/install/fanuc_libs:/home/hualde/misCosas/ws_fanuc/install/slider_publisher:/home/hualde/misCosas/ws_fanuc/install/mi_fanuc:/home/hualde/misCosas/ws_fanuc/install/fanuc_r2000_description:/home/hualde/misCosas/ws_fanuc/install/fanuc_r1000ia_description:/home/hualde/misCosas/ws_fanuc/install/fanuc_controllers:/home/hualde/misCosas/ws_fanuc/install/fanuc_msgs:/home/hualde/misCosas/ws_fanuc/install/fanuc_moveit_config:/home/hualde/misCosas/ws_fanuc/install/fanuc_m20_description:/home/hualde/misCosas/ws_fanuc/install/fanuc_m10_description:/home/hualde/misCosas/ws_fanuc/install/fanuc_lrmate_description:/home/hualde/misCosas/ws_fanuc/install/fanuc_forward_command:/home/hualde/misCosas/ws_fanuc/install/fanuc_crx_description:/opt/ros/humble LD_LIBRARY_PATH=/home/hualde/misCosas/ws_fanuc/install/fanuc_libs/lib:/home/hualde/misCosas/ws_fanuc/install/fanuc_msgs/lib:/usr/lib/x86_64-linux-gnu/gazebo-11/plugins:/opt/ros/humble/opt/rviz_ogre_vendor/lib:/opt/ros/humble/lib/x86_64-linux-gnu:/opt/ros/humble/lib /usr/bin/cmake --install /home/hualde/misCosas/ws_fanuc/build/fanuc_forward_command
