[100%] Built target fanuc_controllers_moveit_trajectory_plugin
-- Install configuration: ""
-- Up-to-date: /home/hualde/misCosas/ws_fanuc/install/fanuc_moveit_config/share/fanuc_moveit_config/fanuc_controllers_moveit_trajectory_plugin.xml
-- Up-to-date: /home/hualde/misCosas/ws_fanuc/install/fanuc_moveit_config/share/fanuc_moveit_config/fanuc_controllers_moveit_trajectory_plugin.xml
-- Up-to-date: /home/hualde/misCosas/ws_fanuc/install/fanuc_moveit_config/lib/fanuc_moveit_config/libfanuc_controllers_moveit_trajectory_plugin.so
-- Up-to-date: /home/hualde/misCosas/ws_fanuc/install/fanuc_moveit_config/share/fanuc_moveit_config/config
-- Up-to-date: /home/hualde/misCosas/ws_fanuc/install/fanuc_moveit_config/share/fanuc_moveit_config/config/joint_limits.yaml
-- Up-to-date: /home/hualde/misCosas/ws_fanuc/install/fanuc_moveit_config/share/fanuc_moveit_config/config/kinematics.yaml
-- Up-to-date: /home/hualde/misCosas/ws_fanuc/install/fanuc_moveit_config/share/fanuc_moveit_config/config/initial_positions.yaml
-- Up-to-date: /home/hualde/misCosas/ws_fanuc/install/fanuc_moveit_config/share/fanuc_moveit_config/config/ompl_planning.yaml
-- Up-to-date: /home/hualde/misCosas/ws_fanuc/install/fanuc_moveit_config/share/fanuc_moveit_config/config/moveit_controllers.yaml
-- Up-to-date: /home/hualde/misCosas/ws_fanuc/install/fanuc_moveit_config/share/fanuc_moveit_config/config/servo.yaml
-- Up-to-date: /home/hualde/misCosas/ws_fanuc/install/fanuc_moveit_config/share/fanuc_moveit_config/launch
-- Up-to-date: /home/hualde/misCosas/ws_fanuc/install/fanuc_moveit_config/share/fanuc_moveit_config/launch/fanuc_moveit_template.launch.py
-- Up-to-date: /home/hualde/misCosas/ws_fanuc/install/fanuc_moveit_config/share/fanuc_moveit_config/launch/fanuc_moveit.launch.py
-- Up-to-date: /home/hualde/misCosas/ws_fanuc/install/fanuc_moveit_config/share/fanuc_moveit_config/rviz
-- Up-to-date: /home/hualde/misCosas/ws_fanuc/install/fanuc_moveit_config/share/fanuc_moveit_config/rviz/view_robot.rviz
-- Up-to-date: /home/hualde/misCosas/ws_fanuc/install/fanuc_moveit_config/share/fanuc_moveit_config/srdf
-- Up-to-date: /home/hualde/misCosas/ws_fanuc/install/fanuc_moveit_config/share/fanuc_moveit_config/srdf/crx30ia.srdf
-- Up-to-date: /home/hualde/misCosas/ws_fanuc/install/fanuc_moveit_config/share/fanuc_moveit_config/srdf/crx5ia.srdf
-- Up-to-date: /home/hualde/misCosas/ws_fanuc/install/fanuc_moveit_config/share/fanuc_moveit_config/srdf/crx20ia_l.srdf
-- Up-to-date: /home/hualde/misCosas/ws_fanuc/install/fanuc_moveit_config/share/fanuc_moveit_config/srdf/crx10ia_l.srdf
-- Up-to-date: /home/hualde/misCosas/ws_fanuc/install/fanuc_moveit_config/share/fanuc_moveit_config/srdf/crx10ia.srdf
-- Up-to-date: /home/hualde/misCosas/ws_fanuc/install/fanuc_moveit_config/share/ament_index/resource_index/package_run_dependencies/fanuc_moveit_config
-- Up-to-date: /home/hualde/misCosas/ws_fanuc/install/fanuc_moveit_config/share/ament_index/resource_index/parent_prefix_path/fanuc_moveit_config
-- Up-to-date: /home/hualde/misCosas/ws_fanuc/install/fanuc_moveit_config/share/fanuc_moveit_config/environment/ament_prefix_path.sh
-- Up-to-date: /home/hualde/misCosas/ws_fanuc/install/fanuc_moveit_config/share/fanuc_moveit_config/environment/ament_prefix_path.dsv
-- Up-to-date: /home/hualde/misCosas/ws_fanuc/install/fanuc_moveit_config/share/fanuc_moveit_config/environment/path.sh
-- Up-to-date: /home/hualde/misCosas/ws_fanuc/install/fanuc_moveit_config/share/fanuc_moveit_config/environment/path.dsv
-- Up-to-date: /home/hualde/misCosas/ws_fanuc/install/fanuc_moveit_config/share/fanuc_moveit_config/local_setup.bash
-- Up-to-date: /home/hualde/misCosas/ws_fanuc/install/fanuc_moveit_config/share/fanuc_moveit_config/local_setup.sh
-- Up-to-date: /home/hualde/misCosas/ws_fanuc/install/fanuc_moveit_config/share/fanuc_moveit_config/local_setup.zsh
-- Up-to-date: /home/hualde/misCosas/ws_fanuc/install/fanuc_moveit_config/share/fanuc_moveit_config/local_setup.dsv
-- Installing: /home/hualde/misCosas/ws_fanuc/install/fanuc_moveit_config/share/fanuc_moveit_config/package.dsv
-- Up-to-date: /home/hualde/misCosas/ws_fanuc/install/fanuc_moveit_config/share/ament_index/resource_index/packages/fanuc_moveit_config
-- Up-to-date: /home/hualde/misCosas/ws_fanuc/install/fanuc_moveit_config/share/ament_index/resource_index/moveit_ros_control_interface__pluginlib__plugin/fanuc_moveit_config
-- Up-to-date: /home/hualde/misCosas/ws_fanuc/install/fanuc_moveit_config/share/fanuc_moveit_config/cmake/fanuc_moveit_configConfig.cmake
-- Up-to-date: /home/hualde/misCosas/ws_fanuc/install/fanuc_moveit_config/share/fanuc_moveit_config/cmake/fanuc_moveit_configConfig-version.cmake
-- Up-to-date: /home/hualde/misCosas/ws_fanuc/install/fanuc_moveit_config/share/fanuc_moveit_config/package.xml
