-- The C compiler identification is GNU 11.4.0
-- The CXX compiler identification is GNU 11.4.0
-- Detecting C compiler ABI info
-- Detecting C compiler ABI info - done
-- Check for working C compiler: /usr/bin/cc - skipped
-- Detecting C compile features
-- Detecting C compile features - done
-- Detecting CXX compiler ABI info
-- Detecting CXX compiler ABI info - done
-- Check for working CXX compiler: /usr/bin/c++ - skipped
-- Detecting CXX compile features
-- Detecting CXX compile features - done
-- Found ament_cmake: 1.3.12 (/opt/ros/humble/share/ament_cmake/cmake)
-- Found Python3: /usr/bin/python3 (found version "3.10.12") found components: Interpreter 
-- Found ament_cmake_gtest: 1.3.12 (/opt/ros/humble/share/ament_cmake_gtest/cmake)
-- Imported targets: Python3::Interpreter
-- Found ament_index_cpp: 1.4.0 (/opt/ros/humble/share/ament_index_cpp/cmake)
-- Found controller_interface: 2.52.2 (/opt/ros/humble/share/controller_interface/cmake)
-- Found rosidl_generator_c: 3.1.7 (/opt/ros/humble/share/rosidl_generator_c/cmake)
-- Found rosidl_adapter: 3.1.7 (/opt/ros/humble/share/rosidl_adapter/cmake)
-- Found rosidl_generator_cpp: 3.1.7 (/opt/ros/humble/share/rosidl_generator_cpp/cmake)
-- Using all available rosidl_typesupport_c: rosidl_typesupport_fastrtps_c;rosidl_typesupport_introspection_c
-- Using all available rosidl_typesupport_cpp: rosidl_typesupport_fastrtps_cpp;rosidl_typesupport_introspection_cpp
-- Found rmw_implementation_cmake: 6.1.2 (/opt/ros/humble/share/rmw_implementation_cmake/cmake)
-- Found rmw_fastrtps_cpp: 6.2.9 (/opt/ros/humble/share/rmw_fastrtps_cpp/cmake)
-- Found TinyXML2 via Config file: TinyXML2_DIR-NOTFOUND
-- Found OpenSSL: /usr/lib/x86_64-linux-gnu/libcrypto.so (found version "3.0.2")  
-- Found TinyXML2 via Config file: TinyXML2_DIR-NOTFOUND
-- Found FastRTPS: /opt/ros/humble/include  
-- Found TinyXML2 via Config file: TinyXML2_DIR-NOTFOUND
-- Found TinyXML2 via Config file: TinyXML2_DIR-NOTFOUND
-- Using RMW implementation 'rmw_fastrtps_cpp' as default
-- Performing Test CMAKE_HAVE_LIBC_PTHREAD
-- Performing Test CMAKE_HAVE_LIBC_PTHREAD - Success
-- Found Threads: TRUE  
-- Found controller_manager_msgs: 2.52.2 (/opt/ros/humble/share/controller_manager_msgs/cmake)
-- Found fanuc_hardware_interface: 1.1.1 (/home/hualde/misCosas/ws_fanuc/install/fanuc_hardware_interface/share/fanuc_hardware_interface/cmake)
-- Found fanuc_msgs: 1.1.1 (/home/hualde/misCosas/ws_fanuc/install/fanuc_msgs/share/fanuc_msgs/cmake)
-- Found joint_trajectory_controller: 2.50.2 (/opt/ros/humble/share/joint_trajectory_controller/cmake)
-- Found GTest: /usr/lib/x86_64-linux-gnu/cmake/GTest/GTestConfig.cmake (found version "1.11.0")  
-- Configuring done
-- Generating done
-- Build files have been written to: /home/hualde/misCosas/ws_fanuc/build/fanuc_controllers
[ 16%] [32mBuilding CXX object CMakeFiles/scaled_joint_trajectory_controller.dir/src/scaled_joint_trajectory_controller.cpp.o[0m
[ 33%] [32mBuilding CXX object CMakeFiles/fanuc_gpio_controller.dir/src/fanuc_gpio_controller.cpp.o[0m
[ 50%] [32m[1mLinking CXX shared library libscaled_joint_trajectory_controller.so[0m
[ 50%] Built target scaled_joint_trajectory_controller
[ 66%] [32m[1mLinking CXX shared library libfanuc_gpio_controller.so[0m
[ 66%] Built target fanuc_gpio_controller
[ 83%] [32mBuilding CXX object test/CMakeFiles/fanuc_gpio_controller_test.dir/fanuc_gpio_controller_test.cpp.o[0m
[100%] [32m[1mLinking CXX executable fanuc_gpio_controller_test[0m
[100%] Built target fanuc_gpio_controller_test
-- Install configuration: ""
-- Installing: /home/hualde/misCosas/ws_fanuc/install/fanuc_controllers/lib/fanuc_controllers/libscaled_joint_trajectory_controller.so
-- Set runtime path of "/home/hualde/misCosas/ws_fanuc/install/fanuc_controllers/lib/fanuc_controllers/libscaled_joint_trajectory_controller.so" to ""
-- Installing: /home/hualde/misCosas/ws_fanuc/install/fanuc_controllers/lib/fanuc_controllers/libfanuc_gpio_controller.so
-- Set runtime path of "/home/hualde/misCosas/ws_fanuc/install/fanuc_controllers/lib/fanuc_controllers/libfanuc_gpio_controller.so" to ""
-- Installing: /home/hualde/misCosas/ws_fanuc/install/fanuc_controllers/share/fanuc_controllers/scaled_joint_trajectory_controller_plugins.xml
-- Installing: /home/hualde/misCosas/ws_fanuc/install/fanuc_controllers/share/fanuc_controllers/fanuc_gpio_controller_plugins.xml
-- Up-to-date: /home/hualde/misCosas/ws_fanuc/install/fanuc_controllers/share/fanuc_controllers/scaled_joint_trajectory_controller_plugins.xml
-- Up-to-date: /home/hualde/misCosas/ws_fanuc/install/fanuc_controllers/share/fanuc_controllers/fanuc_gpio_controller_plugins.xml
-- Installing: /home/hualde/misCosas/ws_fanuc/install/fanuc_controllers/share/ament_index/resource_index/package_run_dependencies/fanuc_controllers
-- Installing: /home/hualde/misCosas/ws_fanuc/install/fanuc_controllers/share/ament_index/resource_index/parent_prefix_path/fanuc_controllers
-- Installing: /home/hualde/misCosas/ws_fanuc/install/fanuc_controllers/share/fanuc_controllers/environment/ament_prefix_path.sh
-- Installing: /home/hualde/misCosas/ws_fanuc/install/fanuc_controllers/share/fanuc_controllers/environment/ament_prefix_path.dsv
-- Installing: /home/hualde/misCosas/ws_fanuc/install/fanuc_controllers/share/fanuc_controllers/environment/path.sh
-- Installing: /home/hualde/misCosas/ws_fanuc/install/fanuc_controllers/share/fanuc_controllers/environment/path.dsv
-- Installing: /home/hualde/misCosas/ws_fanuc/install/fanuc_controllers/share/fanuc_controllers/local_setup.bash
-- Installing: /home/hualde/misCosas/ws_fanuc/install/fanuc_controllers/share/fanuc_controllers/local_setup.sh
-- Installing: /home/hualde/misCosas/ws_fanuc/install/fanuc_controllers/share/fanuc_controllers/local_setup.zsh
-- Installing: /home/hualde/misCosas/ws_fanuc/install/fanuc_controllers/share/fanuc_controllers/local_setup.dsv
-- Installing: /home/hualde/misCosas/ws_fanuc/install/fanuc_controllers/share/fanuc_controllers/package.dsv
-- Installing: /home/hualde/misCosas/ws_fanuc/install/fanuc_controllers/share/ament_index/resource_index/packages/fanuc_controllers
-- Installing: /home/hualde/misCosas/ws_fanuc/install/fanuc_controllers/share/ament_index/resource_index/controller_interface__pluginlib__plugin/fanuc_controllers
-- Installing: /home/hualde/misCosas/ws_fanuc/install/fanuc_controllers/share/fanuc_controllers/cmake/fanuc_controllersConfig.cmake
-- Installing: /home/hualde/misCosas/ws_fanuc/install/fanuc_controllers/share/fanuc_controllers/cmake/fanuc_controllersConfig-version.cmake
-- Installing: /home/hualde/misCosas/ws_fanuc/install/fanuc_controllers/share/fanuc_controllers/package.xml
