-- The C compiler identification is GNU 11.4.0
-- The CXX compiler identification is GNU 11.4.0
-- Detecting C compiler ABI info
-- Detecting C compiler ABI info - done
-- Check for working C compiler: /usr/bin/cc - skipped
-- Detecting C compile features
-- Detecting C compile features - done
-- Detecting CXX compiler ABI info
-- Detecting CXX compiler ABI info - done
-- Check for working CXX compiler: /usr/bin/c++ - skipped
-- Detecting CXX compile features
-- Detecting CXX compile features - done
-- Found ament_cmake: 1.3.12 (/opt/ros/humble/share/ament_cmake/cmake)
-- Found Python3: /usr/bin/python3 (found version "3.10.12") found components: Interpreter 
-- Found hardware_interface: 2.52.2 (/opt/ros/humble/share/hardware_interface/cmake)
-- Found rosidl_generator_c: 3.1.7 (/opt/ros/humble/share/rosidl_generator_c/cmake)
-- Found rosidl_adapter: 3.1.7 (/opt/ros/humble/share/rosidl_adapter/cmake)
-- Found rosidl_generator_cpp: 3.1.7 (/opt/ros/humble/share/rosidl_generator_cpp/cmake)
-- Using all available rosidl_typesupport_c: rosidl_typesupport_fastrtps_c;rosidl_typesupport_introspection_c
-- Using all available rosidl_typesupport_cpp: rosidl_typesupport_fastrtps_cpp;rosidl_typesupport_introspection_cpp
-- Found rmw_implementation_cmake: 6.1.2 (/opt/ros/humble/share/rmw_implementation_cmake/cmake)
-- Found rmw_fastrtps_cpp: 6.2.9 (/opt/ros/humble/share/rmw_fastrtps_cpp/cmake)
-- Found TinyXML2 via Config file: TinyXML2_DIR-NOTFOUND
-- Found OpenSSL: /usr/lib/x86_64-linux-gnu/libcrypto.so (found version "3.0.2")  
-- Found TinyXML2 via Config file: TinyXML2_DIR-NOTFOUND
-- Found FastRTPS: /opt/ros/humble/include  
-- Found TinyXML2 via Config file: TinyXML2_DIR-NOTFOUND
-- Found TinyXML2 via Config file: TinyXML2_DIR-NOTFOUND
-- Using RMW implementation 'rmw_fastrtps_cpp' as default
-- Performing Test CMAKE_HAVE_LIBC_PTHREAD
-- Performing Test CMAKE_HAVE_LIBC_PTHREAD - Success
-- Found Threads: TRUE  
-- Configuring done
-- Generating done
-- Build files have been written to: /home/hualde/misCosas/ws_fanuc/build/fanuc_hardware_interface
[ 50%] [32mBuilding CXX object CMakeFiles/fanuc_robot_driver.dir/src/hardware_interface.cpp.o[0m
[100%] [32m[1mLinking CXX shared library libfanuc_robot_driver.so[0m
[100%] Built target fanuc_robot_driver
-- Install configuration: ""
-- Installing: /home/hualde/misCosas/ws_fanuc/install/fanuc_hardware_interface/share/fanuc_hardware_interface/hardware_interface_plugin.xml
-- Installing: /home/hualde/misCosas/ws_fanuc/install/fanuc_hardware_interface/lib/fanuc_hardware_interface/libfanuc_robot_driver.so
-- Set runtime path of "/home/hualde/misCosas/ws_fanuc/install/fanuc_hardware_interface/lib/fanuc_hardware_interface/libfanuc_robot_driver.so" to ""
-- Installing: /home/hualde/misCosas/ws_fanuc/install/fanuc_hardware_interface/include/
-- Installing: /home/hualde/misCosas/ws_fanuc/install/fanuc_hardware_interface/include//fanuc_robot_driver
-- Installing: /home/hualde/misCosas/ws_fanuc/install/fanuc_hardware_interface/include//fanuc_robot_driver/constants.hpp
-- Installing: /home/hualde/misCosas/ws_fanuc/install/fanuc_hardware_interface/include//fanuc_robot_driver/hardware_interface.hpp
-- Installing: /home/hualde/misCosas/ws_fanuc/install/fanuc_hardware_interface/share/fanuc_hardware_interface/config
-- Installing: /home/hualde/misCosas/ws_fanuc/install/fanuc_hardware_interface/share/fanuc_hardware_interface/config/crx_mock_ros2_control_macro.xacro
-- Installing: /home/hualde/misCosas/ws_fanuc/install/fanuc_hardware_interface/share/fanuc_hardware_interface/config/example_ros2_controllers.yaml
-- Installing: /home/hualde/misCosas/ws_fanuc/install/fanuc_hardware_interface/share/fanuc_hardware_interface/config/example_gpio_config.yaml
-- Installing: /home/hualde/misCosas/ws_fanuc/install/fanuc_hardware_interface/share/fanuc_hardware_interface/config/example_gpio_config_small.yaml
-- Installing: /home/hualde/misCosas/ws_fanuc/install/fanuc_hardware_interface/share/fanuc_hardware_interface/config/crx_physical_ros2_control_macro.xacro
-- Installing: /home/hualde/misCosas/ws_fanuc/install/fanuc_hardware_interface/share/fanuc_hardware_interface/config/6dof_robot_physical_ros2_control_macro.xacro
-- Installing: /home/hualde/misCosas/ws_fanuc/install/fanuc_hardware_interface/share/fanuc_hardware_interface/config/6dof_robot_mock_ros2_control_macro.xacro
-- Installing: /home/hualde/misCosas/ws_fanuc/install/fanuc_hardware_interface/share/fanuc_hardware_interface/config/ros2_controllers.yaml
-- Installing: /home/hualde/misCosas/ws_fanuc/install/fanuc_hardware_interface/share/fanuc_hardware_interface/launch
-- Installing: /home/hualde/misCosas/ws_fanuc/install/fanuc_hardware_interface/share/fanuc_hardware_interface/launch/fanuc_mock_control.launch.py
-- Installing: /home/hualde/misCosas/ws_fanuc/install/fanuc_hardware_interface/share/fanuc_hardware_interface/launch/fanuc_physical_control.launch.py
-- Installing: /home/hualde/misCosas/ws_fanuc/install/fanuc_hardware_interface/share/fanuc_hardware_interface/robot
-- Installing: /home/hualde/misCosas/ws_fanuc/install/fanuc_hardware_interface/share/fanuc_hardware_interface/robot/crx5ia.urdf.xacro
-- Installing: /home/hualde/misCosas/ws_fanuc/install/fanuc_hardware_interface/share/fanuc_hardware_interface/robot/crx20ia_l.urdf.xacro
-- Installing: /home/hualde/misCosas/ws_fanuc/install/fanuc_hardware_interface/share/fanuc_hardware_interface/robot/crx30ia.urdf.xacro
-- Installing: /home/hualde/misCosas/ws_fanuc/install/fanuc_hardware_interface/share/fanuc_hardware_interface/robot/crx10ia_l.urdf.xacro
-- Installing: /home/hualde/misCosas/ws_fanuc/install/fanuc_hardware_interface/share/fanuc_hardware_interface/robot/6dof_robot.urdf.xacro
-- Installing: /home/hualde/misCosas/ws_fanuc/install/fanuc_hardware_interface/share/fanuc_hardware_interface/robot/crx10ia.urdf.xacro
-- Installing: /home/hualde/misCosas/ws_fanuc/install/fanuc_hardware_interface/share/ament_index/resource_index/package_run_dependencies/fanuc_hardware_interface
-- Installing: /home/hualde/misCosas/ws_fanuc/install/fanuc_hardware_interface/share/ament_index/resource_index/parent_prefix_path/fanuc_hardware_interface
-- Installing: /home/hualde/misCosas/ws_fanuc/install/fanuc_hardware_interface/share/fanuc_hardware_interface/environment/ament_prefix_path.sh
-- Installing: /home/hualde/misCosas/ws_fanuc/install/fanuc_hardware_interface/share/fanuc_hardware_interface/environment/ament_prefix_path.dsv
-- Installing: /home/hualde/misCosas/ws_fanuc/install/fanuc_hardware_interface/share/fanuc_hardware_interface/environment/path.sh
-- Installing: /home/hualde/misCosas/ws_fanuc/install/fanuc_hardware_interface/share/fanuc_hardware_interface/environment/path.dsv
-- Installing: /home/hualde/misCosas/ws_fanuc/install/fanuc_hardware_interface/share/fanuc_hardware_interface/local_setup.bash
-- Installing: /home/hualde/misCosas/ws_fanuc/install/fanuc_hardware_interface/share/fanuc_hardware_interface/local_setup.sh
-- Installing: /home/hualde/misCosas/ws_fanuc/install/fanuc_hardware_interface/share/fanuc_hardware_interface/local_setup.zsh
-- Installing: /home/hualde/misCosas/ws_fanuc/install/fanuc_hardware_interface/share/fanuc_hardware_interface/local_setup.dsv
-- Installing: /home/hualde/misCosas/ws_fanuc/install/fanuc_hardware_interface/share/fanuc_hardware_interface/package.dsv
-- Installing: /home/hualde/misCosas/ws_fanuc/install/fanuc_hardware_interface/share/ament_index/resource_index/packages/fanuc_hardware_interface
-- Installing: /home/hualde/misCosas/ws_fanuc/install/fanuc_hardware_interface/share/ament_index/resource_index/hardware_interface__pluginlib__plugin/fanuc_hardware_interface
-- Installing: /home/hualde/misCosas/ws_fanuc/install/fanuc_hardware_interface/share/fanuc_hardware_interface/cmake/export_fanuc_hardware_interface_constantsExport.cmake
-- Installing: /home/hualde/misCosas/ws_fanuc/install/fanuc_hardware_interface/share/fanuc_hardware_interface/cmake/ament_cmake_export_targets-extras.cmake
-- Installing: /home/hualde/misCosas/ws_fanuc/install/fanuc_hardware_interface/share/fanuc_hardware_interface/cmake/fanuc_hardware_interfaceConfig.cmake
-- Installing: /home/hualde/misCosas/ws_fanuc/install/fanuc_hardware_interface/share/fanuc_hardware_interface/cmake/fanuc_hardware_interfaceConfig-version.cmake
-- Installing: /home/hualde/misCosas/ws_fanuc/install/fanuc_hardware_interface/share/fanuc_hardware_interface/package.xml
