[0.005s] Invoking command in '/home/hualde/misCosas/ws_fanuc/build/fanuc_hardware_interface': CMAKE_PREFIX_PATH=/home/hualde/misCosas/ws_fanuc/install/fanuc_libs:/home/hualde/misCosas/ws_fanuc/install/slider_publisher:/home/hualde/misCosas/ws_fanuc/install/mi_fanuc:/home/hualde/misCosas/ws_fanuc/install/fanuc_r2000_description:/home/hualde/misCosas/ws_fanuc/install/fanuc_r1000ia_description:/home/hualde/misCosas/ws_fanuc/install/fanuc_controllers:/home/hualde/misCosas/ws_fanuc/install/fanuc_msgs:/home/hualde/misCosas/ws_fanuc/install/fanuc_moveit_config:/home/hualde/misCosas/ws_fanuc/install/fanuc_m20_description:/home/hualde/misCosas/ws_fanuc/install/fanuc_m10_description:/home/hualde/misCosas/ws_fanuc/install/fanuc_lrmate_description:/home/hualde/misCosas/ws_fanuc/install/fanuc_forward_command:/home/hualde/misCosas/ws_fanuc/install/fanuc_hardware_interface:/home/hualde/misCosas/ws_fanuc/install/fanuc_crx_description:/opt/ros/humble LD_LIBRARY_PATH=/home/hualde/misCosas/ws_fanuc/install/fanuc_libs/lib:/home/hualde/misCosas/ws_fanuc/install/fanuc_msgs/lib:/usr/lib/x86_64-linux-gnu/gazebo-11/plugins:/opt/ros/humble/opt/rviz_ogre_vendor/lib:/opt/ros/humble/lib/x86_64-linux-gnu:/opt/ros/humble/lib /usr/bin/cmake /home/hualde/misCosas/ws_fanuc/src/fanuc_driver/fanuc_hardware_interface -DCMAKE_INSTALL_PREFIX=/home/hualde/misCosas/ws_fanuc/install/fanuc_hardware_interface
[0.036s] -- The C compiler identification is GNU 11.4.0
[0.071s] -- The CXX compiler identification is GNU 11.4.0
[0.077s] -- Detecting C compiler ABI info
[0.113s] -- Detecting C compiler ABI info - done
[0.117s] -- Check for working C compiler: /usr/bin/cc - skipped
[0.117s] -- Detecting C compile features
[0.117s] -- Detecting C compile features - done
[0.119s] -- Detecting CXX compiler ABI info
[0.163s] -- Detecting CXX compiler ABI info - done
[0.168s] -- Check for working CXX compiler: /usr/bin/c++ - skipped
[0.168s] -- Detecting CXX compile features
[0.168s] -- Detecting CXX compile features - done
[0.170s] -- Found ament_cmake: 1.3.12 (/opt/ros/humble/share/ament_cmake/cmake)
[0.240s] -- Found Python3: /usr/bin/python3 (found version "3.10.12") found components: Interpreter 
[0.307s] -- Found hardware_interface: 2.52.2 (/opt/ros/humble/share/hardware_interface/cmake)
[0.342s] -- Found rosidl_generator_c: 3.1.7 (/opt/ros/humble/share/rosidl_generator_c/cmake)
[0.347s] -- Found rosidl_adapter: 3.1.7 (/opt/ros/humble/share/rosidl_adapter/cmake)
[0.353s] -- Found rosidl_generator_cpp: 3.1.7 (/opt/ros/humble/share/rosidl_generator_cpp/cmake)
[0.363s] -- Using all available rosidl_typesupport_c: rosidl_typesupport_fastrtps_c;rosidl_typesupport_introspection_c
[0.375s] -- Using all available rosidl_typesupport_cpp: rosidl_typesupport_fastrtps_cpp;rosidl_typesupport_introspection_cpp
[0.521s] -- Found rmw_implementation_cmake: 6.1.2 (/opt/ros/humble/share/rmw_implementation_cmake/cmake)
[0.524s] -- Found rmw_fastrtps_cpp: 6.2.9 (/opt/ros/humble/share/rmw_fastrtps_cpp/cmake)
[0.543s] -- Found TinyXML2 via Config file: TinyXML2_DIR-NOTFOUND
[0.575s] -- Found OpenSSL: /usr/lib/x86_64-linux-gnu/libcrypto.so (found version "3.0.2")  
[0.578s] -- Found TinyXML2 via Config file: TinyXML2_DIR-NOTFOUND
[0.588s] -- Found FastRTPS: /opt/ros/humble/include  
[0.590s] -- Found TinyXML2 via Config file: TinyXML2_DIR-NOTFOUND
[0.595s] -- Found TinyXML2 via Config file: TinyXML2_DIR-NOTFOUND
[0.601s] -- Using RMW implementation 'rmw_fastrtps_cpp' as default
[0.609s] -- Performing Test CMAKE_HAVE_LIBC_PTHREAD
[0.649s] -- Performing Test CMAKE_HAVE_LIBC_PTHREAD - Success
[0.650s] -- Found Threads: TRUE  
[0.720s] -- Configuring done
[0.730s] -- Generating done
[0.733s] -- Build files have been written to: /home/hualde/misCosas/ws_fanuc/build/fanuc_hardware_interface
[0.741s] Invoked command in '/home/hualde/misCosas/ws_fanuc/build/fanuc_hardware_interface' returned '0': CMAKE_PREFIX_PATH=/home/hualde/misCosas/ws_fanuc/install/fanuc_libs:/home/hualde/misCosas/ws_fanuc/install/slider_publisher:/home/hualde/misCosas/ws_fanuc/install/mi_fanuc:/home/hualde/misCosas/ws_fanuc/install/fanuc_r2000_description:/home/hualde/misCosas/ws_fanuc/install/fanuc_r1000ia_description:/home/hualde/misCosas/ws_fanuc/install/fanuc_controllers:/home/hualde/misCosas/ws_fanuc/install/fanuc_msgs:/home/hualde/misCosas/ws_fanuc/install/fanuc_moveit_config:/home/hualde/misCosas/ws_fanuc/install/fanuc_m20_description:/home/hualde/misCosas/ws_fanuc/install/fanuc_m10_description:/home/hualde/misCosas/ws_fanuc/install/fanuc_lrmate_description:/home/hualde/misCosas/ws_fanuc/install/fanuc_forward_command:/home/hualde/misCosas/ws_fanuc/install/fanuc_hardware_interface:/home/hualde/misCosas/ws_fanuc/install/fanuc_crx_description:/opt/ros/humble LD_LIBRARY_PATH=/home/hualde/misCosas/ws_fanuc/install/fanuc_libs/lib:/home/hualde/misCosas/ws_fanuc/install/fanuc_msgs/lib:/usr/lib/x86_64-linux-gnu/gazebo-11/plugins:/opt/ros/humble/opt/rviz_ogre_vendor/lib:/opt/ros/humble/lib/x86_64-linux-gnu:/opt/ros/humble/lib /usr/bin/cmake /home/hualde/misCosas/ws_fanuc/src/fanuc_driver/fanuc_hardware_interface -DCMAKE_INSTALL_PREFIX=/home/hualde/misCosas/ws_fanuc/install/fanuc_hardware_interface
[0.743s] Invoking command in '/home/hualde/misCosas/ws_fanuc/build/fanuc_hardware_interface': CMAKE_PREFIX_PATH=/home/hualde/misCosas/ws_fanuc/install/fanuc_libs:/home/hualde/misCosas/ws_fanuc/install/slider_publisher:/home/hualde/misCosas/ws_fanuc/install/mi_fanuc:/home/hualde/misCosas/ws_fanuc/install/fanuc_r2000_description:/home/hualde/misCosas/ws_fanuc/install/fanuc_r1000ia_description:/home/hualde/misCosas/ws_fanuc/install/fanuc_controllers:/home/hualde/misCosas/ws_fanuc/install/fanuc_msgs:/home/hualde/misCosas/ws_fanuc/install/fanuc_moveit_config:/home/hualde/misCosas/ws_fanuc/install/fanuc_m20_description:/home/hualde/misCosas/ws_fanuc/install/fanuc_m10_description:/home/hualde/misCosas/ws_fanuc/install/fanuc_lrmate_description:/home/hualde/misCosas/ws_fanuc/install/fanuc_forward_command:/home/hualde/misCosas/ws_fanuc/install/fanuc_hardware_interface:/home/hualde/misCosas/ws_fanuc/install/fanuc_crx_description:/opt/ros/humble LD_LIBRARY_PATH=/home/hualde/misCosas/ws_fanuc/install/fanuc_libs/lib:/home/hualde/misCosas/ws_fanuc/install/fanuc_msgs/lib:/usr/lib/x86_64-linux-gnu/gazebo-11/plugins:/opt/ros/humble/opt/rviz_ogre_vendor/lib:/opt/ros/humble/lib/x86_64-linux-gnu:/opt/ros/humble/lib /usr/bin/cmake --build /home/hualde/misCosas/ws_fanuc/build/fanuc_hardware_interface -- -j16 -l16
[0.763s] [ 50%] [32mBuilding CXX object CMakeFiles/fanuc_robot_driver.dir/src/hardware_interface.cpp.o[0m
[2.824s] [100%] [32m[1mLinking CXX shared library libfanuc_robot_driver.so[0m
[3.127s] [100%] Built target fanuc_robot_driver
[3.133s] Invoked command in '/home/hualde/misCosas/ws_fanuc/build/fanuc_hardware_interface' returned '0': CMAKE_PREFIX_PATH=/home/hualde/misCosas/ws_fanuc/install/fanuc_libs:/home/hualde/misCosas/ws_fanuc/install/slider_publisher:/home/hualde/misCosas/ws_fanuc/install/mi_fanuc:/home/hualde/misCosas/ws_fanuc/install/fanuc_r2000_description:/home/hualde/misCosas/ws_fanuc/install/fanuc_r1000ia_description:/home/hualde/misCosas/ws_fanuc/install/fanuc_controllers:/home/hualde/misCosas/ws_fanuc/install/fanuc_msgs:/home/hualde/misCosas/ws_fanuc/install/fanuc_moveit_config:/home/hualde/misCosas/ws_fanuc/install/fanuc_m20_description:/home/hualde/misCosas/ws_fanuc/install/fanuc_m10_description:/home/hualde/misCosas/ws_fanuc/install/fanuc_lrmate_description:/home/hualde/misCosas/ws_fanuc/install/fanuc_forward_command:/home/hualde/misCosas/ws_fanuc/install/fanuc_hardware_interface:/home/hualde/misCosas/ws_fanuc/install/fanuc_crx_description:/opt/ros/humble LD_LIBRARY_PATH=/home/hualde/misCosas/ws_fanuc/install/fanuc_libs/lib:/home/hualde/misCosas/ws_fanuc/install/fanuc_msgs/lib:/usr/lib/x86_64-linux-gnu/gazebo-11/plugins:/opt/ros/humble/opt/rviz_ogre_vendor/lib:/opt/ros/humble/lib/x86_64-linux-gnu:/opt/ros/humble/lib /usr/bin/cmake --build /home/hualde/misCosas/ws_fanuc/build/fanuc_hardware_interface -- -j16 -l16
[3.134s] Invoking command in '/home/hualde/misCosas/ws_fanuc/build/fanuc_hardware_interface': CMAKE_PREFIX_PATH=/home/hualde/misCosas/ws_fanuc/install/fanuc_libs:/home/hualde/misCosas/ws_fanuc/install/slider_publisher:/home/hualde/misCosas/ws_fanuc/install/mi_fanuc:/home/hualde/misCosas/ws_fanuc/install/fanuc_r2000_description:/home/hualde/misCosas/ws_fanuc/install/fanuc_r1000ia_description:/home/hualde/misCosas/ws_fanuc/install/fanuc_controllers:/home/hualde/misCosas/ws_fanuc/install/fanuc_msgs:/home/hualde/misCosas/ws_fanuc/install/fanuc_moveit_config:/home/hualde/misCosas/ws_fanuc/install/fanuc_m20_description:/home/hualde/misCosas/ws_fanuc/install/fanuc_m10_description:/home/hualde/misCosas/ws_fanuc/install/fanuc_lrmate_description:/home/hualde/misCosas/ws_fanuc/install/fanuc_forward_command:/home/hualde/misCosas/ws_fanuc/install/fanuc_hardware_interface:/home/hualde/misCosas/ws_fanuc/install/fanuc_crx_description:/opt/ros/humble LD_LIBRARY_PATH=/home/hualde/misCosas/ws_fanuc/install/fanuc_libs/lib:/home/hualde/misCosas/ws_fanuc/install/fanuc_msgs/lib:/usr/lib/x86_64-linux-gnu/gazebo-11/plugins:/opt/ros/humble/opt/rviz_ogre_vendor/lib:/opt/ros/humble/lib/x86_64-linux-gnu:/opt/ros/humble/lib /usr/bin/cmake --install /home/hualde/misCosas/ws_fanuc/build/fanuc_hardware_interface
[3.135s] -- Install configuration: ""
[3.136s] -- Installing: /home/hualde/misCosas/ws_fanuc/install/fanuc_hardware_interface/share/fanuc_hardware_interface/hardware_interface_plugin.xml
[3.136s] -- Installing: /home/hualde/misCosas/ws_fanuc/install/fanuc_hardware_interface/lib/fanuc_hardware_interface/libfanuc_robot_driver.so
[3.137s] -- Set runtime path of "/home/hualde/misCosas/ws_fanuc/install/fanuc_hardware_interface/lib/fanuc_hardware_interface/libfanuc_robot_driver.so" to ""
[3.137s] -- Installing: /home/hualde/misCosas/ws_fanuc/install/fanuc_hardware_interface/include/
[3.137s] -- Installing: /home/hualde/misCosas/ws_fanuc/install/fanuc_hardware_interface/include//fanuc_robot_driver
[3.137s] -- Installing: /home/hualde/misCosas/ws_fanuc/install/fanuc_hardware_interface/include//fanuc_robot_driver/constants.hpp
[3.137s] -- Installing: /home/hualde/misCosas/ws_fanuc/install/fanuc_hardware_interface/include//fanuc_robot_driver/hardware_interface.hpp
[3.137s] -- Installing: /home/hualde/misCosas/ws_fanuc/install/fanuc_hardware_interface/share/fanuc_hardware_interface/config
[3.138s] -- Installing: /home/hualde/misCosas/ws_fanuc/install/fanuc_hardware_interface/share/fanuc_hardware_interface/config/crx_mock_ros2_control_macro.xacro
[3.138s] -- Installing: /home/hualde/misCosas/ws_fanuc/install/fanuc_hardware_interface/share/fanuc_hardware_interface/config/example_ros2_controllers.yaml
[3.138s] -- Installing: /home/hualde/misCosas/ws_fanuc/install/fanuc_hardware_interface/share/fanuc_hardware_interface/config/example_gpio_config.yaml
[3.138s] -- Installing: /home/hualde/misCosas/ws_fanuc/install/fanuc_hardware_interface/share/fanuc_hardware_interface/config/example_gpio_config_small.yaml
[3.138s] -- Installing: /home/hualde/misCosas/ws_fanuc/install/fanuc_hardware_interface/share/fanuc_hardware_interface/config/crx_physical_ros2_control_macro.xacro
[3.139s] -- Installing: /home/hualde/misCosas/ws_fanuc/install/fanuc_hardware_interface/share/fanuc_hardware_interface/config/6dof_robot_physical_ros2_control_macro.xacro
[3.139s] -- Installing: /home/hualde/misCosas/ws_fanuc/install/fanuc_hardware_interface/share/fanuc_hardware_interface/config/6dof_robot_mock_ros2_control_macro.xacro
[3.139s] -- Installing: /home/hualde/misCosas/ws_fanuc/install/fanuc_hardware_interface/share/fanuc_hardware_interface/config/ros2_controllers.yaml
[3.139s] -- Installing: /home/hualde/misCosas/ws_fanuc/install/fanuc_hardware_interface/share/fanuc_hardware_interface/launch
[3.140s] -- Installing: /home/hualde/misCosas/ws_fanuc/install/fanuc_hardware_interface/share/fanuc_hardware_interface/launch/fanuc_mock_control.launch.py
[3.140s] -- Installing: /home/hualde/misCosas/ws_fanuc/install/fanuc_hardware_interface/share/fanuc_hardware_interface/launch/fanuc_physical_control.launch.py
[3.140s] -- Installing: /home/hualde/misCosas/ws_fanuc/install/fanuc_hardware_interface/share/fanuc_hardware_interface/robot
[3.140s] -- Installing: /home/hualde/misCosas/ws_fanuc/install/fanuc_hardware_interface/share/fanuc_hardware_interface/robot/crx5ia.urdf.xacro
[3.141s] -- Installing: /home/hualde/misCosas/ws_fanuc/install/fanuc_hardware_interface/share/fanuc_hardware_interface/robot/crx20ia_l.urdf.xacro
[3.141s] -- Installing: /home/hualde/misCosas/ws_fanuc/install/fanuc_hardware_interface/share/fanuc_hardware_interface/robot/crx30ia.urdf.xacro
[3.141s] -- Installing: /home/hualde/misCosas/ws_fanuc/install/fanuc_hardware_interface/share/fanuc_hardware_interface/robot/crx10ia_l.urdf.xacro
[3.141s] -- Installing: /home/hualde/misCosas/ws_fanuc/install/fanuc_hardware_interface/share/fanuc_hardware_interface/robot/6dof_robot.urdf.xacro
[3.141s] -- Installing: /home/hualde/misCosas/ws_fanuc/install/fanuc_hardware_interface/share/fanuc_hardware_interface/robot/crx10ia.urdf.xacro
[3.142s] -- Installing: /home/hualde/misCosas/ws_fanuc/install/fanuc_hardware_interface/share/ament_index/resource_index/package_run_dependencies/fanuc_hardware_interface
[3.142s] -- Installing: /home/hualde/misCosas/ws_fanuc/install/fanuc_hardware_interface/share/ament_index/resource_index/parent_prefix_path/fanuc_hardware_interface
[3.142s] -- Installing: /home/hualde/misCosas/ws_fanuc/install/fanuc_hardware_interface/share/fanuc_hardware_interface/environment/ament_prefix_path.sh
[3.142s] -- Installing: /home/hualde/misCosas/ws_fanuc/install/fanuc_hardware_interface/share/fanuc_hardware_interface/environment/ament_prefix_path.dsv
[3.142s] -- Installing: /home/hualde/misCosas/ws_fanuc/install/fanuc_hardware_interface/share/fanuc_hardware_interface/environment/path.sh
[3.142s] -- Installing: /home/hualde/misCosas/ws_fanuc/install/fanuc_hardware_interface/share/fanuc_hardware_interface/environment/path.dsv
[3.142s] -- Installing: /home/hualde/misCosas/ws_fanuc/install/fanuc_hardware_interface/share/fanuc_hardware_interface/local_setup.bash
[3.142s] -- Installing: /home/hualde/misCosas/ws_fanuc/install/fanuc_hardware_interface/share/fanuc_hardware_interface/local_setup.sh
[3.143s] -- Installing: /home/hualde/misCosas/ws_fanuc/install/fanuc_hardware_interface/share/fanuc_hardware_interface/local_setup.zsh
[3.143s] -- Installing: /home/hualde/misCosas/ws_fanuc/install/fanuc_hardware_interface/share/fanuc_hardware_interface/local_setup.dsv
[3.143s] -- Installing: /home/hualde/misCosas/ws_fanuc/install/fanuc_hardware_interface/share/fanuc_hardware_interface/package.dsv
[3.143s] -- Installing: /home/hualde/misCosas/ws_fanuc/install/fanuc_hardware_interface/share/ament_index/resource_index/packages/fanuc_hardware_interface
[3.143s] -- Installing: /home/hualde/misCosas/ws_fanuc/install/fanuc_hardware_interface/share/ament_index/resource_index/hardware_interface__pluginlib__plugin/fanuc_hardware_interface
[3.143s] -- Installing: /home/hualde/misCosas/ws_fanuc/install/fanuc_hardware_interface/share/fanuc_hardware_interface/cmake/export_fanuc_hardware_interface_constantsExport.cmake
[3.143s] -- Installing: /home/hualde/misCosas/ws_fanuc/install/fanuc_hardware_interface/share/fanuc_hardware_interface/cmake/ament_cmake_export_targets-extras.cmake
[3.143s] -- Installing: /home/hualde/misCosas/ws_fanuc/install/fanuc_hardware_interface/share/fanuc_hardware_interface/cmake/fanuc_hardware_interfaceConfig.cmake
[3.144s] -- Installing: /home/hualde/misCosas/ws_fanuc/install/fanuc_hardware_interface/share/fanuc_hardware_interface/cmake/fanuc_hardware_interfaceConfig-version.cmake
[3.144s] -- Installing: /home/hualde/misCosas/ws_fanuc/install/fanuc_hardware_interface/share/fanuc_hardware_interface/package.xml
[3.144s] Invoked command in '/home/hualde/misCosas/ws_fanuc/build/fanuc_hardware_interface' returned '0': CMAKE_PREFIX_PATH=/home/hualde/misCosas/ws_fanuc/install/fanuc_libs:/home/hualde/misCosas/ws_fanuc/install/slider_publisher:/home/hualde/misCosas/ws_fanuc/install/mi_fanuc:/home/hualde/misCosas/ws_fanuc/install/fanuc_r2000_description:/home/hualde/misCosas/ws_fanuc/install/fanuc_r1000ia_description:/home/hualde/misCosas/ws_fanuc/install/fanuc_controllers:/home/hualde/misCosas/ws_fanuc/install/fanuc_msgs:/home/hualde/misCosas/ws_fanuc/install/fanuc_moveit_config:/home/hualde/misCosas/ws_fanuc/install/fanuc_m20_description:/home/hualde/misCosas/ws_fanuc/install/fanuc_m10_description:/home/hualde/misCosas/ws_fanuc/install/fanuc_lrmate_description:/home/hualde/misCosas/ws_fanuc/install/fanuc_forward_command:/home/hualde/misCosas/ws_fanuc/install/fanuc_hardware_interface:/home/hualde/misCosas/ws_fanuc/install/fanuc_crx_description:/opt/ros/humble LD_LIBRARY_PATH=/home/hualde/misCosas/ws_fanuc/install/fanuc_libs/lib:/home/hualde/misCosas/ws_fanuc/install/fanuc_msgs/lib:/usr/lib/x86_64-linux-gnu/gazebo-11/plugins:/opt/ros/humble/opt/rviz_ogre_vendor/lib:/opt/ros/humble/lib/x86_64-linux-gnu:/opt/ros/humble/lib /usr/bin/cmake --install /home/hualde/misCosas/ws_fanuc/build/fanuc_hardware_interface
