[100%] Built target fanuc_robot_driver
-- Install configuration: ""
-- Up-to-date: /home/hualde/misCosas/ws_fanuc/install/fanuc_hardware_interface/share/fanuc_hardware_interface/hardware_interface_plugin.xml
-- Up-to-date: /home/hualde/misCosas/ws_fanuc/install/fanuc_hardware_interface/lib/fanuc_hardware_interface/libfanuc_robot_driver.so
-- Up-to-date: /home/hualde/misCosas/ws_fanuc/install/fanuc_hardware_interface/include/
-- Up-to-date: /home/hualde/misCosas/ws_fanuc/install/fanuc_hardware_interface/include//fanuc_robot_driver
-- Up-to-date: /home/hualde/misCosas/ws_fanuc/install/fanuc_hardware_interface/include//fanuc_robot_driver/constants.hpp
-- Up-to-date: /home/hualde/misCosas/ws_fanuc/install/fanuc_hardware_interface/include//fanuc_robot_driver/hardware_interface.hpp
-- Up-to-date: /home/hualde/misCosas/ws_fanuc/install/fanuc_hardware_interface/share/fanuc_hardware_interface/config
-- Up-to-date: /home/hualde/misCosas/ws_fanuc/install/fanuc_hardware_interface/share/fanuc_hardware_interface/config/crx_mock_ros2_control_macro.xacro
-- Up-to-date: /home/hualde/misCosas/ws_fanuc/install/fanuc_hardware_interface/share/fanuc_hardware_interface/config/example_ros2_controllers.yaml
-- Up-to-date: /home/hualde/misCosas/ws_fanuc/install/fanuc_hardware_interface/share/fanuc_hardware_interface/config/example_gpio_config.yaml
-- Up-to-date: /home/hualde/misCosas/ws_fanuc/install/fanuc_hardware_interface/share/fanuc_hardware_interface/config/example_gpio_config_small.yaml
-- Up-to-date: /home/hualde/misCosas/ws_fanuc/install/fanuc_hardware_interface/share/fanuc_hardware_interface/config/crx_physical_ros2_control_macro.xacro
-- Up-to-date: /home/hualde/misCosas/ws_fanuc/install/fanuc_hardware_interface/share/fanuc_hardware_interface/config/6dof_robot_physical_ros2_control_macro.xacro
-- Up-to-date: /home/hualde/misCosas/ws_fanuc/install/fanuc_hardware_interface/share/fanuc_hardware_interface/config/6dof_robot_mock_ros2_control_macro.xacro
-- Up-to-date: /home/hualde/misCosas/ws_fanuc/install/fanuc_hardware_interface/share/fanuc_hardware_interface/config/ros2_controllers.yaml
-- Up-to-date: /home/hualde/misCosas/ws_fanuc/install/fanuc_hardware_interface/share/fanuc_hardware_interface/launch
-- Up-to-date: /home/hualde/misCosas/ws_fanuc/install/fanuc_hardware_interface/share/fanuc_hardware_interface/launch/fanuc_mock_control.launch.py
-- Up-to-date: /home/hualde/misCosas/ws_fanuc/install/fanuc_hardware_interface/share/fanuc_hardware_interface/launch/fanuc_physical_control.launch.py
-- Up-to-date: /home/hualde/misCosas/ws_fanuc/install/fanuc_hardware_interface/share/fanuc_hardware_interface/robot
-- Up-to-date: /home/hualde/misCosas/ws_fanuc/install/fanuc_hardware_interface/share/fanuc_hardware_interface/robot/crx5ia.urdf.xacro
-- Up-to-date: /home/hualde/misCosas/ws_fanuc/install/fanuc_hardware_interface/share/fanuc_hardware_interface/robot/crx20ia_l.urdf.xacro
-- Up-to-date: /home/hualde/misCosas/ws_fanuc/install/fanuc_hardware_interface/share/fanuc_hardware_interface/robot/crx30ia.urdf.xacro
-- Up-to-date: /home/hualde/misCosas/ws_fanuc/install/fanuc_hardware_interface/share/fanuc_hardware_interface/robot/crx10ia_l.urdf.xacro
-- Up-to-date: /home/hualde/misCosas/ws_fanuc/install/fanuc_hardware_interface/share/fanuc_hardware_interface/robot/6dof_robot.urdf.xacro
-- Up-to-date: /home/hualde/misCosas/ws_fanuc/install/fanuc_hardware_interface/share/fanuc_hardware_interface/robot/crx10ia.urdf.xacro
-- Up-to-date: /home/hualde/misCosas/ws_fanuc/install/fanuc_hardware_interface/share/ament_index/resource_index/package_run_dependencies/fanuc_hardware_interface
-- Up-to-date: /home/hualde/misCosas/ws_fanuc/install/fanuc_hardware_interface/share/ament_index/resource_index/parent_prefix_path/fanuc_hardware_interface
-- Up-to-date: /home/hualde/misCosas/ws_fanuc/install/fanuc_hardware_interface/share/fanuc_hardware_interface/environment/ament_prefix_path.sh
-- Up-to-date: /home/hualde/misCosas/ws_fanuc/install/fanuc_hardware_interface/share/fanuc_hardware_interface/environment/ament_prefix_path.dsv
-- Up-to-date: /home/hualde/misCosas/ws_fanuc/install/fanuc_hardware_interface/share/fanuc_hardware_interface/environment/path.sh
-- Up-to-date: /home/hualde/misCosas/ws_fanuc/install/fanuc_hardware_interface/share/fanuc_hardware_interface/environment/path.dsv
-- Up-to-date: /home/hualde/misCosas/ws_fanuc/install/fanuc_hardware_interface/share/fanuc_hardware_interface/local_setup.bash
-- Up-to-date: /home/hualde/misCosas/ws_fanuc/install/fanuc_hardware_interface/share/fanuc_hardware_interface/local_setup.sh
-- Up-to-date: /home/hualde/misCosas/ws_fanuc/install/fanuc_hardware_interface/share/fanuc_hardware_interface/local_setup.zsh
-- Up-to-date: /home/hualde/misCosas/ws_fanuc/install/fanuc_hardware_interface/share/fanuc_hardware_interface/local_setup.dsv
-- Installing: /home/hualde/misCosas/ws_fanuc/install/fanuc_hardware_interface/share/fanuc_hardware_interface/package.dsv
-- Up-to-date: /home/hualde/misCosas/ws_fanuc/install/fanuc_hardware_interface/share/ament_index/resource_index/packages/fanuc_hardware_interface
-- Up-to-date: /home/hualde/misCosas/ws_fanuc/install/fanuc_hardware_interface/share/ament_index/resource_index/hardware_interface__pluginlib__plugin/fanuc_hardware_interface
-- Up-to-date: /home/hualde/misCosas/ws_fanuc/install/fanuc_hardware_interface/share/fanuc_hardware_interface/cmake/export_fanuc_hardware_interface_constantsExport.cmake
-- Up-to-date: /home/hualde/misCosas/ws_fanuc/install/fanuc_hardware_interface/share/fanuc_hardware_interface/cmake/ament_cmake_export_targets-extras.cmake
-- Up-to-date: /home/hualde/misCosas/ws_fanuc/install/fanuc_hardware_interface/share/fanuc_hardware_interface/cmake/fanuc_hardware_interfaceConfig.cmake
-- Up-to-date: /home/hualde/misCosas/ws_fanuc/install/fanuc_hardware_interface/share/fanuc_hardware_interface/cmake/fanuc_hardware_interfaceConfig-version.cmake
-- Up-to-date: /home/hualde/misCosas/ws_fanuc/install/fanuc_hardware_interface/share/fanuc_hardware_interface/package.xml
