[  0%] Built target fanuc_msgs__cpp
[  0%] Built target ament_cmake_python_copy_fanuc_msgs
[ 12%] Built target fanuc_msgs__rosidl_generator_c
[ 24%] Built target fanuc_msgs__rosidl_typesupport_cpp
[ 36%] Built target fanuc_msgs__rosidl_typesupport_c
[ 49%] Built target fanuc_msgs__rosidl_typesupport_introspection_cpp
[ 62%] Built target fanuc_msgs__rosidl_typesupport_introspection_c
[ 74%] Built target fanuc_msgs__rosidl_typesupport_fastrtps_cpp
[ 86%] Built target fanuc_msgs__rosidl_typesupport_fastrtps_c
[ 86%] Built target fanuc_msgs
[ 86%] Built target fanuc_msgs__py
[ 98%] Built target fanuc_msgs__rosidl_generator_py
[100%] Built target fanuc_msgs__rosidl_typesupport_fastrtps_c__pyext
[100%] Built target fanuc_msgs__rosidl_typesupport_c__pyext
[100%] Built target fanuc_msgs__rosidl_typesupport_introspection_c__pyext
running egg_info
writing fanuc_msgs.egg-info/PKG-INFO
writing dependency_links to fanuc_msgs.egg-info/dependency_links.txt
writing top-level names to fanuc_msgs.egg-info/top_level.txt
reading manifest file 'fanuc_msgs.egg-info/SOURCES.txt'
writing manifest file 'fanuc_msgs.egg-info/SOURCES.txt'
[100%] Built target ament_cmake_python_build_fanuc_msgs_egg
-- Install configuration: ""
-- Up-to-date: /home/hualde/misCosas/ws_fanuc/install/fanuc_msgs/share/ament_index/resource_index/rosidl_interfaces/fanuc_msgs
-- Up-to-date: /home/hualde/misCosas/ws_fanuc/install/fanuc_msgs/include/fanuc_msgs/fanuc_msgs
-- Up-to-date: /home/hualde/misCosas/ws_fanuc/install/fanuc_msgs/include/fanuc_msgs/fanuc_msgs/msg
-- Up-to-date: /home/hualde/misCosas/ws_fanuc/install/fanuc_msgs/include/fanuc_msgs/fanuc_msgs/msg/detail
-- Up-to-date: /home/hualde/misCosas/ws_fanuc/install/fanuc_msgs/include/fanuc_msgs/fanuc_msgs/msg/detail/io_cmd__functions.c
-- Up-to-date: /home/hualde/misCosas/ws_fanuc/install/fanuc_msgs/include/fanuc_msgs/fanuc_msgs/msg/detail/io_type__functions.c
-- Up-to-date: /home/hualde/misCosas/ws_fanuc/install/fanuc_msgs/include/fanuc_msgs/fanuc_msgs/msg/detail/io_state__struct.h
-- Up-to-date: /home/hualde/misCosas/ws_fanuc/install/fanuc_msgs/include/fanuc_msgs/fanuc_msgs/msg/detail/analog_io__type_support.h
-- Up-to-date: /home/hualde/misCosas/ws_fanuc/install/fanuc_msgs/include/fanuc_msgs/fanuc_msgs/msg/detail/num_reg_state__struct.h
-- Up-to-date: /home/hualde/misCosas/ws_fanuc/install/fanuc_msgs/include/fanuc_msgs/fanuc_msgs/msg/detail/io_type__struct.h
-- Up-to-date: /home/hualde/misCosas/ws_fanuc/install/fanuc_msgs/include/fanuc_msgs/fanuc_msgs/msg/detail/analog_io_cmd__struct.h
-- Up-to-date: /home/hualde/misCosas/ws_fanuc/install/fanuc_msgs/include/fanuc_msgs/fanuc_msgs/msg/detail/io_cmd__type_support.h
-- Up-to-date: /home/hualde/misCosas/ws_fanuc/install/fanuc_msgs/include/fanuc_msgs/fanuc_msgs/msg/detail/io_state__functions.h
-- Up-to-date: /home/hualde/misCosas/ws_fanuc/install/fanuc_msgs/include/fanuc_msgs/fanuc_msgs/msg/detail/io_cmd__struct.h
-- Up-to-date: /home/hualde/misCosas/ws_fanuc/install/fanuc_msgs/include/fanuc_msgs/fanuc_msgs/msg/detail/num_reg_cmd__functions.c
-- Up-to-date: /home/hualde/misCosas/ws_fanuc/install/fanuc_msgs/include/fanuc_msgs/fanuc_msgs/msg/detail/robot_status__type_support.h
-- Up-to-date: /home/hualde/misCosas/ws_fanuc/install/fanuc_msgs/include/fanuc_msgs/fanuc_msgs/msg/detail/num_reg_state__functions.h
-- Up-to-date: /home/hualde/misCosas/ws_fanuc/install/fanuc_msgs/include/fanuc_msgs/fanuc_msgs/msg/detail/analog_io__struct.h
-- Up-to-date: /home/hualde/misCosas/ws_fanuc/install/fanuc_msgs/include/fanuc_msgs/fanuc_msgs/msg/detail/bool_io__type_support.h
-- Up-to-date: /home/hualde/misCosas/ws_fanuc/install/fanuc_msgs/include/fanuc_msgs/fanuc_msgs/msg/detail/analog_io_cmd__functions.c
-- Up-to-date: /home/hualde/misCosas/ws_fanuc/install/fanuc_msgs/include/fanuc_msgs/fanuc_msgs/msg/detail/connection_status__functions.c
-- Up-to-date: /home/hualde/misCosas/ws_fanuc/install/fanuc_msgs/include/fanuc_msgs/fanuc_msgs/msg/detail/robot_status_ext__functions.c
-- Up-to-date: /home/hualde/misCosas/ws_fanuc/install/fanuc_msgs/include/fanuc_msgs/fanuc_msgs/msg/detail/collaborative_speed_scaling__functions.c
-- Up-to-date: /home/hualde/misCosas/ws_fanuc/install/fanuc_msgs/include/fanuc_msgs/fanuc_msgs/msg/detail/collaborative_speed_scaling__type_support.h
-- Up-to-date: /home/hualde/misCosas/ws_fanuc/install/fanuc_msgs/include/fanuc_msgs/fanuc_msgs/msg/detail/num_reg_cmd__struct.h
-- Up-to-date: /home/hualde/misCosas/ws_fanuc/install/fanuc_msgs/include/fanuc_msgs/fanuc_msgs/msg/detail/num_reg__struct.h
-- Up-to-date: /home/hualde/misCosas/ws_fanuc/install/fanuc_msgs/include/fanuc_msgs/fanuc_msgs/msg/detail/io_state__type_support.h
-- Up-to-date: /home/hualde/misCosas/ws_fanuc/install/fanuc_msgs/include/fanuc_msgs/fanuc_msgs/msg/detail/num_reg_cmd__type_support.h
-- Up-to-date: /home/hualde/misCosas/ws_fanuc/install/fanuc_msgs/include/fanuc_msgs/fanuc_msgs/msg/detail/io_type__type_support.h
-- Up-to-date: /home/hualde/misCosas/ws_fanuc/install/fanuc_msgs/include/fanuc_msgs/fanuc_msgs/msg/detail/analog_io_cmd__functions.h
-- Up-to-date: /home/hualde/misCosas/ws_fanuc/install/fanuc_msgs/include/fanuc_msgs/fanuc_msgs/msg/detail/connection_status__functions.h
-- Up-to-date: /home/hualde/misCosas/ws_fanuc/install/fanuc_msgs/include/fanuc_msgs/fanuc_msgs/msg/detail/analog_io__functions.c
-- Up-to-date: /home/hualde/misCosas/ws_fanuc/install/fanuc_msgs/include/fanuc_msgs/fanuc_msgs/msg/detail/collaborative_speed_scaling__struct.h
-- Up-to-date: /home/hualde/misCosas/ws_fanuc/install/fanuc_msgs/include/fanuc_msgs/fanuc_msgs/msg/detail/io_type__functions.h
-- Up-to-date: /home/hualde/misCosas/ws_fanuc/install/fanuc_msgs/include/fanuc_msgs/fanuc_msgs/msg/detail/bool_io__functions.h
-- Up-to-date: /home/hualde/misCosas/ws_fanuc/install/fanuc_msgs/include/fanuc_msgs/fanuc_msgs/msg/detail/robot_status__functions.h
-- Up-to-date: /home/hualde/misCosas/ws_fanuc/install/fanuc_msgs/include/fanuc_msgs/fanuc_msgs/msg/detail/analog_io_state__struct.h
-- Up-to-date: /home/hualde/misCosas/ws_fanuc/install/fanuc_msgs/include/fanuc_msgs/fanuc_msgs/msg/detail/analog_io_state__type_support.h
-- Up-to-date: /home/hualde/misCosas/ws_fanuc/install/fanuc_msgs/include/fanuc_msgs/fanuc_msgs/msg/detail/io_state__functions.c
-- Up-to-date: /home/hualde/misCosas/ws_fanuc/install/fanuc_msgs/include/fanuc_msgs/fanuc_msgs/msg/detail/analog_io_state__functions.c
-- Up-to-date: /home/hualde/misCosas/ws_fanuc/install/fanuc_msgs/include/fanuc_msgs/fanuc_msgs/msg/detail/num_reg_state__type_support.h
-- Up-to-date: /home/hualde/misCosas/ws_fanuc/install/fanuc_msgs/include/fanuc_msgs/fanuc_msgs/msg/detail/robot_status__struct.h
-- Up-to-date: /home/hualde/misCosas/ws_fanuc/install/fanuc_msgs/include/fanuc_msgs/fanuc_msgs/msg/detail/bool_io__functions.c
-- Up-to-date: /home/hualde/misCosas/ws_fanuc/install/fanuc_msgs/include/fanuc_msgs/fanuc_msgs/msg/detail/collaborative_speed_scaling__functions.h
-- Up-to-date: /home/hualde/misCosas/ws_fanuc/install/fanuc_msgs/include/fanuc_msgs/fanuc_msgs/msg/detail/analog_io_state__functions.h
-- Up-to-date: /home/hualde/misCosas/ws_fanuc/install/fanuc_msgs/include/fanuc_msgs/fanuc_msgs/msg/detail/analog_io_cmd__type_support.h
-- Up-to-date: /home/hualde/misCosas/ws_fanuc/install/fanuc_msgs/include/fanuc_msgs/fanuc_msgs/msg/detail/robot_status_ext__struct.h
-- Up-to-date: /home/hualde/misCosas/ws_fanuc/install/fanuc_msgs/include/fanuc_msgs/fanuc_msgs/msg/detail/num_reg__type_support.h
-- Up-to-date: /home/hualde/misCosas/ws_fanuc/install/fanuc_msgs/include/fanuc_msgs/fanuc_msgs/msg/detail/analog_io__functions.h
-- Up-to-date: /home/hualde/misCosas/ws_fanuc/install/fanuc_msgs/include/fanuc_msgs/fanuc_msgs/msg/detail/bool_io__struct.h
-- Up-to-date: /home/hualde/misCosas/ws_fanuc/install/fanuc_msgs/include/fanuc_msgs/fanuc_msgs/msg/detail/robot_status_ext__type_support.h
-- Up-to-date: /home/hualde/misCosas/ws_fanuc/install/fanuc_msgs/include/fanuc_msgs/fanuc_msgs/msg/detail/robot_status__functions.c
-- Up-to-date: /home/hualde/misCosas/ws_fanuc/install/fanuc_msgs/include/fanuc_msgs/fanuc_msgs/msg/detail/num_reg__functions.c
-- Up-to-date: /home/hualde/misCosas/ws_fanuc/install/fanuc_msgs/include/fanuc_msgs/fanuc_msgs/msg/detail/robot_status_ext__functions.h
-- Up-to-date: /home/hualde/misCosas/ws_fanuc/install/fanuc_msgs/include/fanuc_msgs/fanuc_msgs/msg/detail/num_reg__functions.h
-- Up-to-date: /home/hualde/misCosas/ws_fanuc/install/fanuc_msgs/include/fanuc_msgs/fanuc_msgs/msg/detail/io_cmd__functions.h
-- Up-to-date: /home/hualde/misCosas/ws_fanuc/install/fanuc_msgs/include/fanuc_msgs/fanuc_msgs/msg/detail/num_reg_state__functions.c
-- Up-to-date: /home/hualde/misCosas/ws_fanuc/install/fanuc_msgs/include/fanuc_msgs/fanuc_msgs/msg/detail/num_reg_cmd__functions.h
-- Up-to-date: /home/hualde/misCosas/ws_fanuc/install/fanuc_msgs/include/fanuc_msgs/fanuc_msgs/msg/detail/connection_status__type_support.h
-- Up-to-date: /home/hualde/misCosas/ws_fanuc/install/fanuc_msgs/include/fanuc_msgs/fanuc_msgs/msg/detail/connection_status__struct.h
-- Up-to-date: /home/hualde/misCosas/ws_fanuc/install/fanuc_msgs/include/fanuc_msgs/fanuc_msgs/msg/collaborative_speed_scaling.h
-- Up-to-date: /home/hualde/misCosas/ws_fanuc/install/fanuc_msgs/include/fanuc_msgs/fanuc_msgs/msg/io_cmd.h
-- Up-to-date: /home/hualde/misCosas/ws_fanuc/install/fanuc_msgs/include/fanuc_msgs/fanuc_msgs/msg/io_state.h
-- Up-to-date: /home/hualde/misCosas/ws_fanuc/install/fanuc_msgs/include/fanuc_msgs/fanuc_msgs/msg/io_type.h
-- Up-to-date: /home/hualde/misCosas/ws_fanuc/install/fanuc_msgs/include/fanuc_msgs/fanuc_msgs/msg/connection_status.h
-- Up-to-date: /home/hualde/misCosas/ws_fanuc/install/fanuc_msgs/include/fanuc_msgs/fanuc_msgs/msg/analog_io.h
-- Up-to-date: /home/hualde/misCosas/ws_fanuc/install/fanuc_msgs/include/fanuc_msgs/fanuc_msgs/msg/bool_io.h
-- Up-to-date: /home/hualde/misCosas/ws_fanuc/install/fanuc_msgs/include/fanuc_msgs/fanuc_msgs/msg/num_reg_state.h
-- Up-to-date: /home/hualde/misCosas/ws_fanuc/install/fanuc_msgs/include/fanuc_msgs/fanuc_msgs/msg/analog_io_state.h
-- Up-to-date: /home/hualde/misCosas/ws_fanuc/install/fanuc_msgs/include/fanuc_msgs/fanuc_msgs/msg/rosidl_generator_c__visibility_control.h
-- Up-to-date: /home/hualde/misCosas/ws_fanuc/install/fanuc_msgs/include/fanuc_msgs/fanuc_msgs/msg/robot_status.h
-- Up-to-date: /home/hualde/misCosas/ws_fanuc/install/fanuc_msgs/include/fanuc_msgs/fanuc_msgs/msg/analog_io_cmd.h
-- Up-to-date: /home/hualde/misCosas/ws_fanuc/install/fanuc_msgs/include/fanuc_msgs/fanuc_msgs/msg/robot_status_ext.h
-- Up-to-date: /home/hualde/misCosas/ws_fanuc/install/fanuc_msgs/include/fanuc_msgs/fanuc_msgs/msg/num_reg.h
-- Up-to-date: /home/hualde/misCosas/ws_fanuc/install/fanuc_msgs/include/fanuc_msgs/fanuc_msgs/msg/num_reg_cmd.h
-- Up-to-date: /home/hualde/misCosas/ws_fanuc/install/fanuc_msgs/include/fanuc_msgs/fanuc_msgs/srv
-- Up-to-date: /home/hualde/misCosas/ws_fanuc/install/fanuc_msgs/include/fanuc_msgs/fanuc_msgs/srv/detail
-- Up-to-date: /home/hualde/misCosas/ws_fanuc/install/fanuc_msgs/include/fanuc_msgs/fanuc_msgs/srv/detail/set_gen_override__functions.c
-- Up-to-date: /home/hualde/misCosas/ws_fanuc/install/fanuc_msgs/include/fanuc_msgs/fanuc_msgs/srv/detail/set_num_reg__functions.h
-- Up-to-date: /home/hualde/misCosas/ws_fanuc/install/fanuc_msgs/include/fanuc_msgs/fanuc_msgs/srv/detail/get_pos_reg__struct.h
-- Up-to-date: /home/hualde/misCosas/ws_fanuc/install/fanuc_msgs/include/fanuc_msgs/fanuc_msgs/srv/detail/get_bool_io__functions.h
-- Up-to-date: /home/hualde/misCosas/ws_fanuc/install/fanuc_msgs/include/fanuc_msgs/fanuc_msgs/srv/detail/set_group_io__functions.c
-- Up-to-date: /home/hualde/misCosas/ws_fanuc/install/fanuc_msgs/include/fanuc_msgs/fanuc_msgs/srv/detail/get_num_reg__type_support.h
-- Up-to-date: /home/hualde/misCosas/ws_fanuc/install/fanuc_msgs/include/fanuc_msgs/fanuc_msgs/srv/detail/get_pos_reg__functions.c
-- Up-to-date: /home/hualde/misCosas/ws_fanuc/install/fanuc_msgs/include/fanuc_msgs/fanuc_msgs/srv/detail/set_gen_override__functions.h
-- Up-to-date: /home/hualde/misCosas/ws_fanuc/install/fanuc_msgs/include/fanuc_msgs/fanuc_msgs/srv/detail/set_group_io__functions.h
-- Up-to-date: /home/hualde/misCosas/ws_fanuc/install/fanuc_msgs/include/fanuc_msgs/fanuc_msgs/srv/detail/get_pos_reg__type_support.h
-- Up-to-date: /home/hualde/misCosas/ws_fanuc/install/fanuc_msgs/include/fanuc_msgs/fanuc_msgs/srv/detail/get_group_io__functions.h
-- Up-to-date: /home/hualde/misCosas/ws_fanuc/install/fanuc_msgs/include/fanuc_msgs/fanuc_msgs/srv/detail/get_num_reg__struct.h
-- Up-to-date: /home/hualde/misCosas/ws_fanuc/install/fanuc_msgs/include/fanuc_msgs/fanuc_msgs/srv/detail/set_payload_value__functions.h
-- Up-to-date: /home/hualde/misCosas/ws_fanuc/install/fanuc_msgs/include/fanuc_msgs/fanuc_msgs/srv/detail/get_bool_io__functions.c
-- Up-to-date: /home/hualde/misCosas/ws_fanuc/install/fanuc_msgs/include/fanuc_msgs/fanuc_msgs/srv/detail/get_bool_io__type_support.h
-- Up-to-date: /home/hualde/misCosas/ws_fanuc/install/fanuc_msgs/include/fanuc_msgs/fanuc_msgs/srv/detail/set_pos_reg__struct.h
-- Up-to-date: /home/hualde/misCosas/ws_fanuc/install/fanuc_msgs/include/fanuc_msgs/fanuc_msgs/srv/detail/set_analog_io__functions.c
-- Up-to-date: /home/hualde/misCosas/ws_fanuc/install/fanuc_msgs/include/fanuc_msgs/fanuc_msgs/srv/detail/get_group_io__functions.c
-- Up-to-date: /home/hualde/misCosas/ws_fanuc/install/fanuc_msgs/include/fanuc_msgs/fanuc_msgs/srv/detail/set_analog_io__struct.h
-- Up-to-date: /home/hualde/misCosas/ws_fanuc/install/fanuc_msgs/include/fanuc_msgs/fanuc_msgs/srv/detail/get_analog_io__type_support.h
-- Up-to-date: /home/hualde/misCosas/ws_fanuc/install/fanuc_msgs/include/fanuc_msgs/fanuc_msgs/srv/detail/set_bool_io__functions.c
-- Up-to-date: /home/hualde/misCosas/ws_fanuc/install/fanuc_msgs/include/fanuc_msgs/fanuc_msgs/srv/detail/set_bool_io__functions.h
-- Up-to-date: /home/hualde/misCosas/ws_fanuc/install/fanuc_msgs/include/fanuc_msgs/fanuc_msgs/srv/detail/set_gen_override__type_support.h
-- Up-to-date: /home/hualde/misCosas/ws_fanuc/install/fanuc_msgs/include/fanuc_msgs/fanuc_msgs/srv/detail/set_pos_reg__functions.h
-- Up-to-date: /home/hualde/misCosas/ws_fanuc/install/fanuc_msgs/include/fanuc_msgs/fanuc_msgs/srv/detail/set_num_reg__type_support.h
-- Up-to-date: /home/hualde/misCosas/ws_fanuc/install/fanuc_msgs/include/fanuc_msgs/fanuc_msgs/srv/detail/set_analog_io__type_support.h
-- Up-to-date: /home/hualde/misCosas/ws_fanuc/install/fanuc_msgs/include/fanuc_msgs/fanuc_msgs/srv/detail/set_num_reg__functions.c
-- Up-to-date: /home/hualde/misCosas/ws_fanuc/install/fanuc_msgs/include/fanuc_msgs/fanuc_msgs/srv/detail/set_payload_id__struct.h
-- Up-to-date: /home/hualde/misCosas/ws_fanuc/install/fanuc_msgs/include/fanuc_msgs/fanuc_msgs/srv/detail/get_analog_io__struct.h
-- Up-to-date: /home/hualde/misCosas/ws_fanuc/install/fanuc_msgs/include/fanuc_msgs/fanuc_msgs/srv/detail/set_payload_id__functions.h
-- Up-to-date: /home/hualde/misCosas/ws_fanuc/install/fanuc_msgs/include/fanuc_msgs/fanuc_msgs/srv/detail/get_num_reg__functions.c
-- Up-to-date: /home/hualde/misCosas/ws_fanuc/install/fanuc_msgs/include/fanuc_msgs/fanuc_msgs/srv/detail/set_pos_reg__functions.c
-- Up-to-date: /home/hualde/misCosas/ws_fanuc/install/fanuc_msgs/include/fanuc_msgs/fanuc_msgs/srv/detail/set_group_io__struct.h
-- Up-to-date: /home/hualde/misCosas/ws_fanuc/install/fanuc_msgs/include/fanuc_msgs/fanuc_msgs/srv/detail/set_bool_io__struct.h
-- Up-to-date: /home/hualde/misCosas/ws_fanuc/install/fanuc_msgs/include/fanuc_msgs/fanuc_msgs/srv/detail/get_analog_io__functions.h
-- Up-to-date: /home/hualde/misCosas/ws_fanuc/install/fanuc_msgs/include/fanuc_msgs/fanuc_msgs/srv/detail/set_gen_override__struct.h
-- Up-to-date: /home/hualde/misCosas/ws_fanuc/install/fanuc_msgs/include/fanuc_msgs/fanuc_msgs/srv/detail/set_payload_comp__type_support.h
-- Up-to-date: /home/hualde/misCosas/ws_fanuc/install/fanuc_msgs/include/fanuc_msgs/fanuc_msgs/srv/detail/set_group_io__type_support.h
-- Up-to-date: /home/hualde/misCosas/ws_fanuc/install/fanuc_msgs/include/fanuc_msgs/fanuc_msgs/srv/detail/set_analog_io__functions.h
-- Up-to-date: /home/hualde/misCosas/ws_fanuc/install/fanuc_msgs/include/fanuc_msgs/fanuc_msgs/srv/detail/set_payload_comp__functions.c
-- Up-to-date: /home/hualde/misCosas/ws_fanuc/install/fanuc_msgs/include/fanuc_msgs/fanuc_msgs/srv/detail/set_payload_value__struct.h
-- Up-to-date: /home/hualde/misCosas/ws_fanuc/install/fanuc_msgs/include/fanuc_msgs/fanuc_msgs/srv/detail/get_bool_io__struct.h
-- Up-to-date: /home/hualde/misCosas/ws_fanuc/install/fanuc_msgs/include/fanuc_msgs/fanuc_msgs/srv/detail/get_pos_reg__functions.h
-- Up-to-date: /home/hualde/misCosas/ws_fanuc/install/fanuc_msgs/include/fanuc_msgs/fanuc_msgs/srv/detail/set_pos_reg__type_support.h
-- Up-to-date: /home/hualde/misCosas/ws_fanuc/install/fanuc_msgs/include/fanuc_msgs/fanuc_msgs/srv/detail/set_payload_id__functions.c
-- Up-to-date: /home/hualde/misCosas/ws_fanuc/install/fanuc_msgs/include/fanuc_msgs/fanuc_msgs/srv/detail/get_group_io__struct.h
-- Up-to-date: /home/hualde/misCosas/ws_fanuc/install/fanuc_msgs/include/fanuc_msgs/fanuc_msgs/srv/detail/set_payload_comp__struct.h
-- Up-to-date: /home/hualde/misCosas/ws_fanuc/install/fanuc_msgs/include/fanuc_msgs/fanuc_msgs/srv/detail/set_payload_value__functions.c
-- Up-to-date: /home/hualde/misCosas/ws_fanuc/install/fanuc_msgs/include/fanuc_msgs/fanuc_msgs/srv/detail/set_num_reg__struct.h
-- Up-to-date: /home/hualde/misCosas/ws_fanuc/install/fanuc_msgs/include/fanuc_msgs/fanuc_msgs/srv/detail/set_payload_id__type_support.h
-- Up-to-date: /home/hualde/misCosas/ws_fanuc/install/fanuc_msgs/include/fanuc_msgs/fanuc_msgs/srv/detail/get_analog_io__functions.c
-- Up-to-date: /home/hualde/misCosas/ws_fanuc/install/fanuc_msgs/include/fanuc_msgs/fanuc_msgs/srv/detail/get_group_io__type_support.h
-- Up-to-date: /home/hualde/misCosas/ws_fanuc/install/fanuc_msgs/include/fanuc_msgs/fanuc_msgs/srv/detail/set_bool_io__type_support.h
-- Up-to-date: /home/hualde/misCosas/ws_fanuc/install/fanuc_msgs/include/fanuc_msgs/fanuc_msgs/srv/detail/get_num_reg__functions.h
-- Up-to-date: /home/hualde/misCosas/ws_fanuc/install/fanuc_msgs/include/fanuc_msgs/fanuc_msgs/srv/detail/set_payload_comp__functions.h
-- Up-to-date: /home/hualde/misCosas/ws_fanuc/install/fanuc_msgs/include/fanuc_msgs/fanuc_msgs/srv/detail/set_payload_value__type_support.h
-- Up-to-date: /home/hualde/misCosas/ws_fanuc/install/fanuc_msgs/include/fanuc_msgs/fanuc_msgs/srv/set_analog_io.h
-- Up-to-date: /home/hualde/misCosas/ws_fanuc/install/fanuc_msgs/include/fanuc_msgs/fanuc_msgs/srv/set_payload_value.h
-- Up-to-date: /home/hualde/misCosas/ws_fanuc/install/fanuc_msgs/include/fanuc_msgs/fanuc_msgs/srv/get_bool_io.h
-- Up-to-date: /home/hualde/misCosas/ws_fanuc/install/fanuc_msgs/include/fanuc_msgs/fanuc_msgs/srv/set_payload_id.h
-- Up-to-date: /home/hualde/misCosas/ws_fanuc/install/fanuc_msgs/include/fanuc_msgs/fanuc_msgs/srv/set_gen_override.h
-- Up-to-date: /home/hualde/misCosas/ws_fanuc/install/fanuc_msgs/include/fanuc_msgs/fanuc_msgs/srv/get_num_reg.h
-- Up-to-date: /home/hualde/misCosas/ws_fanuc/install/fanuc_msgs/include/fanuc_msgs/fanuc_msgs/srv/set_payload_comp.h
-- Up-to-date: /home/hualde/misCosas/ws_fanuc/install/fanuc_msgs/include/fanuc_msgs/fanuc_msgs/srv/set_bool_io.h
-- Up-to-date: /home/hualde/misCosas/ws_fanuc/install/fanuc_msgs/include/fanuc_msgs/fanuc_msgs/srv/set_pos_reg.h
-- Up-to-date: /home/hualde/misCosas/ws_fanuc/install/fanuc_msgs/include/fanuc_msgs/fanuc_msgs/srv/get_pos_reg.h
-- Up-to-date: /home/hualde/misCosas/ws_fanuc/install/fanuc_msgs/include/fanuc_msgs/fanuc_msgs/srv/set_group_io.h
-- Up-to-date: /home/hualde/misCosas/ws_fanuc/install/fanuc_msgs/include/fanuc_msgs/fanuc_msgs/srv/set_num_reg.h
-- Up-to-date: /home/hualde/misCosas/ws_fanuc/install/fanuc_msgs/include/fanuc_msgs/fanuc_msgs/srv/get_group_io.h
-- Up-to-date: /home/hualde/misCosas/ws_fanuc/install/fanuc_msgs/include/fanuc_msgs/fanuc_msgs/srv/get_analog_io.h
-- Up-to-date: /home/hualde/misCosas/ws_fanuc/install/fanuc_msgs/share/fanuc_msgs/environment/library_path.sh
-- Up-to-date: /home/hualde/misCosas/ws_fanuc/install/fanuc_msgs/share/fanuc_msgs/environment/library_path.dsv
-- Up-to-date: /home/hualde/misCosas/ws_fanuc/install/fanuc_msgs/lib/libfanuc_msgs__rosidl_generator_c.so
-- Up-to-date: /home/hualde/misCosas/ws_fanuc/install/fanuc_msgs/include/fanuc_msgs/fanuc_msgs
-- Up-to-date: /home/hualde/misCosas/ws_fanuc/install/fanuc_msgs/include/fanuc_msgs/fanuc_msgs/msg
-- Up-to-date: /home/hualde/misCosas/ws_fanuc/install/fanuc_msgs/include/fanuc_msgs/fanuc_msgs/msg/detail
-- Up-to-date: /home/hualde/misCosas/ws_fanuc/install/fanuc_msgs/include/fanuc_msgs/fanuc_msgs/msg/detail/connection_status__rosidl_typesupport_fastrtps_c.h
-- Up-to-date: /home/hualde/misCosas/ws_fanuc/install/fanuc_msgs/include/fanuc_msgs/fanuc_msgs/msg/detail/num_reg_state__rosidl_typesupport_fastrtps_c.h
-- Up-to-date: /home/hualde/misCosas/ws_fanuc/install/fanuc_msgs/include/fanuc_msgs/fanuc_msgs/msg/detail/analog_io__rosidl_typesupport_fastrtps_c.h
-- Up-to-date: /home/hualde/misCosas/ws_fanuc/install/fanuc_msgs/include/fanuc_msgs/fanuc_msgs/msg/detail/io_cmd__rosidl_typesupport_fastrtps_c.h
-- Up-to-date: /home/hualde/misCosas/ws_fanuc/install/fanuc_msgs/include/fanuc_msgs/fanuc_msgs/msg/detail/io_type__rosidl_typesupport_fastrtps_c.h
-- Up-to-date: /home/hualde/misCosas/ws_fanuc/install/fanuc_msgs/include/fanuc_msgs/fanuc_msgs/msg/detail/io_state__rosidl_typesupport_fastrtps_c.h
-- Up-to-date: /home/hualde/misCosas/ws_fanuc/install/fanuc_msgs/include/fanuc_msgs/fanuc_msgs/msg/detail/analog_io_state__rosidl_typesupport_fastrtps_c.h
-- Up-to-date: /home/hualde/misCosas/ws_fanuc/install/fanuc_msgs/include/fanuc_msgs/fanuc_msgs/msg/detail/robot_status_ext__rosidl_typesupport_fastrtps_c.h
-- Up-to-date: /home/hualde/misCosas/ws_fanuc/install/fanuc_msgs/include/fanuc_msgs/fanuc_msgs/msg/detail/collaborative_speed_scaling__rosidl_typesupport_fastrtps_c.h
-- Up-to-date: /home/hualde/misCosas/ws_fanuc/install/fanuc_msgs/include/fanuc_msgs/fanuc_msgs/msg/detail/num_reg_cmd__rosidl_typesupport_fastrtps_c.h
-- Up-to-date: /home/hualde/misCosas/ws_fanuc/install/fanuc_msgs/include/fanuc_msgs/fanuc_msgs/msg/detail/num_reg__rosidl_typesupport_fastrtps_c.h
-- Up-to-date: /home/hualde/misCosas/ws_fanuc/install/fanuc_msgs/include/fanuc_msgs/fanuc_msgs/msg/detail/robot_status__rosidl_typesupport_fastrtps_c.h
-- Up-to-date: /home/hualde/misCosas/ws_fanuc/install/fanuc_msgs/include/fanuc_msgs/fanuc_msgs/msg/detail/analog_io_cmd__rosidl_typesupport_fastrtps_c.h
-- Up-to-date: /home/hualde/misCosas/ws_fanuc/install/fanuc_msgs/include/fanuc_msgs/fanuc_msgs/msg/detail/bool_io__rosidl_typesupport_fastrtps_c.h
-- Up-to-date: /home/hualde/misCosas/ws_fanuc/install/fanuc_msgs/include/fanuc_msgs/fanuc_msgs/msg/rosidl_typesupport_fastrtps_c__visibility_control.h
-- Up-to-date: /home/hualde/misCosas/ws_fanuc/install/fanuc_msgs/include/fanuc_msgs/fanuc_msgs/srv
-- Up-to-date: /home/hualde/misCosas/ws_fanuc/install/fanuc_msgs/include/fanuc_msgs/fanuc_msgs/srv/detail
-- Up-to-date: /home/hualde/misCosas/ws_fanuc/install/fanuc_msgs/include/fanuc_msgs/fanuc_msgs/srv/detail/set_num_reg__rosidl_typesupport_fastrtps_c.h
-- Up-to-date: /home/hualde/misCosas/ws_fanuc/install/fanuc_msgs/include/fanuc_msgs/fanuc_msgs/srv/detail/get_analog_io__rosidl_typesupport_fastrtps_c.h
-- Up-to-date: /home/hualde/misCosas/ws_fanuc/install/fanuc_msgs/include/fanuc_msgs/fanuc_msgs/srv/detail/get_pos_reg__rosidl_typesupport_fastrtps_c.h
-- Up-to-date: /home/hualde/misCosas/ws_fanuc/install/fanuc_msgs/include/fanuc_msgs/fanuc_msgs/srv/detail/set_bool_io__rosidl_typesupport_fastrtps_c.h
-- Up-to-date: /home/hualde/misCosas/ws_fanuc/install/fanuc_msgs/include/fanuc_msgs/fanuc_msgs/srv/detail/get_bool_io__rosidl_typesupport_fastrtps_c.h
-- Up-to-date: /home/hualde/misCosas/ws_fanuc/install/fanuc_msgs/include/fanuc_msgs/fanuc_msgs/srv/detail/set_gen_override__rosidl_typesupport_fastrtps_c.h
-- Up-to-date: /home/hualde/misCosas/ws_fanuc/install/fanuc_msgs/include/fanuc_msgs/fanuc_msgs/srv/detail/set_pos_reg__rosidl_typesupport_fastrtps_c.h
-- Up-to-date: /home/hualde/misCosas/ws_fanuc/install/fanuc_msgs/include/fanuc_msgs/fanuc_msgs/srv/detail/get_num_reg__rosidl_typesupport_fastrtps_c.h
-- Up-to-date: /home/hualde/misCosas/ws_fanuc/install/fanuc_msgs/include/fanuc_msgs/fanuc_msgs/srv/detail/set_payload_id__rosidl_typesupport_fastrtps_c.h
-- Up-to-date: /home/hualde/misCosas/ws_fanuc/install/fanuc_msgs/include/fanuc_msgs/fanuc_msgs/srv/detail/set_analog_io__rosidl_typesupport_fastrtps_c.h
-- Up-to-date: /home/hualde/misCosas/ws_fanuc/install/fanuc_msgs/include/fanuc_msgs/fanuc_msgs/srv/detail/get_group_io__rosidl_typesupport_fastrtps_c.h
-- Up-to-date: /home/hualde/misCosas/ws_fanuc/install/fanuc_msgs/include/fanuc_msgs/fanuc_msgs/srv/detail/set_payload_comp__rosidl_typesupport_fastrtps_c.h
-- Up-to-date: /home/hualde/misCosas/ws_fanuc/install/fanuc_msgs/include/fanuc_msgs/fanuc_msgs/srv/detail/set_group_io__rosidl_typesupport_fastrtps_c.h
-- Up-to-date: /home/hualde/misCosas/ws_fanuc/install/fanuc_msgs/include/fanuc_msgs/fanuc_msgs/srv/detail/set_payload_value__rosidl_typesupport_fastrtps_c.h
-- Up-to-date: /home/hualde/misCosas/ws_fanuc/install/fanuc_msgs/lib/libfanuc_msgs__rosidl_typesupport_fastrtps_c.so
-- Up-to-date: /home/hualde/misCosas/ws_fanuc/install/fanuc_msgs/include/fanuc_msgs/fanuc_msgs
-- Up-to-date: /home/hualde/misCosas/ws_fanuc/install/fanuc_msgs/include/fanuc_msgs/fanuc_msgs/msg
-- Up-to-date: /home/hualde/misCosas/ws_fanuc/install/fanuc_msgs/include/fanuc_msgs/fanuc_msgs/msg/detail
-- Up-to-date: /home/hualde/misCosas/ws_fanuc/install/fanuc_msgs/include/fanuc_msgs/fanuc_msgs/msg/detail/num_reg_cmd__type_support.c
-- Up-to-date: /home/hualde/misCosas/ws_fanuc/install/fanuc_msgs/include/fanuc_msgs/fanuc_msgs/msg/detail/robot_status_ext__rosidl_typesupport_introspection_c.h
-- Up-to-date: /home/hualde/misCosas/ws_fanuc/install/fanuc_msgs/include/fanuc_msgs/fanuc_msgs/msg/detail/num_reg__type_support.c
-- Up-to-date: /home/hualde/misCosas/ws_fanuc/install/fanuc_msgs/include/fanuc_msgs/fanuc_msgs/msg/detail/io_cmd__type_support.c
-- Up-to-date: /home/hualde/misCosas/ws_fanuc/install/fanuc_msgs/include/fanuc_msgs/fanuc_msgs/msg/detail/connection_status__rosidl_typesupport_introspection_c.h
-- Up-to-date: /home/hualde/misCosas/ws_fanuc/install/fanuc_msgs/include/fanuc_msgs/fanuc_msgs/msg/detail/io_state__type_support.c
-- Up-to-date: /home/hualde/misCosas/ws_fanuc/install/fanuc_msgs/include/fanuc_msgs/fanuc_msgs/msg/detail/io_state__rosidl_typesupport_introspection_c.h
-- Up-to-date: /home/hualde/misCosas/ws_fanuc/install/fanuc_msgs/include/fanuc_msgs/fanuc_msgs/msg/detail/num_reg_state__rosidl_typesupport_introspection_c.h
-- Up-to-date: /home/hualde/misCosas/ws_fanuc/install/fanuc_msgs/include/fanuc_msgs/fanuc_msgs/msg/detail/connection_status__type_support.c
-- Up-to-date: /home/hualde/misCosas/ws_fanuc/install/fanuc_msgs/include/fanuc_msgs/fanuc_msgs/msg/detail/num_reg_cmd__rosidl_typesupport_introspection_c.h
-- Up-to-date: /home/hualde/misCosas/ws_fanuc/install/fanuc_msgs/include/fanuc_msgs/fanuc_msgs/msg/detail/robot_status__rosidl_typesupport_introspection_c.h
-- Up-to-date: /home/hualde/misCosas/ws_fanuc/install/fanuc_msgs/include/fanuc_msgs/fanuc_msgs/msg/detail/robot_status__type_support.c
-- Up-to-date: /home/hualde/misCosas/ws_fanuc/install/fanuc_msgs/include/fanuc_msgs/fanuc_msgs/msg/detail/analog_io_cmd__rosidl_typesupport_introspection_c.h
-- Up-to-date: /home/hualde/misCosas/ws_fanuc/install/fanuc_msgs/include/fanuc_msgs/fanuc_msgs/msg/detail/analog_io__type_support.c
-- Up-to-date: /home/hualde/misCosas/ws_fanuc/install/fanuc_msgs/include/fanuc_msgs/fanuc_msgs/msg/detail/bool_io__rosidl_typesupport_introspection_c.h
-- Up-to-date: /home/hualde/misCosas/ws_fanuc/install/fanuc_msgs/include/fanuc_msgs/fanuc_msgs/msg/detail/bool_io__type_support.c
-- Up-to-date: /home/hualde/misCosas/ws_fanuc/install/fanuc_msgs/include/fanuc_msgs/fanuc_msgs/msg/detail/num_reg__rosidl_typesupport_introspection_c.h
-- Up-to-date: /home/hualde/misCosas/ws_fanuc/install/fanuc_msgs/include/fanuc_msgs/fanuc_msgs/msg/detail/analog_io_state__rosidl_typesupport_introspection_c.h
-- Up-to-date: /home/hualde/misCosas/ws_fanuc/install/fanuc_msgs/include/fanuc_msgs/fanuc_msgs/msg/detail/analog_io_cmd__type_support.c
-- Up-to-date: /home/hualde/misCosas/ws_fanuc/install/fanuc_msgs/include/fanuc_msgs/fanuc_msgs/msg/detail/analog_io__rosidl_typesupport_introspection_c.h
-- Up-to-date: /home/hualde/misCosas/ws_fanuc/install/fanuc_msgs/include/fanuc_msgs/fanuc_msgs/msg/detail/analog_io_state__type_support.c
-- Up-to-date: /home/hualde/misCosas/ws_fanuc/install/fanuc_msgs/include/fanuc_msgs/fanuc_msgs/msg/detail/io_cmd__rosidl_typesupport_introspection_c.h
-- Up-to-date: /home/hualde/misCosas/ws_fanuc/install/fanuc_msgs/include/fanuc_msgs/fanuc_msgs/msg/detail/io_type__type_support.c
-- Up-to-date: /home/hualde/misCosas/ws_fanuc/install/fanuc_msgs/include/fanuc_msgs/fanuc_msgs/msg/detail/robot_status_ext__type_support.c
-- Up-to-date: /home/hualde/misCosas/ws_fanuc/install/fanuc_msgs/include/fanuc_msgs/fanuc_msgs/msg/detail/collaborative_speed_scaling__rosidl_typesupport_introspection_c.h
-- Up-to-date: /home/hualde/misCosas/ws_fanuc/install/fanuc_msgs/include/fanuc_msgs/fanuc_msgs/msg/detail/io_type__rosidl_typesupport_introspection_c.h
-- Up-to-date: /home/hualde/misCosas/ws_fanuc/install/fanuc_msgs/include/fanuc_msgs/fanuc_msgs/msg/detail/num_reg_state__type_support.c
-- Up-to-date: /home/hualde/misCosas/ws_fanuc/install/fanuc_msgs/include/fanuc_msgs/fanuc_msgs/msg/detail/collaborative_speed_scaling__type_support.c
-- Up-to-date: /home/hualde/misCosas/ws_fanuc/install/fanuc_msgs/include/fanuc_msgs/fanuc_msgs/msg/rosidl_typesupport_introspection_c__visibility_control.h
-- Up-to-date: /home/hualde/misCosas/ws_fanuc/install/fanuc_msgs/include/fanuc_msgs/fanuc_msgs/srv
-- Up-to-date: /home/hualde/misCosas/ws_fanuc/install/fanuc_msgs/include/fanuc_msgs/fanuc_msgs/srv/detail
-- Up-to-date: /home/hualde/misCosas/ws_fanuc/install/fanuc_msgs/include/fanuc_msgs/fanuc_msgs/srv/detail/set_num_reg__type_support.c
-- Up-to-date: /home/hualde/misCosas/ws_fanuc/install/fanuc_msgs/include/fanuc_msgs/fanuc_msgs/srv/detail/set_payload_value__rosidl_typesupport_introspection_c.h
-- Up-to-date: /home/hualde/misCosas/ws_fanuc/install/fanuc_msgs/include/fanuc_msgs/fanuc_msgs/srv/detail/get_num_reg__type_support.c
-- Up-to-date: /home/hualde/misCosas/ws_fanuc/install/fanuc_msgs/include/fanuc_msgs/fanuc_msgs/srv/detail/get_group_io__rosidl_typesupport_introspection_c.h
-- Up-to-date: /home/hualde/misCosas/ws_fanuc/install/fanuc_msgs/include/fanuc_msgs/fanuc_msgs/srv/detail/set_payload_id__rosidl_typesupport_introspection_c.h
-- Up-to-date: /home/hualde/misCosas/ws_fanuc/install/fanuc_msgs/include/fanuc_msgs/fanuc_msgs/srv/detail/get_bool_io__rosidl_typesupport_introspection_c.h
-- Up-to-date: /home/hualde/misCosas/ws_fanuc/install/fanuc_msgs/include/fanuc_msgs/fanuc_msgs/srv/detail/set_num_reg__rosidl_typesupport_introspection_c.h
-- Up-to-date: /home/hualde/misCosas/ws_fanuc/install/fanuc_msgs/include/fanuc_msgs/fanuc_msgs/srv/detail/set_payload_comp__type_support.c
-- Up-to-date: /home/hualde/misCosas/ws_fanuc/install/fanuc_msgs/include/fanuc_msgs/fanuc_msgs/srv/detail/set_payload_value__type_support.c
-- Up-to-date: /home/hualde/misCosas/ws_fanuc/install/fanuc_msgs/include/fanuc_msgs/fanuc_msgs/srv/detail/get_group_io__type_support.c
-- Up-to-date: /home/hualde/misCosas/ws_fanuc/install/fanuc_msgs/include/fanuc_msgs/fanuc_msgs/srv/detail/set_pos_reg__rosidl_typesupport_introspection_c.h
-- Up-to-date: /home/hualde/misCosas/ws_fanuc/install/fanuc_msgs/include/fanuc_msgs/fanuc_msgs/srv/detail/set_gen_override__type_support.c
-- Up-to-date: /home/hualde/misCosas/ws_fanuc/install/fanuc_msgs/include/fanuc_msgs/fanuc_msgs/srv/detail/set_payload_comp__rosidl_typesupport_introspection_c.h
-- Up-to-date: /home/hualde/misCosas/ws_fanuc/install/fanuc_msgs/include/fanuc_msgs/fanuc_msgs/srv/detail/get_bool_io__type_support.c
-- Up-to-date: /home/hualde/misCosas/ws_fanuc/install/fanuc_msgs/include/fanuc_msgs/fanuc_msgs/srv/detail/get_pos_reg__type_support.c
-- Up-to-date: /home/hualde/misCosas/ws_fanuc/install/fanuc_msgs/include/fanuc_msgs/fanuc_msgs/srv/detail/set_group_io__rosidl_typesupport_introspection_c.h
-- Up-to-date: /home/hualde/misCosas/ws_fanuc/install/fanuc_msgs/include/fanuc_msgs/fanuc_msgs/srv/detail/set_group_io__type_support.c
-- Up-to-date: /home/hualde/misCosas/ws_fanuc/install/fanuc_msgs/include/fanuc_msgs/fanuc_msgs/srv/detail/get_analog_io__type_support.c
-- Up-to-date: /home/hualde/misCosas/ws_fanuc/install/fanuc_msgs/include/fanuc_msgs/fanuc_msgs/srv/detail/set_bool_io__rosidl_typesupport_introspection_c.h
-- Up-to-date: /home/hualde/misCosas/ws_fanuc/install/fanuc_msgs/include/fanuc_msgs/fanuc_msgs/srv/detail/set_bool_io__type_support.c
-- Up-to-date: /home/hualde/misCosas/ws_fanuc/install/fanuc_msgs/include/fanuc_msgs/fanuc_msgs/srv/detail/set_payload_id__type_support.c
-- Up-to-date: /home/hualde/misCosas/ws_fanuc/install/fanuc_msgs/include/fanuc_msgs/fanuc_msgs/srv/detail/set_analog_io__type_support.c
-- Up-to-date: /home/hualde/misCosas/ws_fanuc/install/fanuc_msgs/include/fanuc_msgs/fanuc_msgs/srv/detail/set_analog_io__rosidl_typesupport_introspection_c.h
-- Up-to-date: /home/hualde/misCosas/ws_fanuc/install/fanuc_msgs/include/fanuc_msgs/fanuc_msgs/srv/detail/set_gen_override__rosidl_typesupport_introspection_c.h
-- Up-to-date: /home/hualde/misCosas/ws_fanuc/install/fanuc_msgs/include/fanuc_msgs/fanuc_msgs/srv/detail/get_pos_reg__rosidl_typesupport_introspection_c.h
-- Up-to-date: /home/hualde/misCosas/ws_fanuc/install/fanuc_msgs/include/fanuc_msgs/fanuc_msgs/srv/detail/get_num_reg__rosidl_typesupport_introspection_c.h
-- Up-to-date: /home/hualde/misCosas/ws_fanuc/install/fanuc_msgs/include/fanuc_msgs/fanuc_msgs/srv/detail/get_analog_io__rosidl_typesupport_introspection_c.h
-- Up-to-date: /home/hualde/misCosas/ws_fanuc/install/fanuc_msgs/include/fanuc_msgs/fanuc_msgs/srv/detail/set_pos_reg__type_support.c
-- Up-to-date: /home/hualde/misCosas/ws_fanuc/install/fanuc_msgs/lib/libfanuc_msgs__rosidl_typesupport_introspection_c.so
-- Up-to-date: /home/hualde/misCosas/ws_fanuc/install/fanuc_msgs/lib/libfanuc_msgs__rosidl_typesupport_c.so
-- Up-to-date: /home/hualde/misCosas/ws_fanuc/install/fanuc_msgs/include/fanuc_msgs/fanuc_msgs
-- Up-to-date: /home/hualde/misCosas/ws_fanuc/install/fanuc_msgs/include/fanuc_msgs/fanuc_msgs/msg
-- Up-to-date: /home/hualde/misCosas/ws_fanuc/install/fanuc_msgs/include/fanuc_msgs/fanuc_msgs/msg/detail
-- Up-to-date: /home/hualde/misCosas/ws_fanuc/install/fanuc_msgs/include/fanuc_msgs/fanuc_msgs/msg/detail/num_reg_cmd__builder.hpp
-- Up-to-date: /home/hualde/misCosas/ws_fanuc/install/fanuc_msgs/include/fanuc_msgs/fanuc_msgs/msg/detail/analog_io_cmd__builder.hpp
-- Up-to-date: /home/hualde/misCosas/ws_fanuc/install/fanuc_msgs/include/fanuc_msgs/fanuc_msgs/msg/detail/analog_io_cmd__struct.hpp
-- Up-to-date: /home/hualde/misCosas/ws_fanuc/install/fanuc_msgs/include/fanuc_msgs/fanuc_msgs/msg/detail/analog_io_state__builder.hpp
-- Up-to-date: /home/hualde/misCosas/ws_fanuc/install/fanuc_msgs/include/fanuc_msgs/fanuc_msgs/msg/detail/io_type__type_support.hpp
-- Up-to-date: /home/hualde/misCosas/ws_fanuc/install/fanuc_msgs/include/fanuc_msgs/fanuc_msgs/msg/detail/bool_io__traits.hpp
-- Up-to-date: /home/hualde/misCosas/ws_fanuc/install/fanuc_msgs/include/fanuc_msgs/fanuc_msgs/msg/detail/num_reg_state__type_support.hpp
-- Up-to-date: /home/hualde/misCosas/ws_fanuc/install/fanuc_msgs/include/fanuc_msgs/fanuc_msgs/msg/detail/io_state__struct.hpp
-- Up-to-date: /home/hualde/misCosas/ws_fanuc/install/fanuc_msgs/include/fanuc_msgs/fanuc_msgs/msg/detail/connection_status__builder.hpp
-- Up-to-date: /home/hualde/misCosas/ws_fanuc/install/fanuc_msgs/include/fanuc_msgs/fanuc_msgs/msg/detail/io_cmd__struct.hpp
-- Up-to-date: /home/hualde/misCosas/ws_fanuc/install/fanuc_msgs/include/fanuc_msgs/fanuc_msgs/msg/detail/robot_status_ext__builder.hpp
-- Up-to-date: /home/hualde/misCosas/ws_fanuc/install/fanuc_msgs/include/fanuc_msgs/fanuc_msgs/msg/detail/robot_status_ext__traits.hpp
-- Up-to-date: /home/hualde/misCosas/ws_fanuc/install/fanuc_msgs/include/fanuc_msgs/fanuc_msgs/msg/detail/analog_io_state__struct.hpp
-- Up-to-date: /home/hualde/misCosas/ws_fanuc/install/fanuc_msgs/include/fanuc_msgs/fanuc_msgs/msg/detail/connection_status__struct.hpp
-- Up-to-date: /home/hualde/misCosas/ws_fanuc/install/fanuc_msgs/include/fanuc_msgs/fanuc_msgs/msg/detail/collaborative_speed_scaling__type_support.hpp
-- Up-to-date: /home/hualde/misCosas/ws_fanuc/install/fanuc_msgs/include/fanuc_msgs/fanuc_msgs/msg/detail/io_cmd__type_support.hpp
-- Up-to-date: /home/hualde/misCosas/ws_fanuc/install/fanuc_msgs/include/fanuc_msgs/fanuc_msgs/msg/detail/robot_status_ext__type_support.hpp
-- Up-to-date: /home/hualde/misCosas/ws_fanuc/install/fanuc_msgs/include/fanuc_msgs/fanuc_msgs/msg/detail/analog_io_cmd__traits.hpp
-- Up-to-date: /home/hualde/misCosas/ws_fanuc/install/fanuc_msgs/include/fanuc_msgs/fanuc_msgs/msg/detail/num_reg_cmd__traits.hpp
-- Up-to-date: /home/hualde/misCosas/ws_fanuc/install/fanuc_msgs/include/fanuc_msgs/fanuc_msgs/msg/detail/analog_io__traits.hpp
-- Up-to-date: /home/hualde/misCosas/ws_fanuc/install/fanuc_msgs/include/fanuc_msgs/fanuc_msgs/msg/detail/io_cmd__traits.hpp
-- Up-to-date: /home/hualde/misCosas/ws_fanuc/install/fanuc_msgs/include/fanuc_msgs/fanuc_msgs/msg/detail/robot_status_ext__struct.hpp
-- Up-to-date: /home/hualde/misCosas/ws_fanuc/install/fanuc_msgs/include/fanuc_msgs/fanuc_msgs/msg/detail/analog_io__builder.hpp
-- Up-to-date: /home/hualde/misCosas/ws_fanuc/install/fanuc_msgs/include/fanuc_msgs/fanuc_msgs/msg/detail/num_reg__traits.hpp
-- Up-to-date: /home/hualde/misCosas/ws_fanuc/install/fanuc_msgs/include/fanuc_msgs/fanuc_msgs/msg/detail/collaborative_speed_scaling__traits.hpp
-- Up-to-date: /home/hualde/misCosas/ws_fanuc/install/fanuc_msgs/include/fanuc_msgs/fanuc_msgs/msg/detail/num_reg_state__builder.hpp
-- Up-to-date: /home/hualde/misCosas/ws_fanuc/install/fanuc_msgs/include/fanuc_msgs/fanuc_msgs/msg/detail/num_reg_cmd__struct.hpp
-- Up-to-date: /home/hualde/misCosas/ws_fanuc/install/fanuc_msgs/include/fanuc_msgs/fanuc_msgs/msg/detail/num_reg__type_support.hpp
-- Up-to-date: /home/hualde/misCosas/ws_fanuc/install/fanuc_msgs/include/fanuc_msgs/fanuc_msgs/msg/detail/analog_io_cmd__type_support.hpp
-- Up-to-date: /home/hualde/misCosas/ws_fanuc/install/fanuc_msgs/include/fanuc_msgs/fanuc_msgs/msg/detail/io_type__struct.hpp
-- Up-to-date: /home/hualde/misCosas/ws_fanuc/install/fanuc_msgs/include/fanuc_msgs/fanuc_msgs/msg/detail/num_reg__struct.hpp
-- Up-to-date: /home/hualde/misCosas/ws_fanuc/install/fanuc_msgs/include/fanuc_msgs/fanuc_msgs/msg/detail/io_type__traits.hpp
-- Up-to-date: /home/hualde/misCosas/ws_fanuc/install/fanuc_msgs/include/fanuc_msgs/fanuc_msgs/msg/detail/analog_io__type_support.hpp
-- Up-to-date: /home/hualde/misCosas/ws_fanuc/install/fanuc_msgs/include/fanuc_msgs/fanuc_msgs/msg/detail/robot_status__type_support.hpp
-- Up-to-date: /home/hualde/misCosas/ws_fanuc/install/fanuc_msgs/include/fanuc_msgs/fanuc_msgs/msg/detail/io_state__traits.hpp
-- Up-to-date: /home/hualde/misCosas/ws_fanuc/install/fanuc_msgs/include/fanuc_msgs/fanuc_msgs/msg/detail/num_reg__builder.hpp
-- Up-to-date: /home/hualde/misCosas/ws_fanuc/install/fanuc_msgs/include/fanuc_msgs/fanuc_msgs/msg/detail/bool_io__struct.hpp
-- Up-to-date: /home/hualde/misCosas/ws_fanuc/install/fanuc_msgs/include/fanuc_msgs/fanuc_msgs/msg/detail/analog_io_state__type_support.hpp
-- Up-to-date: /home/hualde/misCosas/ws_fanuc/install/fanuc_msgs/include/fanuc_msgs/fanuc_msgs/msg/detail/collaborative_speed_scaling__struct.hpp
-- Up-to-date: /home/hualde/misCosas/ws_fanuc/install/fanuc_msgs/include/fanuc_msgs/fanuc_msgs/msg/detail/collaborative_speed_scaling__builder.hpp
-- Up-to-date: /home/hualde/misCosas/ws_fanuc/install/fanuc_msgs/include/fanuc_msgs/fanuc_msgs/msg/detail/robot_status__struct.hpp
-- Up-to-date: /home/hualde/misCosas/ws_fanuc/install/fanuc_msgs/include/fanuc_msgs/fanuc_msgs/msg/detail/analog_io__struct.hpp
-- Up-to-date: /home/hualde/misCosas/ws_fanuc/install/fanuc_msgs/include/fanuc_msgs/fanuc_msgs/msg/detail/num_reg_cmd__type_support.hpp
-- Up-to-date: /home/hualde/misCosas/ws_fanuc/install/fanuc_msgs/include/fanuc_msgs/fanuc_msgs/msg/detail/io_cmd__builder.hpp
-- Up-to-date: /home/hualde/misCosas/ws_fanuc/install/fanuc_msgs/include/fanuc_msgs/fanuc_msgs/msg/detail/bool_io__type_support.hpp
-- Up-to-date: /home/hualde/misCosas/ws_fanuc/install/fanuc_msgs/include/fanuc_msgs/fanuc_msgs/msg/detail/num_reg_state__struct.hpp
-- Up-to-date: /home/hualde/misCosas/ws_fanuc/install/fanuc_msgs/include/fanuc_msgs/fanuc_msgs/msg/detail/connection_status__type_support.hpp
-- Up-to-date: /home/hualde/misCosas/ws_fanuc/install/fanuc_msgs/include/fanuc_msgs/fanuc_msgs/msg/detail/io_state__type_support.hpp
-- Up-to-date: /home/hualde/misCosas/ws_fanuc/install/fanuc_msgs/include/fanuc_msgs/fanuc_msgs/msg/detail/analog_io_state__traits.hpp
-- Up-to-date: /home/hualde/misCosas/ws_fanuc/install/fanuc_msgs/include/fanuc_msgs/fanuc_msgs/msg/detail/io_type__builder.hpp
-- Up-to-date: /home/hualde/misCosas/ws_fanuc/install/fanuc_msgs/include/fanuc_msgs/fanuc_msgs/msg/detail/robot_status__traits.hpp
-- Up-to-date: /home/hualde/misCosas/ws_fanuc/install/fanuc_msgs/include/fanuc_msgs/fanuc_msgs/msg/detail/robot_status__builder.hpp
-- Up-to-date: /home/hualde/misCosas/ws_fanuc/install/fanuc_msgs/include/fanuc_msgs/fanuc_msgs/msg/detail/connection_status__traits.hpp
-- Up-to-date: /home/hualde/misCosas/ws_fanuc/install/fanuc_msgs/include/fanuc_msgs/fanuc_msgs/msg/detail/io_state__builder.hpp
-- Up-to-date: /home/hualde/misCosas/ws_fanuc/install/fanuc_msgs/include/fanuc_msgs/fanuc_msgs/msg/detail/num_reg_state__traits.hpp
-- Up-to-date: /home/hualde/misCosas/ws_fanuc/install/fanuc_msgs/include/fanuc_msgs/fanuc_msgs/msg/detail/bool_io__builder.hpp
-- Up-to-date: /home/hualde/misCosas/ws_fanuc/install/fanuc_msgs/include/fanuc_msgs/fanuc_msgs/msg/rosidl_generator_cpp__visibility_control.hpp
-- Up-to-date: /home/hualde/misCosas/ws_fanuc/install/fanuc_msgs/include/fanuc_msgs/fanuc_msgs/msg/bool_io.hpp
-- Up-to-date: /home/hualde/misCosas/ws_fanuc/install/fanuc_msgs/include/fanuc_msgs/fanuc_msgs/msg/collaborative_speed_scaling.hpp
-- Up-to-date: /home/hualde/misCosas/ws_fanuc/install/fanuc_msgs/include/fanuc_msgs/fanuc_msgs/msg/io_cmd.hpp
-- Up-to-date: /home/hualde/misCosas/ws_fanuc/install/fanuc_msgs/include/fanuc_msgs/fanuc_msgs/msg/robot_status_ext.hpp
-- Up-to-date: /home/hualde/misCosas/ws_fanuc/install/fanuc_msgs/include/fanuc_msgs/fanuc_msgs/msg/connection_status.hpp
-- Up-to-date: /home/hualde/misCosas/ws_fanuc/install/fanuc_msgs/include/fanuc_msgs/fanuc_msgs/msg/io_type.hpp
-- Up-to-date: /home/hualde/misCosas/ws_fanuc/install/fanuc_msgs/include/fanuc_msgs/fanuc_msgs/msg/num_reg_cmd.hpp
-- Up-to-date: /home/hualde/misCosas/ws_fanuc/install/fanuc_msgs/include/fanuc_msgs/fanuc_msgs/msg/robot_status.hpp
-- Up-to-date: /home/hualde/misCosas/ws_fanuc/install/fanuc_msgs/include/fanuc_msgs/fanuc_msgs/msg/num_reg.hpp
-- Up-to-date: /home/hualde/misCosas/ws_fanuc/install/fanuc_msgs/include/fanuc_msgs/fanuc_msgs/msg/io_state.hpp
-- Up-to-date: /home/hualde/misCosas/ws_fanuc/install/fanuc_msgs/include/fanuc_msgs/fanuc_msgs/msg/analog_io.hpp
-- Up-to-date: /home/hualde/misCosas/ws_fanuc/install/fanuc_msgs/include/fanuc_msgs/fanuc_msgs/msg/analog_io_cmd.hpp
-- Up-to-date: /home/hualde/misCosas/ws_fanuc/install/fanuc_msgs/include/fanuc_msgs/fanuc_msgs/msg/num_reg_state.hpp
-- Up-to-date: /home/hualde/misCosas/ws_fanuc/install/fanuc_msgs/include/fanuc_msgs/fanuc_msgs/msg/analog_io_state.hpp
-- Up-to-date: /home/hualde/misCosas/ws_fanuc/install/fanuc_msgs/include/fanuc_msgs/fanuc_msgs/srv
-- Up-to-date: /home/hualde/misCosas/ws_fanuc/install/fanuc_msgs/include/fanuc_msgs/fanuc_msgs/srv/detail
-- Up-to-date: /home/hualde/misCosas/ws_fanuc/install/fanuc_msgs/include/fanuc_msgs/fanuc_msgs/srv/detail/set_num_reg__builder.hpp
-- Up-to-date: /home/hualde/misCosas/ws_fanuc/install/fanuc_msgs/include/fanuc_msgs/fanuc_msgs/srv/detail/set_payload_value__builder.hpp
-- Up-to-date: /home/hualde/misCosas/ws_fanuc/install/fanuc_msgs/include/fanuc_msgs/fanuc_msgs/srv/detail/set_analog_io__builder.hpp
-- Up-to-date: /home/hualde/misCosas/ws_fanuc/install/fanuc_msgs/include/fanuc_msgs/fanuc_msgs/srv/detail/get_pos_reg__struct.hpp
-- Up-to-date: /home/hualde/misCosas/ws_fanuc/install/fanuc_msgs/include/fanuc_msgs/fanuc_msgs/srv/detail/set_pos_reg__builder.hpp
-- Up-to-date: /home/hualde/misCosas/ws_fanuc/install/fanuc_msgs/include/fanuc_msgs/fanuc_msgs/srv/detail/set_num_reg__traits.hpp
-- Up-to-date: /home/hualde/misCosas/ws_fanuc/install/fanuc_msgs/include/fanuc_msgs/fanuc_msgs/srv/detail/set_payload_value__struct.hpp
-- Up-to-date: /home/hualde/misCosas/ws_fanuc/install/fanuc_msgs/include/fanuc_msgs/fanuc_msgs/srv/detail/set_analog_io__traits.hpp
-- Up-to-date: /home/hualde/misCosas/ws_fanuc/install/fanuc_msgs/include/fanuc_msgs/fanuc_msgs/srv/detail/get_bool_io__type_support.hpp
-- Up-to-date: /home/hualde/misCosas/ws_fanuc/install/fanuc_msgs/include/fanuc_msgs/fanuc_msgs/srv/detail/get_group_io__traits.hpp
-- Up-to-date: /home/hualde/misCosas/ws_fanuc/install/fanuc_msgs/include/fanuc_msgs/fanuc_msgs/srv/detail/set_bool_io__traits.hpp
-- Up-to-date: /home/hualde/misCosas/ws_fanuc/install/fanuc_msgs/include/fanuc_msgs/fanuc_msgs/srv/detail/get_pos_reg__type_support.hpp
-- Up-to-date: /home/hualde/misCosas/ws_fanuc/install/fanuc_msgs/include/fanuc_msgs/fanuc_msgs/srv/detail/get_group_io__struct.hpp
-- Up-to-date: /home/hualde/misCosas/ws_fanuc/install/fanuc_msgs/include/fanuc_msgs/fanuc_msgs/srv/detail/set_payload_id__type_support.hpp
-- Up-to-date: /home/hualde/misCosas/ws_fanuc/install/fanuc_msgs/include/fanuc_msgs/fanuc_msgs/srv/detail/get_num_reg__struct.hpp
-- Up-to-date: /home/hualde/misCosas/ws_fanuc/install/fanuc_msgs/include/fanuc_msgs/fanuc_msgs/srv/detail/get_bool_io__builder.hpp
-- Up-to-date: /home/hualde/misCosas/ws_fanuc/install/fanuc_msgs/include/fanuc_msgs/fanuc_msgs/srv/detail/set_bool_io__type_support.hpp
-- Up-to-date: /home/hualde/misCosas/ws_fanuc/install/fanuc_msgs/include/fanuc_msgs/fanuc_msgs/srv/detail/set_pos_reg__type_support.hpp
-- Up-to-date: /home/hualde/misCosas/ws_fanuc/install/fanuc_msgs/include/fanuc_msgs/fanuc_msgs/srv/detail/set_payload_id__traits.hpp
-- Up-to-date: /home/hualde/misCosas/ws_fanuc/install/fanuc_msgs/include/fanuc_msgs/fanuc_msgs/srv/detail/set_payload_comp__traits.hpp
-- Up-to-date: /home/hualde/misCosas/ws_fanuc/install/fanuc_msgs/include/fanuc_msgs/fanuc_msgs/srv/detail/get_num_reg__builder.hpp
-- Up-to-date: /home/hualde/misCosas/ws_fanuc/install/fanuc_msgs/include/fanuc_msgs/fanuc_msgs/srv/detail/get_group_io__builder.hpp
-- Up-to-date: /home/hualde/misCosas/ws_fanuc/install/fanuc_msgs/include/fanuc_msgs/fanuc_msgs/srv/detail/set_payload_comp__type_support.hpp
-- Up-to-date: /home/hualde/misCosas/ws_fanuc/install/fanuc_msgs/include/fanuc_msgs/fanuc_msgs/srv/detail/set_gen_override__builder.hpp
-- Up-to-date: /home/hualde/misCosas/ws_fanuc/install/fanuc_msgs/include/fanuc_msgs/fanuc_msgs/srv/detail/set_pos_reg__struct.hpp
-- Up-to-date: /home/hualde/misCosas/ws_fanuc/install/fanuc_msgs/include/fanuc_msgs/fanuc_msgs/srv/detail/get_analog_io__traits.hpp
-- Up-to-date: /home/hualde/misCosas/ws_fanuc/install/fanuc_msgs/include/fanuc_msgs/fanuc_msgs/srv/detail/set_bool_io__struct.hpp
-- Up-to-date: /home/hualde/misCosas/ws_fanuc/install/fanuc_msgs/include/fanuc_msgs/fanuc_msgs/srv/detail/set_group_io__struct.hpp
-- Up-to-date: /home/hualde/misCosas/ws_fanuc/install/fanuc_msgs/include/fanuc_msgs/fanuc_msgs/srv/detail/set_payload_comp__builder.hpp
-- Up-to-date: /home/hualde/misCosas/ws_fanuc/install/fanuc_msgs/include/fanuc_msgs/fanuc_msgs/srv/detail/set_analog_io__type_support.hpp
-- Up-to-date: /home/hualde/misCosas/ws_fanuc/install/fanuc_msgs/include/fanuc_msgs/fanuc_msgs/srv/detail/set_group_io__builder.hpp
-- Up-to-date: /home/hualde/misCosas/ws_fanuc/install/fanuc_msgs/include/fanuc_msgs/fanuc_msgs/srv/detail/set_payload_value__traits.hpp
-- Up-to-date: /home/hualde/misCosas/ws_fanuc/install/fanuc_msgs/include/fanuc_msgs/fanuc_msgs/srv/detail/set_pos_reg__traits.hpp
-- Up-to-date: /home/hualde/misCosas/ws_fanuc/install/fanuc_msgs/include/fanuc_msgs/fanuc_msgs/srv/detail/get_pos_reg__traits.hpp
-- Up-to-date: /home/hualde/misCosas/ws_fanuc/install/fanuc_msgs/include/fanuc_msgs/fanuc_msgs/srv/detail/set_num_reg__struct.hpp
-- Up-to-date: /home/hualde/misCosas/ws_fanuc/install/fanuc_msgs/include/fanuc_msgs/fanuc_msgs/srv/detail/get_analog_io__type_support.hpp
-- Up-to-date: /home/hualde/misCosas/ws_fanuc/install/fanuc_msgs/include/fanuc_msgs/fanuc_msgs/srv/detail/get_group_io__type_support.hpp
-- Up-to-date: /home/hualde/misCosas/ws_fanuc/install/fanuc_msgs/include/fanuc_msgs/fanuc_msgs/srv/detail/get_pos_reg__builder.hpp
-- Up-to-date: /home/hualde/misCosas/ws_fanuc/install/fanuc_msgs/include/fanuc_msgs/fanuc_msgs/srv/detail/set_payload_comp__struct.hpp
-- Up-to-date: /home/hualde/misCosas/ws_fanuc/install/fanuc_msgs/include/fanuc_msgs/fanuc_msgs/srv/detail/set_gen_override__struct.hpp
-- Up-to-date: /home/hualde/misCosas/ws_fanuc/install/fanuc_msgs/include/fanuc_msgs/fanuc_msgs/srv/detail/set_payload_value__type_support.hpp
-- Up-to-date: /home/hualde/misCosas/ws_fanuc/install/fanuc_msgs/include/fanuc_msgs/fanuc_msgs/srv/detail/set_group_io__type_support.hpp
-- Up-to-date: /home/hualde/misCosas/ws_fanuc/install/fanuc_msgs/include/fanuc_msgs/fanuc_msgs/srv/detail/get_analog_io__struct.hpp
-- Up-to-date: /home/hualde/misCosas/ws_fanuc/install/fanuc_msgs/include/fanuc_msgs/fanuc_msgs/srv/detail/set_bool_io__builder.hpp
-- Up-to-date: /home/hualde/misCosas/ws_fanuc/install/fanuc_msgs/include/fanuc_msgs/fanuc_msgs/srv/detail/set_gen_override__type_support.hpp
-- Up-to-date: /home/hualde/misCosas/ws_fanuc/install/fanuc_msgs/include/fanuc_msgs/fanuc_msgs/srv/detail/set_gen_override__traits.hpp
-- Up-to-date: /home/hualde/misCosas/ws_fanuc/install/fanuc_msgs/include/fanuc_msgs/fanuc_msgs/srv/detail/set_num_reg__type_support.hpp
-- Up-to-date: /home/hualde/misCosas/ws_fanuc/install/fanuc_msgs/include/fanuc_msgs/fanuc_msgs/srv/detail/get_bool_io__traits.hpp
-- Up-to-date: /home/hualde/misCosas/ws_fanuc/install/fanuc_msgs/include/fanuc_msgs/fanuc_msgs/srv/detail/get_analog_io__builder.hpp
-- Up-to-date: /home/hualde/misCosas/ws_fanuc/install/fanuc_msgs/include/fanuc_msgs/fanuc_msgs/srv/detail/set_analog_io__struct.hpp
-- Up-to-date: /home/hualde/misCosas/ws_fanuc/install/fanuc_msgs/include/fanuc_msgs/fanuc_msgs/srv/detail/get_num_reg__traits.hpp
-- Up-to-date: /home/hualde/misCosas/ws_fanuc/install/fanuc_msgs/include/fanuc_msgs/fanuc_msgs/srv/detail/set_payload_id__builder.hpp
-- Up-to-date: /home/hualde/misCosas/ws_fanuc/install/fanuc_msgs/include/fanuc_msgs/fanuc_msgs/srv/detail/set_group_io__traits.hpp
-- Up-to-date: /home/hualde/misCosas/ws_fanuc/install/fanuc_msgs/include/fanuc_msgs/fanuc_msgs/srv/detail/get_num_reg__type_support.hpp
-- Up-to-date: /home/hualde/misCosas/ws_fanuc/install/fanuc_msgs/include/fanuc_msgs/fanuc_msgs/srv/detail/get_bool_io__struct.hpp
-- Up-to-date: /home/hualde/misCosas/ws_fanuc/install/fanuc_msgs/include/fanuc_msgs/fanuc_msgs/srv/detail/set_payload_id__struct.hpp
-- Up-to-date: /home/hualde/misCosas/ws_fanuc/install/fanuc_msgs/include/fanuc_msgs/fanuc_msgs/srv/set_payload_id.hpp
-- Up-to-date: /home/hualde/misCosas/ws_fanuc/install/fanuc_msgs/include/fanuc_msgs/fanuc_msgs/srv/get_analog_io.hpp
-- Up-to-date: /home/hualde/misCosas/ws_fanuc/install/fanuc_msgs/include/fanuc_msgs/fanuc_msgs/srv/get_num_reg.hpp
-- Up-to-date: /home/hualde/misCosas/ws_fanuc/install/fanuc_msgs/include/fanuc_msgs/fanuc_msgs/srv/get_pos_reg.hpp
-- Up-to-date: /home/hualde/misCosas/ws_fanuc/install/fanuc_msgs/include/fanuc_msgs/fanuc_msgs/srv/get_group_io.hpp
-- Up-to-date: /home/hualde/misCosas/ws_fanuc/install/fanuc_msgs/include/fanuc_msgs/fanuc_msgs/srv/set_payload_comp.hpp
-- Up-to-date: /home/hualde/misCosas/ws_fanuc/install/fanuc_msgs/include/fanuc_msgs/fanuc_msgs/srv/set_analog_io.hpp
-- Up-to-date: /home/hualde/misCosas/ws_fanuc/install/fanuc_msgs/include/fanuc_msgs/fanuc_msgs/srv/set_num_reg.hpp
-- Up-to-date: /home/hualde/misCosas/ws_fanuc/install/fanuc_msgs/include/fanuc_msgs/fanuc_msgs/srv/set_bool_io.hpp
-- Up-to-date: /home/hualde/misCosas/ws_fanuc/install/fanuc_msgs/include/fanuc_msgs/fanuc_msgs/srv/set_pos_reg.hpp
-- Up-to-date: /home/hualde/misCosas/ws_fanuc/install/fanuc_msgs/include/fanuc_msgs/fanuc_msgs/srv/set_group_io.hpp
-- Up-to-date: /home/hualde/misCosas/ws_fanuc/install/fanuc_msgs/include/fanuc_msgs/fanuc_msgs/srv/set_payload_value.hpp
-- Up-to-date: /home/hualde/misCosas/ws_fanuc/install/fanuc_msgs/include/fanuc_msgs/fanuc_msgs/srv/get_bool_io.hpp
-- Up-to-date: /home/hualde/misCosas/ws_fanuc/install/fanuc_msgs/include/fanuc_msgs/fanuc_msgs/srv/set_gen_override.hpp
-- Up-to-date: /home/hualde/misCosas/ws_fanuc/install/fanuc_msgs/include/fanuc_msgs/fanuc_msgs
-- Up-to-date: /home/hualde/misCosas/ws_fanuc/install/fanuc_msgs/include/fanuc_msgs/fanuc_msgs/msg
-- Up-to-date: /home/hualde/misCosas/ws_fanuc/install/fanuc_msgs/include/fanuc_msgs/fanuc_msgs/msg/detail
-- Up-to-date: /home/hualde/misCosas/ws_fanuc/install/fanuc_msgs/include/fanuc_msgs/fanuc_msgs/msg/detail/dds_fastrtps
-- Up-to-date: /home/hualde/misCosas/ws_fanuc/install/fanuc_msgs/include/fanuc_msgs/fanuc_msgs/msg/detail/num_reg__rosidl_typesupport_fastrtps_cpp.hpp
-- Up-to-date: /home/hualde/misCosas/ws_fanuc/install/fanuc_msgs/include/fanuc_msgs/fanuc_msgs/msg/detail/robot_status__rosidl_typesupport_fastrtps_cpp.hpp
-- Up-to-date: /home/hualde/misCosas/ws_fanuc/install/fanuc_msgs/include/fanuc_msgs/fanuc_msgs/msg/detail/io_state__rosidl_typesupport_fastrtps_cpp.hpp
-- Up-to-date: /home/hualde/misCosas/ws_fanuc/install/fanuc_msgs/include/fanuc_msgs/fanuc_msgs/msg/detail/io_type__rosidl_typesupport_fastrtps_cpp.hpp
-- Up-to-date: /home/hualde/misCosas/ws_fanuc/install/fanuc_msgs/include/fanuc_msgs/fanuc_msgs/msg/detail/robot_status_ext__rosidl_typesupport_fastrtps_cpp.hpp
-- Up-to-date: /home/hualde/misCosas/ws_fanuc/install/fanuc_msgs/include/fanuc_msgs/fanuc_msgs/msg/detail/bool_io__rosidl_typesupport_fastrtps_cpp.hpp
-- Up-to-date: /home/hualde/misCosas/ws_fanuc/install/fanuc_msgs/include/fanuc_msgs/fanuc_msgs/msg/detail/num_reg_state__rosidl_typesupport_fastrtps_cpp.hpp
-- Up-to-date: /home/hualde/misCosas/ws_fanuc/install/fanuc_msgs/include/fanuc_msgs/fanuc_msgs/msg/detail/analog_io__rosidl_typesupport_fastrtps_cpp.hpp
-- Up-to-date: /home/hualde/misCosas/ws_fanuc/install/fanuc_msgs/include/fanuc_msgs/fanuc_msgs/msg/detail/collaborative_speed_scaling__rosidl_typesupport_fastrtps_cpp.hpp
-- Up-to-date: /home/hualde/misCosas/ws_fanuc/install/fanuc_msgs/include/fanuc_msgs/fanuc_msgs/msg/detail/num_reg_cmd__rosidl_typesupport_fastrtps_cpp.hpp
-- Up-to-date: /home/hualde/misCosas/ws_fanuc/install/fanuc_msgs/include/fanuc_msgs/fanuc_msgs/msg/detail/io_cmd__rosidl_typesupport_fastrtps_cpp.hpp
-- Up-to-date: /home/hualde/misCosas/ws_fanuc/install/fanuc_msgs/include/fanuc_msgs/fanuc_msgs/msg/detail/connection_status__rosidl_typesupport_fastrtps_cpp.hpp
-- Up-to-date: /home/hualde/misCosas/ws_fanuc/install/fanuc_msgs/include/fanuc_msgs/fanuc_msgs/msg/detail/analog_io_state__rosidl_typesupport_fastrtps_cpp.hpp
-- Up-to-date: /home/hualde/misCosas/ws_fanuc/install/fanuc_msgs/include/fanuc_msgs/fanuc_msgs/msg/detail/analog_io_cmd__rosidl_typesupport_fastrtps_cpp.hpp
-- Up-to-date: /home/hualde/misCosas/ws_fanuc/install/fanuc_msgs/include/fanuc_msgs/fanuc_msgs/msg/rosidl_typesupport_fastrtps_cpp__visibility_control.h
-- Up-to-date: /home/hualde/misCosas/ws_fanuc/install/fanuc_msgs/include/fanuc_msgs/fanuc_msgs/srv
-- Up-to-date: /home/hualde/misCosas/ws_fanuc/install/fanuc_msgs/include/fanuc_msgs/fanuc_msgs/srv/detail
-- Up-to-date: /home/hualde/misCosas/ws_fanuc/install/fanuc_msgs/include/fanuc_msgs/fanuc_msgs/srv/detail/set_bool_io__rosidl_typesupport_fastrtps_cpp.hpp
-- Up-to-date: /home/hualde/misCosas/ws_fanuc/install/fanuc_msgs/include/fanuc_msgs/fanuc_msgs/srv/detail/dds_fastrtps
-- Up-to-date: /home/hualde/misCosas/ws_fanuc/install/fanuc_msgs/include/fanuc_msgs/fanuc_msgs/srv/detail/get_analog_io__rosidl_typesupport_fastrtps_cpp.hpp
-- Up-to-date: /home/hualde/misCosas/ws_fanuc/install/fanuc_msgs/include/fanuc_msgs/fanuc_msgs/srv/detail/set_group_io__rosidl_typesupport_fastrtps_cpp.hpp
-- Up-to-date: /home/hualde/misCosas/ws_fanuc/install/fanuc_msgs/include/fanuc_msgs/fanuc_msgs/srv/detail/set_analog_io__rosidl_typesupport_fastrtps_cpp.hpp
-- Up-to-date: /home/hualde/misCosas/ws_fanuc/install/fanuc_msgs/include/fanuc_msgs/fanuc_msgs/srv/detail/set_payload_id__rosidl_typesupport_fastrtps_cpp.hpp
-- Up-to-date: /home/hualde/misCosas/ws_fanuc/install/fanuc_msgs/include/fanuc_msgs/fanuc_msgs/srv/detail/set_payload_value__rosidl_typesupport_fastrtps_cpp.hpp
-- Up-to-date: /home/hualde/misCosas/ws_fanuc/install/fanuc_msgs/include/fanuc_msgs/fanuc_msgs/srv/detail/get_group_io__rosidl_typesupport_fastrtps_cpp.hpp
-- Up-to-date: /home/hualde/misCosas/ws_fanuc/install/fanuc_msgs/include/fanuc_msgs/fanuc_msgs/srv/detail/get_num_reg__rosidl_typesupport_fastrtps_cpp.hpp
-- Up-to-date: /home/hualde/misCosas/ws_fanuc/install/fanuc_msgs/include/fanuc_msgs/fanuc_msgs/srv/detail/set_gen_override__rosidl_typesupport_fastrtps_cpp.hpp
-- Up-to-date: /home/hualde/misCosas/ws_fanuc/install/fanuc_msgs/include/fanuc_msgs/fanuc_msgs/srv/detail/get_pos_reg__rosidl_typesupport_fastrtps_cpp.hpp
-- Up-to-date: /home/hualde/misCosas/ws_fanuc/install/fanuc_msgs/include/fanuc_msgs/fanuc_msgs/srv/detail/set_payload_comp__rosidl_typesupport_fastrtps_cpp.hpp
-- Up-to-date: /home/hualde/misCosas/ws_fanuc/install/fanuc_msgs/include/fanuc_msgs/fanuc_msgs/srv/detail/set_num_reg__rosidl_typesupport_fastrtps_cpp.hpp
-- Up-to-date: /home/hualde/misCosas/ws_fanuc/install/fanuc_msgs/include/fanuc_msgs/fanuc_msgs/srv/detail/get_bool_io__rosidl_typesupport_fastrtps_cpp.hpp
-- Up-to-date: /home/hualde/misCosas/ws_fanuc/install/fanuc_msgs/include/fanuc_msgs/fanuc_msgs/srv/detail/set_pos_reg__rosidl_typesupport_fastrtps_cpp.hpp
-- Up-to-date: /home/hualde/misCosas/ws_fanuc/install/fanuc_msgs/lib/libfanuc_msgs__rosidl_typesupport_fastrtps_cpp.so
-- Up-to-date: /home/hualde/misCosas/ws_fanuc/install/fanuc_msgs/include/fanuc_msgs/fanuc_msgs
-- Up-to-date: /home/hualde/misCosas/ws_fanuc/install/fanuc_msgs/include/fanuc_msgs/fanuc_msgs/msg
-- Up-to-date: /home/hualde/misCosas/ws_fanuc/install/fanuc_msgs/include/fanuc_msgs/fanuc_msgs/msg/detail
-- Up-to-date: /home/hualde/misCosas/ws_fanuc/install/fanuc_msgs/include/fanuc_msgs/fanuc_msgs/msg/detail/analog_io_cmd__rosidl_typesupport_introspection_cpp.hpp
-- Up-to-date: /home/hualde/misCosas/ws_fanuc/install/fanuc_msgs/include/fanuc_msgs/fanuc_msgs/msg/detail/num_reg_cmd__type_support.cpp
-- Up-to-date: /home/hualde/misCosas/ws_fanuc/install/fanuc_msgs/include/fanuc_msgs/fanuc_msgs/msg/detail/num_reg_state__rosidl_typesupport_introspection_cpp.hpp
-- Up-to-date: /home/hualde/misCosas/ws_fanuc/install/fanuc_msgs/include/fanuc_msgs/fanuc_msgs/msg/detail/num_reg__rosidl_typesupport_introspection_cpp.hpp
-- Up-to-date: /home/hualde/misCosas/ws_fanuc/install/fanuc_msgs/include/fanuc_msgs/fanuc_msgs/msg/detail/bool_io__rosidl_typesupport_introspection_cpp.hpp
-- Up-to-date: /home/hualde/misCosas/ws_fanuc/install/fanuc_msgs/include/fanuc_msgs/fanuc_msgs/msg/detail/robot_status_ext__rosidl_typesupport_introspection_cpp.hpp
-- Up-to-date: /home/hualde/misCosas/ws_fanuc/install/fanuc_msgs/include/fanuc_msgs/fanuc_msgs/msg/detail/io_state__type_support.cpp
-- Up-to-date: /home/hualde/misCosas/ws_fanuc/install/fanuc_msgs/include/fanuc_msgs/fanuc_msgs/msg/detail/analog_io__type_support.cpp
-- Up-to-date: /home/hualde/misCosas/ws_fanuc/install/fanuc_msgs/include/fanuc_msgs/fanuc_msgs/msg/detail/collaborative_speed_scaling__type_support.cpp
-- Up-to-date: /home/hualde/misCosas/ws_fanuc/install/fanuc_msgs/include/fanuc_msgs/fanuc_msgs/msg/detail/io_cmd__type_support.cpp
-- Up-to-date: /home/hualde/misCosas/ws_fanuc/install/fanuc_msgs/include/fanuc_msgs/fanuc_msgs/msg/detail/num_reg__type_support.cpp
-- Up-to-date: /home/hualde/misCosas/ws_fanuc/install/fanuc_msgs/include/fanuc_msgs/fanuc_msgs/msg/detail/io_type__rosidl_typesupport_introspection_cpp.hpp
-- Up-to-date: /home/hualde/misCosas/ws_fanuc/install/fanuc_msgs/include/fanuc_msgs/fanuc_msgs/msg/detail/io_cmd__rosidl_typesupport_introspection_cpp.hpp
-- Up-to-date: /home/hualde/misCosas/ws_fanuc/install/fanuc_msgs/include/fanuc_msgs/fanuc_msgs/msg/detail/connection_status__rosidl_typesupport_introspection_cpp.hpp
-- Up-to-date: /home/hualde/misCosas/ws_fanuc/install/fanuc_msgs/include/fanuc_msgs/fanuc_msgs/msg/detail/analog_io__rosidl_typesupport_introspection_cpp.hpp
-- Up-to-date: /home/hualde/misCosas/ws_fanuc/install/fanuc_msgs/include/fanuc_msgs/fanuc_msgs/msg/detail/connection_status__type_support.cpp
-- Up-to-date: /home/hualde/misCosas/ws_fanuc/install/fanuc_msgs/include/fanuc_msgs/fanuc_msgs/msg/detail/collaborative_speed_scaling__rosidl_typesupport_introspection_cpp.hpp
-- Up-to-date: /home/hualde/misCosas/ws_fanuc/install/fanuc_msgs/include/fanuc_msgs/fanuc_msgs/msg/detail/robot_status_ext__type_support.cpp
-- Up-to-date: /home/hualde/misCosas/ws_fanuc/install/fanuc_msgs/include/fanuc_msgs/fanuc_msgs/msg/detail/robot_status__rosidl_typesupport_introspection_cpp.hpp
-- Up-to-date: /home/hualde/misCosas/ws_fanuc/install/fanuc_msgs/include/fanuc_msgs/fanuc_msgs/msg/detail/analog_io_state__rosidl_typesupport_introspection_cpp.hpp
-- Up-to-date: /home/hualde/misCosas/ws_fanuc/install/fanuc_msgs/include/fanuc_msgs/fanuc_msgs/msg/detail/analog_io_state__type_support.cpp
-- Up-to-date: /home/hualde/misCosas/ws_fanuc/install/fanuc_msgs/include/fanuc_msgs/fanuc_msgs/msg/detail/num_reg_cmd__rosidl_typesupport_introspection_cpp.hpp
-- Up-to-date: /home/hualde/misCosas/ws_fanuc/install/fanuc_msgs/include/fanuc_msgs/fanuc_msgs/msg/detail/io_type__type_support.cpp
-- Up-to-date: /home/hualde/misCosas/ws_fanuc/install/fanuc_msgs/include/fanuc_msgs/fanuc_msgs/msg/detail/analog_io_cmd__type_support.cpp
-- Up-to-date: /home/hualde/misCosas/ws_fanuc/install/fanuc_msgs/include/fanuc_msgs/fanuc_msgs/msg/detail/bool_io__type_support.cpp
-- Up-to-date: /home/hualde/misCosas/ws_fanuc/install/fanuc_msgs/include/fanuc_msgs/fanuc_msgs/msg/detail/io_state__rosidl_typesupport_introspection_cpp.hpp
-- Up-to-date: /home/hualde/misCosas/ws_fanuc/install/fanuc_msgs/include/fanuc_msgs/fanuc_msgs/msg/detail/num_reg_state__type_support.cpp
-- Up-to-date: /home/hualde/misCosas/ws_fanuc/install/fanuc_msgs/include/fanuc_msgs/fanuc_msgs/msg/detail/robot_status__type_support.cpp
-- Up-to-date: /home/hualde/misCosas/ws_fanuc/install/fanuc_msgs/include/fanuc_msgs/fanuc_msgs/srv
-- Up-to-date: /home/hualde/misCosas/ws_fanuc/install/fanuc_msgs/include/fanuc_msgs/fanuc_msgs/srv/detail
-- Up-to-date: /home/hualde/misCosas/ws_fanuc/install/fanuc_msgs/include/fanuc_msgs/fanuc_msgs/srv/detail/set_gen_override__type_support.cpp
-- Up-to-date: /home/hualde/misCosas/ws_fanuc/install/fanuc_msgs/include/fanuc_msgs/fanuc_msgs/srv/detail/get_bool_io__rosidl_typesupport_introspection_cpp.hpp
-- Up-to-date: /home/hualde/misCosas/ws_fanuc/install/fanuc_msgs/include/fanuc_msgs/fanuc_msgs/srv/detail/set_payload_comp__rosidl_typesupport_introspection_cpp.hpp
-- Up-to-date: /home/hualde/misCosas/ws_fanuc/install/fanuc_msgs/include/fanuc_msgs/fanuc_msgs/srv/detail/get_group_io__rosidl_typesupport_introspection_cpp.hpp
-- Up-to-date: /home/hualde/misCosas/ws_fanuc/install/fanuc_msgs/include/fanuc_msgs/fanuc_msgs/srv/detail/set_payload_value__rosidl_typesupport_introspection_cpp.hpp
-- Up-to-date: /home/hualde/misCosas/ws_fanuc/install/fanuc_msgs/include/fanuc_msgs/fanuc_msgs/srv/detail/get_analog_io__type_support.cpp
-- Up-to-date: /home/hualde/misCosas/ws_fanuc/install/fanuc_msgs/include/fanuc_msgs/fanuc_msgs/srv/detail/set_bool_io__type_support.cpp
-- Up-to-date: /home/hualde/misCosas/ws_fanuc/install/fanuc_msgs/include/fanuc_msgs/fanuc_msgs/srv/detail/set_gen_override__rosidl_typesupport_introspection_cpp.hpp
-- Up-to-date: /home/hualde/misCosas/ws_fanuc/install/fanuc_msgs/include/fanuc_msgs/fanuc_msgs/srv/detail/set_pos_reg__type_support.cpp
-- Up-to-date: /home/hualde/misCosas/ws_fanuc/install/fanuc_msgs/include/fanuc_msgs/fanuc_msgs/srv/detail/set_bool_io__rosidl_typesupport_introspection_cpp.hpp
-- Up-to-date: /home/hualde/misCosas/ws_fanuc/install/fanuc_msgs/include/fanuc_msgs/fanuc_msgs/srv/detail/get_pos_reg__type_support.cpp
-- Up-to-date: /home/hualde/misCosas/ws_fanuc/install/fanuc_msgs/include/fanuc_msgs/fanuc_msgs/srv/detail/set_group_io__type_support.cpp
-- Up-to-date: /home/hualde/misCosas/ws_fanuc/install/fanuc_msgs/include/fanuc_msgs/fanuc_msgs/srv/detail/set_analog_io__rosidl_typesupport_introspection_cpp.hpp
-- Up-to-date: /home/hualde/misCosas/ws_fanuc/install/fanuc_msgs/include/fanuc_msgs/fanuc_msgs/srv/detail/get_pos_reg__rosidl_typesupport_introspection_cpp.hpp
-- Up-to-date: /home/hualde/misCosas/ws_fanuc/install/fanuc_msgs/include/fanuc_msgs/fanuc_msgs/srv/detail/set_group_io__rosidl_typesupport_introspection_cpp.hpp
-- Up-to-date: /home/hualde/misCosas/ws_fanuc/install/fanuc_msgs/include/fanuc_msgs/fanuc_msgs/srv/detail/set_payload_id__type_support.cpp
-- Up-to-date: /home/hualde/misCosas/ws_fanuc/install/fanuc_msgs/include/fanuc_msgs/fanuc_msgs/srv/detail/set_pos_reg__rosidl_typesupport_introspection_cpp.hpp
-- Up-to-date: /home/hualde/misCosas/ws_fanuc/install/fanuc_msgs/include/fanuc_msgs/fanuc_msgs/srv/detail/set_num_reg__rosidl_typesupport_introspection_cpp.hpp
-- Up-to-date: /home/hualde/misCosas/ws_fanuc/install/fanuc_msgs/include/fanuc_msgs/fanuc_msgs/srv/detail/set_analog_io__type_support.cpp
-- Up-to-date: /home/hualde/misCosas/ws_fanuc/install/fanuc_msgs/include/fanuc_msgs/fanuc_msgs/srv/detail/get_num_reg__type_support.cpp
-- Up-to-date: /home/hualde/misCosas/ws_fanuc/install/fanuc_msgs/include/fanuc_msgs/fanuc_msgs/srv/detail/get_analog_io__rosidl_typesupport_introspection_cpp.hpp
-- Up-to-date: /home/hualde/misCosas/ws_fanuc/install/fanuc_msgs/include/fanuc_msgs/fanuc_msgs/srv/detail/get_num_reg__rosidl_typesupport_introspection_cpp.hpp
-- Up-to-date: /home/hualde/misCosas/ws_fanuc/install/fanuc_msgs/include/fanuc_msgs/fanuc_msgs/srv/detail/set_payload_id__rosidl_typesupport_introspection_cpp.hpp
-- Up-to-date: /home/hualde/misCosas/ws_fanuc/install/fanuc_msgs/include/fanuc_msgs/fanuc_msgs/srv/detail/set_payload_comp__type_support.cpp
-- Up-to-date: /home/hualde/misCosas/ws_fanuc/install/fanuc_msgs/include/fanuc_msgs/fanuc_msgs/srv/detail/get_group_io__type_support.cpp
-- Up-to-date: /home/hualde/misCosas/ws_fanuc/install/fanuc_msgs/include/fanuc_msgs/fanuc_msgs/srv/detail/set_payload_value__type_support.cpp
-- Up-to-date: /home/hualde/misCosas/ws_fanuc/install/fanuc_msgs/include/fanuc_msgs/fanuc_msgs/srv/detail/set_num_reg__type_support.cpp
-- Up-to-date: /home/hualde/misCosas/ws_fanuc/install/fanuc_msgs/include/fanuc_msgs/fanuc_msgs/srv/detail/get_bool_io__type_support.cpp
-- Up-to-date: /home/hualde/misCosas/ws_fanuc/install/fanuc_msgs/lib/libfanuc_msgs__rosidl_typesupport_introspection_cpp.so
-- Up-to-date: /home/hualde/misCosas/ws_fanuc/install/fanuc_msgs/lib/libfanuc_msgs__rosidl_typesupport_cpp.so
-- Up-to-date: /home/hualde/misCosas/ws_fanuc/install/fanuc_msgs/share/fanuc_msgs/environment/pythonpath.sh
-- Up-to-date: /home/hualde/misCosas/ws_fanuc/install/fanuc_msgs/share/fanuc_msgs/environment/pythonpath.dsv
-- Up-to-date: /home/hualde/misCosas/ws_fanuc/install/fanuc_msgs/local/lib/python3.10/dist-packages/fanuc_msgs-1.1.1-py3.10.egg-info
-- Installing: /home/hualde/misCosas/ws_fanuc/install/fanuc_msgs/local/lib/python3.10/dist-packages/fanuc_msgs-1.1.1-py3.10.egg-info/SOURCES.txt
-- Installing: /home/hualde/misCosas/ws_fanuc/install/fanuc_msgs/local/lib/python3.10/dist-packages/fanuc_msgs-1.1.1-py3.10.egg-info/PKG-INFO
-- Installing: /home/hualde/misCosas/ws_fanuc/install/fanuc_msgs/local/lib/python3.10/dist-packages/fanuc_msgs-1.1.1-py3.10.egg-info/top_level.txt
-- Installing: /home/hualde/misCosas/ws_fanuc/install/fanuc_msgs/local/lib/python3.10/dist-packages/fanuc_msgs-1.1.1-py3.10.egg-info/dependency_links.txt
-- Up-to-date: /home/hualde/misCosas/ws_fanuc/install/fanuc_msgs/local/lib/python3.10/dist-packages/fanuc_msgs
-- Up-to-date: /home/hualde/misCosas/ws_fanuc/install/fanuc_msgs/local/lib/python3.10/dist-packages/fanuc_msgs/msg
-- Up-to-date: /home/hualde/misCosas/ws_fanuc/install/fanuc_msgs/local/lib/python3.10/dist-packages/fanuc_msgs/msg/_connection_status_s.c
-- Up-to-date: /home/hualde/misCosas/ws_fanuc/install/fanuc_msgs/local/lib/python3.10/dist-packages/fanuc_msgs/msg/_num_reg_state.py
-- Up-to-date: /home/hualde/misCosas/ws_fanuc/install/fanuc_msgs/local/lib/python3.10/dist-packages/fanuc_msgs/msg/_num_reg_cmd.py
-- Up-to-date: /home/hualde/misCosas/ws_fanuc/install/fanuc_msgs/local/lib/python3.10/dist-packages/fanuc_msgs/msg/_io_cmd.py
-- Up-to-date: /home/hualde/misCosas/ws_fanuc/install/fanuc_msgs/local/lib/python3.10/dist-packages/fanuc_msgs/msg/_collaborative_speed_scaling_s.c
-- Up-to-date: /home/hualde/misCosas/ws_fanuc/install/fanuc_msgs/local/lib/python3.10/dist-packages/fanuc_msgs/msg/_io_state_s.c
-- Up-to-date: /home/hualde/misCosas/ws_fanuc/install/fanuc_msgs/local/lib/python3.10/dist-packages/fanuc_msgs/msg/_num_reg_s.c
-- Up-to-date: /home/hualde/misCosas/ws_fanuc/install/fanuc_msgs/local/lib/python3.10/dist-packages/fanuc_msgs/msg/_io_type.py
-- Up-to-date: /home/hualde/misCosas/ws_fanuc/install/fanuc_msgs/local/lib/python3.10/dist-packages/fanuc_msgs/msg/_robot_status_s.c
-- Up-to-date: /home/hualde/misCosas/ws_fanuc/install/fanuc_msgs/local/lib/python3.10/dist-packages/fanuc_msgs/msg/_num_reg_cmd_s.c
-- Up-to-date: /home/hualde/misCosas/ws_fanuc/install/fanuc_msgs/local/lib/python3.10/dist-packages/fanuc_msgs/msg/_num_reg.py
-- Up-to-date: /home/hualde/misCosas/ws_fanuc/install/fanuc_msgs/local/lib/python3.10/dist-packages/fanuc_msgs/msg/_analog_io_state.py
-- Up-to-date: /home/hualde/misCosas/ws_fanuc/install/fanuc_msgs/local/lib/python3.10/dist-packages/fanuc_msgs/msg/_analog_io.py
-- Up-to-date: /home/hualde/misCosas/ws_fanuc/install/fanuc_msgs/local/lib/python3.10/dist-packages/fanuc_msgs/msg/_bool_io_s.c
-- Up-to-date: /home/hualde/misCosas/ws_fanuc/install/fanuc_msgs/local/lib/python3.10/dist-packages/fanuc_msgs/msg/_robot_status_ext_s.c
-- Up-to-date: /home/hualde/misCosas/ws_fanuc/install/fanuc_msgs/local/lib/python3.10/dist-packages/fanuc_msgs/msg/_robot_status.py
-- Up-to-date: /home/hualde/misCosas/ws_fanuc/install/fanuc_msgs/local/lib/python3.10/dist-packages/fanuc_msgs/msg/_io_type_s.c
-- Up-to-date: /home/hualde/misCosas/ws_fanuc/install/fanuc_msgs/local/lib/python3.10/dist-packages/fanuc_msgs/msg/_robot_status_ext.py
-- Up-to-date: /home/hualde/misCosas/ws_fanuc/install/fanuc_msgs/local/lib/python3.10/dist-packages/fanuc_msgs/msg/_io_cmd_s.c
-- Up-to-date: /home/hualde/misCosas/ws_fanuc/install/fanuc_msgs/local/lib/python3.10/dist-packages/fanuc_msgs/msg/_io_state.py
-- Up-to-date: /home/hualde/misCosas/ws_fanuc/install/fanuc_msgs/local/lib/python3.10/dist-packages/fanuc_msgs/msg/_num_reg_state_s.c
-- Up-to-date: /home/hualde/misCosas/ws_fanuc/install/fanuc_msgs/local/lib/python3.10/dist-packages/fanuc_msgs/msg/_analog_io_state_s.c
-- Up-to-date: /home/hualde/misCosas/ws_fanuc/install/fanuc_msgs/local/lib/python3.10/dist-packages/fanuc_msgs/msg/_connection_status.py
-- Up-to-date: /home/hualde/misCosas/ws_fanuc/install/fanuc_msgs/local/lib/python3.10/dist-packages/fanuc_msgs/msg/_analog_io_cmd.py
-- Up-to-date: /home/hualde/misCosas/ws_fanuc/install/fanuc_msgs/local/lib/python3.10/dist-packages/fanuc_msgs/msg/_analog_io_cmd_s.c
-- Up-to-date: /home/hualde/misCosas/ws_fanuc/install/fanuc_msgs/local/lib/python3.10/dist-packages/fanuc_msgs/msg/__init__.py
-- Up-to-date: /home/hualde/misCosas/ws_fanuc/install/fanuc_msgs/local/lib/python3.10/dist-packages/fanuc_msgs/msg/_bool_io.py
-- Up-to-date: /home/hualde/misCosas/ws_fanuc/install/fanuc_msgs/local/lib/python3.10/dist-packages/fanuc_msgs/msg/_analog_io_s.c
-- Up-to-date: /home/hualde/misCosas/ws_fanuc/install/fanuc_msgs/local/lib/python3.10/dist-packages/fanuc_msgs/msg/_collaborative_speed_scaling.py
-- Up-to-date: /home/hualde/misCosas/ws_fanuc/install/fanuc_msgs/local/lib/python3.10/dist-packages/fanuc_msgs/_fanuc_msgs_s.ep.rosidl_typesupport_introspection_c.c
-- Up-to-date: /home/hualde/misCosas/ws_fanuc/install/fanuc_msgs/local/lib/python3.10/dist-packages/fanuc_msgs/_fanuc_msgs_s.ep.rosidl_typesupport_fastrtps_c.c
-- Up-to-date: /home/hualde/misCosas/ws_fanuc/install/fanuc_msgs/local/lib/python3.10/dist-packages/fanuc_msgs/libfanuc_msgs__rosidl_generator_py.so
-- Up-to-date: /home/hualde/misCosas/ws_fanuc/install/fanuc_msgs/local/lib/python3.10/dist-packages/fanuc_msgs/_fanuc_msgs_s.ep.rosidl_typesupport_c.c
-- Up-to-date: /home/hualde/misCosas/ws_fanuc/install/fanuc_msgs/local/lib/python3.10/dist-packages/fanuc_msgs/srv
-- Up-to-date: /home/hualde/misCosas/ws_fanuc/install/fanuc_msgs/local/lib/python3.10/dist-packages/fanuc_msgs/srv/_get_pos_reg_s.c
-- Up-to-date: /home/hualde/misCosas/ws_fanuc/install/fanuc_msgs/local/lib/python3.10/dist-packages/fanuc_msgs/srv/_set_gen_override.py
-- Up-to-date: /home/hualde/misCosas/ws_fanuc/install/fanuc_msgs/local/lib/python3.10/dist-packages/fanuc_msgs/srv/_set_payload_comp_s.c
-- Up-to-date: /home/hualde/misCosas/ws_fanuc/install/fanuc_msgs/local/lib/python3.10/dist-packages/fanuc_msgs/srv/_get_num_reg.py
-- Up-to-date: /home/hualde/misCosas/ws_fanuc/install/fanuc_msgs/local/lib/python3.10/dist-packages/fanuc_msgs/srv/_set_group_io_s.c
-- Up-to-date: /home/hualde/misCosas/ws_fanuc/install/fanuc_msgs/local/lib/python3.10/dist-packages/fanuc_msgs/srv/_set_payload_value_s.c
-- Up-to-date: /home/hualde/misCosas/ws_fanuc/install/fanuc_msgs/local/lib/python3.10/dist-packages/fanuc_msgs/srv/_set_payload_id.py
-- Up-to-date: /home/hualde/misCosas/ws_fanuc/install/fanuc_msgs/local/lib/python3.10/dist-packages/fanuc_msgs/srv/_set_pos_reg_s.c
-- Up-to-date: /home/hualde/misCosas/ws_fanuc/install/fanuc_msgs/local/lib/python3.10/dist-packages/fanuc_msgs/srv/_set_num_reg_s.c
-- Up-to-date: /home/hualde/misCosas/ws_fanuc/install/fanuc_msgs/local/lib/python3.10/dist-packages/fanuc_msgs/srv/_set_bool_io_s.c
-- Up-to-date: /home/hualde/misCosas/ws_fanuc/install/fanuc_msgs/local/lib/python3.10/dist-packages/fanuc_msgs/srv/_get_bool_io.py
-- Up-to-date: /home/hualde/misCosas/ws_fanuc/install/fanuc_msgs/local/lib/python3.10/dist-packages/fanuc_msgs/srv/_get_num_reg_s.c
-- Up-to-date: /home/hualde/misCosas/ws_fanuc/install/fanuc_msgs/local/lib/python3.10/dist-packages/fanuc_msgs/srv/_get_group_io.py
-- Up-to-date: /home/hualde/misCosas/ws_fanuc/install/fanuc_msgs/local/lib/python3.10/dist-packages/fanuc_msgs/srv/_set_analog_io_s.c
-- Up-to-date: /home/hualde/misCosas/ws_fanuc/install/fanuc_msgs/local/lib/python3.10/dist-packages/fanuc_msgs/srv/_get_analog_io_s.c
-- Up-to-date: /home/hualde/misCosas/ws_fanuc/install/fanuc_msgs/local/lib/python3.10/dist-packages/fanuc_msgs/srv/_set_bool_io.py
-- Up-to-date: /home/hualde/misCosas/ws_fanuc/install/fanuc_msgs/local/lib/python3.10/dist-packages/fanuc_msgs/srv/_get_analog_io.py
-- Up-to-date: /home/hualde/misCosas/ws_fanuc/install/fanuc_msgs/local/lib/python3.10/dist-packages/fanuc_msgs/srv/_set_num_reg.py
-- Up-to-date: /home/hualde/misCosas/ws_fanuc/install/fanuc_msgs/local/lib/python3.10/dist-packages/fanuc_msgs/srv/_set_analog_io.py
-- Up-to-date: /home/hualde/misCosas/ws_fanuc/install/fanuc_msgs/local/lib/python3.10/dist-packages/fanuc_msgs/srv/__init__.py
-- Up-to-date: /home/hualde/misCosas/ws_fanuc/install/fanuc_msgs/local/lib/python3.10/dist-packages/fanuc_msgs/srv/_set_payload_comp.py
-- Up-to-date: /home/hualde/misCosas/ws_fanuc/install/fanuc_msgs/local/lib/python3.10/dist-packages/fanuc_msgs/srv/_set_gen_override_s.c
-- Up-to-date: /home/hualde/misCosas/ws_fanuc/install/fanuc_msgs/local/lib/python3.10/dist-packages/fanuc_msgs/srv/_get_bool_io_s.c
-- Up-to-date: /home/hualde/misCosas/ws_fanuc/install/fanuc_msgs/local/lib/python3.10/dist-packages/fanuc_msgs/srv/_get_group_io_s.c
-- Up-to-date: /home/hualde/misCosas/ws_fanuc/install/fanuc_msgs/local/lib/python3.10/dist-packages/fanuc_msgs/srv/_set_pos_reg.py
-- Up-to-date: /home/hualde/misCosas/ws_fanuc/install/fanuc_msgs/local/lib/python3.10/dist-packages/fanuc_msgs/srv/_set_group_io.py
-- Up-to-date: /home/hualde/misCosas/ws_fanuc/install/fanuc_msgs/local/lib/python3.10/dist-packages/fanuc_msgs/srv/_get_pos_reg.py
-- Up-to-date: /home/hualde/misCosas/ws_fanuc/install/fanuc_msgs/local/lib/python3.10/dist-packages/fanuc_msgs/srv/_set_payload_value.py
-- Up-to-date: /home/hualde/misCosas/ws_fanuc/install/fanuc_msgs/local/lib/python3.10/dist-packages/fanuc_msgs/srv/_set_payload_id_s.c
-- Up-to-date: /home/hualde/misCosas/ws_fanuc/install/fanuc_msgs/local/lib/python3.10/dist-packages/fanuc_msgs/fanuc_msgs_s__rosidl_typesupport_introspection_c.cpython-310-x86_64-linux-gnu.so
-- Up-to-date: /home/hualde/misCosas/ws_fanuc/install/fanuc_msgs/local/lib/python3.10/dist-packages/fanuc_msgs/__init__.py
-- Up-to-date: /home/hualde/misCosas/ws_fanuc/install/fanuc_msgs/local/lib/python3.10/dist-packages/fanuc_msgs/fanuc_msgs_s__rosidl_typesupport_fastrtps_c.cpython-310-x86_64-linux-gnu.so
-- Up-to-date: /home/hualde/misCosas/ws_fanuc/install/fanuc_msgs/local/lib/python3.10/dist-packages/fanuc_msgs/fanuc_msgs_s__rosidl_typesupport_c.cpython-310-x86_64-linux-gnu.so
Listing '/home/hualde/misCosas/ws_fanuc/install/fanuc_msgs/local/lib/python3.10/dist-packages/fanuc_msgs'...
Listing '/home/hualde/misCosas/ws_fanuc/install/fanuc_msgs/local/lib/python3.10/dist-packages/fanuc_msgs/msg'...
Listing '/home/hualde/misCosas/ws_fanuc/install/fanuc_msgs/local/lib/python3.10/dist-packages/fanuc_msgs/srv'...
-- Up-to-date: /home/hualde/misCosas/ws_fanuc/install/fanuc_msgs/local/lib/python3.10/dist-packages/fanuc_msgs/fanuc_msgs_s__rosidl_typesupport_fastrtps_c.cpython-310-x86_64-linux-gnu.so
-- Up-to-date: /home/hualde/misCosas/ws_fanuc/install/fanuc_msgs/local/lib/python3.10/dist-packages/fanuc_msgs/fanuc_msgs_s__rosidl_typesupport_introspection_c.cpython-310-x86_64-linux-gnu.so
-- Up-to-date: /home/hualde/misCosas/ws_fanuc/install/fanuc_msgs/local/lib/python3.10/dist-packages/fanuc_msgs/fanuc_msgs_s__rosidl_typesupport_c.cpython-310-x86_64-linux-gnu.so
-- Up-to-date: /home/hualde/misCosas/ws_fanuc/install/fanuc_msgs/lib/libfanuc_msgs__rosidl_generator_py.so
-- Up-to-date: /home/hualde/misCosas/ws_fanuc/install/fanuc_msgs/share/fanuc_msgs/msg/IOType.idl
-- Up-to-date: /home/hualde/misCosas/ws_fanuc/install/fanuc_msgs/share/fanuc_msgs/msg/AnalogIO.idl
-- Up-to-date: /home/hualde/misCosas/ws_fanuc/install/fanuc_msgs/share/fanuc_msgs/msg/AnalogIOCmd.idl
-- Up-to-date: /home/hualde/misCosas/ws_fanuc/install/fanuc_msgs/share/fanuc_msgs/msg/AnalogIOState.idl
-- Up-to-date: /home/hualde/misCosas/ws_fanuc/install/fanuc_msgs/share/fanuc_msgs/msg/BoolIO.idl
-- Up-to-date: /home/hualde/misCosas/ws_fanuc/install/fanuc_msgs/share/fanuc_msgs/msg/IOCmd.idl
-- Up-to-date: /home/hualde/misCosas/ws_fanuc/install/fanuc_msgs/share/fanuc_msgs/msg/IOState.idl
-- Up-to-date: /home/hualde/misCosas/ws_fanuc/install/fanuc_msgs/share/fanuc_msgs/msg/NumReg.idl
-- Up-to-date: /home/hualde/misCosas/ws_fanuc/install/fanuc_msgs/share/fanuc_msgs/msg/NumRegCmd.idl
-- Up-to-date: /home/hualde/misCosas/ws_fanuc/install/fanuc_msgs/share/fanuc_msgs/msg/NumRegState.idl
-- Up-to-date: /home/hualde/misCosas/ws_fanuc/install/fanuc_msgs/share/fanuc_msgs/msg/ConnectionStatus.idl
-- Up-to-date: /home/hualde/misCosas/ws_fanuc/install/fanuc_msgs/share/fanuc_msgs/msg/RobotStatus.idl
-- Up-to-date: /home/hualde/misCosas/ws_fanuc/install/fanuc_msgs/share/fanuc_msgs/msg/RobotStatusExt.idl
-- Up-to-date: /home/hualde/misCosas/ws_fanuc/install/fanuc_msgs/share/fanuc_msgs/msg/CollaborativeSpeedScaling.idl
-- Up-to-date: /home/hualde/misCosas/ws_fanuc/install/fanuc_msgs/share/fanuc_msgs/srv/SetAnalogIO.idl
-- Up-to-date: /home/hualde/misCosas/ws_fanuc/install/fanuc_msgs/share/fanuc_msgs/srv/GetAnalogIO.idl
-- Up-to-date: /home/hualde/misCosas/ws_fanuc/install/fanuc_msgs/share/fanuc_msgs/srv/SetBoolIO.idl
-- Up-to-date: /home/hualde/misCosas/ws_fanuc/install/fanuc_msgs/share/fanuc_msgs/srv/GetBoolIO.idl
-- Up-to-date: /home/hualde/misCosas/ws_fanuc/install/fanuc_msgs/share/fanuc_msgs/srv/SetGroupIO.idl
-- Up-to-date: /home/hualde/misCosas/ws_fanuc/install/fanuc_msgs/share/fanuc_msgs/srv/GetGroupIO.idl
-- Up-to-date: /home/hualde/misCosas/ws_fanuc/install/fanuc_msgs/share/fanuc_msgs/srv/SetNumReg.idl
-- Up-to-date: /home/hualde/misCosas/ws_fanuc/install/fanuc_msgs/share/fanuc_msgs/srv/GetNumReg.idl
-- Up-to-date: /home/hualde/misCosas/ws_fanuc/install/fanuc_msgs/share/fanuc_msgs/srv/SetPosReg.idl
-- Up-to-date: /home/hualde/misCosas/ws_fanuc/install/fanuc_msgs/share/fanuc_msgs/srv/GetPosReg.idl
-- Up-to-date: /home/hualde/misCosas/ws_fanuc/install/fanuc_msgs/share/fanuc_msgs/srv/SetGenOverride.idl
-- Up-to-date: /home/hualde/misCosas/ws_fanuc/install/fanuc_msgs/share/fanuc_msgs/srv/SetPayloadID.idl
-- Up-to-date: /home/hualde/misCosas/ws_fanuc/install/fanuc_msgs/share/fanuc_msgs/srv/SetPayloadValue.idl
-- Up-to-date: /home/hualde/misCosas/ws_fanuc/install/fanuc_msgs/share/fanuc_msgs/srv/SetPayloadComp.idl
-- Up-to-date: /home/hualde/misCosas/ws_fanuc/install/fanuc_msgs/share/fanuc_msgs/msg/IOType.msg
-- Up-to-date: /home/hualde/misCosas/ws_fanuc/install/fanuc_msgs/share/fanuc_msgs/msg/AnalogIO.msg
-- Up-to-date: /home/hualde/misCosas/ws_fanuc/install/fanuc_msgs/share/fanuc_msgs/msg/AnalogIOCmd.msg
-- Up-to-date: /home/hualde/misCosas/ws_fanuc/install/fanuc_msgs/share/fanuc_msgs/msg/AnalogIOState.msg
-- Up-to-date: /home/hualde/misCosas/ws_fanuc/install/fanuc_msgs/share/fanuc_msgs/msg/BoolIO.msg
-- Up-to-date: /home/hualde/misCosas/ws_fanuc/install/fanuc_msgs/share/fanuc_msgs/msg/IOCmd.msg
-- Up-to-date: /home/hualde/misCosas/ws_fanuc/install/fanuc_msgs/share/fanuc_msgs/msg/IOState.msg
-- Up-to-date: /home/hualde/misCosas/ws_fanuc/install/fanuc_msgs/share/fanuc_msgs/msg/NumReg.msg
-- Up-to-date: /home/hualde/misCosas/ws_fanuc/install/fanuc_msgs/share/fanuc_msgs/msg/NumRegCmd.msg
-- Up-to-date: /home/hualde/misCosas/ws_fanuc/install/fanuc_msgs/share/fanuc_msgs/msg/NumRegState.msg
-- Up-to-date: /home/hualde/misCosas/ws_fanuc/install/fanuc_msgs/share/fanuc_msgs/msg/ConnectionStatus.msg
-- Up-to-date: /home/hualde/misCosas/ws_fanuc/install/fanuc_msgs/share/fanuc_msgs/msg/RobotStatus.msg
-- Up-to-date: /home/hualde/misCosas/ws_fanuc/install/fanuc_msgs/share/fanuc_msgs/msg/RobotStatusExt.msg
-- Up-to-date: /home/hualde/misCosas/ws_fanuc/install/fanuc_msgs/share/fanuc_msgs/msg/CollaborativeSpeedScaling.msg
-- Up-to-date: /home/hualde/misCosas/ws_fanuc/install/fanuc_msgs/share/fanuc_msgs/srv/SetAnalogIO.srv
-- Up-to-date: /home/hualde/misCosas/ws_fanuc/install/fanuc_msgs/share/fanuc_msgs/srv/SetAnalogIO_Request.msg
-- Up-to-date: /home/hualde/misCosas/ws_fanuc/install/fanuc_msgs/share/fanuc_msgs/srv/SetAnalogIO_Response.msg
-- Up-to-date: /home/hualde/misCosas/ws_fanuc/install/fanuc_msgs/share/fanuc_msgs/srv/GetAnalogIO.srv
-- Up-to-date: /home/hualde/misCosas/ws_fanuc/install/fanuc_msgs/share/fanuc_msgs/srv/GetAnalogIO_Request.msg
-- Up-to-date: /home/hualde/misCosas/ws_fanuc/install/fanuc_msgs/share/fanuc_msgs/srv/GetAnalogIO_Response.msg
-- Up-to-date: /home/hualde/misCosas/ws_fanuc/install/fanuc_msgs/share/fanuc_msgs/srv/SetBoolIO.srv
-- Up-to-date: /home/hualde/misCosas/ws_fanuc/install/fanuc_msgs/share/fanuc_msgs/srv/SetBoolIO_Request.msg
-- Up-to-date: /home/hualde/misCosas/ws_fanuc/install/fanuc_msgs/share/fanuc_msgs/srv/SetBoolIO_Response.msg
-- Up-to-date: /home/hualde/misCosas/ws_fanuc/install/fanuc_msgs/share/fanuc_msgs/srv/GetBoolIO.srv
-- Up-to-date: /home/hualde/misCosas/ws_fanuc/install/fanuc_msgs/share/fanuc_msgs/srv/GetBoolIO_Request.msg
-- Up-to-date: /home/hualde/misCosas/ws_fanuc/install/fanuc_msgs/share/fanuc_msgs/srv/GetBoolIO_Response.msg
-- Up-to-date: /home/hualde/misCosas/ws_fanuc/install/fanuc_msgs/share/fanuc_msgs/srv/SetGroupIO.srv
-- Up-to-date: /home/hualde/misCosas/ws_fanuc/install/fanuc_msgs/share/fanuc_msgs/srv/SetGroupIO_Request.msg
-- Up-to-date: /home/hualde/misCosas/ws_fanuc/install/fanuc_msgs/share/fanuc_msgs/srv/SetGroupIO_Response.msg
-- Up-to-date: /home/hualde/misCosas/ws_fanuc/install/fanuc_msgs/share/fanuc_msgs/srv/GetGroupIO.srv
-- Up-to-date: /home/hualde/misCosas/ws_fanuc/install/fanuc_msgs/share/fanuc_msgs/srv/GetGroupIO_Request.msg
-- Up-to-date: /home/hualde/misCosas/ws_fanuc/install/fanuc_msgs/share/fanuc_msgs/srv/GetGroupIO_Response.msg
-- Up-to-date: /home/hualde/misCosas/ws_fanuc/install/fanuc_msgs/share/fanuc_msgs/srv/SetNumReg.srv
-- Up-to-date: /home/hualde/misCosas/ws_fanuc/install/fanuc_msgs/share/fanuc_msgs/srv/SetNumReg_Request.msg
-- Up-to-date: /home/hualde/misCosas/ws_fanuc/install/fanuc_msgs/share/fanuc_msgs/srv/SetNumReg_Response.msg
-- Up-to-date: /home/hualde/misCosas/ws_fanuc/install/fanuc_msgs/share/fanuc_msgs/srv/GetNumReg.srv
-- Up-to-date: /home/hualde/misCosas/ws_fanuc/install/fanuc_msgs/share/fanuc_msgs/srv/GetNumReg_Request.msg
-- Up-to-date: /home/hualde/misCosas/ws_fanuc/install/fanuc_msgs/share/fanuc_msgs/srv/GetNumReg_Response.msg
-- Up-to-date: /home/hualde/misCosas/ws_fanuc/install/fanuc_msgs/share/fanuc_msgs/srv/SetPosReg.srv
-- Up-to-date: /home/hualde/misCosas/ws_fanuc/install/fanuc_msgs/share/fanuc_msgs/srv/SetPosReg_Request.msg
-- Up-to-date: /home/hualde/misCosas/ws_fanuc/install/fanuc_msgs/share/fanuc_msgs/srv/SetPosReg_Response.msg
-- Up-to-date: /home/hualde/misCosas/ws_fanuc/install/fanuc_msgs/share/fanuc_msgs/srv/GetPosReg.srv
-- Up-to-date: /home/hualde/misCosas/ws_fanuc/install/fanuc_msgs/share/fanuc_msgs/srv/GetPosReg_Request.msg
-- Up-to-date: /home/hualde/misCosas/ws_fanuc/install/fanuc_msgs/share/fanuc_msgs/srv/GetPosReg_Response.msg
-- Up-to-date: /home/hualde/misCosas/ws_fanuc/install/fanuc_msgs/share/fanuc_msgs/srv/SetGenOverride.srv
-- Up-to-date: /home/hualde/misCosas/ws_fanuc/install/fanuc_msgs/share/fanuc_msgs/srv/SetGenOverride_Request.msg
-- Up-to-date: /home/hualde/misCosas/ws_fanuc/install/fanuc_msgs/share/fanuc_msgs/srv/SetGenOverride_Response.msg
-- Up-to-date: /home/hualde/misCosas/ws_fanuc/install/fanuc_msgs/share/fanuc_msgs/srv/SetPayloadID.srv
-- Up-to-date: /home/hualde/misCosas/ws_fanuc/install/fanuc_msgs/share/fanuc_msgs/srv/SetPayloadID_Request.msg
-- Up-to-date: /home/hualde/misCosas/ws_fanuc/install/fanuc_msgs/share/fanuc_msgs/srv/SetPayloadID_Response.msg
-- Up-to-date: /home/hualde/misCosas/ws_fanuc/install/fanuc_msgs/share/fanuc_msgs/srv/SetPayloadValue.srv
-- Up-to-date: /home/hualde/misCosas/ws_fanuc/install/fanuc_msgs/share/fanuc_msgs/srv/SetPayloadValue_Request.msg
-- Up-to-date: /home/hualde/misCosas/ws_fanuc/install/fanuc_msgs/share/fanuc_msgs/srv/SetPayloadValue_Response.msg
-- Up-to-date: /home/hualde/misCosas/ws_fanuc/install/fanuc_msgs/share/fanuc_msgs/srv/SetPayloadComp.srv
-- Up-to-date: /home/hualde/misCosas/ws_fanuc/install/fanuc_msgs/share/fanuc_msgs/srv/SetPayloadComp_Request.msg
-- Up-to-date: /home/hualde/misCosas/ws_fanuc/install/fanuc_msgs/share/fanuc_msgs/srv/SetPayloadComp_Response.msg
-- Up-to-date: /home/hualde/misCosas/ws_fanuc/install/fanuc_msgs/share/ament_index/resource_index/package_run_dependencies/fanuc_msgs
-- Up-to-date: /home/hualde/misCosas/ws_fanuc/install/fanuc_msgs/share/ament_index/resource_index/parent_prefix_path/fanuc_msgs
-- Up-to-date: /home/hualde/misCosas/ws_fanuc/install/fanuc_msgs/share/fanuc_msgs/environment/ament_prefix_path.sh
-- Up-to-date: /home/hualde/misCosas/ws_fanuc/install/fanuc_msgs/share/fanuc_msgs/environment/ament_prefix_path.dsv
-- Up-to-date: /home/hualde/misCosas/ws_fanuc/install/fanuc_msgs/share/fanuc_msgs/environment/path.sh
-- Up-to-date: /home/hualde/misCosas/ws_fanuc/install/fanuc_msgs/share/fanuc_msgs/environment/path.dsv
-- Up-to-date: /home/hualde/misCosas/ws_fanuc/install/fanuc_msgs/share/fanuc_msgs/local_setup.bash
-- Up-to-date: /home/hualde/misCosas/ws_fanuc/install/fanuc_msgs/share/fanuc_msgs/local_setup.sh
-- Up-to-date: /home/hualde/misCosas/ws_fanuc/install/fanuc_msgs/share/fanuc_msgs/local_setup.zsh
-- Up-to-date: /home/hualde/misCosas/ws_fanuc/install/fanuc_msgs/share/fanuc_msgs/local_setup.dsv
-- Installing: /home/hualde/misCosas/ws_fanuc/install/fanuc_msgs/share/fanuc_msgs/package.dsv
-- Up-to-date: /home/hualde/misCosas/ws_fanuc/install/fanuc_msgs/share/ament_index/resource_index/packages/fanuc_msgs
-- Up-to-date: /home/hualde/misCosas/ws_fanuc/install/fanuc_msgs/share/fanuc_msgs/cmake/export_fanuc_msgs__rosidl_generator_cExport.cmake
-- Up-to-date: /home/hualde/misCosas/ws_fanuc/install/fanuc_msgs/share/fanuc_msgs/cmake/export_fanuc_msgs__rosidl_generator_cExport-noconfig.cmake
-- Up-to-date: /home/hualde/misCosas/ws_fanuc/install/fanuc_msgs/share/fanuc_msgs/cmake/export_fanuc_msgs__rosidl_typesupport_fastrtps_cExport.cmake
-- Up-to-date: /home/hualde/misCosas/ws_fanuc/install/fanuc_msgs/share/fanuc_msgs/cmake/export_fanuc_msgs__rosidl_typesupport_fastrtps_cExport-noconfig.cmake
-- Up-to-date: /home/hualde/misCosas/ws_fanuc/install/fanuc_msgs/share/fanuc_msgs/cmake/fanuc_msgs__rosidl_typesupport_introspection_cExport.cmake
-- Up-to-date: /home/hualde/misCosas/ws_fanuc/install/fanuc_msgs/share/fanuc_msgs/cmake/fanuc_msgs__rosidl_typesupport_introspection_cExport-noconfig.cmake
-- Up-to-date: /home/hualde/misCosas/ws_fanuc/install/fanuc_msgs/share/fanuc_msgs/cmake/fanuc_msgs__rosidl_typesupport_cExport.cmake
-- Up-to-date: /home/hualde/misCosas/ws_fanuc/install/fanuc_msgs/share/fanuc_msgs/cmake/fanuc_msgs__rosidl_typesupport_cExport-noconfig.cmake
-- Up-to-date: /home/hualde/misCosas/ws_fanuc/install/fanuc_msgs/share/fanuc_msgs/cmake/export_fanuc_msgs__rosidl_generator_cppExport.cmake
-- Up-to-date: /home/hualde/misCosas/ws_fanuc/install/fanuc_msgs/share/fanuc_msgs/cmake/export_fanuc_msgs__rosidl_typesupport_fastrtps_cppExport.cmake
-- Up-to-date: /home/hualde/misCosas/ws_fanuc/install/fanuc_msgs/share/fanuc_msgs/cmake/export_fanuc_msgs__rosidl_typesupport_fastrtps_cppExport-noconfig.cmake
-- Up-to-date: /home/hualde/misCosas/ws_fanuc/install/fanuc_msgs/share/fanuc_msgs/cmake/fanuc_msgs__rosidl_typesupport_introspection_cppExport.cmake
-- Up-to-date: /home/hualde/misCosas/ws_fanuc/install/fanuc_msgs/share/fanuc_msgs/cmake/fanuc_msgs__rosidl_typesupport_introspection_cppExport-noconfig.cmake
-- Up-to-date: /home/hualde/misCosas/ws_fanuc/install/fanuc_msgs/share/fanuc_msgs/cmake/fanuc_msgs__rosidl_typesupport_cppExport.cmake
-- Up-to-date: /home/hualde/misCosas/ws_fanuc/install/fanuc_msgs/share/fanuc_msgs/cmake/fanuc_msgs__rosidl_typesupport_cppExport-noconfig.cmake
-- Up-to-date: /home/hualde/misCosas/ws_fanuc/install/fanuc_msgs/share/fanuc_msgs/cmake/export_fanuc_msgs__rosidl_generator_pyExport.cmake
-- Up-to-date: /home/hualde/misCosas/ws_fanuc/install/fanuc_msgs/share/fanuc_msgs/cmake/export_fanuc_msgs__rosidl_generator_pyExport-noconfig.cmake
-- Up-to-date: /home/hualde/misCosas/ws_fanuc/install/fanuc_msgs/share/fanuc_msgs/cmake/rosidl_cmake-extras.cmake
-- Up-to-date: /home/hualde/misCosas/ws_fanuc/install/fanuc_msgs/share/fanuc_msgs/cmake/ament_cmake_export_include_directories-extras.cmake
-- Up-to-date: /home/hualde/misCosas/ws_fanuc/install/fanuc_msgs/share/fanuc_msgs/cmake/ament_cmake_export_libraries-extras.cmake
-- Up-to-date: /home/hualde/misCosas/ws_fanuc/install/fanuc_msgs/share/fanuc_msgs/cmake/ament_cmake_export_targets-extras.cmake
-- Up-to-date: /home/hualde/misCosas/ws_fanuc/install/fanuc_msgs/share/fanuc_msgs/cmake/rosidl_cmake_export_typesupport_targets-extras.cmake
-- Up-to-date: /home/hualde/misCosas/ws_fanuc/install/fanuc_msgs/share/fanuc_msgs/cmake/ament_cmake_export_dependencies-extras.cmake
-- Up-to-date: /home/hualde/misCosas/ws_fanuc/install/fanuc_msgs/share/fanuc_msgs/cmake/rosidl_cmake_export_typesupport_libraries-extras.cmake
-- Up-to-date: /home/hualde/misCosas/ws_fanuc/install/fanuc_msgs/share/fanuc_msgs/cmake/fanuc_msgsConfig.cmake
-- Up-to-date: /home/hualde/misCosas/ws_fanuc/install/fanuc_msgs/share/fanuc_msgs/cmake/fanuc_msgsConfig-version.cmake
-- Up-to-date: /home/hualde/misCosas/ws_fanuc/install/fanuc_msgs/share/fanuc_msgs/package.xml
