[0.017s] Invoking command in '/home/hualde/misCosas/ws_fanuc/build/mi_fanuc': CMAKE_PREFIX_PATH=/home/hualde/misCosas/ws_fanuc/install/fanuc_r2000_description:/home/hualde/misCosas/ws_fanuc/install/fanuc_r1000ia_description:/home/hualde/misCosas/ws_fanuc/install/fanuc_m20_description:/home/hualde/misCosas/ws_fanuc/install/fanuc_m10_description:/home/hualde/misCosas/ws_fanuc/install/fanuc_lrmate_description:/home/hualde/misCosas/ws_fanuc/install/fanuc_crx_description:/home/hualde/misCosas/ws_fanuc/install/slider_publisher:/home/hualde/misCosas/ws_fanuc/install/mi_fanuc:/home/hualde/misCosas/ws_fanuc/install/fanuc_controllers:/home/hualde/misCosas/ws_fanuc/install/fanuc_msgs:/home/hualde/misCosas/ws_fanuc/install/fanuc_moveit_config:/home/hualde/misCosas/ws_fanuc/install/fanuc_forward_command:/home/hualde/misCosas/ws_fanuc/install/fanuc_hardware_interface:/home/hualde/misCosas/ws_fanuc/install/fanuc_libs:/opt/ros/humble /usr/bin/cmake --build /home/hualde/misCosas/ws_fanuc/build/mi_fanuc -- -j16 -l16
[0.028s] Invoked command in '/home/hualde/misCosas/ws_fanuc/build/mi_fanuc' returned '0': CMAKE_PREFIX_PATH=/home/hualde/misCosas/ws_fanuc/install/fanuc_r2000_description:/home/hualde/misCosas/ws_fanuc/install/fanuc_r1000ia_description:/home/hualde/misCosas/ws_fanuc/install/fanuc_m20_description:/home/hualde/misCosas/ws_fanuc/install/fanuc_m10_description:/home/hualde/misCosas/ws_fanuc/install/fanuc_lrmate_description:/home/hualde/misCosas/ws_fanuc/install/fanuc_crx_description:/home/hualde/misCosas/ws_fanuc/install/slider_publisher:/home/hualde/misCosas/ws_fanuc/install/mi_fanuc:/home/hualde/misCosas/ws_fanuc/install/fanuc_controllers:/home/hualde/misCosas/ws_fanuc/install/fanuc_msgs:/home/hualde/misCosas/ws_fanuc/install/fanuc_moveit_config:/home/hualde/misCosas/ws_fanuc/install/fanuc_forward_command:/home/hualde/misCosas/ws_fanuc/install/fanuc_hardware_interface:/home/hualde/misCosas/ws_fanuc/install/fanuc_libs:/opt/ros/humble /usr/bin/cmake --build /home/hualde/misCosas/ws_fanuc/build/mi_fanuc -- -j16 -l16
[0.029s] Invoking command in '/home/hualde/misCosas/ws_fanuc/build/mi_fanuc': CMAKE_PREFIX_PATH=/home/hualde/misCosas/ws_fanuc/install/fanuc_r2000_description:/home/hualde/misCosas/ws_fanuc/install/fanuc_r1000ia_description:/home/hualde/misCosas/ws_fanuc/install/fanuc_m20_description:/home/hualde/misCosas/ws_fanuc/install/fanuc_m10_description:/home/hualde/misCosas/ws_fanuc/install/fanuc_lrmate_description:/home/hualde/misCosas/ws_fanuc/install/fanuc_crx_description:/home/hualde/misCosas/ws_fanuc/install/slider_publisher:/home/hualde/misCosas/ws_fanuc/install/mi_fanuc:/home/hualde/misCosas/ws_fanuc/install/fanuc_controllers:/home/hualde/misCosas/ws_fanuc/install/fanuc_msgs:/home/hualde/misCosas/ws_fanuc/install/fanuc_moveit_config:/home/hualde/misCosas/ws_fanuc/install/fanuc_forward_command:/home/hualde/misCosas/ws_fanuc/install/fanuc_hardware_interface:/home/hualde/misCosas/ws_fanuc/install/fanuc_libs:/opt/ros/humble /usr/bin/cmake --install /home/hualde/misCosas/ws_fanuc/build/mi_fanuc
[0.031s] -- Install configuration: ""
[0.031s] -- Up-to-date: /home/hualde/misCosas/ws_fanuc/install/mi_fanuc/share/mi_fanuc/launch
[0.031s] -- Installing: /home/hualde/misCosas/ws_fanuc/install/mi_fanuc/share/mi_fanuc/launch/mi_fanuc_mock_control.launch.py
[0.031s] -- Up-to-date: /home/hualde/misCosas/ws_fanuc/install/mi_fanuc/share/mi_fanuc/launch/robot_description.launch.py
[0.031s] -- Up-to-date: /home/hualde/misCosas/ws_fanuc/install/mi_fanuc/share/ament_index/resource_index/package_run_dependencies/mi_fanuc
[0.031s] -- Up-to-date: /home/hualde/misCosas/ws_fanuc/install/mi_fanuc/share/ament_index/resource_index/parent_prefix_path/mi_fanuc
[0.032s] -- Up-to-date: /home/hualde/misCosas/ws_fanuc/install/mi_fanuc/share/mi_fanuc/environment/ament_prefix_path.sh
[0.032s] -- Up-to-date: /home/hualde/misCosas/ws_fanuc/install/mi_fanuc/share/mi_fanuc/environment/ament_prefix_path.dsv
[0.032s] -- Up-to-date: /home/hualde/misCosas/ws_fanuc/install/mi_fanuc/share/mi_fanuc/environment/path.sh
[0.032s] -- Up-to-date: /home/hualde/misCosas/ws_fanuc/install/mi_fanuc/share/mi_fanuc/environment/path.dsv
[0.032s] -- Up-to-date: /home/hualde/misCosas/ws_fanuc/install/mi_fanuc/share/mi_fanuc/local_setup.bash
[0.032s] -- Up-to-date: /home/hualde/misCosas/ws_fanuc/install/mi_fanuc/share/mi_fanuc/local_setup.sh
[0.032s] -- Up-to-date: /home/hualde/misCosas/ws_fanuc/install/mi_fanuc/share/mi_fanuc/local_setup.zsh
[0.032s] -- Up-to-date: /home/hualde/misCosas/ws_fanuc/install/mi_fanuc/share/mi_fanuc/local_setup.dsv
[0.032s] -- Installing: /home/hualde/misCosas/ws_fanuc/install/mi_fanuc/share/mi_fanuc/package.dsv
[0.032s] -- Up-to-date: /home/hualde/misCosas/ws_fanuc/install/mi_fanuc/share/ament_index/resource_index/packages/mi_fanuc
[0.032s] -- Up-to-date: /home/hualde/misCosas/ws_fanuc/install/mi_fanuc/share/mi_fanuc/cmake/mi_fanucConfig.cmake
[0.032s] -- Up-to-date: /home/hualde/misCosas/ws_fanuc/install/mi_fanuc/share/mi_fanuc/cmake/mi_fanucConfig-version.cmake
[0.032s] -- Up-to-date: /home/hualde/misCosas/ws_fanuc/install/mi_fanuc/share/mi_fanuc/package.xml
[0.032s] Invoked command in '/home/hualde/misCosas/ws_fanuc/build/mi_fanuc' returned '0': CMAKE_PREFIX_PATH=/home/hualde/misCosas/ws_fanuc/install/fanuc_r2000_description:/home/hualde/misCosas/ws_fanuc/install/fanuc_r1000ia_description:/home/hualde/misCosas/ws_fanuc/install/fanuc_m20_description:/home/hualde/misCosas/ws_fanuc/install/fanuc_m10_description:/home/hualde/misCosas/ws_fanuc/install/fanuc_lrmate_description:/home/hualde/misCosas/ws_fanuc/install/fanuc_crx_description:/home/hualde/misCosas/ws_fanuc/install/slider_publisher:/home/hualde/misCosas/ws_fanuc/install/mi_fanuc:/home/hualde/misCosas/ws_fanuc/install/fanuc_controllers:/home/hualde/misCosas/ws_fanuc/install/fanuc_msgs:/home/hualde/misCosas/ws_fanuc/install/fanuc_moveit_config:/home/hualde/misCosas/ws_fanuc/install/fanuc_forward_command:/home/hualde/misCosas/ws_fanuc/install/fanuc_hardware_interface:/home/hualde/misCosas/ws_fanuc/install/fanuc_libs:/opt/ros/humble /usr/bin/cmake --install /home/hualde/misCosas/ws_fanuc/build/mi_fanuc
