[0.015s] Invoking command in '/home/hualde/misCosas/ws_fanuc/build/fanuc_r2000_description': CMAKE_PREFIX_PATH=${CMAKE_PREFIX_PATH}:/opt/ros/humble /usr/bin/cmake /home/hualde/misCosas/ws_fanuc/src/fanuc_description/fanuc_r2000_description -DCMAKE_INSTALL_PREFIX=/home/hualde/misCosas/ws_fanuc/install/fanuc_r2000_description
[0.126s] -- The C compiler identification is GNU 11.4.0
[0.163s] -- The CXX compiler identification is GNU 11.4.0
[0.169s] -- Detecting C compiler ABI info
[0.213s] -- Detecting C compiler ABI info - done
[0.218s] -- Check for working C compiler: /usr/bin/cc - skipped
[0.218s] -- Detecting C compile features
[0.219s] -- Detecting C compile features - done
[0.220s] -- Detecting CXX compiler ABI info
[0.270s] -- Detecting CXX compiler ABI info - done
[0.275s] -- Check for working CXX compiler: /usr/bin/c++ - skipped
[0.275s] -- Detecting CXX compile features
[0.275s] -- Detecting CXX compile features - done
[0.277s] -- Found ament_cmake: 1.3.12 (/opt/ros/humble/share/ament_cmake/cmake)
[0.358s] -- Found Python3: /usr/bin/python3 (found version "3.10.12") found components: Interpreter 
[0.483s] -- Configuring done
[0.485s] -- Generating done
[0.486s] -- Build files have been written to: /home/hualde/misCosas/ws_fanuc/build/fanuc_r2000_description
[0.493s] Invoked command in '/home/hualde/misCosas/ws_fanuc/build/fanuc_r2000_description' returned '0': CMAKE_PREFIX_PATH=${CMAKE_PREFIX_PATH}:/opt/ros/humble /usr/bin/cmake /home/hualde/misCosas/ws_fanuc/src/fanuc_description/fanuc_r2000_description -DCMAKE_INSTALL_PREFIX=/home/hualde/misCosas/ws_fanuc/install/fanuc_r2000_description
[0.495s] Invoking command in '/home/hualde/misCosas/ws_fanuc/build/fanuc_r2000_description': CMAKE_PREFIX_PATH=${CMAKE_PREFIX_PATH}:/opt/ros/humble /usr/bin/cmake --build /home/hualde/misCosas/ws_fanuc/build/fanuc_r2000_description -- -j16 -l16
[0.512s] Invoked command in '/home/hualde/misCosas/ws_fanuc/build/fanuc_r2000_description' returned '0': CMAKE_PREFIX_PATH=${CMAKE_PREFIX_PATH}:/opt/ros/humble /usr/bin/cmake --build /home/hualde/misCosas/ws_fanuc/build/fanuc_r2000_description -- -j16 -l16
[0.514s] Invoking command in '/home/hualde/misCosas/ws_fanuc/build/fanuc_r2000_description': CMAKE_PREFIX_PATH=${CMAKE_PREFIX_PATH}:/opt/ros/humble /usr/bin/cmake --install /home/hualde/misCosas/ws_fanuc/build/fanuc_r2000_description
[0.516s] -- Install configuration: ""
[0.516s] -- Installing: /home/hualde/misCosas/ws_fanuc/install/fanuc_r2000_description/share/fanuc_r2000_description//launch
[0.516s] -- Installing: /home/hualde/misCosas/ws_fanuc/install/fanuc_r2000_description/share/fanuc_r2000_description//launch/view_r2000.launch.py
[0.517s] -- Installing: /home/hualde/misCosas/ws_fanuc/install/fanuc_r2000_description/share/fanuc_r2000_description//meshes
[0.517s] -- Installing: /home/hualde/misCosas/ws_fanuc/install/fanuc_r2000_description/share/fanuc_r2000_description//meshes/r2000ic_125l
[0.517s] -- Installing: /home/hualde/misCosas/ws_fanuc/install/fanuc_r2000_description/share/fanuc_r2000_description//meshes/r2000ic_125l/visual
[0.517s] -- Installing: /home/hualde/misCosas/ws_fanuc/install/fanuc_r2000_description/share/fanuc_r2000_description//meshes/r2000ic_125l/visual/j6.dae
[0.517s] -- Installing: /home/hualde/misCosas/ws_fanuc/install/fanuc_r2000_description/share/fanuc_r2000_description//meshes/r2000ic_125l/visual/j1.dae
[0.519s] -- Installing: /home/hualde/misCosas/ws_fanuc/install/fanuc_r2000_description/share/fanuc_r2000_description//meshes/r2000ic_125l/visual/j5.dae
[0.520s] -- Installing: /home/hualde/misCosas/ws_fanuc/install/fanuc_r2000_description/share/fanuc_r2000_description//meshes/r2000ic_125l/visual/base.dae
[0.522s] -- Installing: /home/hualde/misCosas/ws_fanuc/install/fanuc_r2000_description/share/fanuc_r2000_description//meshes/r2000ic_125l/visual/j2.dae
[0.525s] -- Installing: /home/hualde/misCosas/ws_fanuc/install/fanuc_r2000_description/share/fanuc_r2000_description//meshes/r2000ic_125l/visual/j3.dae
[0.530s] -- Installing: /home/hualde/misCosas/ws_fanuc/install/fanuc_r2000_description/share/fanuc_r2000_description//meshes/r2000ic_125l/visual/j4.dae
[0.531s] -- Installing: /home/hualde/misCosas/ws_fanuc/install/fanuc_r2000_description/share/fanuc_r2000_description//meshes/r2000ic_125l/collision
[0.531s] -- Installing: /home/hualde/misCosas/ws_fanuc/install/fanuc_r2000_description/share/fanuc_r2000_description//meshes/r2000ic_125l/collision/j6.stl
[0.533s] -- Installing: /home/hualde/misCosas/ws_fanuc/install/fanuc_r2000_description/share/fanuc_r2000_description//meshes/r2000ic_125l/collision/j1.stl
[0.533s] -- Installing: /home/hualde/misCosas/ws_fanuc/install/fanuc_r2000_description/share/fanuc_r2000_description//meshes/r2000ic_125l/collision/j2.stl
[0.534s] -- Installing: /home/hualde/misCosas/ws_fanuc/install/fanuc_r2000_description/share/fanuc_r2000_description//meshes/r2000ic_125l/collision/base.stl
[0.534s] -- Installing: /home/hualde/misCosas/ws_fanuc/install/fanuc_r2000_description/share/fanuc_r2000_description//meshes/r2000ic_125l/collision/j3.stl
[0.535s] -- Installing: /home/hualde/misCosas/ws_fanuc/install/fanuc_r2000_description/share/fanuc_r2000_description//meshes/r2000ic_125l/collision/j4.stl
[0.535s] -- Installing: /home/hualde/misCosas/ws_fanuc/install/fanuc_r2000_description/share/fanuc_r2000_description//meshes/r2000ic_125l/collision/j5.stl
[0.536s] -- Installing: /home/hualde/misCosas/ws_fanuc/install/fanuc_r2000_description/share/fanuc_r2000_description//urdf
[0.536s] -- Installing: /home/hualde/misCosas/ws_fanuc/install/fanuc_r2000_description/share/fanuc_r2000_description//urdf/r2000ic_125l_urdf_macro.xacro
[0.536s] -- Installing: /home/hualde/misCosas/ws_fanuc/install/fanuc_r2000_description/share/fanuc_r2000_description//robot
[0.537s] -- Installing: /home/hualde/misCosas/ws_fanuc/install/fanuc_r2000_description/share/fanuc_r2000_description//robot/r2000ic_125l.urdf.xacro
[0.537s] -- Installing: /home/hualde/misCosas/ws_fanuc/install/fanuc_r2000_description/share/fanuc_r2000_description//rviz
[0.537s] -- Installing: /home/hualde/misCosas/ws_fanuc/install/fanuc_r2000_description/share/fanuc_r2000_description//rviz/view_r2000.rviz
[0.539s] -- Installing: /home/hualde/misCosas/ws_fanuc/install/fanuc_r2000_description/share/ament_index/resource_index/package_run_dependencies/fanuc_r2000_description
[0.539s] -- Installing: /home/hualde/misCosas/ws_fanuc/install/fanuc_r2000_description/share/ament_index/resource_index/parent_prefix_path/fanuc_r2000_description
[0.539s] -- Installing: /home/hualde/misCosas/ws_fanuc/install/fanuc_r2000_description/share/fanuc_r2000_description/environment/ament_prefix_path.sh
[0.539s] -- Installing: /home/hualde/misCosas/ws_fanuc/install/fanuc_r2000_description/share/fanuc_r2000_description/environment/ament_prefix_path.dsv
[0.539s] -- Installing: /home/hualde/misCosas/ws_fanuc/install/fanuc_r2000_description/share/fanuc_r2000_description/environment/path.sh
[0.539s] -- Installing: /home/hualde/misCosas/ws_fanuc/install/fanuc_r2000_description/share/fanuc_r2000_description/environment/path.dsv
[0.539s] -- Installing: /home/hualde/misCosas/ws_fanuc/install/fanuc_r2000_description/share/fanuc_r2000_description/local_setup.bash
[0.539s] -- Installing: /home/hualde/misCosas/ws_fanuc/install/fanuc_r2000_description/share/fanuc_r2000_description/local_setup.sh
[0.539s] -- Installing: /home/hualde/misCosas/ws_fanuc/install/fanuc_r2000_description/share/fanuc_r2000_description/local_setup.zsh
[0.539s] -- Installing: /home/hualde/misCosas/ws_fanuc/install/fanuc_r2000_description/share/fanuc_r2000_description/local_setup.dsv
[0.539s] -- Installing: /home/hualde/misCosas/ws_fanuc/install/fanuc_r2000_description/share/fanuc_r2000_description/package.dsv
[0.539s] -- Installing: /home/hualde/misCosas/ws_fanuc/install/fanuc_r2000_description/share/ament_index/resource_index/packages/fanuc_r2000_description
[0.539s] -- Installing: /home/hualde/misCosas/ws_fanuc/install/fanuc_r2000_description/share/fanuc_r2000_description/cmake/fanuc_r2000_descriptionConfig.cmake
[0.540s] -- Installing: /home/hualde/misCosas/ws_fanuc/install/fanuc_r2000_description/share/fanuc_r2000_description/cmake/fanuc_r2000_descriptionConfig-version.cmake
[0.540s] -- Installing: /home/hualde/misCosas/ws_fanuc/install/fanuc_r2000_description/share/fanuc_r2000_description/package.xml
[0.576s] Invoked command in '/home/hualde/misCosas/ws_fanuc/build/fanuc_r2000_description' returned '0': CMAKE_PREFIX_PATH=${CMAKE_PREFIX_PATH}:/opt/ros/humble /usr/bin/cmake --install /home/hualde/misCosas/ws_fanuc/build/fanuc_r2000_description
