[0.008s] Invoking command in '/home/hualde/misCosas/ws_fanuc/build/fanuc_controllers': CMAKE_PREFIX_PATH=/home/hualde/misCosas/ws_fanuc/install/fanuc_hardware_interface:/home/hualde/misCosas/ws_fanuc/install/fanuc_msgs:/home/hualde/misCosas/ws_fanuc/install/fanuc_libs:/home/hualde/misCosas/ws_fanuc/install/slider_publisher:/home/hualde/misCosas/ws_fanuc/install/mi_fanuc:/home/hualde/misCosas/ws_fanuc/install/fanuc_r2000_description:/home/hualde/misCosas/ws_fanuc/install/fanuc_r1000ia_description:/home/hualde/misCosas/ws_fanuc/install/fanuc_controllers:/home/hualde/misCosas/ws_fanuc/install/fanuc_moveit_config:/home/hualde/misCosas/ws_fanuc/install/fanuc_m20_description:/home/hualde/misCosas/ws_fanuc/install/fanuc_m10_description:/home/hualde/misCosas/ws_fanuc/install/fanuc_lrmate_description:/home/hualde/misCosas/ws_fanuc/install/fanuc_forward_command:/home/hualde/misCosas/ws_fanuc/install/fanuc_crx_description:/opt/ros/humble /usr/bin/cmake --build /home/hualde/misCosas/ws_fanuc/build/fanuc_controllers -- -j16 -l16
[0.032s] [ 33%] Built target scaled_joint_trajectory_controller
[0.032s] [ 66%] Built target fanuc_gpio_controller
[0.044s] [100%] Built target fanuc_gpio_controller_test
[0.047s] Invoked command in '/home/hualde/misCosas/ws_fanuc/build/fanuc_controllers' returned '0': CMAKE_PREFIX_PATH=/home/hualde/misCosas/ws_fanuc/install/fanuc_hardware_interface:/home/hualde/misCosas/ws_fanuc/install/fanuc_msgs:/home/hualde/misCosas/ws_fanuc/install/fanuc_libs:/home/hualde/misCosas/ws_fanuc/install/slider_publisher:/home/hualde/misCosas/ws_fanuc/install/mi_fanuc:/home/hualde/misCosas/ws_fanuc/install/fanuc_r2000_description:/home/hualde/misCosas/ws_fanuc/install/fanuc_r1000ia_description:/home/hualde/misCosas/ws_fanuc/install/fanuc_controllers:/home/hualde/misCosas/ws_fanuc/install/fanuc_moveit_config:/home/hualde/misCosas/ws_fanuc/install/fanuc_m20_description:/home/hualde/misCosas/ws_fanuc/install/fanuc_m10_description:/home/hualde/misCosas/ws_fanuc/install/fanuc_lrmate_description:/home/hualde/misCosas/ws_fanuc/install/fanuc_forward_command:/home/hualde/misCosas/ws_fanuc/install/fanuc_crx_description:/opt/ros/humble /usr/bin/cmake --build /home/hualde/misCosas/ws_fanuc/build/fanuc_controllers -- -j16 -l16
[0.048s] Invoking command in '/home/hualde/misCosas/ws_fanuc/build/fanuc_controllers': CMAKE_PREFIX_PATH=/home/hualde/misCosas/ws_fanuc/install/fanuc_hardware_interface:/home/hualde/misCosas/ws_fanuc/install/fanuc_msgs:/home/hualde/misCosas/ws_fanuc/install/fanuc_libs:/home/hualde/misCosas/ws_fanuc/install/slider_publisher:/home/hualde/misCosas/ws_fanuc/install/mi_fanuc:/home/hualde/misCosas/ws_fanuc/install/fanuc_r2000_description:/home/hualde/misCosas/ws_fanuc/install/fanuc_r1000ia_description:/home/hualde/misCosas/ws_fanuc/install/fanuc_controllers:/home/hualde/misCosas/ws_fanuc/install/fanuc_moveit_config:/home/hualde/misCosas/ws_fanuc/install/fanuc_m20_description:/home/hualde/misCosas/ws_fanuc/install/fanuc_m10_description:/home/hualde/misCosas/ws_fanuc/install/fanuc_lrmate_description:/home/hualde/misCosas/ws_fanuc/install/fanuc_forward_command:/home/hualde/misCosas/ws_fanuc/install/fanuc_crx_description:/opt/ros/humble /usr/bin/cmake --install /home/hualde/misCosas/ws_fanuc/build/fanuc_controllers
[0.050s] -- Install configuration: ""
[0.050s] -- Up-to-date: /home/hualde/misCosas/ws_fanuc/install/fanuc_controllers/lib/fanuc_controllers/libscaled_joint_trajectory_controller.so
[0.051s] -- Up-to-date: /home/hualde/misCosas/ws_fanuc/install/fanuc_controllers/lib/fanuc_controllers/libfanuc_gpio_controller.so
[0.051s] -- Up-to-date: /home/hualde/misCosas/ws_fanuc/install/fanuc_controllers/share/fanuc_controllers/scaled_joint_trajectory_controller_plugins.xml
[0.051s] -- Up-to-date: /home/hualde/misCosas/ws_fanuc/install/fanuc_controllers/share/fanuc_controllers/fanuc_gpio_controller_plugins.xml
[0.051s] -- Up-to-date: /home/hualde/misCosas/ws_fanuc/install/fanuc_controllers/share/fanuc_controllers/scaled_joint_trajectory_controller_plugins.xml
[0.051s] -- Up-to-date: /home/hualde/misCosas/ws_fanuc/install/fanuc_controllers/share/fanuc_controllers/fanuc_gpio_controller_plugins.xml
[0.051s] -- Up-to-date: /home/hualde/misCosas/ws_fanuc/install/fanuc_controllers/share/ament_index/resource_index/package_run_dependencies/fanuc_controllers
[0.051s] -- Up-to-date: /home/hualde/misCosas/ws_fanuc/install/fanuc_controllers/share/ament_index/resource_index/parent_prefix_path/fanuc_controllers
[0.051s] -- Up-to-date: /home/hualde/misCosas/ws_fanuc/install/fanuc_controllers/share/fanuc_controllers/environment/ament_prefix_path.sh
[0.051s] -- Up-to-date: /home/hualde/misCosas/ws_fanuc/install/fanuc_controllers/share/fanuc_controllers/environment/ament_prefix_path.dsv
[0.051s] -- Up-to-date: /home/hualde/misCosas/ws_fanuc/install/fanuc_controllers/share/fanuc_controllers/environment/path.sh
[0.051s] -- Up-to-date: /home/hualde/misCosas/ws_fanuc/install/fanuc_controllers/share/fanuc_controllers/environment/path.dsv
[0.051s] -- Up-to-date: /home/hualde/misCosas/ws_fanuc/install/fanuc_controllers/share/fanuc_controllers/local_setup.bash
[0.051s] -- Up-to-date: /home/hualde/misCosas/ws_fanuc/install/fanuc_controllers/share/fanuc_controllers/local_setup.sh
[0.051s] -- Up-to-date: /home/hualde/misCosas/ws_fanuc/install/fanuc_controllers/share/fanuc_controllers/local_setup.zsh
[0.051s] -- Up-to-date: /home/hualde/misCosas/ws_fanuc/install/fanuc_controllers/share/fanuc_controllers/local_setup.dsv
[0.051s] -- Installing: /home/hualde/misCosas/ws_fanuc/install/fanuc_controllers/share/fanuc_controllers/package.dsv
[0.052s] -- Up-to-date: /home/hualde/misCosas/ws_fanuc/install/fanuc_controllers/share/ament_index/resource_index/packages/fanuc_controllers
[0.052s] -- Up-to-date: /home/hualde/misCosas/ws_fanuc/install/fanuc_controllers/share/ament_index/resource_index/controller_interface__pluginlib__plugin/fanuc_controllers
[0.052s] -- Up-to-date: /home/hualde/misCosas/ws_fanuc/install/fanuc_controllers/share/fanuc_controllers/cmake/fanuc_controllersConfig.cmake
[0.052s] -- Up-to-date: /home/hualde/misCosas/ws_fanuc/install/fanuc_controllers/share/fanuc_controllers/cmake/fanuc_controllersConfig-version.cmake
[0.052s] -- Up-to-date: /home/hualde/misCosas/ws_fanuc/install/fanuc_controllers/share/fanuc_controllers/package.xml
[0.053s] Invoked command in '/home/hualde/misCosas/ws_fanuc/build/fanuc_controllers' returned '0': CMAKE_PREFIX_PATH=/home/hualde/misCosas/ws_fanuc/install/fanuc_hardware_interface:/home/hualde/misCosas/ws_fanuc/install/fanuc_msgs:/home/hualde/misCosas/ws_fanuc/install/fanuc_libs:/home/hualde/misCosas/ws_fanuc/install/slider_publisher:/home/hualde/misCosas/ws_fanuc/install/mi_fanuc:/home/hualde/misCosas/ws_fanuc/install/fanuc_r2000_description:/home/hualde/misCosas/ws_fanuc/install/fanuc_r1000ia_description:/home/hualde/misCosas/ws_fanuc/install/fanuc_controllers:/home/hualde/misCosas/ws_fanuc/install/fanuc_moveit_config:/home/hualde/misCosas/ws_fanuc/install/fanuc_m20_description:/home/hualde/misCosas/ws_fanuc/install/fanuc_m10_description:/home/hualde/misCosas/ws_fanuc/install/fanuc_lrmate_description:/home/hualde/misCosas/ws_fanuc/install/fanuc_forward_command:/home/hualde/misCosas/ws_fanuc/install/fanuc_crx_description:/opt/ros/humble /usr/bin/cmake --install /home/hualde/misCosas/ws_fanuc/build/fanuc_controllers
