-- Install configuration: ""
-- Up-to-date: /home/hualde/misCosas/ws_fanuc/install/fanuc_crx_description/share/fanuc_crx_description//launch
-- Up-to-date: /home/hualde/misCosas/ws_fanuc/install/fanuc_crx_description/share/fanuc_crx_description//launch/view_crx.launch.py
-- Up-to-date: /home/hualde/misCosas/ws_fanuc/install/fanuc_crx_description/share/fanuc_crx_description//meshes
-- Up-to-date: /home/hualde/misCosas/ws_fanuc/install/fanuc_crx_description/share/fanuc_crx_description//meshes/crx10ia
-- Up-to-date: /home/hualde/misCosas/ws_fanuc/install/fanuc_crx_description/share/fanuc_crx_description//meshes/crx10ia/visual
-- Up-to-date: /home/hualde/misCosas/ws_fanuc/install/fanuc_crx_description/share/fanuc_crx_description//meshes/crx10ia/visual/j6.dae
-- Up-to-date: /home/hualde/misCosas/ws_fanuc/install/fanuc_crx_description/share/fanuc_crx_description//meshes/crx10ia/visual/j1.dae
-- Up-to-date: /home/hualde/misCosas/ws_fanuc/install/fanuc_crx_description/share/fanuc_crx_description//meshes/crx10ia/visual/j5.dae
-- Up-to-date: /home/hualde/misCosas/ws_fanuc/install/fanuc_crx_description/share/fanuc_crx_description//meshes/crx10ia/visual/base.dae
-- Up-to-date: /home/hualde/misCosas/ws_fanuc/install/fanuc_crx_description/share/fanuc_crx_description//meshes/crx10ia/visual/j2.dae
-- Up-to-date: /home/hualde/misCosas/ws_fanuc/install/fanuc_crx_description/share/fanuc_crx_description//meshes/crx10ia/visual/j3.dae
-- Up-to-date: /home/hualde/misCosas/ws_fanuc/install/fanuc_crx_description/share/fanuc_crx_description//meshes/crx10ia/visual/j4.dae
-- Up-to-date: /home/hualde/misCosas/ws_fanuc/install/fanuc_crx_description/share/fanuc_crx_description//meshes/crx10ia/collision
-- Up-to-date: /home/hualde/misCosas/ws_fanuc/install/fanuc_crx_description/share/fanuc_crx_description//meshes/crx10ia/collision/j6.stl
-- Up-to-date: /home/hualde/misCosas/ws_fanuc/install/fanuc_crx_description/share/fanuc_crx_description//meshes/crx10ia/collision/j1.stl
-- Up-to-date: /home/hualde/misCosas/ws_fanuc/install/fanuc_crx_description/share/fanuc_crx_description//meshes/crx10ia/collision/j2.stl
-- Up-to-date: /home/hualde/misCosas/ws_fanuc/install/fanuc_crx_description/share/fanuc_crx_description//meshes/crx10ia/collision/base.stl
-- Up-to-date: /home/hualde/misCosas/ws_fanuc/install/fanuc_crx_description/share/fanuc_crx_description//meshes/crx10ia/collision/j3.stl
-- Up-to-date: /home/hualde/misCosas/ws_fanuc/install/fanuc_crx_description/share/fanuc_crx_description//meshes/crx10ia/collision/j4.stl
-- Up-to-date: /home/hualde/misCosas/ws_fanuc/install/fanuc_crx_description/share/fanuc_crx_description//meshes/crx10ia/collision/j5.stl
-- Up-to-date: /home/hualde/misCosas/ws_fanuc/install/fanuc_crx_description/share/fanuc_crx_description//meshes/crx20ia_l
-- Up-to-date: /home/hualde/misCosas/ws_fanuc/install/fanuc_crx_description/share/fanuc_crx_description//meshes/crx20ia_l/visual
-- Up-to-date: /home/hualde/misCosas/ws_fanuc/install/fanuc_crx_description/share/fanuc_crx_description//meshes/crx20ia_l/visual/j6.dae
-- Up-to-date: /home/hualde/misCosas/ws_fanuc/install/fanuc_crx_description/share/fanuc_crx_description//meshes/crx20ia_l/visual/j1.dae
-- Up-to-date: /home/hualde/misCosas/ws_fanuc/install/fanuc_crx_description/share/fanuc_crx_description//meshes/crx20ia_l/visual/j5.dae
-- Up-to-date: /home/hualde/misCosas/ws_fanuc/install/fanuc_crx_description/share/fanuc_crx_description//meshes/crx20ia_l/visual/base.dae
-- Up-to-date: /home/hualde/misCosas/ws_fanuc/install/fanuc_crx_description/share/fanuc_crx_description//meshes/crx20ia_l/visual/j2.dae
-- Up-to-date: /home/hualde/misCosas/ws_fanuc/install/fanuc_crx_description/share/fanuc_crx_description//meshes/crx20ia_l/visual/j3.dae
-- Up-to-date: /home/hualde/misCosas/ws_fanuc/install/fanuc_crx_description/share/fanuc_crx_description//meshes/crx20ia_l/visual/j4.dae
-- Up-to-date: /home/hualde/misCosas/ws_fanuc/install/fanuc_crx_description/share/fanuc_crx_description//meshes/crx20ia_l/collision
-- Up-to-date: /home/hualde/misCosas/ws_fanuc/install/fanuc_crx_description/share/fanuc_crx_description//meshes/crx20ia_l/collision/j6.stl
-- Up-to-date: /home/hualde/misCosas/ws_fanuc/install/fanuc_crx_description/share/fanuc_crx_description//meshes/crx20ia_l/collision/j1.stl
-- Up-to-date: /home/hualde/misCosas/ws_fanuc/install/fanuc_crx_description/share/fanuc_crx_description//meshes/crx20ia_l/collision/j2.stl
-- Up-to-date: /home/hualde/misCosas/ws_fanuc/install/fanuc_crx_description/share/fanuc_crx_description//meshes/crx20ia_l/collision/base.stl
-- Up-to-date: /home/hualde/misCosas/ws_fanuc/install/fanuc_crx_description/share/fanuc_crx_description//meshes/crx20ia_l/collision/j3.stl
-- Up-to-date: /home/hualde/misCosas/ws_fanuc/install/fanuc_crx_description/share/fanuc_crx_description//meshes/crx20ia_l/collision/j4.stl
-- Up-to-date: /home/hualde/misCosas/ws_fanuc/install/fanuc_crx_description/share/fanuc_crx_description//meshes/crx20ia_l/collision/j5.stl
-- Up-to-date: /home/hualde/misCosas/ws_fanuc/install/fanuc_crx_description/share/fanuc_crx_description//meshes/crx10ia_l
-- Up-to-date: /home/hualde/misCosas/ws_fanuc/install/fanuc_crx_description/share/fanuc_crx_description//meshes/crx10ia_l/visual
-- Up-to-date: /home/hualde/misCosas/ws_fanuc/install/fanuc_crx_description/share/fanuc_crx_description//meshes/crx10ia_l/visual/j6.dae
-- Up-to-date: /home/hualde/misCosas/ws_fanuc/install/fanuc_crx_description/share/fanuc_crx_description//meshes/crx10ia_l/visual/j1.dae
-- Up-to-date: /home/hualde/misCosas/ws_fanuc/install/fanuc_crx_description/share/fanuc_crx_description//meshes/crx10ia_l/visual/j5.dae
-- Up-to-date: /home/hualde/misCosas/ws_fanuc/install/fanuc_crx_description/share/fanuc_crx_description//meshes/crx10ia_l/visual/base.dae
-- Up-to-date: /home/hualde/misCosas/ws_fanuc/install/fanuc_crx_description/share/fanuc_crx_description//meshes/crx10ia_l/visual/j2.dae
-- Up-to-date: /home/hualde/misCosas/ws_fanuc/install/fanuc_crx_description/share/fanuc_crx_description//meshes/crx10ia_l/visual/j3.dae
-- Up-to-date: /home/hualde/misCosas/ws_fanuc/install/fanuc_crx_description/share/fanuc_crx_description//meshes/crx10ia_l/visual/j4.dae
-- Up-to-date: /home/hualde/misCosas/ws_fanuc/install/fanuc_crx_description/share/fanuc_crx_description//meshes/crx10ia_l/collision
-- Up-to-date: /home/hualde/misCosas/ws_fanuc/install/fanuc_crx_description/share/fanuc_crx_description//meshes/crx10ia_l/collision/j6.stl
-- Up-to-date: /home/hualde/misCosas/ws_fanuc/install/fanuc_crx_description/share/fanuc_crx_description//meshes/crx10ia_l/collision/j1.stl
-- Up-to-date: /home/hualde/misCosas/ws_fanuc/install/fanuc_crx_description/share/fanuc_crx_description//meshes/crx10ia_l/collision/j2.stl
-- Up-to-date: /home/hualde/misCosas/ws_fanuc/install/fanuc_crx_description/share/fanuc_crx_description//meshes/crx10ia_l/collision/base.stl
-- Up-to-date: /home/hualde/misCosas/ws_fanuc/install/fanuc_crx_description/share/fanuc_crx_description//meshes/crx10ia_l/collision/j3.stl
-- Up-to-date: /home/hualde/misCosas/ws_fanuc/install/fanuc_crx_description/share/fanuc_crx_description//meshes/crx10ia_l/collision/j4.stl
-- Up-to-date: /home/hualde/misCosas/ws_fanuc/install/fanuc_crx_description/share/fanuc_crx_description//meshes/crx10ia_l/collision/j5.stl
-- Up-to-date: /home/hualde/misCosas/ws_fanuc/install/fanuc_crx_description/share/fanuc_crx_description//meshes/crx10ia_lp
-- Up-to-date: /home/hualde/misCosas/ws_fanuc/install/fanuc_crx_description/share/fanuc_crx_description//meshes/crx10ia_lp/visual
-- Up-to-date: /home/hualde/misCosas/ws_fanuc/install/fanuc_crx_description/share/fanuc_crx_description//meshes/crx10ia_lp/visual/j6.dae
-- Up-to-date: /home/hualde/misCosas/ws_fanuc/install/fanuc_crx_description/share/fanuc_crx_description//meshes/crx10ia_lp/visual/j1.dae
-- Up-to-date: /home/hualde/misCosas/ws_fanuc/install/fanuc_crx_description/share/fanuc_crx_description//meshes/crx10ia_lp/visual/j5.dae
-- Up-to-date: /home/hualde/misCosas/ws_fanuc/install/fanuc_crx_description/share/fanuc_crx_description//meshes/crx10ia_lp/visual/base.dae
-- Up-to-date: /home/hualde/misCosas/ws_fanuc/install/fanuc_crx_description/share/fanuc_crx_description//meshes/crx10ia_lp/visual/j2.dae
-- Up-to-date: /home/hualde/misCosas/ws_fanuc/install/fanuc_crx_description/share/fanuc_crx_description//meshes/crx10ia_lp/visual/j3.dae
-- Up-to-date: /home/hualde/misCosas/ws_fanuc/install/fanuc_crx_description/share/fanuc_crx_description//meshes/crx10ia_lp/visual/j4.dae
-- Up-to-date: /home/hualde/misCosas/ws_fanuc/install/fanuc_crx_description/share/fanuc_crx_description//meshes/crx10ia_lp/collision
-- Up-to-date: /home/hualde/misCosas/ws_fanuc/install/fanuc_crx_description/share/fanuc_crx_description//meshes/crx10ia_lp/collision/j6.stl
-- Up-to-date: /home/hualde/misCosas/ws_fanuc/install/fanuc_crx_description/share/fanuc_crx_description//meshes/crx10ia_lp/collision/j1.stl
-- Up-to-date: /home/hualde/misCosas/ws_fanuc/install/fanuc_crx_description/share/fanuc_crx_description//meshes/crx10ia_lp/collision/j2.stl
-- Up-to-date: /home/hualde/misCosas/ws_fanuc/install/fanuc_crx_description/share/fanuc_crx_description//meshes/crx10ia_lp/collision/base.stl
-- Up-to-date: /home/hualde/misCosas/ws_fanuc/install/fanuc_crx_description/share/fanuc_crx_description//meshes/crx10ia_lp/collision/j3.stl
-- Up-to-date: /home/hualde/misCosas/ws_fanuc/install/fanuc_crx_description/share/fanuc_crx_description//meshes/crx10ia_lp/collision/j4.stl
-- Up-to-date: /home/hualde/misCosas/ws_fanuc/install/fanuc_crx_description/share/fanuc_crx_description//meshes/crx10ia_lp/collision/j5.stl
-- Up-to-date: /home/hualde/misCosas/ws_fanuc/install/fanuc_crx_description/share/fanuc_crx_description//meshes/crx5ia
-- Up-to-date: /home/hualde/misCosas/ws_fanuc/install/fanuc_crx_description/share/fanuc_crx_description//meshes/crx5ia/visual
-- Up-to-date: /home/hualde/misCosas/ws_fanuc/install/fanuc_crx_description/share/fanuc_crx_description//meshes/crx5ia/visual/j6.dae
-- Up-to-date: /home/hualde/misCosas/ws_fanuc/install/fanuc_crx_description/share/fanuc_crx_description//meshes/crx5ia/visual/j1.dae
-- Up-to-date: /home/hualde/misCosas/ws_fanuc/install/fanuc_crx_description/share/fanuc_crx_description//meshes/crx5ia/visual/j5.dae
-- Up-to-date: /home/hualde/misCosas/ws_fanuc/install/fanuc_crx_description/share/fanuc_crx_description//meshes/crx5ia/visual/base.dae
-- Up-to-date: /home/hualde/misCosas/ws_fanuc/install/fanuc_crx_description/share/fanuc_crx_description//meshes/crx5ia/visual/j2.dae
-- Up-to-date: /home/hualde/misCosas/ws_fanuc/install/fanuc_crx_description/share/fanuc_crx_description//meshes/crx5ia/visual/j3.dae
-- Up-to-date: /home/hualde/misCosas/ws_fanuc/install/fanuc_crx_description/share/fanuc_crx_description//meshes/crx5ia/visual/j4.dae
-- Up-to-date: /home/hualde/misCosas/ws_fanuc/install/fanuc_crx_description/share/fanuc_crx_description//meshes/crx5ia/collision
-- Up-to-date: /home/hualde/misCosas/ws_fanuc/install/fanuc_crx_description/share/fanuc_crx_description//meshes/crx5ia/collision/j6.stl
-- Up-to-date: /home/hualde/misCosas/ws_fanuc/install/fanuc_crx_description/share/fanuc_crx_description//meshes/crx5ia/collision/j1.stl
-- Up-to-date: /home/hualde/misCosas/ws_fanuc/install/fanuc_crx_description/share/fanuc_crx_description//meshes/crx5ia/collision/j2.stl
-- Up-to-date: /home/hualde/misCosas/ws_fanuc/install/fanuc_crx_description/share/fanuc_crx_description//meshes/crx5ia/collision/base.stl
-- Up-to-date: /home/hualde/misCosas/ws_fanuc/install/fanuc_crx_description/share/fanuc_crx_description//meshes/crx5ia/collision/j3.stl
-- Up-to-date: /home/hualde/misCosas/ws_fanuc/install/fanuc_crx_description/share/fanuc_crx_description//meshes/crx5ia/collision/j4.stl
-- Up-to-date: /home/hualde/misCosas/ws_fanuc/install/fanuc_crx_description/share/fanuc_crx_description//meshes/crx5ia/collision/j5.stl
-- Up-to-date: /home/hualde/misCosas/ws_fanuc/install/fanuc_crx_description/share/fanuc_crx_description//meshes/crx30ia
-- Up-to-date: /home/hualde/misCosas/ws_fanuc/install/fanuc_crx_description/share/fanuc_crx_description//meshes/crx30ia/visual
-- Up-to-date: /home/hualde/misCosas/ws_fanuc/install/fanuc_crx_description/share/fanuc_crx_description//meshes/crx30ia/visual/j6.dae
-- Up-to-date: /home/hualde/misCosas/ws_fanuc/install/fanuc_crx_description/share/fanuc_crx_description//meshes/crx30ia/visual/j1.dae
-- Up-to-date: /home/hualde/misCosas/ws_fanuc/install/fanuc_crx_description/share/fanuc_crx_description//meshes/crx30ia/visual/j5.dae
-- Up-to-date: /home/hualde/misCosas/ws_fanuc/install/fanuc_crx_description/share/fanuc_crx_description//meshes/crx30ia/visual/base.dae
-- Up-to-date: /home/hualde/misCosas/ws_fanuc/install/fanuc_crx_description/share/fanuc_crx_description//meshes/crx30ia/visual/j2.dae
-- Up-to-date: /home/hualde/misCosas/ws_fanuc/install/fanuc_crx_description/share/fanuc_crx_description//meshes/crx30ia/visual/j3.dae
-- Up-to-date: /home/hualde/misCosas/ws_fanuc/install/fanuc_crx_description/share/fanuc_crx_description//meshes/crx30ia/visual/j4.dae
-- Up-to-date: /home/hualde/misCosas/ws_fanuc/install/fanuc_crx_description/share/fanuc_crx_description//meshes/crx30ia/collision
-- Up-to-date: /home/hualde/misCosas/ws_fanuc/install/fanuc_crx_description/share/fanuc_crx_description//meshes/crx30ia/collision/j6.stl
-- Up-to-date: /home/hualde/misCosas/ws_fanuc/install/fanuc_crx_description/share/fanuc_crx_description//meshes/crx30ia/collision/j1.stl
-- Up-to-date: /home/hualde/misCosas/ws_fanuc/install/fanuc_crx_description/share/fanuc_crx_description//meshes/crx30ia/collision/j2.stl
-- Up-to-date: /home/hualde/misCosas/ws_fanuc/install/fanuc_crx_description/share/fanuc_crx_description//meshes/crx30ia/collision/base.stl
-- Up-to-date: /home/hualde/misCosas/ws_fanuc/install/fanuc_crx_description/share/fanuc_crx_description//meshes/crx30ia/collision/j3.stl
-- Up-to-date: /home/hualde/misCosas/ws_fanuc/install/fanuc_crx_description/share/fanuc_crx_description//meshes/crx30ia/collision/j4.stl
-- Up-to-date: /home/hualde/misCosas/ws_fanuc/install/fanuc_crx_description/share/fanuc_crx_description//meshes/crx30ia/collision/j5.stl
-- Up-to-date: /home/hualde/misCosas/ws_fanuc/install/fanuc_crx_description/share/fanuc_crx_description//urdf
-- Up-to-date: /home/hualde/misCosas/ws_fanuc/install/fanuc_crx_description/share/fanuc_crx_description//urdf/crx10ia_urdf_macro.xacro
-- Up-to-date: /home/hualde/misCosas/ws_fanuc/install/fanuc_crx_description/share/fanuc_crx_description//urdf/crx10ia_l_urdf_macro.xacro
-- Up-to-date: /home/hualde/misCosas/ws_fanuc/install/fanuc_crx_description/share/fanuc_crx_description//urdf/crx10ia_lp_urdf_macro.xacro
-- Up-to-date: /home/hualde/misCosas/ws_fanuc/install/fanuc_crx_description/share/fanuc_crx_description//urdf/crx30ia_urdf_macro.xacro
-- Up-to-date: /home/hualde/misCosas/ws_fanuc/install/fanuc_crx_description/share/fanuc_crx_description//urdf/crx20ia_l_urdf_macro.xacro
-- Up-to-date: /home/hualde/misCosas/ws_fanuc/install/fanuc_crx_description/share/fanuc_crx_description//urdf/crx5ia_urdf_macro.xacro
-- Up-to-date: /home/hualde/misCosas/ws_fanuc/install/fanuc_crx_description/share/fanuc_crx_description//robot
-- Up-to-date: /home/hualde/misCosas/ws_fanuc/install/fanuc_crx_description/share/fanuc_crx_description//robot/crx5ia.urdf.xacro
-- Up-to-date: /home/hualde/misCosas/ws_fanuc/install/fanuc_crx_description/share/fanuc_crx_description//robot/crx10ia_lp.urdf.xacro
-- Up-to-date: /home/hualde/misCosas/ws_fanuc/install/fanuc_crx_description/share/fanuc_crx_description//robot/crx20ia_l.urdf.xacro
-- Up-to-date: /home/hualde/misCosas/ws_fanuc/install/fanuc_crx_description/share/fanuc_crx_description//robot/crx30ia.urdf.xacro
-- Up-to-date: /home/hualde/misCosas/ws_fanuc/install/fanuc_crx_description/share/fanuc_crx_description//robot/crx10ia_l.urdf.xacro
-- Up-to-date: /home/hualde/misCosas/ws_fanuc/install/fanuc_crx_description/share/fanuc_crx_description//robot/crx10ia.urdf.xacro
-- Up-to-date: /home/hualde/misCosas/ws_fanuc/install/fanuc_crx_description/share/fanuc_crx_description//rviz
-- Up-to-date: /home/hualde/misCosas/ws_fanuc/install/fanuc_crx_description/share/fanuc_crx_description//rviz/view_crx.rviz
-- Up-to-date: /home/hualde/misCosas/ws_fanuc/install/fanuc_crx_description/share/ament_index/resource_index/package_run_dependencies/fanuc_crx_description
-- Up-to-date: /home/hualde/misCosas/ws_fanuc/install/fanuc_crx_description/share/ament_index/resource_index/parent_prefix_path/fanuc_crx_description
-- Up-to-date: /home/hualde/misCosas/ws_fanuc/install/fanuc_crx_description/share/fanuc_crx_description/environment/ament_prefix_path.sh
-- Up-to-date: /home/hualde/misCosas/ws_fanuc/install/fanuc_crx_description/share/fanuc_crx_description/environment/ament_prefix_path.dsv
-- Up-to-date: /home/hualde/misCosas/ws_fanuc/install/fanuc_crx_description/share/fanuc_crx_description/environment/path.sh
-- Up-to-date: /home/hualde/misCosas/ws_fanuc/install/fanuc_crx_description/share/fanuc_crx_description/environment/path.dsv
-- Up-to-date: /home/hualde/misCosas/ws_fanuc/install/fanuc_crx_description/share/fanuc_crx_description/local_setup.bash
-- Up-to-date: /home/hualde/misCosas/ws_fanuc/install/fanuc_crx_description/share/fanuc_crx_description/local_setup.sh
-- Up-to-date: /home/hualde/misCosas/ws_fanuc/install/fanuc_crx_description/share/fanuc_crx_description/local_setup.zsh
-- Up-to-date: /home/hualde/misCosas/ws_fanuc/install/fanuc_crx_description/share/fanuc_crx_description/local_setup.dsv
-- Up-to-date: /home/hualde/misCosas/ws_fanuc/install/fanuc_crx_description/share/fanuc_crx_description/package.dsv
-- Up-to-date: /home/hualde/misCosas/ws_fanuc/install/fanuc_crx_description/share/ament_index/resource_index/packages/fanuc_crx_description
-- Up-to-date: /home/hualde/misCosas/ws_fanuc/install/fanuc_crx_description/share/fanuc_crx_description/cmake/fanuc_crx_descriptionConfig.cmake
-- Up-to-date: /home/hualde/misCosas/ws_fanuc/install/fanuc_crx_description/share/fanuc_crx_description/cmake/fanuc_crx_descriptionConfig-version.cmake
-- Up-to-date: /home/hualde/misCosas/ws_fanuc/install/fanuc_crx_description/share/fanuc_crx_description/package.xml
