[0.026s] Invoking command in '/home/hualde/misCosas/ws_fanuc/build/fanuc_crx_description': CMAKE_PREFIX_PATH=${CMAKE_PREFIX_PATH}:/opt/ros/humble /usr/bin/cmake --build /home/hualde/misCosas/ws_fanuc/build/fanuc_crx_description -- -j16 -l16
[0.050s] Invoked command in '/home/hualde/misCosas/ws_fanuc/build/fanuc_crx_description' returned '0': CMAKE_PREFIX_PATH=${CMAKE_PREFIX_PATH}:/opt/ros/humble /usr/bin/cmake --build /home/hualde/misCosas/ws_fanuc/build/fanuc_crx_description -- -j16 -l16
[0.051s] Invoking command in '/home/hualde/misCosas/ws_fanuc/build/fanuc_crx_description': CMAKE_PREFIX_PATH=${CMAKE_PREFIX_PATH}:/opt/ros/humble /usr/bin/cmake --install /home/hualde/misCosas/ws_fanuc/build/fanuc_crx_description
[0.064s] -- Install configuration: ""
[0.064s] -- Up-to-date: /home/hualde/misCosas/ws_fanuc/install/fanuc_crx_description/share/fanuc_crx_description//launch
[0.064s] -- Up-to-date: /home/hualde/misCosas/ws_fanuc/install/fanuc_crx_description/share/fanuc_crx_description//launch/view_crx.launch.py
[0.064s] -- Up-to-date: /home/hualde/misCosas/ws_fanuc/install/fanuc_crx_description/share/fanuc_crx_description//meshes
[0.064s] -- Up-to-date: /home/hualde/misCosas/ws_fanuc/install/fanuc_crx_description/share/fanuc_crx_description//meshes/crx10ia
[0.064s] -- Up-to-date: /home/hualde/misCosas/ws_fanuc/install/fanuc_crx_description/share/fanuc_crx_description//meshes/crx10ia/visual
[0.064s] -- Up-to-date: /home/hualde/misCosas/ws_fanuc/install/fanuc_crx_description/share/fanuc_crx_description//meshes/crx10ia/visual/j6.dae
[0.064s] -- Up-to-date: /home/hualde/misCosas/ws_fanuc/install/fanuc_crx_description/share/fanuc_crx_description//meshes/crx10ia/visual/j1.dae
[0.064s] -- Up-to-date: /home/hualde/misCosas/ws_fanuc/install/fanuc_crx_description/share/fanuc_crx_description//meshes/crx10ia/visual/j5.dae
[0.064s] -- Up-to-date: /home/hualde/misCosas/ws_fanuc/install/fanuc_crx_description/share/fanuc_crx_description//meshes/crx10ia/visual/base.dae
[0.064s] -- Up-to-date: /home/hualde/misCosas/ws_fanuc/install/fanuc_crx_description/share/fanuc_crx_description//meshes/crx10ia/visual/j2.dae
[0.064s] -- Up-to-date: /home/hualde/misCosas/ws_fanuc/install/fanuc_crx_description/share/fanuc_crx_description//meshes/crx10ia/visual/j3.dae
[0.064s] -- Up-to-date: /home/hualde/misCosas/ws_fanuc/install/fanuc_crx_description/share/fanuc_crx_description//meshes/crx10ia/visual/j4.dae
[0.064s] -- Up-to-date: /home/hualde/misCosas/ws_fanuc/install/fanuc_crx_description/share/fanuc_crx_description//meshes/crx10ia/collision
[0.064s] -- Up-to-date: /home/hualde/misCosas/ws_fanuc/install/fanuc_crx_description/share/fanuc_crx_description//meshes/crx10ia/collision/j6.stl
[0.064s] -- Up-to-date: /home/hualde/misCosas/ws_fanuc/install/fanuc_crx_description/share/fanuc_crx_description//meshes/crx10ia/collision/j1.stl
[0.065s] -- Up-to-date: /home/hualde/misCosas/ws_fanuc/install/fanuc_crx_description/share/fanuc_crx_description//meshes/crx10ia/collision/j2.stl
[0.065s] -- Up-to-date: /home/hualde/misCosas/ws_fanuc/install/fanuc_crx_description/share/fanuc_crx_description//meshes/crx10ia/collision/base.stl
[0.065s] -- Up-to-date: /home/hualde/misCosas/ws_fanuc/install/fanuc_crx_description/share/fanuc_crx_description//meshes/crx10ia/collision/j3.stl
[0.065s] -- Up-to-date: /home/hualde/misCosas/ws_fanuc/install/fanuc_crx_description/share/fanuc_crx_description//meshes/crx10ia/collision/j4.stl
[0.065s] -- Up-to-date: /home/hualde/misCosas/ws_fanuc/install/fanuc_crx_description/share/fanuc_crx_description//meshes/crx10ia/collision/j5.stl
[0.065s] -- Up-to-date: /home/hualde/misCosas/ws_fanuc/install/fanuc_crx_description/share/fanuc_crx_description//meshes/crx20ia_l
[0.065s] -- Up-to-date: /home/hualde/misCosas/ws_fanuc/install/fanuc_crx_description/share/fanuc_crx_description//meshes/crx20ia_l/visual
[0.065s] -- Up-to-date: /home/hualde/misCosas/ws_fanuc/install/fanuc_crx_description/share/fanuc_crx_description//meshes/crx20ia_l/visual/j6.dae
[0.065s] -- Up-to-date: /home/hualde/misCosas/ws_fanuc/install/fanuc_crx_description/share/fanuc_crx_description//meshes/crx20ia_l/visual/j1.dae
[0.065s] -- Up-to-date: /home/hualde/misCosas/ws_fanuc/install/fanuc_crx_description/share/fanuc_crx_description//meshes/crx20ia_l/visual/j5.dae
[0.065s] -- Up-to-date: /home/hualde/misCosas/ws_fanuc/install/fanuc_crx_description/share/fanuc_crx_description//meshes/crx20ia_l/visual/base.dae
[0.065s] -- Up-to-date: /home/hualde/misCosas/ws_fanuc/install/fanuc_crx_description/share/fanuc_crx_description//meshes/crx20ia_l/visual/j2.dae
[0.065s] -- Up-to-date: /home/hualde/misCosas/ws_fanuc/install/fanuc_crx_description/share/fanuc_crx_description//meshes/crx20ia_l/visual/j3.dae
[0.065s] -- Up-to-date: /home/hualde/misCosas/ws_fanuc/install/fanuc_crx_description/share/fanuc_crx_description//meshes/crx20ia_l/visual/j4.dae
[0.065s] -- Up-to-date: /home/hualde/misCosas/ws_fanuc/install/fanuc_crx_description/share/fanuc_crx_description//meshes/crx20ia_l/collision
[0.065s] -- Up-to-date: /home/hualde/misCosas/ws_fanuc/install/fanuc_crx_description/share/fanuc_crx_description//meshes/crx20ia_l/collision/j6.stl
[0.065s] -- Up-to-date: /home/hualde/misCosas/ws_fanuc/install/fanuc_crx_description/share/fanuc_crx_description//meshes/crx20ia_l/collision/j1.stl
[0.065s] -- Up-to-date: /home/hualde/misCosas/ws_fanuc/install/fanuc_crx_description/share/fanuc_crx_description//meshes/crx20ia_l/collision/j2.stl
[0.065s] -- Up-to-date: /home/hualde/misCosas/ws_fanuc/install/fanuc_crx_description/share/fanuc_crx_description//meshes/crx20ia_l/collision/base.stl
[0.065s] -- Up-to-date: /home/hualde/misCosas/ws_fanuc/install/fanuc_crx_description/share/fanuc_crx_description//meshes/crx20ia_l/collision/j3.stl
[0.065s] -- Up-to-date: /home/hualde/misCosas/ws_fanuc/install/fanuc_crx_description/share/fanuc_crx_description//meshes/crx20ia_l/collision/j4.stl
[0.065s] -- Up-to-date: /home/hualde/misCosas/ws_fanuc/install/fanuc_crx_description/share/fanuc_crx_description//meshes/crx20ia_l/collision/j5.stl
[0.066s] -- Up-to-date: /home/hualde/misCosas/ws_fanuc/install/fanuc_crx_description/share/fanuc_crx_description//meshes/crx10ia_l
[0.066s] -- Up-to-date: /home/hualde/misCosas/ws_fanuc/install/fanuc_crx_description/share/fanuc_crx_description//meshes/crx10ia_l/visual
[0.066s] -- Up-to-date: /home/hualde/misCosas/ws_fanuc/install/fanuc_crx_description/share/fanuc_crx_description//meshes/crx10ia_l/visual/j6.dae
[0.066s] -- Up-to-date: /home/hualde/misCosas/ws_fanuc/install/fanuc_crx_description/share/fanuc_crx_description//meshes/crx10ia_l/visual/j1.dae
[0.066s] -- Up-to-date: /home/hualde/misCosas/ws_fanuc/install/fanuc_crx_description/share/fanuc_crx_description//meshes/crx10ia_l/visual/j5.dae
[0.066s] -- Up-to-date: /home/hualde/misCosas/ws_fanuc/install/fanuc_crx_description/share/fanuc_crx_description//meshes/crx10ia_l/visual/base.dae
[0.066s] -- Up-to-date: /home/hualde/misCosas/ws_fanuc/install/fanuc_crx_description/share/fanuc_crx_description//meshes/crx10ia_l/visual/j2.dae
[0.066s] -- Up-to-date: /home/hualde/misCosas/ws_fanuc/install/fanuc_crx_description/share/fanuc_crx_description//meshes/crx10ia_l/visual/j3.dae
[0.066s] -- Up-to-date: /home/hualde/misCosas/ws_fanuc/install/fanuc_crx_description/share/fanuc_crx_description//meshes/crx10ia_l/visual/j4.dae
[0.066s] -- Up-to-date: /home/hualde/misCosas/ws_fanuc/install/fanuc_crx_description/share/fanuc_crx_description//meshes/crx10ia_l/collision
[0.066s] -- Up-to-date: /home/hualde/misCosas/ws_fanuc/install/fanuc_crx_description/share/fanuc_crx_description//meshes/crx10ia_l/collision/j6.stl
[0.066s] -- Up-to-date: /home/hualde/misCosas/ws_fanuc/install/fanuc_crx_description/share/fanuc_crx_description//meshes/crx10ia_l/collision/j1.stl
[0.066s] -- Up-to-date: /home/hualde/misCosas/ws_fanuc/install/fanuc_crx_description/share/fanuc_crx_description//meshes/crx10ia_l/collision/j2.stl
[0.066s] -- Up-to-date: /home/hualde/misCosas/ws_fanuc/install/fanuc_crx_description/share/fanuc_crx_description//meshes/crx10ia_l/collision/base.stl
[0.066s] -- Up-to-date: /home/hualde/misCosas/ws_fanuc/install/fanuc_crx_description/share/fanuc_crx_description//meshes/crx10ia_l/collision/j3.stl
[0.066s] -- Up-to-date: /home/hualde/misCosas/ws_fanuc/install/fanuc_crx_description/share/fanuc_crx_description//meshes/crx10ia_l/collision/j4.stl
[0.066s] -- Up-to-date: /home/hualde/misCosas/ws_fanuc/install/fanuc_crx_description/share/fanuc_crx_description//meshes/crx10ia_l/collision/j5.stl
[0.066s] -- Up-to-date: /home/hualde/misCosas/ws_fanuc/install/fanuc_crx_description/share/fanuc_crx_description//meshes/crx10ia_lp
[0.066s] -- Up-to-date: /home/hualde/misCosas/ws_fanuc/install/fanuc_crx_description/share/fanuc_crx_description//meshes/crx10ia_lp/visual
[0.066s] -- Up-to-date: /home/hualde/misCosas/ws_fanuc/install/fanuc_crx_description/share/fanuc_crx_description//meshes/crx10ia_lp/visual/j6.dae
[0.066s] -- Up-to-date: /home/hualde/misCosas/ws_fanuc/install/fanuc_crx_description/share/fanuc_crx_description//meshes/crx10ia_lp/visual/j1.dae
[0.066s] -- Up-to-date: /home/hualde/misCosas/ws_fanuc/install/fanuc_crx_description/share/fanuc_crx_description//meshes/crx10ia_lp/visual/j5.dae
[0.066s] -- Up-to-date: /home/hualde/misCosas/ws_fanuc/install/fanuc_crx_description/share/fanuc_crx_description//meshes/crx10ia_lp/visual/base.dae
[0.066s] -- Up-to-date: /home/hualde/misCosas/ws_fanuc/install/fanuc_crx_description/share/fanuc_crx_description//meshes/crx10ia_lp/visual/j2.dae
[0.066s] -- Up-to-date: /home/hualde/misCosas/ws_fanuc/install/fanuc_crx_description/share/fanuc_crx_description//meshes/crx10ia_lp/visual/j3.dae
[0.066s] -- Up-to-date: /home/hualde/misCosas/ws_fanuc/install/fanuc_crx_description/share/fanuc_crx_description//meshes/crx10ia_lp/visual/j4.dae
[0.066s] -- Up-to-date: /home/hualde/misCosas/ws_fanuc/install/fanuc_crx_description/share/fanuc_crx_description//meshes/crx10ia_lp/collision
[0.066s] -- Up-to-date: /home/hualde/misCosas/ws_fanuc/install/fanuc_crx_description/share/fanuc_crx_description//meshes/crx10ia_lp/collision/j6.stl
[0.066s] -- Up-to-date: /home/hualde/misCosas/ws_fanuc/install/fanuc_crx_description/share/fanuc_crx_description//meshes/crx10ia_lp/collision/j1.stl
[0.066s] -- Up-to-date: /home/hualde/misCosas/ws_fanuc/install/fanuc_crx_description/share/fanuc_crx_description//meshes/crx10ia_lp/collision/j2.stl
[0.066s] -- Up-to-date: /home/hualde/misCosas/ws_fanuc/install/fanuc_crx_description/share/fanuc_crx_description//meshes/crx10ia_lp/collision/base.stl
[0.066s] -- Up-to-date: /home/hualde/misCosas/ws_fanuc/install/fanuc_crx_description/share/fanuc_crx_description//meshes/crx10ia_lp/collision/j3.stl
[0.066s] -- Up-to-date: /home/hualde/misCosas/ws_fanuc/install/fanuc_crx_description/share/fanuc_crx_description//meshes/crx10ia_lp/collision/j4.stl
[0.066s] -- Up-to-date: /home/hualde/misCosas/ws_fanuc/install/fanuc_crx_description/share/fanuc_crx_description//meshes/crx10ia_lp/collision/j5.stl
[0.067s] -- Up-to-date: /home/hualde/misCosas/ws_fanuc/install/fanuc_crx_description/share/fanuc_crx_description//meshes/crx5ia
[0.067s] -- Up-to-date: /home/hualde/misCosas/ws_fanuc/install/fanuc_crx_description/share/fanuc_crx_description//meshes/crx5ia/visual
[0.067s] -- Up-to-date: /home/hualde/misCosas/ws_fanuc/install/fanuc_crx_description/share/fanuc_crx_description//meshes/crx5ia/visual/j6.dae
[0.067s] -- Up-to-date: /home/hualde/misCosas/ws_fanuc/install/fanuc_crx_description/share/fanuc_crx_description//meshes/crx5ia/visual/j1.dae
[0.067s] -- Up-to-date: /home/hualde/misCosas/ws_fanuc/install/fanuc_crx_description/share/fanuc_crx_description//meshes/crx5ia/visual/j5.dae
[0.067s] -- Up-to-date: /home/hualde/misCosas/ws_fanuc/install/fanuc_crx_description/share/fanuc_crx_description//meshes/crx5ia/visual/base.dae
[0.067s] -- Up-to-date: /home/hualde/misCosas/ws_fanuc/install/fanuc_crx_description/share/fanuc_crx_description//meshes/crx5ia/visual/j2.dae
[0.067s] -- Up-to-date: /home/hualde/misCosas/ws_fanuc/install/fanuc_crx_description/share/fanuc_crx_description//meshes/crx5ia/visual/j3.dae
[0.067s] -- Up-to-date: /home/hualde/misCosas/ws_fanuc/install/fanuc_crx_description/share/fanuc_crx_description//meshes/crx5ia/visual/j4.dae
[0.067s] -- Up-to-date: /home/hualde/misCosas/ws_fanuc/install/fanuc_crx_description/share/fanuc_crx_description//meshes/crx5ia/collision
[0.067s] -- Up-to-date: /home/hualde/misCosas/ws_fanuc/install/fanuc_crx_description/share/fanuc_crx_description//meshes/crx5ia/collision/j6.stl
[0.067s] -- Up-to-date: /home/hualde/misCosas/ws_fanuc/install/fanuc_crx_description/share/fanuc_crx_description//meshes/crx5ia/collision/j1.stl
[0.067s] -- Up-to-date: /home/hualde/misCosas/ws_fanuc/install/fanuc_crx_description/share/fanuc_crx_description//meshes/crx5ia/collision/j2.stl
[0.067s] -- Up-to-date: /home/hualde/misCosas/ws_fanuc/install/fanuc_crx_description/share/fanuc_crx_description//meshes/crx5ia/collision/base.stl
[0.067s] -- Up-to-date: /home/hualde/misCosas/ws_fanuc/install/fanuc_crx_description/share/fanuc_crx_description//meshes/crx5ia/collision/j3.stl
[0.067s] -- Up-to-date: /home/hualde/misCosas/ws_fanuc/install/fanuc_crx_description/share/fanuc_crx_description//meshes/crx5ia/collision/j4.stl
[0.067s] -- Up-to-date: /home/hualde/misCosas/ws_fanuc/install/fanuc_crx_description/share/fanuc_crx_description//meshes/crx5ia/collision/j5.stl
[0.067s] -- Up-to-date: /home/hualde/misCosas/ws_fanuc/install/fanuc_crx_description/share/fanuc_crx_description//meshes/crx30ia
[0.067s] -- Up-to-date: /home/hualde/misCosas/ws_fanuc/install/fanuc_crx_description/share/fanuc_crx_description//meshes/crx30ia/visual
[0.067s] -- Up-to-date: /home/hualde/misCosas/ws_fanuc/install/fanuc_crx_description/share/fanuc_crx_description//meshes/crx30ia/visual/j6.dae
[0.067s] -- Up-to-date: /home/hualde/misCosas/ws_fanuc/install/fanuc_crx_description/share/fanuc_crx_description//meshes/crx30ia/visual/j1.dae
[0.067s] -- Up-to-date: /home/hualde/misCosas/ws_fanuc/install/fanuc_crx_description/share/fanuc_crx_description//meshes/crx30ia/visual/j5.dae
[0.067s] -- Up-to-date: /home/hualde/misCosas/ws_fanuc/install/fanuc_crx_description/share/fanuc_crx_description//meshes/crx30ia/visual/base.dae
[0.067s] -- Up-to-date: /home/hualde/misCosas/ws_fanuc/install/fanuc_crx_description/share/fanuc_crx_description//meshes/crx30ia/visual/j2.dae
[0.067s] -- Up-to-date: /home/hualde/misCosas/ws_fanuc/install/fanuc_crx_description/share/fanuc_crx_description//meshes/crx30ia/visual/j3.dae
[0.067s] -- Up-to-date: /home/hualde/misCosas/ws_fanuc/install/fanuc_crx_description/share/fanuc_crx_description//meshes/crx30ia/visual/j4.dae
[0.068s] -- Up-to-date: /home/hualde/misCosas/ws_fanuc/install/fanuc_crx_description/share/fanuc_crx_description//meshes/crx30ia/collision
[0.068s] -- Up-to-date: /home/hualde/misCosas/ws_fanuc/install/fanuc_crx_description/share/fanuc_crx_description//meshes/crx30ia/collision/j6.stl
[0.068s] -- Up-to-date: /home/hualde/misCosas/ws_fanuc/install/fanuc_crx_description/share/fanuc_crx_description//meshes/crx30ia/collision/j1.stl
[0.068s] -- Up-to-date: /home/hualde/misCosas/ws_fanuc/install/fanuc_crx_description/share/fanuc_crx_description//meshes/crx30ia/collision/j2.stl
[0.068s] -- Up-to-date: /home/hualde/misCosas/ws_fanuc/install/fanuc_crx_description/share/fanuc_crx_description//meshes/crx30ia/collision/base.stl
[0.068s] -- Up-to-date: /home/hualde/misCosas/ws_fanuc/install/fanuc_crx_description/share/fanuc_crx_description//meshes/crx30ia/collision/j3.stl
[0.068s] -- Up-to-date: /home/hualde/misCosas/ws_fanuc/install/fanuc_crx_description/share/fanuc_crx_description//meshes/crx30ia/collision/j4.stl
[0.068s] -- Up-to-date: /home/hualde/misCosas/ws_fanuc/install/fanuc_crx_description/share/fanuc_crx_description//meshes/crx30ia/collision/j5.stl
[0.068s] -- Up-to-date: /home/hualde/misCosas/ws_fanuc/install/fanuc_crx_description/share/fanuc_crx_description//urdf
[0.068s] -- Up-to-date: /home/hualde/misCosas/ws_fanuc/install/fanuc_crx_description/share/fanuc_crx_description//urdf/crx10ia_urdf_macro.xacro
[0.068s] -- Up-to-date: /home/hualde/misCosas/ws_fanuc/install/fanuc_crx_description/share/fanuc_crx_description//urdf/crx10ia_l_urdf_macro.xacro
[0.068s] -- Up-to-date: /home/hualde/misCosas/ws_fanuc/install/fanuc_crx_description/share/fanuc_crx_description//urdf/crx10ia_lp_urdf_macro.xacro
[0.068s] -- Up-to-date: /home/hualde/misCosas/ws_fanuc/install/fanuc_crx_description/share/fanuc_crx_description//urdf/crx30ia_urdf_macro.xacro
[0.068s] -- Up-to-date: /home/hualde/misCosas/ws_fanuc/install/fanuc_crx_description/share/fanuc_crx_description//urdf/crx20ia_l_urdf_macro.xacro
[0.068s] -- Up-to-date: /home/hualde/misCosas/ws_fanuc/install/fanuc_crx_description/share/fanuc_crx_description//urdf/crx5ia_urdf_macro.xacro
[0.068s] -- Up-to-date: /home/hualde/misCosas/ws_fanuc/install/fanuc_crx_description/share/fanuc_crx_description//robot
[0.068s] -- Up-to-date: /home/hualde/misCosas/ws_fanuc/install/fanuc_crx_description/share/fanuc_crx_description//robot/crx5ia.urdf.xacro
[0.068s] -- Up-to-date: /home/hualde/misCosas/ws_fanuc/install/fanuc_crx_description/share/fanuc_crx_description//robot/crx10ia_lp.urdf.xacro
[0.068s] -- Up-to-date: /home/hualde/misCosas/ws_fanuc/install/fanuc_crx_description/share/fanuc_crx_description//robot/crx20ia_l.urdf.xacro
[0.068s] -- Up-to-date: /home/hualde/misCosas/ws_fanuc/install/fanuc_crx_description/share/fanuc_crx_description//robot/crx30ia.urdf.xacro
[0.068s] -- Up-to-date: /home/hualde/misCosas/ws_fanuc/install/fanuc_crx_description/share/fanuc_crx_description//robot/crx10ia_l.urdf.xacro
[0.068s] -- Up-to-date: /home/hualde/misCosas/ws_fanuc/install/fanuc_crx_description/share/fanuc_crx_description//robot/crx10ia.urdf.xacro
[0.068s] -- Up-to-date: /home/hualde/misCosas/ws_fanuc/install/fanuc_crx_description/share/fanuc_crx_description//rviz
[0.068s] -- Up-to-date: /home/hualde/misCosas/ws_fanuc/install/fanuc_crx_description/share/fanuc_crx_description//rviz/view_crx.rviz
[0.068s] -- Up-to-date: /home/hualde/misCosas/ws_fanuc/install/fanuc_crx_description/share/ament_index/resource_index/package_run_dependencies/fanuc_crx_description
[0.069s] -- Up-to-date: /home/hualde/misCosas/ws_fanuc/install/fanuc_crx_description/share/ament_index/resource_index/parent_prefix_path/fanuc_crx_description
[0.069s] -- Up-to-date: /home/hualde/misCosas/ws_fanuc/install/fanuc_crx_description/share/fanuc_crx_description/environment/ament_prefix_path.sh
[0.069s] -- Up-to-date: /home/hualde/misCosas/ws_fanuc/install/fanuc_crx_description/share/fanuc_crx_description/environment/ament_prefix_path.dsv
[0.069s] -- Up-to-date: /home/hualde/misCosas/ws_fanuc/install/fanuc_crx_description/share/fanuc_crx_description/environment/path.sh
[0.069s] -- Up-to-date: /home/hualde/misCosas/ws_fanuc/install/fanuc_crx_description/share/fanuc_crx_description/environment/path.dsv
[0.069s] -- Up-to-date: /home/hualde/misCosas/ws_fanuc/install/fanuc_crx_description/share/fanuc_crx_description/local_setup.bash
[0.069s] -- Up-to-date: /home/hualde/misCosas/ws_fanuc/install/fanuc_crx_description/share/fanuc_crx_description/local_setup.sh
[0.069s] -- Up-to-date: /home/hualde/misCosas/ws_fanuc/install/fanuc_crx_description/share/fanuc_crx_description/local_setup.zsh
[0.069s] -- Up-to-date: /home/hualde/misCosas/ws_fanuc/install/fanuc_crx_description/share/fanuc_crx_description/local_setup.dsv
[0.069s] -- Up-to-date: /home/hualde/misCosas/ws_fanuc/install/fanuc_crx_description/share/fanuc_crx_description/package.dsv
[0.069s] -- Up-to-date: /home/hualde/misCosas/ws_fanuc/install/fanuc_crx_description/share/ament_index/resource_index/packages/fanuc_crx_description
[0.069s] -- Up-to-date: /home/hualde/misCosas/ws_fanuc/install/fanuc_crx_description/share/fanuc_crx_description/cmake/fanuc_crx_descriptionConfig.cmake
[0.069s] -- Up-to-date: /home/hualde/misCosas/ws_fanuc/install/fanuc_crx_description/share/fanuc_crx_description/cmake/fanuc_crx_descriptionConfig-version.cmake
[0.069s] -- Up-to-date: /home/hualde/misCosas/ws_fanuc/install/fanuc_crx_description/share/fanuc_crx_description/package.xml
[0.108s] Invoked command in '/home/hualde/misCosas/ws_fanuc/build/fanuc_crx_description' returned '0': CMAKE_PREFIX_PATH=${CMAKE_PREFIX_PATH}:/opt/ros/humble /usr/bin/cmake --install /home/hualde/misCosas/ws_fanuc/build/fanuc_crx_description
